[2024-09-20T00:48:27.093+0000] {taskinstance.py:1157} INFO - Dependencies all met for dep_context=non-requeueable deps ti=<TaskInstance: dimension_batch_ingestion.ingest_branch_dim scheduled__2024-09-19T00:00:00+00:00 [queued]>
[2024-09-20T00:48:27.131+0000] {taskinstance.py:1157} INFO - Dependencies all met for dep_context=requeueable deps ti=<TaskInstance: dimension_batch_ingestion.ingest_branch_dim scheduled__2024-09-19T00:00:00+00:00 [queued]>
[2024-09-20T00:48:27.136+0000] {taskinstance.py:1359} INFO - Starting attempt 1 of 1
[2024-09-20T00:48:27.172+0000] {taskinstance.py:1380} INFO - Executing <Task(BashOperator): ingest_branch_dim> on 2024-09-19 00:00:00+00:00
[2024-09-20T00:48:27.197+0000] {standard_task_runner.py:57} INFO - Started process 3472 to run task
[2024-09-20T00:48:27.216+0000] {standard_task_runner.py:84} INFO - Running: ['***', 'tasks', 'run', 'dimension_batch_ingestion', 'ingest_branch_dim', 'scheduled__2024-09-19T00:00:00+00:00', '--job-id', '73', '--raw', '--subdir', 'DAGS_FOLDER/loader_dag.py', '--cfg-path', '/tmp/tmpnni1xt8z']
[2024-09-20T00:48:27.226+0000] {standard_task_runner.py:85} INFO - Job 73: Subtask ingest_branch_dim
[2024-09-20T00:48:27.499+0000] {task_command.py:415} INFO - Running <TaskInstance: dimension_batch_ingestion.ingest_branch_dim scheduled__2024-09-19T00:00:00+00:00 [running]> on host 48913e9acee9
[2024-09-20T00:48:28.333+0000] {taskinstance.py:1660} INFO - Exporting env vars: AIRFLOW_CTX_DAG_OWNER='codewithyu' AIRFLOW_CTX_DAG_ID='dimension_batch_ingestion' AIRFLOW_CTX_TASK_ID='ingest_branch_dim' AIRFLOW_CTX_EXECUTION_DATE='2024-09-19T00:00:00+00:00' AIRFLOW_CTX_TRY_NUMBER='1' AIRFLOW_CTX_DAG_RUN_ID='scheduled__2024-09-19T00:00:00+00:00'
[2024-09-20T00:48:29.378+0000] {subprocess.py:63} INFO - Tmp dir root location: /tmp
[2024-09-20T00:48:29.450+0000] {subprocess.py:75} INFO - Running command: ['/bin/bash', '-c', 'curl -X POST -F file=@/opt/***/branch_dim_large_data.csv -H "Content-Type: multipart/form-data" "http://pinot-controller:9000/ingestFromFile?tableNameWithType=branch_dim_OFFLINE&batchConfigMapStr=%7B%22inputFormat%22%3A%22csv%22%2C%22recordReader.prop.delimiter%22%3A%22%2C%22%7D"']
[2024-09-20T00:48:29.638+0000] {subprocess.py:86} INFO - Output:
[2024-09-20T00:48:30.589+0000] {subprocess.py:93} INFO -   % Total    % Received % Xferd  Average Speed   Time    Time     Time  Current
[2024-09-20T00:48:30.627+0000] {subprocess.py:93} INFO -                                  Dload  Upload   Total   Spent    Left  Speed
[2024-09-20T00:48:35.709+0000] {subprocess.py:93} INFO -   0     0    0     0    0     0      0      0 --:--:-- --:--:-- --:--:--     0100  3863    0     0  100  3863      0   4722 --:--:-- --:--:-- --:--:--  4816100  3863    0     0  100  3863      0   2036  0:00:01  0:00:01 --:--:--  2053100  3863    0     0  100  3863      0   1238  0:00:03  0:00:03 --:--:--  1244100  3863    0     0  100  3863      0    937  0:00:04  0:00:04 --:--:--   941100  3970  100   107  100  3863     20    752  0:00:05  0:00:05 --:--:--   775100  3970  100   107  100  3863     20    752  0:00:05  0:00:05 --:--:--    24
[2024-09-20T00:48:35.888+0000] {subprocess.py:93} INFO - {"status":"Successfully ingested file into table: branch_dim_OFFLINE as segment: branch_dim_1726793313098"}
[2024-09-20T00:48:35.891+0000] {subprocess.py:97} INFO - Command exited with return code 0
[2024-09-20T00:48:36.098+0000] {taskinstance.py:1398} INFO - Marking task as SUCCESS. dag_id=dimension_batch_ingestion, task_id=ingest_branch_dim, execution_date=20240919T000000, start_date=20240920T004827, end_date=20240920T004836
[2024-09-20T00:48:36.233+0000] {local_task_job_runner.py:228} INFO - Task exited with return code 0
[2024-09-20T00:48:36.382+0000] {taskinstance.py:2776} INFO - 0 downstream tasks scheduled from follow-on schedule check
