[2024-09-20T00:48:23.999+0000] {processor.py:157} INFO - Started process (PID=3452) to work on /opt/airflow/dags/account_dim_generator.py
[2024-09-20T00:48:24.001+0000] {processor.py:829} INFO - Processing file /opt/airflow/dags/account_dim_generator.py for tasks to queue
[2024-09-20T00:48:24.002+0000] {logging_mixin.py:151} INFO - [2024-09-20T00:48:24.002+0000] {dagbag.py:539} INFO - Filling up the DagBag from /opt/airflow/dags/account_dim_generator.py
[2024-09-20T00:48:24.481+0000] {processor.py:839} INFO - DAG(s) dict_keys(['account_dim_generator']) retrieved from /opt/airflow/dags/account_dim_generator.py
[2024-09-20T00:48:24.532+0000] {logging_mixin.py:151} INFO - [2024-09-20T00:48:24.531+0000] {dag.py:2915} INFO - Sync 1 DAGs
[2024-09-20T00:48:24.550+0000] {logging_mixin.py:151} INFO - [2024-09-20T00:48:24.550+0000] {dag.py:3696} INFO - Setting next_dagrun for account_dim_generator to 2024-09-20T00:00:00+00:00, run_after=2024-09-21T00:00:00+00:00
[2024-09-20T00:48:24.577+0000] {processor.py:179} INFO - Processing /opt/airflow/dags/account_dim_generator.py took 0.585 seconds
[2024-09-20T02:26:52.300+0000] {processor.py:157} INFO - Started process (PID=3517) to work on /opt/airflow/dags/account_dim_generator.py
[2024-09-20T02:26:52.323+0000] {processor.py:829} INFO - Processing file /opt/airflow/dags/account_dim_generator.py for tasks to queue
[2024-09-20T02:26:52.328+0000] {logging_mixin.py:151} INFO - [2024-09-20T02:26:52.326+0000] {dagbag.py:539} INFO - Filling up the DagBag from /opt/airflow/dags/account_dim_generator.py
[2024-09-20T02:26:53.118+0000] {processor.py:839} INFO - DAG(s) dict_keys(['account_dim_generator']) retrieved from /opt/airflow/dags/account_dim_generator.py
[2024-09-20T02:26:53.224+0000] {logging_mixin.py:151} INFO - [2024-09-20T02:26:53.223+0000] {dag.py:2915} INFO - Sync 1 DAGs
[2024-09-20T02:26:53.306+0000] {logging_mixin.py:151} INFO - [2024-09-20T02:26:53.305+0000] {dag.py:3696} INFO - Setting next_dagrun for account_dim_generator to 2024-09-20T00:00:00+00:00, run_after=2024-09-21T00:00:00+00:00
[2024-09-20T02:26:53.368+0000] {processor.py:179} INFO - Processing /opt/airflow/dags/account_dim_generator.py took 1.087 seconds
[2024-09-20T03:15:49.106+0000] {processor.py:157} INFO - Started process (PID=3564) to work on /opt/airflow/dags/account_dim_generator.py
[2024-09-20T03:15:49.107+0000] {processor.py:829} INFO - Processing file /opt/airflow/dags/account_dim_generator.py for tasks to queue
[2024-09-20T03:15:49.107+0000] {logging_mixin.py:151} INFO - [2024-09-20T03:15:49.107+0000] {dagbag.py:539} INFO - Filling up the DagBag from /opt/airflow/dags/account_dim_generator.py
[2024-09-20T03:15:49.284+0000] {processor.py:839} INFO - DAG(s) dict_keys(['account_dim_generator']) retrieved from /opt/airflow/dags/account_dim_generator.py
[2024-09-20T03:15:49.304+0000] {logging_mixin.py:151} INFO - [2024-09-20T03:15:49.303+0000] {dag.py:2915} INFO - Sync 1 DAGs
[2024-09-20T03:15:49.314+0000] {logging_mixin.py:151} INFO - [2024-09-20T03:15:49.314+0000] {dag.py:3696} INFO - Setting next_dagrun for account_dim_generator to 2024-09-20T00:00:00+00:00, run_after=2024-09-21T00:00:00+00:00
[2024-09-20T03:15:49.322+0000] {processor.py:179} INFO - Processing /opt/airflow/dags/account_dim_generator.py took 0.220 seconds
[2024-09-20T03:38:09.209+0000] {processor.py:157} INFO - Started process (PID=3610) to work on /opt/airflow/dags/account_dim_generator.py
[2024-09-20T03:38:09.210+0000] {processor.py:829} INFO - Processing file /opt/airflow/dags/account_dim_generator.py for tasks to queue
[2024-09-20T03:38:09.211+0000] {logging_mixin.py:151} INFO - [2024-09-20T03:38:09.211+0000] {dagbag.py:539} INFO - Filling up the DagBag from /opt/airflow/dags/account_dim_generator.py
[2024-09-20T03:38:09.388+0000] {processor.py:839} INFO - DAG(s) dict_keys(['account_dim_generator']) retrieved from /opt/airflow/dags/account_dim_generator.py
[2024-09-20T03:38:09.406+0000] {logging_mixin.py:151} INFO - [2024-09-20T03:38:09.406+0000] {dag.py:2915} INFO - Sync 1 DAGs
[2024-09-20T03:38:09.417+0000] {logging_mixin.py:151} INFO - [2024-09-20T03:38:09.417+0000] {dag.py:3696} INFO - Setting next_dagrun for account_dim_generator to 2024-09-20T00:00:00+00:00, run_after=2024-09-21T00:00:00+00:00
[2024-09-20T03:38:09.431+0000] {processor.py:179} INFO - Processing /opt/airflow/dags/account_dim_generator.py took 0.224 seconds
[2024-09-20T04:12:45.607+0000] {processor.py:157} INFO - Started process (PID=3658) to work on /opt/airflow/dags/account_dim_generator.py
[2024-09-20T04:12:45.608+0000] {processor.py:829} INFO - Processing file /opt/airflow/dags/account_dim_generator.py for tasks to queue
[2024-09-20T04:12:45.609+0000] {logging_mixin.py:151} INFO - [2024-09-20T04:12:45.609+0000] {dagbag.py:539} INFO - Filling up the DagBag from /opt/airflow/dags/account_dim_generator.py
[2024-09-20T04:12:45.905+0000] {processor.py:839} INFO - DAG(s) dict_keys(['account_dim_generator']) retrieved from /opt/airflow/dags/account_dim_generator.py
[2024-09-20T04:12:45.978+0000] {logging_mixin.py:151} INFO - [2024-09-20T04:12:45.976+0000] {dag.py:2915} INFO - Sync 1 DAGs
[2024-09-20T04:12:46.004+0000] {logging_mixin.py:151} INFO - [2024-09-20T04:12:46.004+0000] {dag.py:3696} INFO - Setting next_dagrun for account_dim_generator to 2024-09-20T00:00:00+00:00, run_after=2024-09-21T00:00:00+00:00
[2024-09-20T04:12:46.034+0000] {processor.py:179} INFO - Processing /opt/airflow/dags/account_dim_generator.py took 0.438 seconds
[2024-09-20T05:20:21.449+0000] {processor.py:157} INFO - Started process (PID=3708) to work on /opt/airflow/dags/account_dim_generator.py
[2024-09-20T05:20:21.451+0000] {processor.py:829} INFO - Processing file /opt/airflow/dags/account_dim_generator.py for tasks to queue
[2024-09-20T05:20:21.452+0000] {logging_mixin.py:151} INFO - [2024-09-20T05:20:21.452+0000] {dagbag.py:539} INFO - Filling up the DagBag from /opt/airflow/dags/account_dim_generator.py
[2024-09-20T05:20:21.727+0000] {processor.py:839} INFO - DAG(s) dict_keys(['account_dim_generator']) retrieved from /opt/airflow/dags/account_dim_generator.py
[2024-09-20T05:20:21.757+0000] {logging_mixin.py:151} INFO - [2024-09-20T05:20:21.756+0000] {dag.py:2915} INFO - Sync 1 DAGs
[2024-09-20T05:20:21.775+0000] {logging_mixin.py:151} INFO - [2024-09-20T05:20:21.775+0000] {dag.py:3696} INFO - Setting next_dagrun for account_dim_generator to 2024-09-20T00:00:00+00:00, run_after=2024-09-21T00:00:00+00:00
[2024-09-20T05:20:21.790+0000] {processor.py:179} INFO - Processing /opt/airflow/dags/account_dim_generator.py took 0.344 seconds
[2024-09-20T05:55:01.972+0000] {processor.py:157} INFO - Started process (PID=3756) to work on /opt/airflow/dags/account_dim_generator.py
[2024-09-20T05:55:01.974+0000] {processor.py:829} INFO - Processing file /opt/airflow/dags/account_dim_generator.py for tasks to queue
[2024-09-20T05:55:01.975+0000] {logging_mixin.py:151} INFO - [2024-09-20T05:55:01.974+0000] {dagbag.py:539} INFO - Filling up the DagBag from /opt/airflow/dags/account_dim_generator.py
[2024-09-20T05:55:02.341+0000] {processor.py:839} INFO - DAG(s) dict_keys(['account_dim_generator']) retrieved from /opt/airflow/dags/account_dim_generator.py
[2024-09-20T05:55:02.428+0000] {logging_mixin.py:151} INFO - [2024-09-20T05:55:02.427+0000] {dag.py:2915} INFO - Sync 1 DAGs
[2024-09-20T05:55:02.467+0000] {logging_mixin.py:151} INFO - [2024-09-20T05:55:02.466+0000] {dag.py:3696} INFO - Setting next_dagrun for account_dim_generator to 2024-09-20T00:00:00+00:00, run_after=2024-09-21T00:00:00+00:00
[2024-09-20T05:55:02.497+0000] {processor.py:179} INFO - Processing /opt/airflow/dags/account_dim_generator.py took 0.532 seconds
[2024-09-20T06:50:02.407+0000] {processor.py:157} INFO - Started process (PID=3806) to work on /opt/airflow/dags/account_dim_generator.py
[2024-09-20T06:50:02.408+0000] {processor.py:829} INFO - Processing file /opt/airflow/dags/account_dim_generator.py for tasks to queue
[2024-09-20T06:50:02.409+0000] {logging_mixin.py:151} INFO - [2024-09-20T06:50:02.408+0000] {dagbag.py:539} INFO - Filling up the DagBag from /opt/airflow/dags/account_dim_generator.py
[2024-09-20T06:50:02.654+0000] {processor.py:839} INFO - DAG(s) dict_keys(['account_dim_generator']) retrieved from /opt/airflow/dags/account_dim_generator.py
[2024-09-20T06:50:02.669+0000] {logging_mixin.py:151} INFO - [2024-09-20T06:50:02.668+0000] {dag.py:2915} INFO - Sync 1 DAGs
[2024-09-20T06:50:02.681+0000] {logging_mixin.py:151} INFO - [2024-09-20T06:50:02.681+0000] {dag.py:3696} INFO - Setting next_dagrun for account_dim_generator to 2024-09-20T00:00:00+00:00, run_after=2024-09-21T00:00:00+00:00
[2024-09-20T06:50:02.689+0000] {processor.py:179} INFO - Processing /opt/airflow/dags/account_dim_generator.py took 0.284 seconds
[2024-09-20T06:56:21.906+0000] {processor.py:157} INFO - Started process (PID=3857) to work on /opt/airflow/dags/account_dim_generator.py
[2024-09-20T06:56:21.908+0000] {processor.py:829} INFO - Processing file /opt/airflow/dags/account_dim_generator.py for tasks to queue
[2024-09-20T06:56:21.909+0000] {logging_mixin.py:151} INFO - [2024-09-20T06:56:21.908+0000] {dagbag.py:539} INFO - Filling up the DagBag from /opt/airflow/dags/account_dim_generator.py
[2024-09-20T06:56:23.023+0000] {processor.py:839} INFO - DAG(s) dict_keys(['account_dim_generator']) retrieved from /opt/airflow/dags/account_dim_generator.py
[2024-09-20T06:56:23.161+0000] {logging_mixin.py:151} INFO - [2024-09-20T06:56:23.156+0000] {dag.py:2915} INFO - Sync 1 DAGs
[2024-09-20T06:56:23.260+0000] {logging_mixin.py:151} INFO - [2024-09-20T06:56:23.260+0000] {dag.py:3696} INFO - Setting next_dagrun for account_dim_generator to 2024-09-20T00:00:00+00:00, run_after=2024-09-21T00:00:00+00:00
[2024-09-20T06:56:23.428+0000] {processor.py:179} INFO - Processing /opt/airflow/dags/account_dim_generator.py took 1.528 seconds
[2024-09-20T06:56:53.772+0000] {processor.py:157} INFO - Started process (PID=3912) to work on /opt/airflow/dags/account_dim_generator.py
[2024-09-20T06:56:53.774+0000] {processor.py:829} INFO - Processing file /opt/airflow/dags/account_dim_generator.py for tasks to queue
[2024-09-20T06:56:53.775+0000] {logging_mixin.py:151} INFO - [2024-09-20T06:56:53.775+0000] {dagbag.py:539} INFO - Filling up the DagBag from /opt/airflow/dags/account_dim_generator.py
[2024-09-20T06:56:54.202+0000] {processor.py:839} INFO - DAG(s) dict_keys(['account_dim_generator']) retrieved from /opt/airflow/dags/account_dim_generator.py
[2024-09-20T06:56:54.290+0000] {logging_mixin.py:151} INFO - [2024-09-20T06:56:54.289+0000] {dag.py:2915} INFO - Sync 1 DAGs
[2024-09-20T06:56:54.350+0000] {logging_mixin.py:151} INFO - [2024-09-20T06:56:54.349+0000] {dag.py:3696} INFO - Setting next_dagrun for account_dim_generator to 2024-09-20T00:00:00+00:00, run_after=2024-09-21T00:00:00+00:00
[2024-09-20T06:56:54.386+0000] {processor.py:179} INFO - Processing /opt/airflow/dags/account_dim_generator.py took 0.636 seconds
[2024-09-20T06:57:24.775+0000] {processor.py:157} INFO - Started process (PID=3959) to work on /opt/airflow/dags/account_dim_generator.py
[2024-09-20T06:57:24.777+0000] {processor.py:829} INFO - Processing file /opt/airflow/dags/account_dim_generator.py for tasks to queue
[2024-09-20T06:57:24.779+0000] {logging_mixin.py:151} INFO - [2024-09-20T06:57:24.778+0000] {dagbag.py:539} INFO - Filling up the DagBag from /opt/airflow/dags/account_dim_generator.py
[2024-09-20T06:57:25.165+0000] {processor.py:839} INFO - DAG(s) dict_keys(['account_dim_generator']) retrieved from /opt/airflow/dags/account_dim_generator.py
[2024-09-20T06:57:25.206+0000] {logging_mixin.py:151} INFO - [2024-09-20T06:57:25.206+0000] {dag.py:2915} INFO - Sync 1 DAGs
[2024-09-20T06:57:25.247+0000] {logging_mixin.py:151} INFO - [2024-09-20T06:57:25.247+0000] {dag.py:3696} INFO - Setting next_dagrun for account_dim_generator to 2024-09-20T00:00:00+00:00, run_after=2024-09-21T00:00:00+00:00
[2024-09-20T06:57:25.265+0000] {processor.py:179} INFO - Processing /opt/airflow/dags/account_dim_generator.py took 0.497 seconds
[2024-09-20T06:57:55.774+0000] {processor.py:157} INFO - Started process (PID=4006) to work on /opt/airflow/dags/account_dim_generator.py
[2024-09-20T06:57:55.775+0000] {processor.py:829} INFO - Processing file /opt/airflow/dags/account_dim_generator.py for tasks to queue
[2024-09-20T06:57:55.776+0000] {logging_mixin.py:151} INFO - [2024-09-20T06:57:55.776+0000] {dagbag.py:539} INFO - Filling up the DagBag from /opt/airflow/dags/account_dim_generator.py
[2024-09-20T06:57:56.206+0000] {processor.py:839} INFO - DAG(s) dict_keys(['account_dim_generator']) retrieved from /opt/airflow/dags/account_dim_generator.py
[2024-09-20T06:57:56.247+0000] {logging_mixin.py:151} INFO - [2024-09-20T06:57:56.246+0000] {dag.py:2915} INFO - Sync 1 DAGs
[2024-09-20T06:57:56.275+0000] {logging_mixin.py:151} INFO - [2024-09-20T06:57:56.275+0000] {dag.py:3696} INFO - Setting next_dagrun for account_dim_generator to 2024-09-20T00:00:00+00:00, run_after=2024-09-21T00:00:00+00:00
[2024-09-20T06:57:56.288+0000] {processor.py:179} INFO - Processing /opt/airflow/dags/account_dim_generator.py took 0.518 seconds
[2024-09-20T06:58:26.508+0000] {processor.py:157} INFO - Started process (PID=4053) to work on /opt/airflow/dags/account_dim_generator.py
[2024-09-20T06:58:26.510+0000] {processor.py:829} INFO - Processing file /opt/airflow/dags/account_dim_generator.py for tasks to queue
[2024-09-20T06:58:26.511+0000] {logging_mixin.py:151} INFO - [2024-09-20T06:58:26.510+0000] {dagbag.py:539} INFO - Filling up the DagBag from /opt/airflow/dags/account_dim_generator.py
[2024-09-20T06:58:26.807+0000] {processor.py:839} INFO - DAG(s) dict_keys(['account_dim_generator']) retrieved from /opt/airflow/dags/account_dim_generator.py
[2024-09-20T06:58:26.838+0000] {logging_mixin.py:151} INFO - [2024-09-20T06:58:26.838+0000] {dag.py:2915} INFO - Sync 1 DAGs
[2024-09-20T06:58:26.854+0000] {logging_mixin.py:151} INFO - [2024-09-20T06:58:26.854+0000] {dag.py:3696} INFO - Setting next_dagrun for account_dim_generator to 2024-09-20T00:00:00+00:00, run_after=2024-09-21T00:00:00+00:00
[2024-09-20T06:58:26.864+0000] {processor.py:179} INFO - Processing /opt/airflow/dags/account_dim_generator.py took 0.362 seconds
[2024-09-20T06:58:57.253+0000] {processor.py:157} INFO - Started process (PID=4100) to work on /opt/airflow/dags/account_dim_generator.py
[2024-09-20T06:58:57.254+0000] {processor.py:829} INFO - Processing file /opt/airflow/dags/account_dim_generator.py for tasks to queue
[2024-09-20T06:58:57.255+0000] {logging_mixin.py:151} INFO - [2024-09-20T06:58:57.255+0000] {dagbag.py:539} INFO - Filling up the DagBag from /opt/airflow/dags/account_dim_generator.py
[2024-09-20T06:58:57.471+0000] {processor.py:839} INFO - DAG(s) dict_keys(['account_dim_generator']) retrieved from /opt/airflow/dags/account_dim_generator.py
[2024-09-20T06:58:57.488+0000] {logging_mixin.py:151} INFO - [2024-09-20T06:58:57.487+0000] {dag.py:2915} INFO - Sync 1 DAGs
[2024-09-20T06:58:57.499+0000] {logging_mixin.py:151} INFO - [2024-09-20T06:58:57.499+0000] {dag.py:3696} INFO - Setting next_dagrun for account_dim_generator to 2024-09-20T00:00:00+00:00, run_after=2024-09-21T00:00:00+00:00
[2024-09-20T06:58:57.509+0000] {processor.py:179} INFO - Processing /opt/airflow/dags/account_dim_generator.py took 0.260 seconds
[2024-09-20T06:59:27.755+0000] {processor.py:157} INFO - Started process (PID=4147) to work on /opt/airflow/dags/account_dim_generator.py
[2024-09-20T06:59:27.756+0000] {processor.py:829} INFO - Processing file /opt/airflow/dags/account_dim_generator.py for tasks to queue
[2024-09-20T06:59:27.757+0000] {logging_mixin.py:151} INFO - [2024-09-20T06:59:27.757+0000] {dagbag.py:539} INFO - Filling up the DagBag from /opt/airflow/dags/account_dim_generator.py
[2024-09-20T06:59:28.099+0000] {processor.py:839} INFO - DAG(s) dict_keys(['account_dim_generator']) retrieved from /opt/airflow/dags/account_dim_generator.py
[2024-09-20T06:59:28.124+0000] {logging_mixin.py:151} INFO - [2024-09-20T06:59:28.123+0000] {dag.py:2915} INFO - Sync 1 DAGs
[2024-09-20T06:59:28.139+0000] {logging_mixin.py:151} INFO - [2024-09-20T06:59:28.139+0000] {dag.py:3696} INFO - Setting next_dagrun for account_dim_generator to 2024-09-20T00:00:00+00:00, run_after=2024-09-21T00:00:00+00:00
[2024-09-20T06:59:28.149+0000] {processor.py:179} INFO - Processing /opt/airflow/dags/account_dim_generator.py took 0.398 seconds
[2024-09-20T06:59:58.300+0000] {processor.py:157} INFO - Started process (PID=4194) to work on /opt/airflow/dags/account_dim_generator.py
[2024-09-20T06:59:58.301+0000] {processor.py:829} INFO - Processing file /opt/airflow/dags/account_dim_generator.py for tasks to queue
[2024-09-20T06:59:58.302+0000] {logging_mixin.py:151} INFO - [2024-09-20T06:59:58.302+0000] {dagbag.py:539} INFO - Filling up the DagBag from /opt/airflow/dags/account_dim_generator.py
[2024-09-20T06:59:58.471+0000] {processor.py:839} INFO - DAG(s) dict_keys(['account_dim_generator']) retrieved from /opt/airflow/dags/account_dim_generator.py
[2024-09-20T06:59:58.487+0000] {logging_mixin.py:151} INFO - [2024-09-20T06:59:58.486+0000] {dag.py:2915} INFO - Sync 1 DAGs
[2024-09-20T06:59:58.499+0000] {logging_mixin.py:151} INFO - [2024-09-20T06:59:58.498+0000] {dag.py:3696} INFO - Setting next_dagrun for account_dim_generator to 2024-09-20T00:00:00+00:00, run_after=2024-09-21T00:00:00+00:00
[2024-09-20T06:59:58.507+0000] {processor.py:179} INFO - Processing /opt/airflow/dags/account_dim_generator.py took 0.212 seconds
[2024-09-20T07:00:28.936+0000] {processor.py:157} INFO - Started process (PID=4241) to work on /opt/airflow/dags/account_dim_generator.py
[2024-09-20T07:00:28.938+0000] {processor.py:829} INFO - Processing file /opt/airflow/dags/account_dim_generator.py for tasks to queue
[2024-09-20T07:00:28.939+0000] {logging_mixin.py:151} INFO - [2024-09-20T07:00:28.939+0000] {dagbag.py:539} INFO - Filling up the DagBag from /opt/airflow/dags/account_dim_generator.py
[2024-09-20T07:00:29.198+0000] {processor.py:839} INFO - DAG(s) dict_keys(['account_dim_generator']) retrieved from /opt/airflow/dags/account_dim_generator.py
[2024-09-20T07:00:29.220+0000] {logging_mixin.py:151} INFO - [2024-09-20T07:00:29.220+0000] {dag.py:2915} INFO - Sync 1 DAGs
[2024-09-20T07:00:29.235+0000] {logging_mixin.py:151} INFO - [2024-09-20T07:00:29.234+0000] {dag.py:3696} INFO - Setting next_dagrun for account_dim_generator to 2024-09-20T00:00:00+00:00, run_after=2024-09-21T00:00:00+00:00
[2024-09-20T07:00:29.243+0000] {processor.py:179} INFO - Processing /opt/airflow/dags/account_dim_generator.py took 0.314 seconds
[2024-09-20T07:00:59.559+0000] {processor.py:157} INFO - Started process (PID=4287) to work on /opt/airflow/dags/account_dim_generator.py
[2024-09-20T07:00:59.561+0000] {processor.py:829} INFO - Processing file /opt/airflow/dags/account_dim_generator.py for tasks to queue
[2024-09-20T07:00:59.562+0000] {logging_mixin.py:151} INFO - [2024-09-20T07:00:59.562+0000] {dagbag.py:539} INFO - Filling up the DagBag from /opt/airflow/dags/account_dim_generator.py
[2024-09-20T07:00:59.765+0000] {processor.py:839} INFO - DAG(s) dict_keys(['account_dim_generator']) retrieved from /opt/airflow/dags/account_dim_generator.py
[2024-09-20T07:00:59.780+0000] {logging_mixin.py:151} INFO - [2024-09-20T07:00:59.780+0000] {dag.py:2915} INFO - Sync 1 DAGs
[2024-09-20T07:00:59.791+0000] {logging_mixin.py:151} INFO - [2024-09-20T07:00:59.791+0000] {dag.py:3696} INFO - Setting next_dagrun for account_dim_generator to 2024-09-20T00:00:00+00:00, run_after=2024-09-21T00:00:00+00:00
[2024-09-20T07:00:59.798+0000] {processor.py:179} INFO - Processing /opt/airflow/dags/account_dim_generator.py took 0.247 seconds
[2024-09-20T07:01:30.201+0000] {processor.py:157} INFO - Started process (PID=4334) to work on /opt/airflow/dags/account_dim_generator.py
[2024-09-20T07:01:30.203+0000] {processor.py:829} INFO - Processing file /opt/airflow/dags/account_dim_generator.py for tasks to queue
[2024-09-20T07:01:30.204+0000] {logging_mixin.py:151} INFO - [2024-09-20T07:01:30.204+0000] {dagbag.py:539} INFO - Filling up the DagBag from /opt/airflow/dags/account_dim_generator.py
[2024-09-20T07:01:30.395+0000] {processor.py:839} INFO - DAG(s) dict_keys(['account_dim_generator']) retrieved from /opt/airflow/dags/account_dim_generator.py
[2024-09-20T07:01:30.409+0000] {logging_mixin.py:151} INFO - [2024-09-20T07:01:30.408+0000] {dag.py:2915} INFO - Sync 1 DAGs
[2024-09-20T07:01:30.419+0000] {logging_mixin.py:151} INFO - [2024-09-20T07:01:30.419+0000] {dag.py:3696} INFO - Setting next_dagrun for account_dim_generator to 2024-09-20T00:00:00+00:00, run_after=2024-09-21T00:00:00+00:00
[2024-09-20T07:01:30.431+0000] {processor.py:179} INFO - Processing /opt/airflow/dags/account_dim_generator.py took 0.234 seconds
[2024-09-20T07:02:00.542+0000] {processor.py:157} INFO - Started process (PID=4381) to work on /opt/airflow/dags/account_dim_generator.py
[2024-09-20T07:02:00.543+0000] {processor.py:829} INFO - Processing file /opt/airflow/dags/account_dim_generator.py for tasks to queue
[2024-09-20T07:02:00.544+0000] {logging_mixin.py:151} INFO - [2024-09-20T07:02:00.543+0000] {dagbag.py:539} INFO - Filling up the DagBag from /opt/airflow/dags/account_dim_generator.py
[2024-09-20T07:02:00.795+0000] {processor.py:839} INFO - DAG(s) dict_keys(['account_dim_generator']) retrieved from /opt/airflow/dags/account_dim_generator.py
[2024-09-20T07:02:00.821+0000] {logging_mixin.py:151} INFO - [2024-09-20T07:02:00.821+0000] {dag.py:2915} INFO - Sync 1 DAGs
[2024-09-20T07:02:00.849+0000] {logging_mixin.py:151} INFO - [2024-09-20T07:02:00.849+0000] {dag.py:3696} INFO - Setting next_dagrun for account_dim_generator to 2024-09-20T00:00:00+00:00, run_after=2024-09-21T00:00:00+00:00
[2024-09-20T07:02:00.864+0000] {processor.py:179} INFO - Processing /opt/airflow/dags/account_dim_generator.py took 0.327 seconds
[2024-09-20T07:02:30.913+0000] {processor.py:157} INFO - Started process (PID=4428) to work on /opt/airflow/dags/account_dim_generator.py
[2024-09-20T07:02:30.914+0000] {processor.py:829} INFO - Processing file /opt/airflow/dags/account_dim_generator.py for tasks to queue
[2024-09-20T07:02:30.915+0000] {logging_mixin.py:151} INFO - [2024-09-20T07:02:30.914+0000] {dagbag.py:539} INFO - Filling up the DagBag from /opt/airflow/dags/account_dim_generator.py
[2024-09-20T07:02:31.244+0000] {processor.py:839} INFO - DAG(s) dict_keys(['account_dim_generator']) retrieved from /opt/airflow/dags/account_dim_generator.py
[2024-09-20T07:02:31.267+0000] {logging_mixin.py:151} INFO - [2024-09-20T07:02:31.266+0000] {dag.py:2915} INFO - Sync 1 DAGs
[2024-09-20T07:02:31.294+0000] {logging_mixin.py:151} INFO - [2024-09-20T07:02:31.294+0000] {dag.py:3696} INFO - Setting next_dagrun for account_dim_generator to 2024-09-20T00:00:00+00:00, run_after=2024-09-21T00:00:00+00:00
[2024-09-20T07:02:31.307+0000] {processor.py:179} INFO - Processing /opt/airflow/dags/account_dim_generator.py took 0.399 seconds
[2024-09-20T07:03:01.514+0000] {processor.py:157} INFO - Started process (PID=4475) to work on /opt/airflow/dags/account_dim_generator.py
[2024-09-20T07:03:01.516+0000] {processor.py:829} INFO - Processing file /opt/airflow/dags/account_dim_generator.py for tasks to queue
[2024-09-20T07:03:01.517+0000] {logging_mixin.py:151} INFO - [2024-09-20T07:03:01.516+0000] {dagbag.py:539} INFO - Filling up the DagBag from /opt/airflow/dags/account_dim_generator.py
[2024-09-20T07:03:01.818+0000] {processor.py:839} INFO - DAG(s) dict_keys(['account_dim_generator']) retrieved from /opt/airflow/dags/account_dim_generator.py
[2024-09-20T07:03:01.862+0000] {logging_mixin.py:151} INFO - [2024-09-20T07:03:01.861+0000] {dag.py:2915} INFO - Sync 1 DAGs
[2024-09-20T07:03:01.879+0000] {logging_mixin.py:151} INFO - [2024-09-20T07:03:01.878+0000] {dag.py:3696} INFO - Setting next_dagrun for account_dim_generator to 2024-09-20T00:00:00+00:00, run_after=2024-09-21T00:00:00+00:00
[2024-09-20T07:03:01.889+0000] {processor.py:179} INFO - Processing /opt/airflow/dags/account_dim_generator.py took 0.382 seconds
[2024-09-20T07:03:32.006+0000] {processor.py:157} INFO - Started process (PID=4522) to work on /opt/airflow/dags/account_dim_generator.py
[2024-09-20T07:03:32.007+0000] {processor.py:829} INFO - Processing file /opt/airflow/dags/account_dim_generator.py for tasks to queue
[2024-09-20T07:03:32.007+0000] {logging_mixin.py:151} INFO - [2024-09-20T07:03:32.007+0000] {dagbag.py:539} INFO - Filling up the DagBag from /opt/airflow/dags/account_dim_generator.py
[2024-09-20T07:03:32.167+0000] {processor.py:839} INFO - DAG(s) dict_keys(['account_dim_generator']) retrieved from /opt/airflow/dags/account_dim_generator.py
[2024-09-20T07:03:32.180+0000] {logging_mixin.py:151} INFO - [2024-09-20T07:03:32.180+0000] {dag.py:2915} INFO - Sync 1 DAGs
[2024-09-20T07:03:32.190+0000] {logging_mixin.py:151} INFO - [2024-09-20T07:03:32.190+0000] {dag.py:3696} INFO - Setting next_dagrun for account_dim_generator to 2024-09-20T00:00:00+00:00, run_after=2024-09-21T00:00:00+00:00
[2024-09-20T07:03:32.197+0000] {processor.py:179} INFO - Processing /opt/airflow/dags/account_dim_generator.py took 0.193 seconds
[2024-09-20T07:04:02.516+0000] {processor.py:157} INFO - Started process (PID=4565) to work on /opt/airflow/dags/account_dim_generator.py
[2024-09-20T07:04:02.522+0000] {processor.py:829} INFO - Processing file /opt/airflow/dags/account_dim_generator.py for tasks to queue
[2024-09-20T07:04:02.524+0000] {logging_mixin.py:151} INFO - [2024-09-20T07:04:02.524+0000] {dagbag.py:539} INFO - Filling up the DagBag from /opt/airflow/dags/account_dim_generator.py
[2024-09-20T07:04:02.823+0000] {processor.py:839} INFO - DAG(s) dict_keys(['account_dim_generator']) retrieved from /opt/airflow/dags/account_dim_generator.py
[2024-09-20T07:04:02.862+0000] {logging_mixin.py:151} INFO - [2024-09-20T07:04:02.860+0000] {dag.py:2915} INFO - Sync 1 DAGs
[2024-09-20T07:04:02.880+0000] {logging_mixin.py:151} INFO - [2024-09-20T07:04:02.879+0000] {dag.py:3696} INFO - Setting next_dagrun for account_dim_generator to 2024-09-20T00:00:00+00:00, run_after=2024-09-21T00:00:00+00:00
[2024-09-20T07:04:02.893+0000] {processor.py:179} INFO - Processing /opt/airflow/dags/account_dim_generator.py took 0.386 seconds
[2024-09-20T07:04:33.792+0000] {processor.py:157} INFO - Started process (PID=4615) to work on /opt/airflow/dags/account_dim_generator.py
[2024-09-20T07:04:33.793+0000] {processor.py:829} INFO - Processing file /opt/airflow/dags/account_dim_generator.py for tasks to queue
[2024-09-20T07:04:33.793+0000] {logging_mixin.py:151} INFO - [2024-09-20T07:04:33.793+0000] {dagbag.py:539} INFO - Filling up the DagBag from /opt/airflow/dags/account_dim_generator.py
[2024-09-20T07:04:34.039+0000] {processor.py:839} INFO - DAG(s) dict_keys(['account_dim_generator']) retrieved from /opt/airflow/dags/account_dim_generator.py
[2024-09-20T07:04:34.081+0000] {logging_mixin.py:151} INFO - [2024-09-20T07:04:34.080+0000] {dag.py:2915} INFO - Sync 1 DAGs
[2024-09-20T07:04:34.098+0000] {logging_mixin.py:151} INFO - [2024-09-20T07:04:34.097+0000] {dag.py:3696} INFO - Setting next_dagrun for account_dim_generator to 2024-09-20T00:00:00+00:00, run_after=2024-09-21T00:00:00+00:00
[2024-09-20T07:04:34.109+0000] {processor.py:179} INFO - Processing /opt/airflow/dags/account_dim_generator.py took 0.322 seconds
[2024-09-20T07:05:05.086+0000] {processor.py:157} INFO - Started process (PID=4659) to work on /opt/airflow/dags/account_dim_generator.py
[2024-09-20T07:05:05.088+0000] {processor.py:829} INFO - Processing file /opt/airflow/dags/account_dim_generator.py for tasks to queue
[2024-09-20T07:05:05.089+0000] {logging_mixin.py:151} INFO - [2024-09-20T07:05:05.089+0000] {dagbag.py:539} INFO - Filling up the DagBag from /opt/airflow/dags/account_dim_generator.py
[2024-09-20T07:05:05.289+0000] {processor.py:839} INFO - DAG(s) dict_keys(['account_dim_generator']) retrieved from /opt/airflow/dags/account_dim_generator.py
[2024-09-20T07:05:05.305+0000] {logging_mixin.py:151} INFO - [2024-09-20T07:05:05.304+0000] {dag.py:2915} INFO - Sync 1 DAGs
[2024-09-20T07:05:05.315+0000] {logging_mixin.py:151} INFO - [2024-09-20T07:05:05.315+0000] {dag.py:3696} INFO - Setting next_dagrun for account_dim_generator to 2024-09-20T00:00:00+00:00, run_after=2024-09-21T00:00:00+00:00
[2024-09-20T07:05:05.327+0000] {processor.py:179} INFO - Processing /opt/airflow/dags/account_dim_generator.py took 0.245 seconds
[2024-09-20T07:05:36.615+0000] {processor.py:157} INFO - Started process (PID=4706) to work on /opt/airflow/dags/account_dim_generator.py
[2024-09-20T07:05:36.619+0000] {processor.py:829} INFO - Processing file /opt/airflow/dags/account_dim_generator.py for tasks to queue
[2024-09-20T07:05:36.621+0000] {logging_mixin.py:151} INFO - [2024-09-20T07:05:36.621+0000] {dagbag.py:539} INFO - Filling up the DagBag from /opt/airflow/dags/account_dim_generator.py
[2024-09-20T07:05:36.793+0000] {processor.py:839} INFO - DAG(s) dict_keys(['account_dim_generator']) retrieved from /opt/airflow/dags/account_dim_generator.py
[2024-09-20T07:05:36.811+0000] {logging_mixin.py:151} INFO - [2024-09-20T07:05:36.810+0000] {dag.py:2915} INFO - Sync 1 DAGs
[2024-09-20T07:05:36.825+0000] {logging_mixin.py:151} INFO - [2024-09-20T07:05:36.825+0000] {dag.py:3696} INFO - Setting next_dagrun for account_dim_generator to 2024-09-20T00:00:00+00:00, run_after=2024-09-21T00:00:00+00:00
[2024-09-20T07:05:36.833+0000] {processor.py:179} INFO - Processing /opt/airflow/dags/account_dim_generator.py took 0.220 seconds
[2024-09-20T07:06:07.191+0000] {processor.py:157} INFO - Started process (PID=4753) to work on /opt/airflow/dags/account_dim_generator.py
[2024-09-20T07:06:07.194+0000] {processor.py:829} INFO - Processing file /opt/airflow/dags/account_dim_generator.py for tasks to queue
[2024-09-20T07:06:07.196+0000] {logging_mixin.py:151} INFO - [2024-09-20T07:06:07.195+0000] {dagbag.py:539} INFO - Filling up the DagBag from /opt/airflow/dags/account_dim_generator.py
[2024-09-20T07:06:07.350+0000] {processor.py:839} INFO - DAG(s) dict_keys(['account_dim_generator']) retrieved from /opt/airflow/dags/account_dim_generator.py
[2024-09-20T07:06:07.367+0000] {logging_mixin.py:151} INFO - [2024-09-20T07:06:07.367+0000] {dag.py:2915} INFO - Sync 1 DAGs
[2024-09-20T07:06:07.382+0000] {logging_mixin.py:151} INFO - [2024-09-20T07:06:07.381+0000] {dag.py:3696} INFO - Setting next_dagrun for account_dim_generator to 2024-09-20T00:00:00+00:00, run_after=2024-09-21T00:00:00+00:00
[2024-09-20T07:06:07.406+0000] {processor.py:179} INFO - Processing /opt/airflow/dags/account_dim_generator.py took 0.217 seconds
[2024-09-20T07:06:37.818+0000] {processor.py:157} INFO - Started process (PID=4799) to work on /opt/airflow/dags/account_dim_generator.py
[2024-09-20T07:06:37.820+0000] {processor.py:829} INFO - Processing file /opt/airflow/dags/account_dim_generator.py for tasks to queue
[2024-09-20T07:06:37.823+0000] {logging_mixin.py:151} INFO - [2024-09-20T07:06:37.823+0000] {dagbag.py:539} INFO - Filling up the DagBag from /opt/airflow/dags/account_dim_generator.py
[2024-09-20T07:06:37.999+0000] {processor.py:839} INFO - DAG(s) dict_keys(['account_dim_generator']) retrieved from /opt/airflow/dags/account_dim_generator.py
[2024-09-20T07:06:38.036+0000] {logging_mixin.py:151} INFO - [2024-09-20T07:06:38.035+0000] {dag.py:2915} INFO - Sync 1 DAGs
[2024-09-20T07:06:38.072+0000] {logging_mixin.py:151} INFO - [2024-09-20T07:06:38.072+0000] {dag.py:3696} INFO - Setting next_dagrun for account_dim_generator to 2024-09-20T00:00:00+00:00, run_after=2024-09-21T00:00:00+00:00
[2024-09-20T07:06:38.102+0000] {processor.py:179} INFO - Processing /opt/airflow/dags/account_dim_generator.py took 0.286 seconds
[2024-09-20T07:07:08.411+0000] {processor.py:157} INFO - Started process (PID=4846) to work on /opt/airflow/dags/account_dim_generator.py
[2024-09-20T07:07:08.414+0000] {processor.py:829} INFO - Processing file /opt/airflow/dags/account_dim_generator.py for tasks to queue
[2024-09-20T07:07:08.415+0000] {logging_mixin.py:151} INFO - [2024-09-20T07:07:08.415+0000] {dagbag.py:539} INFO - Filling up the DagBag from /opt/airflow/dags/account_dim_generator.py
[2024-09-20T07:07:08.589+0000] {processor.py:839} INFO - DAG(s) dict_keys(['account_dim_generator']) retrieved from /opt/airflow/dags/account_dim_generator.py
[2024-09-20T07:07:08.637+0000] {logging_mixin.py:151} INFO - [2024-09-20T07:07:08.634+0000] {dag.py:2915} INFO - Sync 1 DAGs
[2024-09-20T07:07:08.655+0000] {logging_mixin.py:151} INFO - [2024-09-20T07:07:08.655+0000] {dag.py:3696} INFO - Setting next_dagrun for account_dim_generator to 2024-09-20T00:00:00+00:00, run_after=2024-09-21T00:00:00+00:00
[2024-09-20T07:07:08.702+0000] {processor.py:179} INFO - Processing /opt/airflow/dags/account_dim_generator.py took 0.294 seconds
[2024-09-20T07:07:39.026+0000] {processor.py:157} INFO - Started process (PID=4893) to work on /opt/airflow/dags/account_dim_generator.py
[2024-09-20T07:07:39.027+0000] {processor.py:829} INFO - Processing file /opt/airflow/dags/account_dim_generator.py for tasks to queue
[2024-09-20T07:07:39.031+0000] {logging_mixin.py:151} INFO - [2024-09-20T07:07:39.031+0000] {dagbag.py:539} INFO - Filling up the DagBag from /opt/airflow/dags/account_dim_generator.py
[2024-09-20T07:07:39.196+0000] {processor.py:839} INFO - DAG(s) dict_keys(['account_dim_generator']) retrieved from /opt/airflow/dags/account_dim_generator.py
[2024-09-20T07:07:39.214+0000] {logging_mixin.py:151} INFO - [2024-09-20T07:07:39.213+0000] {dag.py:2915} INFO - Sync 1 DAGs
[2024-09-20T07:07:39.227+0000] {logging_mixin.py:151} INFO - [2024-09-20T07:07:39.227+0000] {dag.py:3696} INFO - Setting next_dagrun for account_dim_generator to 2024-09-20T00:00:00+00:00, run_after=2024-09-21T00:00:00+00:00
[2024-09-20T07:07:39.242+0000] {processor.py:179} INFO - Processing /opt/airflow/dags/account_dim_generator.py took 0.218 seconds
[2024-09-20T07:08:09.601+0000] {processor.py:157} INFO - Started process (PID=4940) to work on /opt/airflow/dags/account_dim_generator.py
[2024-09-20T07:08:09.606+0000] {processor.py:829} INFO - Processing file /opt/airflow/dags/account_dim_generator.py for tasks to queue
[2024-09-20T07:08:09.607+0000] {logging_mixin.py:151} INFO - [2024-09-20T07:08:09.607+0000] {dagbag.py:539} INFO - Filling up the DagBag from /opt/airflow/dags/account_dim_generator.py
[2024-09-20T07:08:09.754+0000] {processor.py:839} INFO - DAG(s) dict_keys(['account_dim_generator']) retrieved from /opt/airflow/dags/account_dim_generator.py
[2024-09-20T07:08:09.770+0000] {logging_mixin.py:151} INFO - [2024-09-20T07:08:09.770+0000] {dag.py:2915} INFO - Sync 1 DAGs
[2024-09-20T07:08:09.787+0000] {logging_mixin.py:151} INFO - [2024-09-20T07:08:09.786+0000] {dag.py:3696} INFO - Setting next_dagrun for account_dim_generator to 2024-09-20T00:00:00+00:00, run_after=2024-09-21T00:00:00+00:00
[2024-09-20T07:08:09.800+0000] {processor.py:179} INFO - Processing /opt/airflow/dags/account_dim_generator.py took 0.201 seconds
[2024-09-20T07:54:54.493+0000] {processor.py:157} INFO - Started process (PID=4985) to work on /opt/airflow/dags/account_dim_generator.py
[2024-09-20T07:54:54.494+0000] {processor.py:829} INFO - Processing file /opt/airflow/dags/account_dim_generator.py for tasks to queue
[2024-09-20T07:54:54.494+0000] {logging_mixin.py:151} INFO - [2024-09-20T07:54:54.494+0000] {dagbag.py:539} INFO - Filling up the DagBag from /opt/airflow/dags/account_dim_generator.py
[2024-09-20T07:54:54.839+0000] {processor.py:839} INFO - DAG(s) dict_keys(['account_dim_generator']) retrieved from /opt/airflow/dags/account_dim_generator.py
[2024-09-20T07:54:54.916+0000] {logging_mixin.py:151} INFO - [2024-09-20T07:54:54.915+0000] {dag.py:2915} INFO - Sync 1 DAGs
[2024-09-20T07:54:54.940+0000] {logging_mixin.py:151} INFO - [2024-09-20T07:54:54.940+0000] {dag.py:3696} INFO - Setting next_dagrun for account_dim_generator to 2024-09-20T00:00:00+00:00, run_after=2024-09-21T00:00:00+00:00
[2024-09-20T07:54:54.958+0000] {processor.py:179} INFO - Processing /opt/airflow/dags/account_dim_generator.py took 0.467 seconds
[2024-09-20T08:09:04.988+0000] {processor.py:157} INFO - Started process (PID=5031) to work on /opt/airflow/dags/account_dim_generator.py
[2024-09-20T08:09:04.991+0000] {processor.py:829} INFO - Processing file /opt/airflow/dags/account_dim_generator.py for tasks to queue
[2024-09-20T08:09:04.993+0000] {logging_mixin.py:151} INFO - [2024-09-20T08:09:04.993+0000] {dagbag.py:539} INFO - Filling up the DagBag from /opt/airflow/dags/account_dim_generator.py
[2024-09-20T08:09:05.200+0000] {processor.py:839} INFO - DAG(s) dict_keys(['account_dim_generator']) retrieved from /opt/airflow/dags/account_dim_generator.py
[2024-09-20T08:09:05.221+0000] {logging_mixin.py:151} INFO - [2024-09-20T08:09:05.220+0000] {dag.py:2915} INFO - Sync 1 DAGs
[2024-09-20T08:09:05.236+0000] {logging_mixin.py:151} INFO - [2024-09-20T08:09:05.236+0000] {dag.py:3696} INFO - Setting next_dagrun for account_dim_generator to 2024-09-20T00:00:00+00:00, run_after=2024-09-21T00:00:00+00:00
[2024-09-20T08:09:05.247+0000] {processor.py:179} INFO - Processing /opt/airflow/dags/account_dim_generator.py took 0.262 seconds
[2024-09-20T08:41:07.692+0000] {processor.py:157} INFO - Started process (PID=5077) to work on /opt/airflow/dags/account_dim_generator.py
[2024-09-20T08:41:07.694+0000] {processor.py:829} INFO - Processing file /opt/airflow/dags/account_dim_generator.py for tasks to queue
[2024-09-20T08:41:07.696+0000] {logging_mixin.py:151} INFO - [2024-09-20T08:41:07.696+0000] {dagbag.py:539} INFO - Filling up the DagBag from /opt/airflow/dags/account_dim_generator.py
[2024-09-20T08:41:08.017+0000] {processor.py:839} INFO - DAG(s) dict_keys(['account_dim_generator']) retrieved from /opt/airflow/dags/account_dim_generator.py
[2024-09-20T08:41:08.093+0000] {logging_mixin.py:151} INFO - [2024-09-20T08:41:08.093+0000] {dag.py:2915} INFO - Sync 1 DAGs
[2024-09-20T08:41:08.142+0000] {logging_mixin.py:151} INFO - [2024-09-20T08:41:08.142+0000] {dag.py:3696} INFO - Setting next_dagrun for account_dim_generator to 2024-09-20T00:00:00+00:00, run_after=2024-09-21T00:00:00+00:00
[2024-09-20T08:41:08.165+0000] {processor.py:179} INFO - Processing /opt/airflow/dags/account_dim_generator.py took 0.478 seconds
[2024-09-20T09:16:02.774+0000] {processor.py:157} INFO - Started process (PID=5129) to work on /opt/airflow/dags/account_dim_generator.py
[2024-09-20T09:16:02.776+0000] {processor.py:829} INFO - Processing file /opt/airflow/dags/account_dim_generator.py for tasks to queue
[2024-09-20T09:16:02.776+0000] {logging_mixin.py:151} INFO - [2024-09-20T09:16:02.776+0000] {dagbag.py:539} INFO - Filling up the DagBag from /opt/airflow/dags/account_dim_generator.py
[2024-09-20T09:16:02.947+0000] {processor.py:839} INFO - DAG(s) dict_keys(['account_dim_generator']) retrieved from /opt/airflow/dags/account_dim_generator.py
[2024-09-20T09:16:02.969+0000] {logging_mixin.py:151} INFO - [2024-09-20T09:16:02.969+0000] {dag.py:2915} INFO - Sync 1 DAGs
[2024-09-20T09:16:02.985+0000] {logging_mixin.py:151} INFO - [2024-09-20T09:16:02.985+0000] {dag.py:3696} INFO - Setting next_dagrun for account_dim_generator to 2024-09-20T00:00:00+00:00, run_after=2024-09-21T00:00:00+00:00
[2024-09-20T09:16:02.994+0000] {processor.py:179} INFO - Processing /opt/airflow/dags/account_dim_generator.py took 0.231 seconds
[2024-09-20T09:22:40.488+0000] {processor.py:157} INFO - Started process (PID=5174) to work on /opt/airflow/dags/account_dim_generator.py
[2024-09-20T09:22:40.489+0000] {processor.py:829} INFO - Processing file /opt/airflow/dags/account_dim_generator.py for tasks to queue
[2024-09-20T09:22:40.490+0000] {logging_mixin.py:151} INFO - [2024-09-20T09:22:40.490+0000] {dagbag.py:539} INFO - Filling up the DagBag from /opt/airflow/dags/account_dim_generator.py
[2024-09-20T09:22:40.754+0000] {processor.py:839} INFO - DAG(s) dict_keys(['account_dim_generator']) retrieved from /opt/airflow/dags/account_dim_generator.py
[2024-09-20T09:22:40.777+0000] {logging_mixin.py:151} INFO - [2024-09-20T09:22:40.777+0000] {dag.py:2915} INFO - Sync 1 DAGs
[2024-09-20T09:22:40.791+0000] {logging_mixin.py:151} INFO - [2024-09-20T09:22:40.791+0000] {dag.py:3696} INFO - Setting next_dagrun for account_dim_generator to 2024-09-20T00:00:00+00:00, run_after=2024-09-21T00:00:00+00:00
[2024-09-20T09:22:40.800+0000] {processor.py:179} INFO - Processing /opt/airflow/dags/account_dim_generator.py took 0.315 seconds
[2024-09-20T09:41:28.933+0000] {processor.py:157} INFO - Started process (PID=5225) to work on /opt/airflow/dags/account_dim_generator.py
[2024-09-20T09:41:28.934+0000] {processor.py:829} INFO - Processing file /opt/airflow/dags/account_dim_generator.py for tasks to queue
[2024-09-20T09:41:28.935+0000] {logging_mixin.py:151} INFO - [2024-09-20T09:41:28.935+0000] {dagbag.py:539} INFO - Filling up the DagBag from /opt/airflow/dags/account_dim_generator.py
[2024-09-20T09:41:29.330+0000] {processor.py:839} INFO - DAG(s) dict_keys(['account_dim_generator']) retrieved from /opt/airflow/dags/account_dim_generator.py
[2024-09-20T09:41:29.376+0000] {logging_mixin.py:151} INFO - [2024-09-20T09:41:29.375+0000] {dag.py:2915} INFO - Sync 1 DAGs
[2024-09-20T09:41:29.445+0000] {logging_mixin.py:151} INFO - [2024-09-20T09:41:29.445+0000] {dag.py:3696} INFO - Setting next_dagrun for account_dim_generator to 2024-09-20T00:00:00+00:00, run_after=2024-09-21T00:00:00+00:00
[2024-09-20T09:41:29.484+0000] {processor.py:179} INFO - Processing /opt/airflow/dags/account_dim_generator.py took 0.554 seconds
[2024-09-20T09:42:00.315+0000] {processor.py:157} INFO - Started process (PID=5272) to work on /opt/airflow/dags/account_dim_generator.py
[2024-09-20T09:42:00.318+0000] {processor.py:829} INFO - Processing file /opt/airflow/dags/account_dim_generator.py for tasks to queue
[2024-09-20T09:42:00.319+0000] {logging_mixin.py:151} INFO - [2024-09-20T09:42:00.318+0000] {dagbag.py:539} INFO - Filling up the DagBag from /opt/airflow/dags/account_dim_generator.py
[2024-09-20T09:42:00.689+0000] {processor.py:839} INFO - DAG(s) dict_keys(['account_dim_generator']) retrieved from /opt/airflow/dags/account_dim_generator.py
[2024-09-20T09:42:00.717+0000] {logging_mixin.py:151} INFO - [2024-09-20T09:42:00.717+0000] {dag.py:2915} INFO - Sync 1 DAGs
[2024-09-20T09:42:00.732+0000] {logging_mixin.py:151} INFO - [2024-09-20T09:42:00.732+0000] {dag.py:3696} INFO - Setting next_dagrun for account_dim_generator to 2024-09-20T00:00:00+00:00, run_after=2024-09-21T00:00:00+00:00
[2024-09-20T09:42:00.754+0000] {processor.py:179} INFO - Processing /opt/airflow/dags/account_dim_generator.py took 0.447 seconds
[2024-09-20T09:42:31.121+0000] {processor.py:157} INFO - Started process (PID=5319) to work on /opt/airflow/dags/account_dim_generator.py
[2024-09-20T09:42:31.122+0000] {processor.py:829} INFO - Processing file /opt/airflow/dags/account_dim_generator.py for tasks to queue
[2024-09-20T09:42:31.123+0000] {logging_mixin.py:151} INFO - [2024-09-20T09:42:31.122+0000] {dagbag.py:539} INFO - Filling up the DagBag from /opt/airflow/dags/account_dim_generator.py
[2024-09-20T09:42:31.326+0000] {processor.py:839} INFO - DAG(s) dict_keys(['account_dim_generator']) retrieved from /opt/airflow/dags/account_dim_generator.py
[2024-09-20T09:42:31.349+0000] {logging_mixin.py:151} INFO - [2024-09-20T09:42:31.349+0000] {dag.py:2915} INFO - Sync 1 DAGs
[2024-09-20T09:42:31.362+0000] {logging_mixin.py:151} INFO - [2024-09-20T09:42:31.362+0000] {dag.py:3696} INFO - Setting next_dagrun for account_dim_generator to 2024-09-20T00:00:00+00:00, run_after=2024-09-21T00:00:00+00:00
[2024-09-20T09:42:31.370+0000] {processor.py:179} INFO - Processing /opt/airflow/dags/account_dim_generator.py took 0.255 seconds
[2024-09-20T09:43:01.865+0000] {processor.py:157} INFO - Started process (PID=5363) to work on /opt/airflow/dags/account_dim_generator.py
[2024-09-20T09:43:01.868+0000] {processor.py:829} INFO - Processing file /opt/airflow/dags/account_dim_generator.py for tasks to queue
[2024-09-20T09:43:01.869+0000] {logging_mixin.py:151} INFO - [2024-09-20T09:43:01.869+0000] {dagbag.py:539} INFO - Filling up the DagBag from /opt/airflow/dags/account_dim_generator.py
[2024-09-20T09:43:02.111+0000] {processor.py:839} INFO - DAG(s) dict_keys(['account_dim_generator']) retrieved from /opt/airflow/dags/account_dim_generator.py
[2024-09-20T09:43:02.151+0000] {logging_mixin.py:151} INFO - [2024-09-20T09:43:02.151+0000] {dag.py:2915} INFO - Sync 1 DAGs
[2024-09-20T09:43:02.176+0000] {logging_mixin.py:151} INFO - [2024-09-20T09:43:02.175+0000] {dag.py:3696} INFO - Setting next_dagrun for account_dim_generator to 2024-09-20T00:00:00+00:00, run_after=2024-09-21T00:00:00+00:00
[2024-09-20T09:43:02.201+0000] {processor.py:179} INFO - Processing /opt/airflow/dags/account_dim_generator.py took 0.339 seconds
[2024-09-20T09:43:33.087+0000] {processor.py:157} INFO - Started process (PID=5410) to work on /opt/airflow/dags/account_dim_generator.py
[2024-09-20T09:43:33.092+0000] {processor.py:829} INFO - Processing file /opt/airflow/dags/account_dim_generator.py for tasks to queue
[2024-09-20T09:43:33.093+0000] {logging_mixin.py:151} INFO - [2024-09-20T09:43:33.092+0000] {dagbag.py:539} INFO - Filling up the DagBag from /opt/airflow/dags/account_dim_generator.py
[2024-09-20T09:43:33.256+0000] {processor.py:839} INFO - DAG(s) dict_keys(['account_dim_generator']) retrieved from /opt/airflow/dags/account_dim_generator.py
[2024-09-20T09:43:33.275+0000] {logging_mixin.py:151} INFO - [2024-09-20T09:43:33.274+0000] {dag.py:2915} INFO - Sync 1 DAGs
[2024-09-20T09:43:33.286+0000] {logging_mixin.py:151} INFO - [2024-09-20T09:43:33.286+0000] {dag.py:3696} INFO - Setting next_dagrun for account_dim_generator to 2024-09-20T00:00:00+00:00, run_after=2024-09-21T00:00:00+00:00
[2024-09-20T09:43:33.300+0000] {processor.py:179} INFO - Processing /opt/airflow/dags/account_dim_generator.py took 0.215 seconds
[2024-09-20T09:44:03.750+0000] {processor.py:157} INFO - Started process (PID=5458) to work on /opt/airflow/dags/account_dim_generator.py
[2024-09-20T09:44:03.752+0000] {processor.py:829} INFO - Processing file /opt/airflow/dags/account_dim_generator.py for tasks to queue
[2024-09-20T09:44:03.752+0000] {logging_mixin.py:151} INFO - [2024-09-20T09:44:03.752+0000] {dagbag.py:539} INFO - Filling up the DagBag from /opt/airflow/dags/account_dim_generator.py
[2024-09-20T09:44:03.924+0000] {processor.py:839} INFO - DAG(s) dict_keys(['account_dim_generator']) retrieved from /opt/airflow/dags/account_dim_generator.py
[2024-09-20T09:44:03.938+0000] {logging_mixin.py:151} INFO - [2024-09-20T09:44:03.937+0000] {dag.py:2915} INFO - Sync 1 DAGs
[2024-09-20T09:44:03.947+0000] {logging_mixin.py:151} INFO - [2024-09-20T09:44:03.947+0000] {dag.py:3696} INFO - Setting next_dagrun for account_dim_generator to 2024-09-20T00:00:00+00:00, run_after=2024-09-21T00:00:00+00:00
[2024-09-20T09:44:03.955+0000] {processor.py:179} INFO - Processing /opt/airflow/dags/account_dim_generator.py took 0.212 seconds
[2024-09-20T09:44:34.371+0000] {processor.py:157} INFO - Started process (PID=5504) to work on /opt/airflow/dags/account_dim_generator.py
[2024-09-20T09:44:34.375+0000] {processor.py:829} INFO - Processing file /opt/airflow/dags/account_dim_generator.py for tasks to queue
[2024-09-20T09:44:34.377+0000] {logging_mixin.py:151} INFO - [2024-09-20T09:44:34.377+0000] {dagbag.py:539} INFO - Filling up the DagBag from /opt/airflow/dags/account_dim_generator.py
[2024-09-20T09:44:34.530+0000] {processor.py:839} INFO - DAG(s) dict_keys(['account_dim_generator']) retrieved from /opt/airflow/dags/account_dim_generator.py
[2024-09-20T09:44:34.548+0000] {logging_mixin.py:151} INFO - [2024-09-20T09:44:34.548+0000] {dag.py:2915} INFO - Sync 1 DAGs
[2024-09-20T09:44:34.568+0000] {logging_mixin.py:151} INFO - [2024-09-20T09:44:34.568+0000] {dag.py:3696} INFO - Setting next_dagrun for account_dim_generator to 2024-09-20T00:00:00+00:00, run_after=2024-09-21T00:00:00+00:00
[2024-09-20T09:44:34.586+0000] {processor.py:179} INFO - Processing /opt/airflow/dags/account_dim_generator.py took 0.218 seconds
[2024-09-20T09:45:05.367+0000] {processor.py:157} INFO - Started process (PID=5551) to work on /opt/airflow/dags/account_dim_generator.py
[2024-09-20T09:45:05.368+0000] {processor.py:829} INFO - Processing file /opt/airflow/dags/account_dim_generator.py for tasks to queue
[2024-09-20T09:45:05.369+0000] {logging_mixin.py:151} INFO - [2024-09-20T09:45:05.369+0000] {dagbag.py:539} INFO - Filling up the DagBag from /opt/airflow/dags/account_dim_generator.py
[2024-09-20T09:45:05.742+0000] {processor.py:839} INFO - DAG(s) dict_keys(['account_dim_generator']) retrieved from /opt/airflow/dags/account_dim_generator.py
[2024-09-20T09:45:05.780+0000] {logging_mixin.py:151} INFO - [2024-09-20T09:45:05.780+0000] {dag.py:2915} INFO - Sync 1 DAGs
[2024-09-20T09:45:05.812+0000] {logging_mixin.py:151} INFO - [2024-09-20T09:45:05.812+0000] {dag.py:3696} INFO - Setting next_dagrun for account_dim_generator to 2024-09-20T00:00:00+00:00, run_after=2024-09-21T00:00:00+00:00
[2024-09-20T09:45:05.834+0000] {processor.py:179} INFO - Processing /opt/airflow/dags/account_dim_generator.py took 0.470 seconds
[2024-09-20T09:45:36.892+0000] {processor.py:157} INFO - Started process (PID=5598) to work on /opt/airflow/dags/account_dim_generator.py
[2024-09-20T09:45:36.894+0000] {processor.py:829} INFO - Processing file /opt/airflow/dags/account_dim_generator.py for tasks to queue
[2024-09-20T09:45:36.895+0000] {logging_mixin.py:151} INFO - [2024-09-20T09:45:36.895+0000] {dagbag.py:539} INFO - Filling up the DagBag from /opt/airflow/dags/account_dim_generator.py
[2024-09-20T09:45:37.187+0000] {processor.py:839} INFO - DAG(s) dict_keys(['account_dim_generator']) retrieved from /opt/airflow/dags/account_dim_generator.py
[2024-09-20T09:45:37.216+0000] {logging_mixin.py:151} INFO - [2024-09-20T09:45:37.216+0000] {dag.py:2915} INFO - Sync 1 DAGs
[2024-09-20T09:45:37.231+0000] {logging_mixin.py:151} INFO - [2024-09-20T09:45:37.230+0000] {dag.py:3696} INFO - Setting next_dagrun for account_dim_generator to 2024-09-20T00:00:00+00:00, run_after=2024-09-21T00:00:00+00:00
[2024-09-20T09:45:37.243+0000] {processor.py:179} INFO - Processing /opt/airflow/dags/account_dim_generator.py took 0.360 seconds
[2024-09-20T09:46:08.013+0000] {processor.py:157} INFO - Started process (PID=5652) to work on /opt/airflow/dags/account_dim_generator.py
[2024-09-20T09:46:08.018+0000] {processor.py:829} INFO - Processing file /opt/airflow/dags/account_dim_generator.py for tasks to queue
[2024-09-20T09:46:08.020+0000] {logging_mixin.py:151} INFO - [2024-09-20T09:46:08.020+0000] {dagbag.py:539} INFO - Filling up the DagBag from /opt/airflow/dags/account_dim_generator.py
[2024-09-20T09:46:08.332+0000] {processor.py:839} INFO - DAG(s) dict_keys(['account_dim_generator']) retrieved from /opt/airflow/dags/account_dim_generator.py
[2024-09-20T09:46:08.377+0000] {logging_mixin.py:151} INFO - [2024-09-20T09:46:08.375+0000] {dag.py:2915} INFO - Sync 1 DAGs
[2024-09-20T09:46:08.411+0000] {logging_mixin.py:151} INFO - [2024-09-20T09:46:08.411+0000] {dag.py:3696} INFO - Setting next_dagrun for account_dim_generator to 2024-09-20T00:00:00+00:00, run_after=2024-09-21T00:00:00+00:00
[2024-09-20T09:46:08.436+0000] {processor.py:179} INFO - Processing /opt/airflow/dags/account_dim_generator.py took 0.429 seconds
[2024-09-20T09:46:38.748+0000] {processor.py:157} INFO - Started process (PID=5699) to work on /opt/airflow/dags/account_dim_generator.py
[2024-09-20T09:46:38.749+0000] {processor.py:829} INFO - Processing file /opt/airflow/dags/account_dim_generator.py for tasks to queue
[2024-09-20T09:46:38.750+0000] {logging_mixin.py:151} INFO - [2024-09-20T09:46:38.750+0000] {dagbag.py:539} INFO - Filling up the DagBag from /opt/airflow/dags/account_dim_generator.py
[2024-09-20T09:46:38.948+0000] {processor.py:839} INFO - DAG(s) dict_keys(['account_dim_generator']) retrieved from /opt/airflow/dags/account_dim_generator.py
[2024-09-20T09:46:38.967+0000] {logging_mixin.py:151} INFO - [2024-09-20T09:46:38.967+0000] {dag.py:2915} INFO - Sync 1 DAGs
[2024-09-20T09:46:38.992+0000] {logging_mixin.py:151} INFO - [2024-09-20T09:46:38.992+0000] {dag.py:3696} INFO - Setting next_dagrun for account_dim_generator to 2024-09-20T00:00:00+00:00, run_after=2024-09-21T00:00:00+00:00
[2024-09-20T09:46:39.031+0000] {processor.py:179} INFO - Processing /opt/airflow/dags/account_dim_generator.py took 0.286 seconds
[2024-09-20T09:47:10.158+0000] {processor.py:157} INFO - Started process (PID=5749) to work on /opt/airflow/dags/account_dim_generator.py
[2024-09-20T09:47:10.159+0000] {processor.py:829} INFO - Processing file /opt/airflow/dags/account_dim_generator.py for tasks to queue
[2024-09-20T09:47:10.159+0000] {logging_mixin.py:151} INFO - [2024-09-20T09:47:10.159+0000] {dagbag.py:539} INFO - Filling up the DagBag from /opt/airflow/dags/account_dim_generator.py
[2024-09-20T09:47:10.319+0000] {processor.py:839} INFO - DAG(s) dict_keys(['account_dim_generator']) retrieved from /opt/airflow/dags/account_dim_generator.py
[2024-09-20T09:47:10.334+0000] {logging_mixin.py:151} INFO - [2024-09-20T09:47:10.334+0000] {dag.py:2915} INFO - Sync 1 DAGs
[2024-09-20T09:47:10.345+0000] {logging_mixin.py:151} INFO - [2024-09-20T09:47:10.345+0000] {dag.py:3696} INFO - Setting next_dagrun for account_dim_generator to 2024-09-20T00:00:00+00:00, run_after=2024-09-21T00:00:00+00:00
[2024-09-20T09:47:10.353+0000] {processor.py:179} INFO - Processing /opt/airflow/dags/account_dim_generator.py took 0.199 seconds
[2024-09-20T09:47:40.592+0000] {processor.py:157} INFO - Started process (PID=5796) to work on /opt/airflow/dags/account_dim_generator.py
[2024-09-20T09:47:40.593+0000] {processor.py:829} INFO - Processing file /opt/airflow/dags/account_dim_generator.py for tasks to queue
[2024-09-20T09:47:40.594+0000] {logging_mixin.py:151} INFO - [2024-09-20T09:47:40.594+0000] {dagbag.py:539} INFO - Filling up the DagBag from /opt/airflow/dags/account_dim_generator.py
[2024-09-20T09:47:40.752+0000] {processor.py:839} INFO - DAG(s) dict_keys(['account_dim_generator']) retrieved from /opt/airflow/dags/account_dim_generator.py
[2024-09-20T09:47:40.766+0000] {logging_mixin.py:151} INFO - [2024-09-20T09:47:40.765+0000] {dag.py:2915} INFO - Sync 1 DAGs
[2024-09-20T09:47:40.776+0000] {logging_mixin.py:151} INFO - [2024-09-20T09:47:40.776+0000] {dag.py:3696} INFO - Setting next_dagrun for account_dim_generator to 2024-09-20T00:00:00+00:00, run_after=2024-09-21T00:00:00+00:00
[2024-09-20T09:47:40.784+0000] {processor.py:179} INFO - Processing /opt/airflow/dags/account_dim_generator.py took 0.195 seconds
[2024-09-20T09:48:11.143+0000] {processor.py:157} INFO - Started process (PID=5843) to work on /opt/airflow/dags/account_dim_generator.py
[2024-09-20T09:48:11.143+0000] {processor.py:829} INFO - Processing file /opt/airflow/dags/account_dim_generator.py for tasks to queue
[2024-09-20T09:48:11.144+0000] {logging_mixin.py:151} INFO - [2024-09-20T09:48:11.143+0000] {dagbag.py:539} INFO - Filling up the DagBag from /opt/airflow/dags/account_dim_generator.py
[2024-09-20T09:48:11.285+0000] {processor.py:839} INFO - DAG(s) dict_keys(['account_dim_generator']) retrieved from /opt/airflow/dags/account_dim_generator.py
[2024-09-20T09:48:11.298+0000] {logging_mixin.py:151} INFO - [2024-09-20T09:48:11.298+0000] {dag.py:2915} INFO - Sync 1 DAGs
[2024-09-20T09:48:11.307+0000] {logging_mixin.py:151} INFO - [2024-09-20T09:48:11.307+0000] {dag.py:3696} INFO - Setting next_dagrun for account_dim_generator to 2024-09-20T00:00:00+00:00, run_after=2024-09-21T00:00:00+00:00
[2024-09-20T09:48:11.315+0000] {processor.py:179} INFO - Processing /opt/airflow/dags/account_dim_generator.py took 0.175 seconds
[2024-09-20T09:48:41.562+0000] {processor.py:157} INFO - Started process (PID=5890) to work on /opt/airflow/dags/account_dim_generator.py
[2024-09-20T09:48:41.563+0000] {processor.py:829} INFO - Processing file /opt/airflow/dags/account_dim_generator.py for tasks to queue
[2024-09-20T09:48:41.563+0000] {logging_mixin.py:151} INFO - [2024-09-20T09:48:41.563+0000] {dagbag.py:539} INFO - Filling up the DagBag from /opt/airflow/dags/account_dim_generator.py
[2024-09-20T09:48:41.715+0000] {processor.py:839} INFO - DAG(s) dict_keys(['account_dim_generator']) retrieved from /opt/airflow/dags/account_dim_generator.py
[2024-09-20T09:48:41.729+0000] {logging_mixin.py:151} INFO - [2024-09-20T09:48:41.728+0000] {dag.py:2915} INFO - Sync 1 DAGs
[2024-09-20T09:48:41.739+0000] {logging_mixin.py:151} INFO - [2024-09-20T09:48:41.739+0000] {dag.py:3696} INFO - Setting next_dagrun for account_dim_generator to 2024-09-20T00:00:00+00:00, run_after=2024-09-21T00:00:00+00:00
[2024-09-20T09:48:41.747+0000] {processor.py:179} INFO - Processing /opt/airflow/dags/account_dim_generator.py took 0.188 seconds
[2024-09-20T09:49:12.177+0000] {processor.py:157} INFO - Started process (PID=5934) to work on /opt/airflow/dags/account_dim_generator.py
[2024-09-20T09:49:12.179+0000] {processor.py:829} INFO - Processing file /opt/airflow/dags/account_dim_generator.py for tasks to queue
[2024-09-20T09:49:12.180+0000] {logging_mixin.py:151} INFO - [2024-09-20T09:49:12.180+0000] {dagbag.py:539} INFO - Filling up the DagBag from /opt/airflow/dags/account_dim_generator.py
[2024-09-20T09:49:12.344+0000] {processor.py:839} INFO - DAG(s) dict_keys(['account_dim_generator']) retrieved from /opt/airflow/dags/account_dim_generator.py
[2024-09-20T09:49:12.365+0000] {logging_mixin.py:151} INFO - [2024-09-20T09:49:12.365+0000] {dag.py:2915} INFO - Sync 1 DAGs
[2024-09-20T09:49:12.377+0000] {logging_mixin.py:151} INFO - [2024-09-20T09:49:12.377+0000] {dag.py:3696} INFO - Setting next_dagrun for account_dim_generator to 2024-09-20T00:00:00+00:00, run_after=2024-09-21T00:00:00+00:00
[2024-09-20T09:49:12.388+0000] {processor.py:179} INFO - Processing /opt/airflow/dags/account_dim_generator.py took 0.213 seconds
[2024-09-20T09:49:43.526+0000] {processor.py:157} INFO - Started process (PID=5982) to work on /opt/airflow/dags/account_dim_generator.py
[2024-09-20T09:49:43.528+0000] {processor.py:829} INFO - Processing file /opt/airflow/dags/account_dim_generator.py for tasks to queue
[2024-09-20T09:49:43.529+0000] {logging_mixin.py:151} INFO - [2024-09-20T09:49:43.528+0000] {dagbag.py:539} INFO - Filling up the DagBag from /opt/airflow/dags/account_dim_generator.py
[2024-09-20T09:49:43.704+0000] {processor.py:839} INFO - DAG(s) dict_keys(['account_dim_generator']) retrieved from /opt/airflow/dags/account_dim_generator.py
[2024-09-20T09:49:43.717+0000] {logging_mixin.py:151} INFO - [2024-09-20T09:49:43.716+0000] {dag.py:2915} INFO - Sync 1 DAGs
[2024-09-20T09:49:43.726+0000] {logging_mixin.py:151} INFO - [2024-09-20T09:49:43.726+0000] {dag.py:3696} INFO - Setting next_dagrun for account_dim_generator to 2024-09-20T00:00:00+00:00, run_after=2024-09-21T00:00:00+00:00
[2024-09-20T09:49:43.733+0000] {processor.py:179} INFO - Processing /opt/airflow/dags/account_dim_generator.py took 0.211 seconds
[2024-09-20T09:50:14.842+0000] {processor.py:157} INFO - Started process (PID=6028) to work on /opt/airflow/dags/account_dim_generator.py
[2024-09-20T09:50:14.844+0000] {processor.py:829} INFO - Processing file /opt/airflow/dags/account_dim_generator.py for tasks to queue
[2024-09-20T09:50:14.846+0000] {logging_mixin.py:151} INFO - [2024-09-20T09:50:14.846+0000] {dagbag.py:539} INFO - Filling up the DagBag from /opt/airflow/dags/account_dim_generator.py
[2024-09-20T09:50:15.158+0000] {processor.py:839} INFO - DAG(s) dict_keys(['account_dim_generator']) retrieved from /opt/airflow/dags/account_dim_generator.py
[2024-09-20T09:50:15.230+0000] {logging_mixin.py:151} INFO - [2024-09-20T09:50:15.229+0000] {dag.py:2915} INFO - Sync 1 DAGs
[2024-09-20T09:50:15.253+0000] {logging_mixin.py:151} INFO - [2024-09-20T09:50:15.253+0000] {dag.py:3696} INFO - Setting next_dagrun for account_dim_generator to 2024-09-20T00:00:00+00:00, run_after=2024-09-21T00:00:00+00:00
[2024-09-20T09:50:15.279+0000] {processor.py:179} INFO - Processing /opt/airflow/dags/account_dim_generator.py took 0.442 seconds
[2024-09-20T09:50:46.095+0000] {processor.py:157} INFO - Started process (PID=6075) to work on /opt/airflow/dags/account_dim_generator.py
[2024-09-20T09:50:46.098+0000] {processor.py:829} INFO - Processing file /opt/airflow/dags/account_dim_generator.py for tasks to queue
[2024-09-20T09:50:46.099+0000] {logging_mixin.py:151} INFO - [2024-09-20T09:50:46.099+0000] {dagbag.py:539} INFO - Filling up the DagBag from /opt/airflow/dags/account_dim_generator.py
[2024-09-20T09:50:46.282+0000] {processor.py:839} INFO - DAG(s) dict_keys(['account_dim_generator']) retrieved from /opt/airflow/dags/account_dim_generator.py
[2024-09-20T09:50:46.301+0000] {logging_mixin.py:151} INFO - [2024-09-20T09:50:46.301+0000] {dag.py:2915} INFO - Sync 1 DAGs
[2024-09-20T09:50:46.312+0000] {logging_mixin.py:151} INFO - [2024-09-20T09:50:46.312+0000] {dag.py:3696} INFO - Setting next_dagrun for account_dim_generator to 2024-09-20T00:00:00+00:00, run_after=2024-09-21T00:00:00+00:00
[2024-09-20T09:50:46.326+0000] {processor.py:179} INFO - Processing /opt/airflow/dags/account_dim_generator.py took 0.233 seconds
[2024-09-20T09:51:16.641+0000] {processor.py:157} INFO - Started process (PID=6122) to work on /opt/airflow/dags/account_dim_generator.py
[2024-09-20T09:51:16.645+0000] {processor.py:829} INFO - Processing file /opt/airflow/dags/account_dim_generator.py for tasks to queue
[2024-09-20T09:51:16.646+0000] {logging_mixin.py:151} INFO - [2024-09-20T09:51:16.646+0000] {dagbag.py:539} INFO - Filling up the DagBag from /opt/airflow/dags/account_dim_generator.py
[2024-09-20T09:51:16.803+0000] {processor.py:839} INFO - DAG(s) dict_keys(['account_dim_generator']) retrieved from /opt/airflow/dags/account_dim_generator.py
[2024-09-20T09:51:16.824+0000] {logging_mixin.py:151} INFO - [2024-09-20T09:51:16.824+0000] {dag.py:2915} INFO - Sync 1 DAGs
[2024-09-20T09:51:16.835+0000] {logging_mixin.py:151} INFO - [2024-09-20T09:51:16.835+0000] {dag.py:3696} INFO - Setting next_dagrun for account_dim_generator to 2024-09-20T00:00:00+00:00, run_after=2024-09-21T00:00:00+00:00
[2024-09-20T09:51:16.850+0000] {processor.py:179} INFO - Processing /opt/airflow/dags/account_dim_generator.py took 0.211 seconds
[2024-09-20T09:51:47.233+0000] {processor.py:157} INFO - Started process (PID=6172) to work on /opt/airflow/dags/account_dim_generator.py
[2024-09-20T09:51:47.234+0000] {processor.py:829} INFO - Processing file /opt/airflow/dags/account_dim_generator.py for tasks to queue
[2024-09-20T09:51:47.234+0000] {logging_mixin.py:151} INFO - [2024-09-20T09:51:47.234+0000] {dagbag.py:539} INFO - Filling up the DagBag from /opt/airflow/dags/account_dim_generator.py
[2024-09-20T09:51:47.439+0000] {processor.py:839} INFO - DAG(s) dict_keys(['account_dim_generator']) retrieved from /opt/airflow/dags/account_dim_generator.py
[2024-09-20T09:51:47.460+0000] {logging_mixin.py:151} INFO - [2024-09-20T09:51:47.459+0000] {dag.py:2915} INFO - Sync 1 DAGs
[2024-09-20T09:51:47.477+0000] {logging_mixin.py:151} INFO - [2024-09-20T09:51:47.477+0000] {dag.py:3696} INFO - Setting next_dagrun for account_dim_generator to 2024-09-20T00:00:00+00:00, run_after=2024-09-21T00:00:00+00:00
[2024-09-20T09:51:47.494+0000] {processor.py:179} INFO - Processing /opt/airflow/dags/account_dim_generator.py took 0.264 seconds
[2024-09-20T09:52:19.159+0000] {processor.py:157} INFO - Started process (PID=6216) to work on /opt/airflow/dags/account_dim_generator.py
[2024-09-20T09:52:19.160+0000] {processor.py:829} INFO - Processing file /opt/airflow/dags/account_dim_generator.py for tasks to queue
[2024-09-20T09:52:19.160+0000] {logging_mixin.py:151} INFO - [2024-09-20T09:52:19.160+0000] {dagbag.py:539} INFO - Filling up the DagBag from /opt/airflow/dags/account_dim_generator.py
[2024-09-20T09:52:19.321+0000] {processor.py:839} INFO - DAG(s) dict_keys(['account_dim_generator']) retrieved from /opt/airflow/dags/account_dim_generator.py
[2024-09-20T09:52:19.335+0000] {logging_mixin.py:151} INFO - [2024-09-20T09:52:19.334+0000] {dag.py:2915} INFO - Sync 1 DAGs
[2024-09-20T09:52:19.345+0000] {logging_mixin.py:151} INFO - [2024-09-20T09:52:19.345+0000] {dag.py:3696} INFO - Setting next_dagrun for account_dim_generator to 2024-09-20T00:00:00+00:00, run_after=2024-09-21T00:00:00+00:00
[2024-09-20T09:52:19.353+0000] {processor.py:179} INFO - Processing /opt/airflow/dags/account_dim_generator.py took 0.197 seconds
[2024-09-20T09:52:49.646+0000] {processor.py:157} INFO - Started process (PID=6265) to work on /opt/airflow/dags/account_dim_generator.py
[2024-09-20T09:52:49.646+0000] {processor.py:829} INFO - Processing file /opt/airflow/dags/account_dim_generator.py for tasks to queue
[2024-09-20T09:52:49.647+0000] {logging_mixin.py:151} INFO - [2024-09-20T09:52:49.647+0000] {dagbag.py:539} INFO - Filling up the DagBag from /opt/airflow/dags/account_dim_generator.py
[2024-09-20T09:52:49.862+0000] {processor.py:839} INFO - DAG(s) dict_keys(['account_dim_generator']) retrieved from /opt/airflow/dags/account_dim_generator.py
[2024-09-20T09:52:49.895+0000] {logging_mixin.py:151} INFO - [2024-09-20T09:52:49.894+0000] {dag.py:2915} INFO - Sync 1 DAGs
[2024-09-20T09:52:49.915+0000] {logging_mixin.py:151} INFO - [2024-09-20T09:52:49.915+0000] {dag.py:3696} INFO - Setting next_dagrun for account_dim_generator to 2024-09-20T00:00:00+00:00, run_after=2024-09-21T00:00:00+00:00
[2024-09-20T09:52:49.945+0000] {processor.py:179} INFO - Processing /opt/airflow/dags/account_dim_generator.py took 0.301 seconds
[2024-09-20T09:53:20.173+0000] {processor.py:157} INFO - Started process (PID=6312) to work on /opt/airflow/dags/account_dim_generator.py
[2024-09-20T09:53:20.174+0000] {processor.py:829} INFO - Processing file /opt/airflow/dags/account_dim_generator.py for tasks to queue
[2024-09-20T09:53:20.174+0000] {logging_mixin.py:151} INFO - [2024-09-20T09:53:20.174+0000] {dagbag.py:539} INFO - Filling up the DagBag from /opt/airflow/dags/account_dim_generator.py
[2024-09-20T09:53:20.318+0000] {processor.py:839} INFO - DAG(s) dict_keys(['account_dim_generator']) retrieved from /opt/airflow/dags/account_dim_generator.py
[2024-09-20T09:53:20.331+0000] {logging_mixin.py:151} INFO - [2024-09-20T09:53:20.331+0000] {dag.py:2915} INFO - Sync 1 DAGs
[2024-09-20T09:53:20.341+0000] {logging_mixin.py:151} INFO - [2024-09-20T09:53:20.341+0000] {dag.py:3696} INFO - Setting next_dagrun for account_dim_generator to 2024-09-20T00:00:00+00:00, run_after=2024-09-21T00:00:00+00:00
[2024-09-20T09:53:20.348+0000] {processor.py:179} INFO - Processing /opt/airflow/dags/account_dim_generator.py took 0.178 seconds
[2024-09-20T09:53:50.638+0000] {processor.py:157} INFO - Started process (PID=6356) to work on /opt/airflow/dags/account_dim_generator.py
[2024-09-20T09:53:50.643+0000] {processor.py:829} INFO - Processing file /opt/airflow/dags/account_dim_generator.py for tasks to queue
[2024-09-20T09:53:50.645+0000] {logging_mixin.py:151} INFO - [2024-09-20T09:53:50.644+0000] {dagbag.py:539} INFO - Filling up the DagBag from /opt/airflow/dags/account_dim_generator.py
[2024-09-20T09:53:50.810+0000] {processor.py:839} INFO - DAG(s) dict_keys(['account_dim_generator']) retrieved from /opt/airflow/dags/account_dim_generator.py
[2024-09-20T09:53:50.830+0000] {logging_mixin.py:151} INFO - [2024-09-20T09:53:50.829+0000] {dag.py:2915} INFO - Sync 1 DAGs
[2024-09-20T09:53:50.843+0000] {logging_mixin.py:151} INFO - [2024-09-20T09:53:50.843+0000] {dag.py:3696} INFO - Setting next_dagrun for account_dim_generator to 2024-09-20T00:00:00+00:00, run_after=2024-09-21T00:00:00+00:00
[2024-09-20T09:53:50.860+0000] {processor.py:179} INFO - Processing /opt/airflow/dags/account_dim_generator.py took 0.224 seconds
[2024-09-20T09:54:21.105+0000] {processor.py:157} INFO - Started process (PID=6403) to work on /opt/airflow/dags/account_dim_generator.py
[2024-09-20T09:54:21.105+0000] {processor.py:829} INFO - Processing file /opt/airflow/dags/account_dim_generator.py for tasks to queue
[2024-09-20T09:54:21.106+0000] {logging_mixin.py:151} INFO - [2024-09-20T09:54:21.106+0000] {dagbag.py:539} INFO - Filling up the DagBag from /opt/airflow/dags/account_dim_generator.py
[2024-09-20T09:54:21.264+0000] {processor.py:839} INFO - DAG(s) dict_keys(['account_dim_generator']) retrieved from /opt/airflow/dags/account_dim_generator.py
[2024-09-20T09:54:21.280+0000] {logging_mixin.py:151} INFO - [2024-09-20T09:54:21.280+0000] {dag.py:2915} INFO - Sync 1 DAGs
[2024-09-20T09:54:21.294+0000] {logging_mixin.py:151} INFO - [2024-09-20T09:54:21.294+0000] {dag.py:3696} INFO - Setting next_dagrun for account_dim_generator to 2024-09-20T00:00:00+00:00, run_after=2024-09-21T00:00:00+00:00
[2024-09-20T09:54:21.306+0000] {processor.py:179} INFO - Processing /opt/airflow/dags/account_dim_generator.py took 0.203 seconds
[2024-09-20T09:54:52.365+0000] {processor.py:157} INFO - Started process (PID=6451) to work on /opt/airflow/dags/account_dim_generator.py
[2024-09-20T09:54:52.366+0000] {processor.py:829} INFO - Processing file /opt/airflow/dags/account_dim_generator.py for tasks to queue
[2024-09-20T09:54:52.366+0000] {logging_mixin.py:151} INFO - [2024-09-20T09:54:52.366+0000] {dagbag.py:539} INFO - Filling up the DagBag from /opt/airflow/dags/account_dim_generator.py
[2024-09-20T09:54:52.514+0000] {processor.py:839} INFO - DAG(s) dict_keys(['account_dim_generator']) retrieved from /opt/airflow/dags/account_dim_generator.py
[2024-09-20T09:54:52.527+0000] {logging_mixin.py:151} INFO - [2024-09-20T09:54:52.526+0000] {dag.py:2915} INFO - Sync 1 DAGs
[2024-09-20T09:54:52.536+0000] {logging_mixin.py:151} INFO - [2024-09-20T09:54:52.536+0000] {dag.py:3696} INFO - Setting next_dagrun for account_dim_generator to 2024-09-20T00:00:00+00:00, run_after=2024-09-21T00:00:00+00:00
[2024-09-20T09:54:52.544+0000] {processor.py:179} INFO - Processing /opt/airflow/dags/account_dim_generator.py took 0.181 seconds
[2024-09-20T09:55:24.680+0000] {processor.py:157} INFO - Started process (PID=6498) to work on /opt/airflow/dags/account_dim_generator.py
[2024-09-20T09:55:24.681+0000] {processor.py:829} INFO - Processing file /opt/airflow/dags/account_dim_generator.py for tasks to queue
[2024-09-20T09:55:24.681+0000] {logging_mixin.py:151} INFO - [2024-09-20T09:55:24.681+0000] {dagbag.py:539} INFO - Filling up the DagBag from /opt/airflow/dags/account_dim_generator.py
[2024-09-20T09:55:25.010+0000] {processor.py:839} INFO - DAG(s) dict_keys(['account_dim_generator']) retrieved from /opt/airflow/dags/account_dim_generator.py
[2024-09-20T09:55:25.144+0000] {logging_mixin.py:151} INFO - [2024-09-20T09:55:25.142+0000] {dag.py:2915} INFO - Sync 1 DAGs
[2024-09-20T09:55:25.262+0000] {logging_mixin.py:151} INFO - [2024-09-20T09:55:25.261+0000] {dag.py:3696} INFO - Setting next_dagrun for account_dim_generator to 2024-09-20T00:00:00+00:00, run_after=2024-09-21T00:00:00+00:00
[2024-09-20T09:55:25.287+0000] {processor.py:179} INFO - Processing /opt/airflow/dags/account_dim_generator.py took 0.609 seconds
[2024-09-20T09:55:55.948+0000] {processor.py:157} INFO - Started process (PID=6543) to work on /opt/airflow/dags/account_dim_generator.py
[2024-09-20T09:55:55.950+0000] {processor.py:829} INFO - Processing file /opt/airflow/dags/account_dim_generator.py for tasks to queue
[2024-09-20T09:55:55.951+0000] {logging_mixin.py:151} INFO - [2024-09-20T09:55:55.951+0000] {dagbag.py:539} INFO - Filling up the DagBag from /opt/airflow/dags/account_dim_generator.py
[2024-09-20T09:55:56.246+0000] {processor.py:839} INFO - DAG(s) dict_keys(['account_dim_generator']) retrieved from /opt/airflow/dags/account_dim_generator.py
[2024-09-20T09:55:56.284+0000] {logging_mixin.py:151} INFO - [2024-09-20T09:55:56.284+0000] {dag.py:2915} INFO - Sync 1 DAGs
[2024-09-20T10:19:55.683+0000] {logging_mixin.py:151} INFO - [2024-09-20T10:19:55.683+0000] {dag.py:3696} INFO - Setting next_dagrun for account_dim_generator to 2024-09-20T00:00:00+00:00, run_after=2024-09-21T00:00:00+00:00
[2024-09-20T10:19:55.700+0000] {processor.py:179} INFO - Processing /opt/airflow/dags/account_dim_generator.py took 0.375 seconds
[2024-09-20T11:11:24.723+0000] {processor.py:157} INFO - Started process (PID=6624) to work on /opt/airflow/dags/account_dim_generator.py
[2024-09-20T11:11:24.724+0000] {processor.py:829} INFO - Processing file /opt/airflow/dags/account_dim_generator.py for tasks to queue
[2024-09-20T11:11:24.725+0000] {logging_mixin.py:151} INFO - [2024-09-20T11:11:24.725+0000] {dagbag.py:539} INFO - Filling up the DagBag from /opt/airflow/dags/account_dim_generator.py
[2024-09-20T11:11:24.940+0000] {processor.py:839} INFO - DAG(s) dict_keys(['account_dim_generator']) retrieved from /opt/airflow/dags/account_dim_generator.py
[2024-09-20T11:11:24.971+0000] {logging_mixin.py:151} INFO - [2024-09-20T11:11:24.970+0000] {dag.py:2915} INFO - Sync 1 DAGs
[2024-09-20T11:11:24.993+0000] {logging_mixin.py:151} INFO - [2024-09-20T11:11:24.992+0000] {dag.py:3696} INFO - Setting next_dagrun for account_dim_generator to 2024-09-20T00:00:00+00:00, run_after=2024-09-21T00:00:00+00:00
[2024-09-20T11:11:25.005+0000] {processor.py:179} INFO - Processing /opt/airflow/dags/account_dim_generator.py took 0.285 seconds
[2024-09-20T11:52:12.627+0000] {processor.py:157} INFO - Started process (PID=6668) to work on /opt/airflow/dags/account_dim_generator.py
[2024-09-20T11:52:12.629+0000] {processor.py:829} INFO - Processing file /opt/airflow/dags/account_dim_generator.py for tasks to queue
[2024-09-20T11:52:12.632+0000] {logging_mixin.py:151} INFO - [2024-09-20T11:52:12.630+0000] {dagbag.py:539} INFO - Filling up the DagBag from /opt/airflow/dags/account_dim_generator.py
[2024-09-20T11:52:13.006+0000] {processor.py:839} INFO - DAG(s) dict_keys(['account_dim_generator']) retrieved from /opt/airflow/dags/account_dim_generator.py
[2024-09-20T11:52:13.148+0000] {logging_mixin.py:151} INFO - [2024-09-20T11:52:13.147+0000] {dag.py:2915} INFO - Sync 1 DAGs
[2024-09-20T11:52:13.205+0000] {logging_mixin.py:151} INFO - [2024-09-20T11:52:13.204+0000] {dag.py:3696} INFO - Setting next_dagrun for account_dim_generator to 2024-09-20T00:00:00+00:00, run_after=2024-09-21T00:00:00+00:00
[2024-09-20T11:52:13.246+0000] {processor.py:179} INFO - Processing /opt/airflow/dags/account_dim_generator.py took 0.621 seconds
[2024-09-20T12:13:23.442+0000] {processor.py:157} INFO - Started process (PID=6718) to work on /opt/airflow/dags/account_dim_generator.py
[2024-09-20T12:13:23.443+0000] {processor.py:829} INFO - Processing file /opt/airflow/dags/account_dim_generator.py for tasks to queue
[2024-09-20T12:13:23.443+0000] {logging_mixin.py:151} INFO - [2024-09-20T12:13:23.443+0000] {dagbag.py:539} INFO - Filling up the DagBag from /opt/airflow/dags/account_dim_generator.py
[2024-09-20T12:13:23.708+0000] {processor.py:839} INFO - DAG(s) dict_keys(['account_dim_generator']) retrieved from /opt/airflow/dags/account_dim_generator.py
[2024-09-20T12:13:23.734+0000] {logging_mixin.py:151} INFO - [2024-09-20T12:13:23.733+0000] {dag.py:2915} INFO - Sync 1 DAGs
[2024-09-20T12:13:23.749+0000] {logging_mixin.py:151} INFO - [2024-09-20T12:13:23.748+0000] {dag.py:3696} INFO - Setting next_dagrun for account_dim_generator to 2024-09-20T00:00:00+00:00, run_after=2024-09-21T00:00:00+00:00
[2024-09-20T12:13:23.758+0000] {processor.py:179} INFO - Processing /opt/airflow/dags/account_dim_generator.py took 0.318 seconds
[2024-09-20T12:47:47.162+0000] {processor.py:157} INFO - Started process (PID=6762) to work on /opt/airflow/dags/account_dim_generator.py
[2024-09-20T12:47:47.166+0000] {processor.py:829} INFO - Processing file /opt/airflow/dags/account_dim_generator.py for tasks to queue
[2024-09-20T12:47:47.171+0000] {logging_mixin.py:151} INFO - [2024-09-20T12:47:47.170+0000] {dagbag.py:539} INFO - Filling up the DagBag from /opt/airflow/dags/account_dim_generator.py
[2024-09-20T12:47:48.051+0000] {processor.py:839} INFO - DAG(s) dict_keys(['account_dim_generator']) retrieved from /opt/airflow/dags/account_dim_generator.py
[2024-09-20T12:47:48.102+0000] {logging_mixin.py:151} INFO - [2024-09-20T12:47:48.101+0000] {dag.py:2915} INFO - Sync 1 DAGs
[2024-09-20T12:47:48.152+0000] {logging_mixin.py:151} INFO - [2024-09-20T12:47:48.152+0000] {dag.py:3696} INFO - Setting next_dagrun for account_dim_generator to 2024-09-20T00:00:00+00:00, run_after=2024-09-21T00:00:00+00:00
[2024-09-20T12:47:48.178+0000] {processor.py:179} INFO - Processing /opt/airflow/dags/account_dim_generator.py took 1.043 seconds
[2024-09-20T13:24:26.599+0000] {processor.py:157} INFO - Started process (PID=6811) to work on /opt/airflow/dags/account_dim_generator.py
[2024-09-20T13:24:26.600+0000] {processor.py:829} INFO - Processing file /opt/airflow/dags/account_dim_generator.py for tasks to queue
[2024-09-20T13:24:26.600+0000] {logging_mixin.py:151} INFO - [2024-09-20T13:24:26.600+0000] {dagbag.py:539} INFO - Filling up the DagBag from /opt/airflow/dags/account_dim_generator.py
[2024-09-20T13:24:26.863+0000] {processor.py:839} INFO - DAG(s) dict_keys(['account_dim_generator']) retrieved from /opt/airflow/dags/account_dim_generator.py
[2024-09-20T13:24:26.895+0000] {logging_mixin.py:151} INFO - [2024-09-20T13:24:26.894+0000] {dag.py:2915} INFO - Sync 1 DAGs
[2024-09-20T13:24:26.923+0000] {logging_mixin.py:151} INFO - [2024-09-20T13:24:26.923+0000] {dag.py:3696} INFO - Setting next_dagrun for account_dim_generator to 2024-09-20T00:00:00+00:00, run_after=2024-09-21T00:00:00+00:00
[2024-09-20T13:24:26.940+0000] {processor.py:179} INFO - Processing /opt/airflow/dags/account_dim_generator.py took 0.343 seconds
[2024-09-20T13:24:57.420+0000] {processor.py:157} INFO - Started process (PID=6858) to work on /opt/airflow/dags/account_dim_generator.py
[2024-09-20T13:24:57.421+0000] {processor.py:829} INFO - Processing file /opt/airflow/dags/account_dim_generator.py for tasks to queue
[2024-09-20T13:24:57.422+0000] {logging_mixin.py:151} INFO - [2024-09-20T13:24:57.421+0000] {dagbag.py:539} INFO - Filling up the DagBag from /opt/airflow/dags/account_dim_generator.py
[2024-09-20T13:24:57.589+0000] {processor.py:839} INFO - DAG(s) dict_keys(['account_dim_generator']) retrieved from /opt/airflow/dags/account_dim_generator.py
[2024-09-20T13:24:57.619+0000] {logging_mixin.py:151} INFO - [2024-09-20T13:24:57.619+0000] {dag.py:2915} INFO - Sync 1 DAGs
[2024-09-20T13:24:57.638+0000] {logging_mixin.py:151} INFO - [2024-09-20T13:24:57.638+0000] {dag.py:3696} INFO - Setting next_dagrun for account_dim_generator to 2024-09-20T00:00:00+00:00, run_after=2024-09-21T00:00:00+00:00
[2024-09-20T13:24:57.656+0000] {processor.py:179} INFO - Processing /opt/airflow/dags/account_dim_generator.py took 0.243 seconds
[2024-09-20T13:25:27.852+0000] {processor.py:157} INFO - Started process (PID=6905) to work on /opt/airflow/dags/account_dim_generator.py
[2024-09-20T13:25:27.855+0000] {processor.py:829} INFO - Processing file /opt/airflow/dags/account_dim_generator.py for tasks to queue
[2024-09-20T13:25:27.856+0000] {logging_mixin.py:151} INFO - [2024-09-20T13:25:27.856+0000] {dagbag.py:539} INFO - Filling up the DagBag from /opt/airflow/dags/account_dim_generator.py
[2024-09-20T13:25:28.051+0000] {processor.py:839} INFO - DAG(s) dict_keys(['account_dim_generator']) retrieved from /opt/airflow/dags/account_dim_generator.py
[2024-09-20T13:25:28.070+0000] {logging_mixin.py:151} INFO - [2024-09-20T13:25:28.069+0000] {dag.py:2915} INFO - Sync 1 DAGs
[2024-09-20T13:25:28.082+0000] {logging_mixin.py:151} INFO - [2024-09-20T13:25:28.082+0000] {dag.py:3696} INFO - Setting next_dagrun for account_dim_generator to 2024-09-20T00:00:00+00:00, run_after=2024-09-21T00:00:00+00:00
[2024-09-20T13:25:28.094+0000] {processor.py:179} INFO - Processing /opt/airflow/dags/account_dim_generator.py took 0.247 seconds
[2024-09-20T13:49:50.722+0000] {processor.py:157} INFO - Started process (PID=6953) to work on /opt/airflow/dags/account_dim_generator.py
[2024-09-20T13:49:50.727+0000] {processor.py:829} INFO - Processing file /opt/airflow/dags/account_dim_generator.py for tasks to queue
[2024-09-20T13:49:50.727+0000] {logging_mixin.py:151} INFO - [2024-09-20T13:49:50.727+0000] {dagbag.py:539} INFO - Filling up the DagBag from /opt/airflow/dags/account_dim_generator.py
[2024-09-20T13:49:50.940+0000] {processor.py:839} INFO - DAG(s) dict_keys(['account_dim_generator']) retrieved from /opt/airflow/dags/account_dim_generator.py
[2024-09-20T13:49:50.984+0000] {logging_mixin.py:151} INFO - [2024-09-20T13:49:50.983+0000] {dag.py:2915} INFO - Sync 1 DAGs
[2024-09-20T13:49:51.018+0000] {logging_mixin.py:151} INFO - [2024-09-20T13:49:51.018+0000] {dag.py:3696} INFO - Setting next_dagrun for account_dim_generator to 2024-09-20T00:00:00+00:00, run_after=2024-09-21T00:00:00+00:00
[2024-09-20T13:49:51.046+0000] {processor.py:179} INFO - Processing /opt/airflow/dags/account_dim_generator.py took 0.328 seconds
[2024-09-20T13:55:44.202+0000] {processor.py:157} INFO - Started process (PID=7000) to work on /opt/airflow/dags/account_dim_generator.py
[2024-09-20T13:55:44.208+0000] {processor.py:829} INFO - Processing file /opt/airflow/dags/account_dim_generator.py for tasks to queue
[2024-09-20T13:55:44.209+0000] {logging_mixin.py:151} INFO - [2024-09-20T13:55:44.209+0000] {dagbag.py:539} INFO - Filling up the DagBag from /opt/airflow/dags/account_dim_generator.py
[2024-09-20T13:55:45.371+0000] {processor.py:839} INFO - DAG(s) dict_keys(['account_dim_generator']) retrieved from /opt/airflow/dags/account_dim_generator.py
[2024-09-20T13:55:45.577+0000] {logging_mixin.py:151} INFO - [2024-09-20T13:55:45.576+0000] {dag.py:2915} INFO - Sync 1 DAGs
[2024-09-20T13:55:45.688+0000] {logging_mixin.py:151} INFO - [2024-09-20T13:55:45.688+0000] {dag.py:3696} INFO - Setting next_dagrun for account_dim_generator to 2024-09-20T00:00:00+00:00, run_after=2024-09-21T00:00:00+00:00
[2024-09-20T13:55:45.762+0000] {processor.py:179} INFO - Processing /opt/airflow/dags/account_dim_generator.py took 1.566 seconds
