[2024-09-20T00:48:21.938+0000] {processor.py:157} INFO - Started process (PID=3423) to work on /opt/airflow/dags/branch_dim_generator.py
[2024-09-20T00:48:21.943+0000] {processor.py:829} INFO - Processing file /opt/airflow/dags/branch_dim_generator.py for tasks to queue
[2024-09-20T00:48:21.945+0000] {logging_mixin.py:151} INFO - [2024-09-20T00:48:21.944+0000] {dagbag.py:539} INFO - Filling up the DagBag from /opt/airflow/dags/branch_dim_generator.py
[2024-09-20T00:48:22.599+0000] {processor.py:839} INFO - DAG(s) dict_keys(['branch_dim_generator']) retrieved from /opt/airflow/dags/branch_dim_generator.py
[2024-09-20T00:48:22.657+0000] {logging_mixin.py:151} INFO - [2024-09-20T00:48:22.656+0000] {dag.py:2915} INFO - Sync 1 DAGs
[2024-09-20T00:48:22.683+0000] {logging_mixin.py:151} INFO - [2024-09-20T00:48:22.683+0000] {dag.py:3696} INFO - Setting next_dagrun for branch_dim_generator to 2024-09-20T00:00:00+00:00, run_after=2024-09-21T00:00:00+00:00
[2024-09-20T00:48:22.700+0000] {processor.py:179} INFO - Processing /opt/airflow/dags/branch_dim_generator.py took 0.776 seconds
[2024-09-20T02:26:49.279+0000] {processor.py:157} INFO - Started process (PID=3493) to work on /opt/airflow/dags/branch_dim_generator.py
[2024-09-20T02:26:49.285+0000] {processor.py:829} INFO - Processing file /opt/airflow/dags/branch_dim_generator.py for tasks to queue
[2024-09-20T02:26:49.287+0000] {logging_mixin.py:151} INFO - [2024-09-20T02:26:49.286+0000] {dagbag.py:539} INFO - Filling up the DagBag from /opt/airflow/dags/branch_dim_generator.py
[2024-09-20T02:26:50.764+0000] {processor.py:839} INFO - DAG(s) dict_keys(['branch_dim_generator']) retrieved from /opt/airflow/dags/branch_dim_generator.py
[2024-09-20T02:26:50.892+0000] {logging_mixin.py:151} INFO - [2024-09-20T02:26:50.891+0000] {dag.py:2915} INFO - Sync 1 DAGs
[2024-09-20T02:26:50.949+0000] {logging_mixin.py:151} INFO - [2024-09-20T02:26:50.949+0000] {dag.py:3696} INFO - Setting next_dagrun for branch_dim_generator to 2024-09-20T00:00:00+00:00, run_after=2024-09-21T00:00:00+00:00
[2024-09-20T02:26:51.007+0000] {processor.py:179} INFO - Processing /opt/airflow/dags/branch_dim_generator.py took 1.754 seconds
[2024-09-20T03:15:47.553+0000] {processor.py:157} INFO - Started process (PID=3540) to work on /opt/airflow/dags/branch_dim_generator.py
[2024-09-20T03:15:47.555+0000] {processor.py:829} INFO - Processing file /opt/airflow/dags/branch_dim_generator.py for tasks to queue
[2024-09-20T03:15:47.556+0000] {logging_mixin.py:151} INFO - [2024-09-20T03:15:47.556+0000] {dagbag.py:539} INFO - Filling up the DagBag from /opt/airflow/dags/branch_dim_generator.py
[2024-09-20T03:15:48.236+0000] {processor.py:839} INFO - DAG(s) dict_keys(['branch_dim_generator']) retrieved from /opt/airflow/dags/branch_dim_generator.py
[2024-09-20T03:15:48.319+0000] {logging_mixin.py:151} INFO - [2024-09-20T03:15:48.318+0000] {dag.py:2915} INFO - Sync 1 DAGs
[2024-09-20T03:15:48.357+0000] {logging_mixin.py:151} INFO - [2024-09-20T03:15:48.357+0000] {dag.py:3696} INFO - Setting next_dagrun for branch_dim_generator to 2024-09-20T00:00:00+00:00, run_after=2024-09-21T00:00:00+00:00
[2024-09-20T03:15:48.378+0000] {processor.py:179} INFO - Processing /opt/airflow/dags/branch_dim_generator.py took 0.837 seconds
[2024-09-20T03:38:07.929+0000] {processor.py:157} INFO - Started process (PID=3588) to work on /opt/airflow/dags/branch_dim_generator.py
[2024-09-20T03:38:07.931+0000] {processor.py:829} INFO - Processing file /opt/airflow/dags/branch_dim_generator.py for tasks to queue
[2024-09-20T03:38:07.931+0000] {logging_mixin.py:151} INFO - [2024-09-20T03:38:07.931+0000] {dagbag.py:539} INFO - Filling up the DagBag from /opt/airflow/dags/branch_dim_generator.py
[2024-09-20T03:38:08.472+0000] {processor.py:839} INFO - DAG(s) dict_keys(['branch_dim_generator']) retrieved from /opt/airflow/dags/branch_dim_generator.py
[2024-09-20T03:38:08.526+0000] {logging_mixin.py:151} INFO - [2024-09-20T03:38:08.525+0000] {dag.py:2915} INFO - Sync 1 DAGs
[2024-09-20T03:38:08.565+0000] {logging_mixin.py:151} INFO - [2024-09-20T03:38:08.565+0000] {dag.py:3696} INFO - Setting next_dagrun for branch_dim_generator to 2024-09-20T00:00:00+00:00, run_after=2024-09-21T00:00:00+00:00
[2024-09-20T03:38:08.597+0000] {processor.py:179} INFO - Processing /opt/airflow/dags/branch_dim_generator.py took 0.673 seconds
[2024-09-20T04:12:44.491+0000] {processor.py:157} INFO - Started process (PID=3637) to work on /opt/airflow/dags/branch_dim_generator.py
[2024-09-20T04:12:44.492+0000] {processor.py:829} INFO - Processing file /opt/airflow/dags/branch_dim_generator.py for tasks to queue
[2024-09-20T04:12:44.494+0000] {logging_mixin.py:151} INFO - [2024-09-20T04:12:44.493+0000] {dagbag.py:539} INFO - Filling up the DagBag from /opt/airflow/dags/branch_dim_generator.py
[2024-09-20T04:12:44.884+0000] {processor.py:839} INFO - DAG(s) dict_keys(['branch_dim_generator']) retrieved from /opt/airflow/dags/branch_dim_generator.py
[2024-09-20T04:12:44.968+0000] {logging_mixin.py:151} INFO - [2024-09-20T04:12:44.967+0000] {dag.py:2915} INFO - Sync 1 DAGs
[2024-09-20T04:12:45.008+0000] {logging_mixin.py:151} INFO - [2024-09-20T04:12:45.008+0000] {dag.py:3696} INFO - Setting next_dagrun for branch_dim_generator to 2024-09-20T00:00:00+00:00, run_after=2024-09-21T00:00:00+00:00
[2024-09-20T04:12:45.031+0000] {processor.py:179} INFO - Processing /opt/airflow/dags/branch_dim_generator.py took 0.544 seconds
[2024-09-20T05:20:19.929+0000] {processor.py:157} INFO - Started process (PID=3686) to work on /opt/airflow/dags/branch_dim_generator.py
[2024-09-20T05:20:19.933+0000] {processor.py:829} INFO - Processing file /opt/airflow/dags/branch_dim_generator.py for tasks to queue
[2024-09-20T05:20:19.934+0000] {logging_mixin.py:151} INFO - [2024-09-20T05:20:19.934+0000] {dagbag.py:539} INFO - Filling up the DagBag from /opt/airflow/dags/branch_dim_generator.py
[2024-09-20T05:20:20.698+0000] {processor.py:839} INFO - DAG(s) dict_keys(['branch_dim_generator']) retrieved from /opt/airflow/dags/branch_dim_generator.py
[2024-09-20T05:20:20.758+0000] {logging_mixin.py:151} INFO - [2024-09-20T05:20:20.757+0000] {dag.py:2915} INFO - Sync 1 DAGs
[2024-09-20T05:20:20.796+0000] {logging_mixin.py:151} INFO - [2024-09-20T05:20:20.796+0000] {dag.py:3696} INFO - Setting next_dagrun for branch_dim_generator to 2024-09-20T00:00:00+00:00, run_after=2024-09-21T00:00:00+00:00
[2024-09-20T05:20:20.819+0000] {processor.py:179} INFO - Processing /opt/airflow/dags/branch_dim_generator.py took 0.898 seconds
[2024-09-20T05:55:00.737+0000] {processor.py:157} INFO - Started process (PID=3735) to work on /opt/airflow/dags/branch_dim_generator.py
[2024-09-20T05:55:00.743+0000] {processor.py:829} INFO - Processing file /opt/airflow/dags/branch_dim_generator.py for tasks to queue
[2024-09-20T05:55:00.745+0000] {logging_mixin.py:151} INFO - [2024-09-20T05:55:00.744+0000] {dagbag.py:539} INFO - Filling up the DagBag from /opt/airflow/dags/branch_dim_generator.py
[2024-09-20T05:55:01.297+0000] {processor.py:839} INFO - DAG(s) dict_keys(['branch_dim_generator']) retrieved from /opt/airflow/dags/branch_dim_generator.py
[2024-09-20T05:55:01.361+0000] {logging_mixin.py:151} INFO - [2024-09-20T05:55:01.360+0000] {dag.py:2915} INFO - Sync 1 DAGs
[2024-09-20T05:55:01.402+0000] {logging_mixin.py:151} INFO - [2024-09-20T05:55:01.402+0000] {dag.py:3696} INFO - Setting next_dagrun for branch_dim_generator to 2024-09-20T00:00:00+00:00, run_after=2024-09-21T00:00:00+00:00
[2024-09-20T05:55:01.431+0000] {processor.py:179} INFO - Processing /opt/airflow/dags/branch_dim_generator.py took 0.712 seconds
[2024-09-20T06:50:01.479+0000] {processor.py:157} INFO - Started process (PID=3784) to work on /opt/airflow/dags/branch_dim_generator.py
[2024-09-20T06:50:01.482+0000] {processor.py:829} INFO - Processing file /opt/airflow/dags/branch_dim_generator.py for tasks to queue
[2024-09-20T06:50:01.483+0000] {logging_mixin.py:151} INFO - [2024-09-20T06:50:01.482+0000] {dagbag.py:539} INFO - Filling up the DagBag from /opt/airflow/dags/branch_dim_generator.py
[2024-09-20T06:50:01.890+0000] {processor.py:839} INFO - DAG(s) dict_keys(['branch_dim_generator']) retrieved from /opt/airflow/dags/branch_dim_generator.py
[2024-09-20T06:50:01.941+0000] {logging_mixin.py:151} INFO - [2024-09-20T06:50:01.940+0000] {dag.py:2915} INFO - Sync 1 DAGs
[2024-09-20T06:50:01.967+0000] {logging_mixin.py:151} INFO - [2024-09-20T06:50:01.967+0000] {dag.py:3696} INFO - Setting next_dagrun for branch_dim_generator to 2024-09-20T00:00:00+00:00, run_after=2024-09-21T00:00:00+00:00
[2024-09-20T06:50:02.031+0000] {processor.py:179} INFO - Processing /opt/airflow/dags/branch_dim_generator.py took 0.559 seconds
[2024-09-20T06:56:19.242+0000] {processor.py:157} INFO - Started process (PID=3833) to work on /opt/airflow/dags/branch_dim_generator.py
[2024-09-20T06:56:19.245+0000] {processor.py:829} INFO - Processing file /opt/airflow/dags/branch_dim_generator.py for tasks to queue
[2024-09-20T06:56:19.246+0000] {logging_mixin.py:151} INFO - [2024-09-20T06:56:19.245+0000] {dagbag.py:539} INFO - Filling up the DagBag from /opt/airflow/dags/branch_dim_generator.py
[2024-09-20T06:56:19.980+0000] {processor.py:839} INFO - DAG(s) dict_keys(['branch_dim_generator']) retrieved from /opt/airflow/dags/branch_dim_generator.py
[2024-09-20T06:56:20.124+0000] {logging_mixin.py:151} INFO - [2024-09-20T06:56:20.121+0000] {dag.py:2915} INFO - Sync 1 DAGs
[2024-09-20T06:56:20.191+0000] {logging_mixin.py:151} INFO - [2024-09-20T06:56:20.191+0000] {dag.py:3696} INFO - Setting next_dagrun for branch_dim_generator to 2024-09-20T00:00:00+00:00, run_after=2024-09-21T00:00:00+00:00
[2024-09-20T06:56:20.235+0000] {processor.py:179} INFO - Processing /opt/airflow/dags/branch_dim_generator.py took 1.003 seconds
[2024-09-20T06:56:50.747+0000] {processor.py:157} INFO - Started process (PID=3881) to work on /opt/airflow/dags/branch_dim_generator.py
[2024-09-20T06:56:50.750+0000] {processor.py:829} INFO - Processing file /opt/airflow/dags/branch_dim_generator.py for tasks to queue
[2024-09-20T06:56:50.753+0000] {logging_mixin.py:151} INFO - [2024-09-20T06:56:50.751+0000] {dagbag.py:539} INFO - Filling up the DagBag from /opt/airflow/dags/branch_dim_generator.py
[2024-09-20T06:56:51.492+0000] {processor.py:839} INFO - DAG(s) dict_keys(['branch_dim_generator']) retrieved from /opt/airflow/dags/branch_dim_generator.py
[2024-09-20T06:56:51.573+0000] {logging_mixin.py:151} INFO - [2024-09-20T06:56:51.572+0000] {dag.py:2915} INFO - Sync 1 DAGs
[2024-09-20T06:56:51.673+0000] {logging_mixin.py:151} INFO - [2024-09-20T06:56:51.673+0000] {dag.py:3696} INFO - Setting next_dagrun for branch_dim_generator to 2024-09-20T00:00:00+00:00, run_after=2024-09-21T00:00:00+00:00
[2024-09-20T06:56:51.693+0000] {processor.py:179} INFO - Processing /opt/airflow/dags/branch_dim_generator.py took 0.957 seconds
[2024-09-20T06:57:21.783+0000] {processor.py:157} INFO - Started process (PID=3928) to work on /opt/airflow/dags/branch_dim_generator.py
[2024-09-20T06:57:21.785+0000] {processor.py:829} INFO - Processing file /opt/airflow/dags/branch_dim_generator.py for tasks to queue
[2024-09-20T06:57:21.786+0000] {logging_mixin.py:151} INFO - [2024-09-20T06:57:21.785+0000] {dagbag.py:539} INFO - Filling up the DagBag from /opt/airflow/dags/branch_dim_generator.py
[2024-09-20T06:57:22.509+0000] {processor.py:839} INFO - DAG(s) dict_keys(['branch_dim_generator']) retrieved from /opt/airflow/dags/branch_dim_generator.py
[2024-09-20T06:57:22.779+0000] {logging_mixin.py:151} INFO - [2024-09-20T06:57:22.777+0000] {dag.py:2915} INFO - Sync 1 DAGs
[2024-09-20T06:57:22.850+0000] {logging_mixin.py:151} INFO - [2024-09-20T06:57:22.850+0000] {dag.py:3696} INFO - Setting next_dagrun for branch_dim_generator to 2024-09-20T00:00:00+00:00, run_after=2024-09-21T00:00:00+00:00
[2024-09-20T06:57:22.880+0000] {processor.py:179} INFO - Processing /opt/airflow/dags/branch_dim_generator.py took 1.104 seconds
[2024-09-20T06:57:53.629+0000] {processor.py:157} INFO - Started process (PID=3982) to work on /opt/airflow/dags/branch_dim_generator.py
[2024-09-20T06:57:53.631+0000] {processor.py:829} INFO - Processing file /opt/airflow/dags/branch_dim_generator.py for tasks to queue
[2024-09-20T06:57:53.635+0000] {logging_mixin.py:151} INFO - [2024-09-20T06:57:53.634+0000] {dagbag.py:539} INFO - Filling up the DagBag from /opt/airflow/dags/branch_dim_generator.py
[2024-09-20T06:57:54.068+0000] {processor.py:839} INFO - DAG(s) dict_keys(['branch_dim_generator']) retrieved from /opt/airflow/dags/branch_dim_generator.py
[2024-09-20T06:57:54.142+0000] {logging_mixin.py:151} INFO - [2024-09-20T06:57:54.141+0000] {dag.py:2915} INFO - Sync 1 DAGs
[2024-09-20T06:57:54.170+0000] {logging_mixin.py:151} INFO - [2024-09-20T06:57:54.170+0000] {dag.py:3696} INFO - Setting next_dagrun for branch_dim_generator to 2024-09-20T00:00:00+00:00, run_after=2024-09-21T00:00:00+00:00
[2024-09-20T06:57:54.190+0000] {processor.py:179} INFO - Processing /opt/airflow/dags/branch_dim_generator.py took 0.569 seconds
[2024-09-20T06:58:24.731+0000] {processor.py:157} INFO - Started process (PID=4029) to work on /opt/airflow/dags/branch_dim_generator.py
[2024-09-20T06:58:24.734+0000] {processor.py:829} INFO - Processing file /opt/airflow/dags/branch_dim_generator.py for tasks to queue
[2024-09-20T06:58:24.735+0000] {logging_mixin.py:151} INFO - [2024-09-20T06:58:24.735+0000] {dagbag.py:539} INFO - Filling up the DagBag from /opt/airflow/dags/branch_dim_generator.py
[2024-09-20T06:58:25.072+0000] {processor.py:839} INFO - DAG(s) dict_keys(['branch_dim_generator']) retrieved from /opt/airflow/dags/branch_dim_generator.py
[2024-09-20T06:58:25.103+0000] {logging_mixin.py:151} INFO - [2024-09-20T06:58:25.103+0000] {dag.py:2915} INFO - Sync 1 DAGs
[2024-09-20T06:58:25.133+0000] {logging_mixin.py:151} INFO - [2024-09-20T06:58:25.132+0000] {dag.py:3696} INFO - Setting next_dagrun for branch_dim_generator to 2024-09-20T00:00:00+00:00, run_after=2024-09-21T00:00:00+00:00
[2024-09-20T06:58:25.146+0000] {processor.py:179} INFO - Processing /opt/airflow/dags/branch_dim_generator.py took 0.424 seconds
[2024-09-20T06:58:55.321+0000] {processor.py:157} INFO - Started process (PID=4076) to work on /opt/airflow/dags/branch_dim_generator.py
[2024-09-20T06:58:55.324+0000] {processor.py:829} INFO - Processing file /opt/airflow/dags/branch_dim_generator.py for tasks to queue
[2024-09-20T06:58:55.325+0000] {logging_mixin.py:151} INFO - [2024-09-20T06:58:55.325+0000] {dagbag.py:539} INFO - Filling up the DagBag from /opt/airflow/dags/branch_dim_generator.py
[2024-09-20T06:58:55.639+0000] {processor.py:839} INFO - DAG(s) dict_keys(['branch_dim_generator']) retrieved from /opt/airflow/dags/branch_dim_generator.py
[2024-09-20T06:58:55.732+0000] {logging_mixin.py:151} INFO - [2024-09-20T06:58:55.730+0000] {dag.py:2915} INFO - Sync 1 DAGs
[2024-09-20T06:58:55.786+0000] {logging_mixin.py:151} INFO - [2024-09-20T06:58:55.785+0000] {dag.py:3696} INFO - Setting next_dagrun for branch_dim_generator to 2024-09-20T00:00:00+00:00, run_after=2024-09-21T00:00:00+00:00
[2024-09-20T06:58:55.813+0000] {processor.py:179} INFO - Processing /opt/airflow/dags/branch_dim_generator.py took 0.513 seconds
[2024-09-20T06:59:26.037+0000] {processor.py:157} INFO - Started process (PID=4123) to work on /opt/airflow/dags/branch_dim_generator.py
[2024-09-20T06:59:26.045+0000] {processor.py:829} INFO - Processing file /opt/airflow/dags/branch_dim_generator.py for tasks to queue
[2024-09-20T06:59:26.059+0000] {logging_mixin.py:151} INFO - [2024-09-20T06:59:26.053+0000] {dagbag.py:539} INFO - Filling up the DagBag from /opt/airflow/dags/branch_dim_generator.py
[2024-09-20T06:59:26.410+0000] {processor.py:839} INFO - DAG(s) dict_keys(['branch_dim_generator']) retrieved from /opt/airflow/dags/branch_dim_generator.py
[2024-09-20T06:59:26.451+0000] {logging_mixin.py:151} INFO - [2024-09-20T06:59:26.450+0000] {dag.py:2915} INFO - Sync 1 DAGs
[2024-09-20T06:59:26.480+0000] {logging_mixin.py:151} INFO - [2024-09-20T06:59:26.480+0000] {dag.py:3696} INFO - Setting next_dagrun for branch_dim_generator to 2024-09-20T00:00:00+00:00, run_after=2024-09-21T00:00:00+00:00
[2024-09-20T06:59:26.496+0000] {processor.py:179} INFO - Processing /opt/airflow/dags/branch_dim_generator.py took 0.494 seconds
[2024-09-20T06:59:56.638+0000] {processor.py:157} INFO - Started process (PID=4170) to work on /opt/airflow/dags/branch_dim_generator.py
[2024-09-20T06:59:56.641+0000] {processor.py:829} INFO - Processing file /opt/airflow/dags/branch_dim_generator.py for tasks to queue
[2024-09-20T06:59:56.643+0000] {logging_mixin.py:151} INFO - [2024-09-20T06:59:56.642+0000] {dagbag.py:539} INFO - Filling up the DagBag from /opt/airflow/dags/branch_dim_generator.py
[2024-09-20T06:59:56.936+0000] {processor.py:839} INFO - DAG(s) dict_keys(['branch_dim_generator']) retrieved from /opt/airflow/dags/branch_dim_generator.py
[2024-09-20T06:59:56.967+0000] {logging_mixin.py:151} INFO - [2024-09-20T06:59:56.966+0000] {dag.py:2915} INFO - Sync 1 DAGs
[2024-09-20T06:59:56.989+0000] {logging_mixin.py:151} INFO - [2024-09-20T06:59:56.988+0000] {dag.py:3696} INFO - Setting next_dagrun for branch_dim_generator to 2024-09-20T00:00:00+00:00, run_after=2024-09-21T00:00:00+00:00
[2024-09-20T06:59:57.015+0000] {processor.py:179} INFO - Processing /opt/airflow/dags/branch_dim_generator.py took 0.392 seconds
[2024-09-20T07:00:27.176+0000] {processor.py:157} INFO - Started process (PID=4217) to work on /opt/airflow/dags/branch_dim_generator.py
[2024-09-20T07:00:27.184+0000] {processor.py:829} INFO - Processing file /opt/airflow/dags/branch_dim_generator.py for tasks to queue
[2024-09-20T07:00:27.188+0000] {logging_mixin.py:151} INFO - [2024-09-20T07:00:27.187+0000] {dagbag.py:539} INFO - Filling up the DagBag from /opt/airflow/dags/branch_dim_generator.py
[2024-09-20T07:00:27.546+0000] {processor.py:839} INFO - DAG(s) dict_keys(['branch_dim_generator']) retrieved from /opt/airflow/dags/branch_dim_generator.py
[2024-09-20T07:00:27.600+0000] {logging_mixin.py:151} INFO - [2024-09-20T07:00:27.600+0000] {dag.py:2915} INFO - Sync 1 DAGs
[2024-09-20T07:00:27.637+0000] {logging_mixin.py:151} INFO - [2024-09-20T07:00:27.637+0000] {dag.py:3696} INFO - Setting next_dagrun for branch_dim_generator to 2024-09-20T00:00:00+00:00, run_after=2024-09-21T00:00:00+00:00
[2024-09-20T07:00:27.662+0000] {processor.py:179} INFO - Processing /opt/airflow/dags/branch_dim_generator.py took 0.519 seconds
[2024-09-20T07:00:57.763+0000] {processor.py:157} INFO - Started process (PID=4263) to work on /opt/airflow/dags/branch_dim_generator.py
[2024-09-20T07:00:57.767+0000] {processor.py:829} INFO - Processing file /opt/airflow/dags/branch_dim_generator.py for tasks to queue
[2024-09-20T07:00:57.769+0000] {logging_mixin.py:151} INFO - [2024-09-20T07:00:57.768+0000] {dagbag.py:539} INFO - Filling up the DagBag from /opt/airflow/dags/branch_dim_generator.py
[2024-09-20T07:00:58.181+0000] {processor.py:839} INFO - DAG(s) dict_keys(['branch_dim_generator']) retrieved from /opt/airflow/dags/branch_dim_generator.py
[2024-09-20T07:00:58.233+0000] {logging_mixin.py:151} INFO - [2024-09-20T07:00:58.233+0000] {dag.py:2915} INFO - Sync 1 DAGs
[2024-09-20T07:00:58.262+0000] {logging_mixin.py:151} INFO - [2024-09-20T07:00:58.262+0000] {dag.py:3696} INFO - Setting next_dagrun for branch_dim_generator to 2024-09-20T00:00:00+00:00, run_after=2024-09-21T00:00:00+00:00
[2024-09-20T07:00:58.281+0000] {processor.py:179} INFO - Processing /opt/airflow/dags/branch_dim_generator.py took 0.527 seconds
[2024-09-20T07:01:28.476+0000] {processor.py:157} INFO - Started process (PID=4310) to work on /opt/airflow/dags/branch_dim_generator.py
[2024-09-20T07:01:28.479+0000] {processor.py:829} INFO - Processing file /opt/airflow/dags/branch_dim_generator.py for tasks to queue
[2024-09-20T07:01:28.480+0000] {logging_mixin.py:151} INFO - [2024-09-20T07:01:28.480+0000] {dagbag.py:539} INFO - Filling up the DagBag from /opt/airflow/dags/branch_dim_generator.py
[2024-09-20T07:01:28.778+0000] {processor.py:839} INFO - DAG(s) dict_keys(['branch_dim_generator']) retrieved from /opt/airflow/dags/branch_dim_generator.py
[2024-09-20T07:01:28.818+0000] {logging_mixin.py:151} INFO - [2024-09-20T07:01:28.817+0000] {dag.py:2915} INFO - Sync 1 DAGs
[2024-09-20T07:01:28.842+0000] {logging_mixin.py:151} INFO - [2024-09-20T07:01:28.842+0000] {dag.py:3696} INFO - Setting next_dagrun for branch_dim_generator to 2024-09-20T00:00:00+00:00, run_after=2024-09-21T00:00:00+00:00
[2024-09-20T07:01:28.862+0000] {processor.py:179} INFO - Processing /opt/airflow/dags/branch_dim_generator.py took 0.392 seconds
[2024-09-20T07:01:58.935+0000] {processor.py:157} INFO - Started process (PID=4357) to work on /opt/airflow/dags/branch_dim_generator.py
[2024-09-20T07:01:58.937+0000] {processor.py:829} INFO - Processing file /opt/airflow/dags/branch_dim_generator.py for tasks to queue
[2024-09-20T07:01:58.938+0000] {logging_mixin.py:151} INFO - [2024-09-20T07:01:58.937+0000] {dagbag.py:539} INFO - Filling up the DagBag from /opt/airflow/dags/branch_dim_generator.py
[2024-09-20T07:01:59.212+0000] {processor.py:839} INFO - DAG(s) dict_keys(['branch_dim_generator']) retrieved from /opt/airflow/dags/branch_dim_generator.py
[2024-09-20T07:01:59.248+0000] {logging_mixin.py:151} INFO - [2024-09-20T07:01:59.247+0000] {dag.py:2915} INFO - Sync 1 DAGs
[2024-09-20T07:01:59.272+0000] {logging_mixin.py:151} INFO - [2024-09-20T07:01:59.272+0000] {dag.py:3696} INFO - Setting next_dagrun for branch_dim_generator to 2024-09-20T00:00:00+00:00, run_after=2024-09-21T00:00:00+00:00
[2024-09-20T07:01:59.291+0000] {processor.py:179} INFO - Processing /opt/airflow/dags/branch_dim_generator.py took 0.361 seconds
[2024-09-20T07:02:29.385+0000] {processor.py:157} INFO - Started process (PID=4404) to work on /opt/airflow/dags/branch_dim_generator.py
[2024-09-20T07:02:29.386+0000] {processor.py:829} INFO - Processing file /opt/airflow/dags/branch_dim_generator.py for tasks to queue
[2024-09-20T07:02:29.386+0000] {logging_mixin.py:151} INFO - [2024-09-20T07:02:29.386+0000] {dagbag.py:539} INFO - Filling up the DagBag from /opt/airflow/dags/branch_dim_generator.py
[2024-09-20T07:02:29.616+0000] {processor.py:839} INFO - DAG(s) dict_keys(['branch_dim_generator']) retrieved from /opt/airflow/dags/branch_dim_generator.py
[2024-09-20T07:02:29.637+0000] {logging_mixin.py:151} INFO - [2024-09-20T07:02:29.636+0000] {dag.py:2915} INFO - Sync 1 DAGs
[2024-09-20T07:02:29.664+0000] {logging_mixin.py:151} INFO - [2024-09-20T07:02:29.664+0000] {dag.py:3696} INFO - Setting next_dagrun for branch_dim_generator to 2024-09-20T00:00:00+00:00, run_after=2024-09-21T00:00:00+00:00
[2024-09-20T07:02:29.680+0000] {processor.py:179} INFO - Processing /opt/airflow/dags/branch_dim_generator.py took 0.299 seconds
[2024-09-20T07:02:59.768+0000] {processor.py:157} INFO - Started process (PID=4451) to work on /opt/airflow/dags/branch_dim_generator.py
[2024-09-20T07:02:59.769+0000] {processor.py:829} INFO - Processing file /opt/airflow/dags/branch_dim_generator.py for tasks to queue
[2024-09-20T07:02:59.770+0000] {logging_mixin.py:151} INFO - [2024-09-20T07:02:59.770+0000] {dagbag.py:539} INFO - Filling up the DagBag from /opt/airflow/dags/branch_dim_generator.py
[2024-09-20T07:02:59.998+0000] {processor.py:839} INFO - DAG(s) dict_keys(['branch_dim_generator']) retrieved from /opt/airflow/dags/branch_dim_generator.py
[2024-09-20T07:03:00.029+0000] {logging_mixin.py:151} INFO - [2024-09-20T07:03:00.028+0000] {dag.py:2915} INFO - Sync 1 DAGs
[2024-09-20T07:03:00.051+0000] {logging_mixin.py:151} INFO - [2024-09-20T07:03:00.051+0000] {dag.py:3696} INFO - Setting next_dagrun for branch_dim_generator to 2024-09-20T00:00:00+00:00, run_after=2024-09-21T00:00:00+00:00
[2024-09-20T07:03:00.066+0000] {processor.py:179} INFO - Processing /opt/airflow/dags/branch_dim_generator.py took 0.303 seconds
[2024-09-20T07:03:31.156+0000] {processor.py:157} INFO - Started process (PID=4498) to work on /opt/airflow/dags/branch_dim_generator.py
[2024-09-20T07:03:31.158+0000] {processor.py:829} INFO - Processing file /opt/airflow/dags/branch_dim_generator.py for tasks to queue
[2024-09-20T07:03:31.160+0000] {logging_mixin.py:151} INFO - [2024-09-20T07:03:31.159+0000] {dagbag.py:539} INFO - Filling up the DagBag from /opt/airflow/dags/branch_dim_generator.py
[2024-09-20T07:03:31.495+0000] {processor.py:839} INFO - DAG(s) dict_keys(['branch_dim_generator']) retrieved from /opt/airflow/dags/branch_dim_generator.py
[2024-09-20T07:03:31.559+0000] {logging_mixin.py:151} INFO - [2024-09-20T07:03:31.559+0000] {dag.py:2915} INFO - Sync 1 DAGs
[2024-09-20T07:03:31.586+0000] {logging_mixin.py:151} INFO - [2024-09-20T07:03:31.585+0000] {dag.py:3696} INFO - Setting next_dagrun for branch_dim_generator to 2024-09-20T00:00:00+00:00, run_after=2024-09-21T00:00:00+00:00
[2024-09-20T07:03:31.599+0000] {processor.py:179} INFO - Processing /opt/airflow/dags/branch_dim_generator.py took 0.451 seconds
[2024-09-20T07:04:01.812+0000] {processor.py:157} INFO - Started process (PID=4544) to work on /opt/airflow/dags/branch_dim_generator.py
[2024-09-20T07:04:01.814+0000] {processor.py:829} INFO - Processing file /opt/airflow/dags/branch_dim_generator.py for tasks to queue
[2024-09-20T07:04:01.815+0000] {logging_mixin.py:151} INFO - [2024-09-20T07:04:01.815+0000] {dagbag.py:539} INFO - Filling up the DagBag from /opt/airflow/dags/branch_dim_generator.py
[2024-09-20T07:04:02.120+0000] {processor.py:839} INFO - DAG(s) dict_keys(['branch_dim_generator']) retrieved from /opt/airflow/dags/branch_dim_generator.py
[2024-09-20T07:04:02.161+0000] {logging_mixin.py:151} INFO - [2024-09-20T07:04:02.160+0000] {dag.py:2915} INFO - Sync 1 DAGs
[2024-09-20T07:04:02.190+0000] {logging_mixin.py:151} INFO - [2024-09-20T07:04:02.190+0000] {dag.py:3696} INFO - Setting next_dagrun for branch_dim_generator to 2024-09-20T00:00:00+00:00, run_after=2024-09-21T00:00:00+00:00
[2024-09-20T07:04:02.207+0000] {processor.py:179} INFO - Processing /opt/airflow/dags/branch_dim_generator.py took 0.403 seconds
[2024-09-20T07:04:33.125+0000] {processor.py:157} INFO - Started process (PID=4591) to work on /opt/airflow/dags/branch_dim_generator.py
[2024-09-20T07:04:33.127+0000] {processor.py:829} INFO - Processing file /opt/airflow/dags/branch_dim_generator.py for tasks to queue
[2024-09-20T07:04:33.128+0000] {logging_mixin.py:151} INFO - [2024-09-20T07:04:33.128+0000] {dagbag.py:539} INFO - Filling up the DagBag from /opt/airflow/dags/branch_dim_generator.py
[2024-09-20T07:04:33.426+0000] {processor.py:839} INFO - DAG(s) dict_keys(['branch_dim_generator']) retrieved from /opt/airflow/dags/branch_dim_generator.py
[2024-09-20T07:04:33.455+0000] {logging_mixin.py:151} INFO - [2024-09-20T07:04:33.454+0000] {dag.py:2915} INFO - Sync 1 DAGs
[2024-09-20T07:04:33.493+0000] {logging_mixin.py:151} INFO - [2024-09-20T07:04:33.492+0000] {dag.py:3696} INFO - Setting next_dagrun for branch_dim_generator to 2024-09-20T00:00:00+00:00, run_after=2024-09-21T00:00:00+00:00
[2024-09-20T07:04:33.520+0000] {processor.py:179} INFO - Processing /opt/airflow/dags/branch_dim_generator.py took 0.403 seconds
[2024-09-20T07:05:04.480+0000] {processor.py:157} INFO - Started process (PID=4638) to work on /opt/airflow/dags/branch_dim_generator.py
[2024-09-20T07:05:04.481+0000] {processor.py:829} INFO - Processing file /opt/airflow/dags/branch_dim_generator.py for tasks to queue
[2024-09-20T07:05:04.483+0000] {logging_mixin.py:151} INFO - [2024-09-20T07:05:04.482+0000] {dagbag.py:539} INFO - Filling up the DagBag from /opt/airflow/dags/branch_dim_generator.py
[2024-09-20T07:05:04.760+0000] {processor.py:839} INFO - DAG(s) dict_keys(['branch_dim_generator']) retrieved from /opt/airflow/dags/branch_dim_generator.py
[2024-09-20T07:05:04.800+0000] {logging_mixin.py:151} INFO - [2024-09-20T07:05:04.799+0000] {dag.py:2915} INFO - Sync 1 DAGs
[2024-09-20T07:05:04.818+0000] {logging_mixin.py:151} INFO - [2024-09-20T07:05:04.818+0000] {dag.py:3696} INFO - Setting next_dagrun for branch_dim_generator to 2024-09-20T00:00:00+00:00, run_after=2024-09-21T00:00:00+00:00
[2024-09-20T07:05:04.838+0000] {processor.py:179} INFO - Processing /opt/airflow/dags/branch_dim_generator.py took 0.388 seconds
[2024-09-20T07:05:35.937+0000] {processor.py:157} INFO - Started process (PID=4685) to work on /opt/airflow/dags/branch_dim_generator.py
[2024-09-20T07:05:35.942+0000] {processor.py:829} INFO - Processing file /opt/airflow/dags/branch_dim_generator.py for tasks to queue
[2024-09-20T07:05:35.944+0000] {logging_mixin.py:151} INFO - [2024-09-20T07:05:35.944+0000] {dagbag.py:539} INFO - Filling up the DagBag from /opt/airflow/dags/branch_dim_generator.py
[2024-09-20T07:05:36.255+0000] {processor.py:839} INFO - DAG(s) dict_keys(['branch_dim_generator']) retrieved from /opt/airflow/dags/branch_dim_generator.py
[2024-09-20T07:05:36.308+0000] {logging_mixin.py:151} INFO - [2024-09-20T07:05:36.308+0000] {dag.py:2915} INFO - Sync 1 DAGs
[2024-09-20T07:05:36.330+0000] {logging_mixin.py:151} INFO - [2024-09-20T07:05:36.329+0000] {dag.py:3696} INFO - Setting next_dagrun for branch_dim_generator to 2024-09-20T00:00:00+00:00, run_after=2024-09-21T00:00:00+00:00
[2024-09-20T07:05:36.346+0000] {processor.py:179} INFO - Processing /opt/airflow/dags/branch_dim_generator.py took 0.417 seconds
[2024-09-20T07:06:06.509+0000] {processor.py:157} INFO - Started process (PID=4732) to work on /opt/airflow/dags/branch_dim_generator.py
[2024-09-20T07:06:06.510+0000] {processor.py:829} INFO - Processing file /opt/airflow/dags/branch_dim_generator.py for tasks to queue
[2024-09-20T07:06:06.512+0000] {logging_mixin.py:151} INFO - [2024-09-20T07:06:06.511+0000] {dagbag.py:539} INFO - Filling up the DagBag from /opt/airflow/dags/branch_dim_generator.py
[2024-09-20T07:06:06.822+0000] {processor.py:839} INFO - DAG(s) dict_keys(['branch_dim_generator']) retrieved from /opt/airflow/dags/branch_dim_generator.py
[2024-09-20T07:06:06.859+0000] {logging_mixin.py:151} INFO - [2024-09-20T07:06:06.859+0000] {dag.py:2915} INFO - Sync 1 DAGs
[2024-09-20T07:06:06.875+0000] {logging_mixin.py:151} INFO - [2024-09-20T07:06:06.875+0000] {dag.py:3696} INFO - Setting next_dagrun for branch_dim_generator to 2024-09-20T00:00:00+00:00, run_after=2024-09-21T00:00:00+00:00
[2024-09-20T07:06:06.901+0000] {processor.py:179} INFO - Processing /opt/airflow/dags/branch_dim_generator.py took 0.410 seconds
[2024-09-20T07:06:37.223+0000] {processor.py:157} INFO - Started process (PID=4778) to work on /opt/airflow/dags/branch_dim_generator.py
[2024-09-20T07:06:37.225+0000] {processor.py:829} INFO - Processing file /opt/airflow/dags/branch_dim_generator.py for tasks to queue
[2024-09-20T07:06:37.227+0000] {logging_mixin.py:151} INFO - [2024-09-20T07:06:37.226+0000] {dagbag.py:539} INFO - Filling up the DagBag from /opt/airflow/dags/branch_dim_generator.py
[2024-09-20T07:06:37.522+0000] {processor.py:839} INFO - DAG(s) dict_keys(['branch_dim_generator']) retrieved from /opt/airflow/dags/branch_dim_generator.py
[2024-09-20T07:06:37.550+0000] {logging_mixin.py:151} INFO - [2024-09-20T07:06:37.550+0000] {dag.py:2915} INFO - Sync 1 DAGs
[2024-09-20T07:06:37.566+0000] {logging_mixin.py:151} INFO - [2024-09-20T07:06:37.566+0000] {dag.py:3696} INFO - Setting next_dagrun for branch_dim_generator to 2024-09-20T00:00:00+00:00, run_after=2024-09-21T00:00:00+00:00
[2024-09-20T07:06:37.580+0000] {processor.py:179} INFO - Processing /opt/airflow/dags/branch_dim_generator.py took 0.369 seconds
[2024-09-20T07:07:07.728+0000] {processor.py:157} INFO - Started process (PID=4825) to work on /opt/airflow/dags/branch_dim_generator.py
[2024-09-20T07:07:07.731+0000] {processor.py:829} INFO - Processing file /opt/airflow/dags/branch_dim_generator.py for tasks to queue
[2024-09-20T07:07:07.733+0000] {logging_mixin.py:151} INFO - [2024-09-20T07:07:07.732+0000] {dagbag.py:539} INFO - Filling up the DagBag from /opt/airflow/dags/branch_dim_generator.py
[2024-09-20T07:07:08.089+0000] {processor.py:839} INFO - DAG(s) dict_keys(['branch_dim_generator']) retrieved from /opt/airflow/dags/branch_dim_generator.py
[2024-09-20T07:07:08.139+0000] {logging_mixin.py:151} INFO - [2024-09-20T07:07:08.138+0000] {dag.py:2915} INFO - Sync 1 DAGs
[2024-09-20T07:07:08.164+0000] {logging_mixin.py:151} INFO - [2024-09-20T07:07:08.163+0000] {dag.py:3696} INFO - Setting next_dagrun for branch_dim_generator to 2024-09-20T00:00:00+00:00, run_after=2024-09-21T00:00:00+00:00
[2024-09-20T07:07:08.179+0000] {processor.py:179} INFO - Processing /opt/airflow/dags/branch_dim_generator.py took 0.477 seconds
[2024-09-20T07:07:38.410+0000] {processor.py:157} INFO - Started process (PID=4872) to work on /opt/airflow/dags/branch_dim_generator.py
[2024-09-20T07:07:38.413+0000] {processor.py:829} INFO - Processing file /opt/airflow/dags/branch_dim_generator.py for tasks to queue
[2024-09-20T07:07:38.415+0000] {logging_mixin.py:151} INFO - [2024-09-20T07:07:38.415+0000] {dagbag.py:539} INFO - Filling up the DagBag from /opt/airflow/dags/branch_dim_generator.py
[2024-09-20T07:07:38.707+0000] {processor.py:839} INFO - DAG(s) dict_keys(['branch_dim_generator']) retrieved from /opt/airflow/dags/branch_dim_generator.py
[2024-09-20T07:07:38.740+0000] {logging_mixin.py:151} INFO - [2024-09-20T07:07:38.740+0000] {dag.py:2915} INFO - Sync 1 DAGs
[2024-09-20T07:07:38.763+0000] {logging_mixin.py:151} INFO - [2024-09-20T07:07:38.762+0000] {dag.py:3696} INFO - Setting next_dagrun for branch_dim_generator to 2024-09-20T00:00:00+00:00, run_after=2024-09-21T00:00:00+00:00
[2024-09-20T07:07:38.776+0000] {processor.py:179} INFO - Processing /opt/airflow/dags/branch_dim_generator.py took 0.388 seconds
[2024-09-20T07:08:08.999+0000] {processor.py:157} INFO - Started process (PID=4919) to work on /opt/airflow/dags/branch_dim_generator.py
[2024-09-20T07:08:09.003+0000] {processor.py:829} INFO - Processing file /opt/airflow/dags/branch_dim_generator.py for tasks to queue
[2024-09-20T07:08:09.009+0000] {logging_mixin.py:151} INFO - [2024-09-20T07:08:09.007+0000] {dagbag.py:539} INFO - Filling up the DagBag from /opt/airflow/dags/branch_dim_generator.py
[2024-09-20T07:08:09.295+0000] {processor.py:839} INFO - DAG(s) dict_keys(['branch_dim_generator']) retrieved from /opt/airflow/dags/branch_dim_generator.py
[2024-09-20T07:08:09.323+0000] {logging_mixin.py:151} INFO - [2024-09-20T07:08:09.322+0000] {dag.py:2915} INFO - Sync 1 DAGs
[2024-09-20T07:08:09.358+0000] {logging_mixin.py:151} INFO - [2024-09-20T07:08:09.358+0000] {dag.py:3696} INFO - Setting next_dagrun for branch_dim_generator to 2024-09-20T00:00:00+00:00, run_after=2024-09-21T00:00:00+00:00
[2024-09-20T07:08:09.374+0000] {processor.py:179} INFO - Processing /opt/airflow/dags/branch_dim_generator.py took 0.385 seconds
[2024-09-20T07:54:52.510+0000] {processor.py:157} INFO - Started process (PID=4959) to work on /opt/airflow/dags/branch_dim_generator.py
[2024-09-20T07:54:52.511+0000] {processor.py:829} INFO - Processing file /opt/airflow/dags/branch_dim_generator.py for tasks to queue
[2024-09-20T07:54:52.512+0000] {logging_mixin.py:151} INFO - [2024-09-20T07:54:52.511+0000] {dagbag.py:539} INFO - Filling up the DagBag from /opt/airflow/dags/branch_dim_generator.py
[2024-09-20T07:54:53.050+0000] {processor.py:839} INFO - DAG(s) dict_keys(['branch_dim_generator']) retrieved from /opt/airflow/dags/branch_dim_generator.py
[2024-09-20T07:54:53.157+0000] {logging_mixin.py:151} INFO - [2024-09-20T07:54:53.156+0000] {dag.py:2915} INFO - Sync 1 DAGs
[2024-09-20T07:54:53.215+0000] {logging_mixin.py:151} INFO - [2024-09-20T07:54:53.215+0000] {dag.py:3696} INFO - Setting next_dagrun for branch_dim_generator to 2024-09-20T00:00:00+00:00, run_after=2024-09-21T00:00:00+00:00
[2024-09-20T07:54:53.242+0000] {processor.py:179} INFO - Processing /opt/airflow/dags/branch_dim_generator.py took 0.735 seconds
[2024-09-20T08:09:04.046+0000] {processor.py:157} INFO - Started process (PID=5010) to work on /opt/airflow/dags/branch_dim_generator.py
[2024-09-20T08:09:04.050+0000] {processor.py:829} INFO - Processing file /opt/airflow/dags/branch_dim_generator.py for tasks to queue
[2024-09-20T08:09:04.052+0000] {logging_mixin.py:151} INFO - [2024-09-20T08:09:04.051+0000] {dagbag.py:539} INFO - Filling up the DagBag from /opt/airflow/dags/branch_dim_generator.py
[2024-09-20T08:09:04.382+0000] {processor.py:839} INFO - DAG(s) dict_keys(['branch_dim_generator']) retrieved from /opt/airflow/dags/branch_dim_generator.py
[2024-09-20T08:09:04.431+0000] {logging_mixin.py:151} INFO - [2024-09-20T08:09:04.430+0000] {dag.py:2915} INFO - Sync 1 DAGs
[2024-09-20T08:09:04.448+0000] {logging_mixin.py:151} INFO - [2024-09-20T08:09:04.447+0000] {dag.py:3696} INFO - Setting next_dagrun for branch_dim_generator to 2024-09-20T00:00:00+00:00, run_after=2024-09-21T00:00:00+00:00
[2024-09-20T08:09:04.460+0000] {processor.py:179} INFO - Processing /opt/airflow/dags/branch_dim_generator.py took 0.419 seconds
[2024-09-20T08:41:06.536+0000] {processor.py:157} INFO - Started process (PID=5057) to work on /opt/airflow/dags/branch_dim_generator.py
[2024-09-20T08:41:06.537+0000] {processor.py:829} INFO - Processing file /opt/airflow/dags/branch_dim_generator.py for tasks to queue
[2024-09-20T08:41:06.538+0000] {logging_mixin.py:151} INFO - [2024-09-20T08:41:06.538+0000] {dagbag.py:539} INFO - Filling up the DagBag from /opt/airflow/dags/branch_dim_generator.py
[2024-09-20T08:41:07.119+0000] {processor.py:839} INFO - DAG(s) dict_keys(['branch_dim_generator']) retrieved from /opt/airflow/dags/branch_dim_generator.py
[2024-09-20T08:41:07.176+0000] {logging_mixin.py:151} INFO - [2024-09-20T08:41:07.175+0000] {dag.py:2915} INFO - Sync 1 DAGs
[2024-09-20T08:41:07.208+0000] {logging_mixin.py:151} INFO - [2024-09-20T08:41:07.207+0000] {dag.py:3696} INFO - Setting next_dagrun for branch_dim_generator to 2024-09-20T00:00:00+00:00, run_after=2024-09-21T00:00:00+00:00
[2024-09-20T08:41:07.238+0000] {processor.py:179} INFO - Processing /opt/airflow/dags/branch_dim_generator.py took 0.709 seconds
[2024-09-20T09:16:01.425+0000] {processor.py:157} INFO - Started process (PID=5105) to work on /opt/airflow/dags/branch_dim_generator.py
[2024-09-20T09:16:01.427+0000] {processor.py:829} INFO - Processing file /opt/airflow/dags/branch_dim_generator.py for tasks to queue
[2024-09-20T09:16:01.427+0000] {logging_mixin.py:151} INFO - [2024-09-20T09:16:01.427+0000] {dagbag.py:539} INFO - Filling up the DagBag from /opt/airflow/dags/branch_dim_generator.py
[2024-09-20T09:16:01.929+0000] {processor.py:839} INFO - DAG(s) dict_keys(['branch_dim_generator']) retrieved from /opt/airflow/dags/branch_dim_generator.py
[2024-09-20T09:16:01.959+0000] {logging_mixin.py:151} INFO - [2024-09-20T09:16:01.959+0000] {dag.py:2915} INFO - Sync 1 DAGs
[2024-09-20T09:16:01.978+0000] {logging_mixin.py:151} INFO - [2024-09-20T09:16:01.978+0000] {dag.py:3696} INFO - Setting next_dagrun for branch_dim_generator to 2024-09-20T00:00:00+00:00, run_after=2024-09-21T00:00:00+00:00
[2024-09-20T09:16:02.011+0000] {processor.py:179} INFO - Processing /opt/airflow/dags/branch_dim_generator.py took 0.589 seconds
[2024-09-20T09:22:38.944+0000] {processor.py:157} INFO - Started process (PID=5152) to work on /opt/airflow/dags/branch_dim_generator.py
[2024-09-20T09:22:38.948+0000] {processor.py:829} INFO - Processing file /opt/airflow/dags/branch_dim_generator.py for tasks to queue
[2024-09-20T09:22:38.953+0000] {logging_mixin.py:151} INFO - [2024-09-20T09:22:38.952+0000] {dagbag.py:539} INFO - Filling up the DagBag from /opt/airflow/dags/branch_dim_generator.py
[2024-09-20T09:22:39.869+0000] {processor.py:839} INFO - DAG(s) dict_keys(['branch_dim_generator']) retrieved from /opt/airflow/dags/branch_dim_generator.py
[2024-09-20T09:22:39.969+0000] {logging_mixin.py:151} INFO - [2024-09-20T09:22:39.968+0000] {dag.py:2915} INFO - Sync 1 DAGs
[2024-09-20T09:22:40.006+0000] {logging_mixin.py:151} INFO - [2024-09-20T09:22:40.006+0000] {dag.py:3696} INFO - Setting next_dagrun for branch_dim_generator to 2024-09-20T00:00:00+00:00, run_after=2024-09-21T00:00:00+00:00
[2024-09-20T09:22:40.040+0000] {processor.py:179} INFO - Processing /opt/airflow/dags/branch_dim_generator.py took 1.111 seconds
[2024-09-20T09:41:27.278+0000] {processor.py:157} INFO - Started process (PID=5201) to work on /opt/airflow/dags/branch_dim_generator.py
[2024-09-20T09:41:27.304+0000] {processor.py:829} INFO - Processing file /opt/airflow/dags/branch_dim_generator.py for tasks to queue
[2024-09-20T09:41:27.324+0000] {logging_mixin.py:151} INFO - [2024-09-20T09:41:27.314+0000] {dagbag.py:539} INFO - Filling up the DagBag from /opt/airflow/dags/branch_dim_generator.py
[2024-09-20T09:41:28.095+0000] {processor.py:839} INFO - DAG(s) dict_keys(['branch_dim_generator']) retrieved from /opt/airflow/dags/branch_dim_generator.py
[2024-09-20T09:41:28.186+0000] {logging_mixin.py:151} INFO - [2024-09-20T09:41:28.185+0000] {dag.py:2915} INFO - Sync 1 DAGs
[2024-09-20T09:41:28.218+0000] {logging_mixin.py:151} INFO - [2024-09-20T09:41:28.218+0000] {dag.py:3696} INFO - Setting next_dagrun for branch_dim_generator to 2024-09-20T00:00:00+00:00, run_after=2024-09-21T00:00:00+00:00
[2024-09-20T09:41:28.257+0000] {processor.py:179} INFO - Processing /opt/airflow/dags/branch_dim_generator.py took 1.018 seconds
[2024-09-20T09:41:58.525+0000] {processor.py:157} INFO - Started process (PID=5248) to work on /opt/airflow/dags/branch_dim_generator.py
[2024-09-20T09:41:58.527+0000] {processor.py:829} INFO - Processing file /opt/airflow/dags/branch_dim_generator.py for tasks to queue
[2024-09-20T09:41:58.528+0000] {logging_mixin.py:151} INFO - [2024-09-20T09:41:58.528+0000] {dagbag.py:539} INFO - Filling up the DagBag from /opt/airflow/dags/branch_dim_generator.py
[2024-09-20T09:41:58.859+0000] {processor.py:839} INFO - DAG(s) dict_keys(['branch_dim_generator']) retrieved from /opt/airflow/dags/branch_dim_generator.py
[2024-09-20T09:41:58.901+0000] {logging_mixin.py:151} INFO - [2024-09-20T09:41:58.900+0000] {dag.py:2915} INFO - Sync 1 DAGs
[2024-09-20T09:41:58.930+0000] {logging_mixin.py:151} INFO - [2024-09-20T09:41:58.930+0000] {dag.py:3696} INFO - Setting next_dagrun for branch_dim_generator to 2024-09-20T00:00:00+00:00, run_after=2024-09-21T00:00:00+00:00
[2024-09-20T09:41:58.945+0000] {processor.py:179} INFO - Processing /opt/airflow/dags/branch_dim_generator.py took 0.428 seconds
[2024-09-20T09:42:29.434+0000] {processor.py:157} INFO - Started process (PID=5295) to work on /opt/airflow/dags/branch_dim_generator.py
[2024-09-20T09:42:29.438+0000] {processor.py:829} INFO - Processing file /opt/airflow/dags/branch_dim_generator.py for tasks to queue
[2024-09-20T09:42:29.440+0000] {logging_mixin.py:151} INFO - [2024-09-20T09:42:29.439+0000] {dagbag.py:539} INFO - Filling up the DagBag from /opt/airflow/dags/branch_dim_generator.py
[2024-09-20T09:42:29.909+0000] {processor.py:839} INFO - DAG(s) dict_keys(['branch_dim_generator']) retrieved from /opt/airflow/dags/branch_dim_generator.py
[2024-09-20T09:42:30.000+0000] {logging_mixin.py:151} INFO - [2024-09-20T09:42:29.995+0000] {dag.py:2915} INFO - Sync 1 DAGs
[2024-09-20T09:42:30.072+0000] {logging_mixin.py:151} INFO - [2024-09-20T09:42:30.072+0000] {dag.py:3696} INFO - Setting next_dagrun for branch_dim_generator to 2024-09-20T00:00:00+00:00, run_after=2024-09-21T00:00:00+00:00
[2024-09-20T09:42:30.112+0000] {processor.py:179} INFO - Processing /opt/airflow/dags/branch_dim_generator.py took 0.684 seconds
[2024-09-20T09:43:00.822+0000] {processor.py:157} INFO - Started process (PID=5342) to work on /opt/airflow/dags/branch_dim_generator.py
[2024-09-20T09:43:00.827+0000] {processor.py:829} INFO - Processing file /opt/airflow/dags/branch_dim_generator.py for tasks to queue
[2024-09-20T09:43:00.830+0000] {logging_mixin.py:151} INFO - [2024-09-20T09:43:00.829+0000] {dagbag.py:539} INFO - Filling up the DagBag from /opt/airflow/dags/branch_dim_generator.py
[2024-09-20T09:43:01.299+0000] {processor.py:839} INFO - DAG(s) dict_keys(['branch_dim_generator']) retrieved from /opt/airflow/dags/branch_dim_generator.py
[2024-09-20T09:43:01.366+0000] {logging_mixin.py:151} INFO - [2024-09-20T09:43:01.365+0000] {dag.py:2915} INFO - Sync 1 DAGs
[2024-09-20T09:43:01.432+0000] {logging_mixin.py:151} INFO - [2024-09-20T09:43:01.431+0000] {dag.py:3696} INFO - Setting next_dagrun for branch_dim_generator to 2024-09-20T00:00:00+00:00, run_after=2024-09-21T00:00:00+00:00
[2024-09-20T09:43:01.477+0000] {processor.py:179} INFO - Processing /opt/airflow/dags/branch_dim_generator.py took 0.688 seconds
[2024-09-20T09:43:32.427+0000] {processor.py:157} INFO - Started process (PID=5389) to work on /opt/airflow/dags/branch_dim_generator.py
[2024-09-20T09:43:32.431+0000] {processor.py:829} INFO - Processing file /opt/airflow/dags/branch_dim_generator.py for tasks to queue
[2024-09-20T09:43:32.434+0000] {logging_mixin.py:151} INFO - [2024-09-20T09:43:32.433+0000] {dagbag.py:539} INFO - Filling up the DagBag from /opt/airflow/dags/branch_dim_generator.py
[2024-09-20T09:43:32.779+0000] {processor.py:839} INFO - DAG(s) dict_keys(['branch_dim_generator']) retrieved from /opt/airflow/dags/branch_dim_generator.py
[2024-09-20T09:43:32.825+0000] {logging_mixin.py:151} INFO - [2024-09-20T09:43:32.824+0000] {dag.py:2915} INFO - Sync 1 DAGs
[2024-09-20T09:43:32.843+0000] {logging_mixin.py:151} INFO - [2024-09-20T09:43:32.843+0000] {dag.py:3696} INFO - Setting next_dagrun for branch_dim_generator to 2024-09-20T00:00:00+00:00, run_after=2024-09-21T00:00:00+00:00
[2024-09-20T09:43:32.862+0000] {processor.py:179} INFO - Processing /opt/airflow/dags/branch_dim_generator.py took 0.446 seconds
[2024-09-20T09:44:02.977+0000] {processor.py:157} INFO - Started process (PID=5436) to work on /opt/airflow/dags/branch_dim_generator.py
[2024-09-20T09:44:02.979+0000] {processor.py:829} INFO - Processing file /opt/airflow/dags/branch_dim_generator.py for tasks to queue
[2024-09-20T09:44:02.980+0000] {logging_mixin.py:151} INFO - [2024-09-20T09:44:02.980+0000] {dagbag.py:539} INFO - Filling up the DagBag from /opt/airflow/dags/branch_dim_generator.py
[2024-09-20T09:44:03.332+0000] {processor.py:839} INFO - DAG(s) dict_keys(['branch_dim_generator']) retrieved from /opt/airflow/dags/branch_dim_generator.py
[2024-09-20T09:44:03.398+0000] {logging_mixin.py:151} INFO - [2024-09-20T09:44:03.397+0000] {dag.py:2915} INFO - Sync 1 DAGs
[2024-09-20T09:44:03.433+0000] {logging_mixin.py:151} INFO - [2024-09-20T09:44:03.433+0000] {dag.py:3696} INFO - Setting next_dagrun for branch_dim_generator to 2024-09-20T00:00:00+00:00, run_after=2024-09-21T00:00:00+00:00
[2024-09-20T09:44:03.460+0000] {processor.py:179} INFO - Processing /opt/airflow/dags/branch_dim_generator.py took 0.498 seconds
[2024-09-20T09:44:33.706+0000] {processor.py:157} INFO - Started process (PID=5483) to work on /opt/airflow/dags/branch_dim_generator.py
[2024-09-20T09:44:33.708+0000] {processor.py:829} INFO - Processing file /opt/airflow/dags/branch_dim_generator.py for tasks to queue
[2024-09-20T09:44:33.710+0000] {logging_mixin.py:151} INFO - [2024-09-20T09:44:33.709+0000] {dagbag.py:539} INFO - Filling up the DagBag from /opt/airflow/dags/branch_dim_generator.py
[2024-09-20T09:44:34.065+0000] {processor.py:839} INFO - DAG(s) dict_keys(['branch_dim_generator']) retrieved from /opt/airflow/dags/branch_dim_generator.py
[2024-09-20T09:44:34.100+0000] {logging_mixin.py:151} INFO - [2024-09-20T09:44:34.100+0000] {dag.py:2915} INFO - Sync 1 DAGs
[2024-09-20T09:44:34.129+0000] {logging_mixin.py:151} INFO - [2024-09-20T09:44:34.129+0000] {dag.py:3696} INFO - Setting next_dagrun for branch_dim_generator to 2024-09-20T00:00:00+00:00, run_after=2024-09-21T00:00:00+00:00
[2024-09-20T09:44:34.147+0000] {processor.py:179} INFO - Processing /opt/airflow/dags/branch_dim_generator.py took 0.449 seconds
[2024-09-20T09:45:04.472+0000] {processor.py:157} INFO - Started process (PID=5530) to work on /opt/airflow/dags/branch_dim_generator.py
[2024-09-20T09:45:04.474+0000] {processor.py:829} INFO - Processing file /opt/airflow/dags/branch_dim_generator.py for tasks to queue
[2024-09-20T09:45:04.475+0000] {logging_mixin.py:151} INFO - [2024-09-20T09:45:04.474+0000] {dagbag.py:539} INFO - Filling up the DagBag from /opt/airflow/dags/branch_dim_generator.py
[2024-09-20T09:45:04.779+0000] {processor.py:839} INFO - DAG(s) dict_keys(['branch_dim_generator']) retrieved from /opt/airflow/dags/branch_dim_generator.py
[2024-09-20T09:45:04.837+0000] {logging_mixin.py:151} INFO - [2024-09-20T09:45:04.836+0000] {dag.py:2915} INFO - Sync 1 DAGs
[2024-09-20T09:45:04.863+0000] {logging_mixin.py:151} INFO - [2024-09-20T09:45:04.863+0000] {dag.py:3696} INFO - Setting next_dagrun for branch_dim_generator to 2024-09-20T00:00:00+00:00, run_after=2024-09-21T00:00:00+00:00
[2024-09-20T09:45:04.897+0000] {processor.py:179} INFO - Processing /opt/airflow/dags/branch_dim_generator.py took 0.433 seconds
[2024-09-20T09:45:35.899+0000] {processor.py:157} INFO - Started process (PID=5577) to work on /opt/airflow/dags/branch_dim_generator.py
[2024-09-20T09:45:35.901+0000] {processor.py:829} INFO - Processing file /opt/airflow/dags/branch_dim_generator.py for tasks to queue
[2024-09-20T09:45:35.902+0000] {logging_mixin.py:151} INFO - [2024-09-20T09:45:35.902+0000] {dagbag.py:539} INFO - Filling up the DagBag from /opt/airflow/dags/branch_dim_generator.py
[2024-09-20T09:45:36.180+0000] {processor.py:839} INFO - DAG(s) dict_keys(['branch_dim_generator']) retrieved from /opt/airflow/dags/branch_dim_generator.py
[2024-09-20T09:45:36.233+0000] {logging_mixin.py:151} INFO - [2024-09-20T09:45:36.232+0000] {dag.py:2915} INFO - Sync 1 DAGs
[2024-09-20T09:45:36.251+0000] {logging_mixin.py:151} INFO - [2024-09-20T09:45:36.251+0000] {dag.py:3696} INFO - Setting next_dagrun for branch_dim_generator to 2024-09-20T00:00:00+00:00, run_after=2024-09-21T00:00:00+00:00
[2024-09-20T09:45:36.264+0000] {processor.py:179} INFO - Processing /opt/airflow/dags/branch_dim_generator.py took 0.381 seconds
[2024-09-20T09:46:06.567+0000] {processor.py:157} INFO - Started process (PID=5624) to work on /opt/airflow/dags/branch_dim_generator.py
[2024-09-20T09:46:06.570+0000] {processor.py:829} INFO - Processing file /opt/airflow/dags/branch_dim_generator.py for tasks to queue
[2024-09-20T09:46:06.571+0000] {logging_mixin.py:151} INFO - [2024-09-20T09:46:06.571+0000] {dagbag.py:539} INFO - Filling up the DagBag from /opt/airflow/dags/branch_dim_generator.py
[2024-09-20T09:46:06.876+0000] {processor.py:839} INFO - DAG(s) dict_keys(['branch_dim_generator']) retrieved from /opt/airflow/dags/branch_dim_generator.py
[2024-09-20T09:46:06.911+0000] {logging_mixin.py:151} INFO - [2024-09-20T09:46:06.911+0000] {dag.py:2915} INFO - Sync 1 DAGs
[2024-09-20T09:46:06.929+0000] {logging_mixin.py:151} INFO - [2024-09-20T09:46:06.929+0000] {dag.py:3696} INFO - Setting next_dagrun for branch_dim_generator to 2024-09-20T00:00:00+00:00, run_after=2024-09-21T00:00:00+00:00
[2024-09-20T09:46:06.958+0000] {processor.py:179} INFO - Processing /opt/airflow/dags/branch_dim_generator.py took 0.398 seconds
[2024-09-20T09:46:37.855+0000] {processor.py:157} INFO - Started process (PID=5677) to work on /opt/airflow/dags/branch_dim_generator.py
[2024-09-20T09:46:37.860+0000] {processor.py:829} INFO - Processing file /opt/airflow/dags/branch_dim_generator.py for tasks to queue
[2024-09-20T09:46:37.862+0000] {logging_mixin.py:151} INFO - [2024-09-20T09:46:37.861+0000] {dagbag.py:539} INFO - Filling up the DagBag from /opt/airflow/dags/branch_dim_generator.py
[2024-09-20T09:46:38.179+0000] {processor.py:839} INFO - DAG(s) dict_keys(['branch_dim_generator']) retrieved from /opt/airflow/dags/branch_dim_generator.py
[2024-09-20T09:46:38.223+0000] {logging_mixin.py:151} INFO - [2024-09-20T09:46:38.221+0000] {dag.py:2915} INFO - Sync 1 DAGs
[2024-09-20T09:46:38.267+0000] {logging_mixin.py:151} INFO - [2024-09-20T09:46:38.266+0000] {dag.py:3696} INFO - Setting next_dagrun for branch_dim_generator to 2024-09-20T00:00:00+00:00, run_after=2024-09-21T00:00:00+00:00
[2024-09-20T09:46:38.313+0000] {processor.py:179} INFO - Processing /opt/airflow/dags/branch_dim_generator.py took 0.467 seconds
[2024-09-20T09:47:08.706+0000] {processor.py:157} INFO - Started process (PID=5725) to work on /opt/airflow/dags/branch_dim_generator.py
[2024-09-20T09:47:08.709+0000] {processor.py:829} INFO - Processing file /opt/airflow/dags/branch_dim_generator.py for tasks to queue
[2024-09-20T09:47:08.714+0000] {logging_mixin.py:151} INFO - [2024-09-20T09:47:08.710+0000] {dagbag.py:539} INFO - Filling up the DagBag from /opt/airflow/dags/branch_dim_generator.py
[2024-09-20T09:47:09.154+0000] {processor.py:839} INFO - DAG(s) dict_keys(['branch_dim_generator']) retrieved from /opt/airflow/dags/branch_dim_generator.py
[2024-09-20T09:47:09.193+0000] {logging_mixin.py:151} INFO - [2024-09-20T09:47:09.192+0000] {dag.py:2915} INFO - Sync 1 DAGs
[2024-09-20T09:47:09.219+0000] {logging_mixin.py:151} INFO - [2024-09-20T09:47:09.218+0000] {dag.py:3696} INFO - Setting next_dagrun for branch_dim_generator to 2024-09-20T00:00:00+00:00, run_after=2024-09-21T00:00:00+00:00
[2024-09-20T09:47:09.237+0000] {processor.py:179} INFO - Processing /opt/airflow/dags/branch_dim_generator.py took 0.558 seconds
[2024-09-20T09:47:39.725+0000] {processor.py:157} INFO - Started process (PID=5772) to work on /opt/airflow/dags/branch_dim_generator.py
[2024-09-20T09:47:39.730+0000] {processor.py:829} INFO - Processing file /opt/airflow/dags/branch_dim_generator.py for tasks to queue
[2024-09-20T09:47:39.734+0000] {logging_mixin.py:151} INFO - [2024-09-20T09:47:39.732+0000] {dagbag.py:539} INFO - Filling up the DagBag from /opt/airflow/dags/branch_dim_generator.py
[2024-09-20T09:47:40.071+0000] {processor.py:839} INFO - DAG(s) dict_keys(['branch_dim_generator']) retrieved from /opt/airflow/dags/branch_dim_generator.py
[2024-09-20T09:47:40.095+0000] {logging_mixin.py:151} INFO - [2024-09-20T09:47:40.095+0000] {dag.py:2915} INFO - Sync 1 DAGs
[2024-09-20T09:47:40.122+0000] {logging_mixin.py:151} INFO - [2024-09-20T09:47:40.121+0000] {dag.py:3696} INFO - Setting next_dagrun for branch_dim_generator to 2024-09-20T00:00:00+00:00, run_after=2024-09-21T00:00:00+00:00
[2024-09-20T09:47:40.143+0000] {processor.py:179} INFO - Processing /opt/airflow/dags/branch_dim_generator.py took 0.439 seconds
[2024-09-20T09:48:10.271+0000] {processor.py:157} INFO - Started process (PID=5819) to work on /opt/airflow/dags/branch_dim_generator.py
[2024-09-20T09:48:10.272+0000] {processor.py:829} INFO - Processing file /opt/airflow/dags/branch_dim_generator.py for tasks to queue
[2024-09-20T09:48:10.273+0000] {logging_mixin.py:151} INFO - [2024-09-20T09:48:10.273+0000] {dagbag.py:539} INFO - Filling up the DagBag from /opt/airflow/dags/branch_dim_generator.py
[2024-09-20T09:48:10.592+0000] {processor.py:839} INFO - DAG(s) dict_keys(['branch_dim_generator']) retrieved from /opt/airflow/dags/branch_dim_generator.py
[2024-09-20T09:48:10.617+0000] {logging_mixin.py:151} INFO - [2024-09-20T09:48:10.616+0000] {dag.py:2915} INFO - Sync 1 DAGs
[2024-09-20T09:48:10.640+0000] {logging_mixin.py:151} INFO - [2024-09-20T09:48:10.640+0000] {dag.py:3696} INFO - Setting next_dagrun for branch_dim_generator to 2024-09-20T00:00:00+00:00, run_after=2024-09-21T00:00:00+00:00
[2024-09-20T09:48:10.658+0000] {processor.py:179} INFO - Processing /opt/airflow/dags/branch_dim_generator.py took 0.393 seconds
[2024-09-20T09:48:40.798+0000] {processor.py:157} INFO - Started process (PID=5866) to work on /opt/airflow/dags/branch_dim_generator.py
[2024-09-20T09:48:40.800+0000] {processor.py:829} INFO - Processing file /opt/airflow/dags/branch_dim_generator.py for tasks to queue
[2024-09-20T09:48:40.802+0000] {logging_mixin.py:151} INFO - [2024-09-20T09:48:40.801+0000] {dagbag.py:539} INFO - Filling up the DagBag from /opt/airflow/dags/branch_dim_generator.py
[2024-09-20T09:48:41.183+0000] {processor.py:839} INFO - DAG(s) dict_keys(['branch_dim_generator']) retrieved from /opt/airflow/dags/branch_dim_generator.py
[2024-09-20T09:48:41.223+0000] {logging_mixin.py:151} INFO - [2024-09-20T09:48:41.223+0000] {dag.py:2915} INFO - Sync 1 DAGs
[2024-09-20T09:48:41.242+0000] {logging_mixin.py:151} INFO - [2024-09-20T09:48:41.242+0000] {dag.py:3696} INFO - Setting next_dagrun for branch_dim_generator to 2024-09-20T00:00:00+00:00, run_after=2024-09-21T00:00:00+00:00
[2024-09-20T09:48:41.255+0000] {processor.py:179} INFO - Processing /opt/airflow/dags/branch_dim_generator.py took 0.463 seconds
[2024-09-20T09:49:11.498+0000] {processor.py:157} INFO - Started process (PID=5913) to work on /opt/airflow/dags/branch_dim_generator.py
[2024-09-20T09:49:11.500+0000] {processor.py:829} INFO - Processing file /opt/airflow/dags/branch_dim_generator.py for tasks to queue
[2024-09-20T09:49:11.501+0000] {logging_mixin.py:151} INFO - [2024-09-20T09:49:11.501+0000] {dagbag.py:539} INFO - Filling up the DagBag from /opt/airflow/dags/branch_dim_generator.py
[2024-09-20T09:49:11.796+0000] {processor.py:839} INFO - DAG(s) dict_keys(['branch_dim_generator']) retrieved from /opt/airflow/dags/branch_dim_generator.py
[2024-09-20T09:49:11.837+0000] {logging_mixin.py:151} INFO - [2024-09-20T09:49:11.836+0000] {dag.py:2915} INFO - Sync 1 DAGs
[2024-09-20T09:49:11.879+0000] {logging_mixin.py:151} INFO - [2024-09-20T09:49:11.879+0000] {dag.py:3696} INFO - Setting next_dagrun for branch_dim_generator to 2024-09-20T00:00:00+00:00, run_after=2024-09-21T00:00:00+00:00
[2024-09-20T09:49:11.907+0000] {processor.py:179} INFO - Processing /opt/airflow/dags/branch_dim_generator.py took 0.418 seconds
[2024-09-20T09:49:42.873+0000] {processor.py:157} INFO - Started process (PID=5960) to work on /opt/airflow/dags/branch_dim_generator.py
[2024-09-20T09:49:42.874+0000] {processor.py:829} INFO - Processing file /opt/airflow/dags/branch_dim_generator.py for tasks to queue
[2024-09-20T09:49:42.876+0000] {logging_mixin.py:151} INFO - [2024-09-20T09:49:42.875+0000] {dagbag.py:539} INFO - Filling up the DagBag from /opt/airflow/dags/branch_dim_generator.py
[2024-09-20T09:49:43.174+0000] {processor.py:839} INFO - DAG(s) dict_keys(['branch_dim_generator']) retrieved from /opt/airflow/dags/branch_dim_generator.py
[2024-09-20T09:49:43.206+0000] {logging_mixin.py:151} INFO - [2024-09-20T09:49:43.205+0000] {dag.py:2915} INFO - Sync 1 DAGs
[2024-09-20T09:49:43.229+0000] {logging_mixin.py:151} INFO - [2024-09-20T09:49:43.229+0000] {dag.py:3696} INFO - Setting next_dagrun for branch_dim_generator to 2024-09-20T00:00:00+00:00, run_after=2024-09-21T00:00:00+00:00
[2024-09-20T09:49:43.243+0000] {processor.py:179} INFO - Processing /opt/airflow/dags/branch_dim_generator.py took 0.376 seconds
[2024-09-20T09:50:14.162+0000] {processor.py:157} INFO - Started process (PID=6007) to work on /opt/airflow/dags/branch_dim_generator.py
[2024-09-20T09:50:14.167+0000] {processor.py:829} INFO - Processing file /opt/airflow/dags/branch_dim_generator.py for tasks to queue
[2024-09-20T09:50:14.170+0000] {logging_mixin.py:151} INFO - [2024-09-20T09:50:14.169+0000] {dagbag.py:539} INFO - Filling up the DagBag from /opt/airflow/dags/branch_dim_generator.py
[2024-09-20T09:50:14.455+0000] {processor.py:839} INFO - DAG(s) dict_keys(['branch_dim_generator']) retrieved from /opt/airflow/dags/branch_dim_generator.py
[2024-09-20T09:50:14.488+0000] {logging_mixin.py:151} INFO - [2024-09-20T09:50:14.488+0000] {dag.py:2915} INFO - Sync 1 DAGs
[2024-09-20T09:50:14.506+0000] {logging_mixin.py:151} INFO - [2024-09-20T09:50:14.506+0000] {dag.py:3696} INFO - Setting next_dagrun for branch_dim_generator to 2024-09-20T00:00:00+00:00, run_after=2024-09-21T00:00:00+00:00
[2024-09-20T09:50:14.525+0000] {processor.py:179} INFO - Processing /opt/airflow/dags/branch_dim_generator.py took 0.386 seconds
[2024-09-20T09:50:45.520+0000] {processor.py:157} INFO - Started process (PID=6054) to work on /opt/airflow/dags/branch_dim_generator.py
[2024-09-20T09:50:45.522+0000] {processor.py:829} INFO - Processing file /opt/airflow/dags/branch_dim_generator.py for tasks to queue
[2024-09-20T09:50:45.523+0000] {logging_mixin.py:151} INFO - [2024-09-20T09:50:45.522+0000] {dagbag.py:539} INFO - Filling up the DagBag from /opt/airflow/dags/branch_dim_generator.py
[2024-09-20T09:50:45.802+0000] {processor.py:839} INFO - DAG(s) dict_keys(['branch_dim_generator']) retrieved from /opt/airflow/dags/branch_dim_generator.py
[2024-09-20T09:50:45.835+0000] {logging_mixin.py:151} INFO - [2024-09-20T09:50:45.835+0000] {dag.py:2915} INFO - Sync 1 DAGs
[2024-09-20T09:50:45.859+0000] {logging_mixin.py:151} INFO - [2024-09-20T09:50:45.859+0000] {dag.py:3696} INFO - Setting next_dagrun for branch_dim_generator to 2024-09-20T00:00:00+00:00, run_after=2024-09-21T00:00:00+00:00
[2024-09-20T09:50:45.872+0000] {processor.py:179} INFO - Processing /opt/airflow/dags/branch_dim_generator.py took 0.359 seconds
[2024-09-20T09:51:16.008+0000] {processor.py:157} INFO - Started process (PID=6101) to work on /opt/airflow/dags/branch_dim_generator.py
[2024-09-20T09:51:16.010+0000] {processor.py:829} INFO - Processing file /opt/airflow/dags/branch_dim_generator.py for tasks to queue
[2024-09-20T09:51:16.011+0000] {logging_mixin.py:151} INFO - [2024-09-20T09:51:16.011+0000] {dagbag.py:539} INFO - Filling up the DagBag from /opt/airflow/dags/branch_dim_generator.py
[2024-09-20T09:51:16.275+0000] {processor.py:839} INFO - DAG(s) dict_keys(['branch_dim_generator']) retrieved from /opt/airflow/dags/branch_dim_generator.py
[2024-09-20T09:51:16.308+0000] {logging_mixin.py:151} INFO - [2024-09-20T09:51:16.308+0000] {dag.py:2915} INFO - Sync 1 DAGs
[2024-09-20T09:51:16.325+0000] {logging_mixin.py:151} INFO - [2024-09-20T09:51:16.325+0000] {dag.py:3696} INFO - Setting next_dagrun for branch_dim_generator to 2024-09-20T00:00:00+00:00, run_after=2024-09-21T00:00:00+00:00
[2024-09-20T09:51:16.336+0000] {processor.py:179} INFO - Processing /opt/airflow/dags/branch_dim_generator.py took 0.347 seconds
[2024-09-20T09:51:46.475+0000] {processor.py:157} INFO - Started process (PID=6148) to work on /opt/airflow/dags/branch_dim_generator.py
[2024-09-20T09:51:46.478+0000] {processor.py:829} INFO - Processing file /opt/airflow/dags/branch_dim_generator.py for tasks to queue
[2024-09-20T09:51:46.480+0000] {logging_mixin.py:151} INFO - [2024-09-20T09:51:46.480+0000] {dagbag.py:539} INFO - Filling up the DagBag from /opt/airflow/dags/branch_dim_generator.py
[2024-09-20T09:51:46.836+0000] {processor.py:839} INFO - DAG(s) dict_keys(['branch_dim_generator']) retrieved from /opt/airflow/dags/branch_dim_generator.py
[2024-09-20T09:51:46.873+0000] {logging_mixin.py:151} INFO - [2024-09-20T09:51:46.872+0000] {dag.py:2915} INFO - Sync 1 DAGs
[2024-09-20T09:51:46.899+0000] {logging_mixin.py:151} INFO - [2024-09-20T09:51:46.899+0000] {dag.py:3696} INFO - Setting next_dagrun for branch_dim_generator to 2024-09-20T00:00:00+00:00, run_after=2024-09-21T00:00:00+00:00
[2024-09-20T09:51:46.914+0000] {processor.py:179} INFO - Processing /opt/airflow/dags/branch_dim_generator.py took 0.461 seconds
[2024-09-20T09:52:17.880+0000] {processor.py:157} INFO - Started process (PID=6194) to work on /opt/airflow/dags/branch_dim_generator.py
[2024-09-20T09:52:17.882+0000] {processor.py:829} INFO - Processing file /opt/airflow/dags/branch_dim_generator.py for tasks to queue
[2024-09-20T09:52:17.884+0000] {logging_mixin.py:151} INFO - [2024-09-20T09:52:17.883+0000] {dagbag.py:539} INFO - Filling up the DagBag from /opt/airflow/dags/branch_dim_generator.py
[2024-09-20T09:52:18.298+0000] {processor.py:839} INFO - DAG(s) dict_keys(['branch_dim_generator']) retrieved from /opt/airflow/dags/branch_dim_generator.py
[2024-09-20T09:52:18.419+0000] {logging_mixin.py:151} INFO - [2024-09-20T09:52:18.418+0000] {dag.py:2915} INFO - Sync 1 DAGs
[2024-09-20T09:52:18.471+0000] {logging_mixin.py:151} INFO - [2024-09-20T09:52:18.469+0000] {dag.py:3696} INFO - Setting next_dagrun for branch_dim_generator to 2024-09-20T00:00:00+00:00, run_after=2024-09-21T00:00:00+00:00
[2024-09-20T09:52:18.553+0000] {processor.py:179} INFO - Processing /opt/airflow/dags/branch_dim_generator.py took 0.683 seconds
[2024-09-20T09:52:48.846+0000] {processor.py:157} INFO - Started process (PID=6241) to work on /opt/airflow/dags/branch_dim_generator.py
[2024-09-20T09:52:48.853+0000] {processor.py:829} INFO - Processing file /opt/airflow/dags/branch_dim_generator.py for tasks to queue
[2024-09-20T09:52:48.858+0000] {logging_mixin.py:151} INFO - [2024-09-20T09:52:48.857+0000] {dagbag.py:539} INFO - Filling up the DagBag from /opt/airflow/dags/branch_dim_generator.py
[2024-09-20T09:52:49.136+0000] {processor.py:839} INFO - DAG(s) dict_keys(['branch_dim_generator']) retrieved from /opt/airflow/dags/branch_dim_generator.py
[2024-09-20T09:52:49.166+0000] {logging_mixin.py:151} INFO - [2024-09-20T09:52:49.166+0000] {dag.py:2915} INFO - Sync 1 DAGs
[2024-09-20T09:52:49.187+0000] {logging_mixin.py:151} INFO - [2024-09-20T09:52:49.187+0000] {dag.py:3696} INFO - Setting next_dagrun for branch_dim_generator to 2024-09-20T00:00:00+00:00, run_after=2024-09-21T00:00:00+00:00
[2024-09-20T09:52:49.212+0000] {processor.py:179} INFO - Processing /opt/airflow/dags/branch_dim_generator.py took 0.373 seconds
[2024-09-20T09:53:19.325+0000] {processor.py:157} INFO - Started process (PID=6291) to work on /opt/airflow/dags/branch_dim_generator.py
[2024-09-20T09:53:19.328+0000] {processor.py:829} INFO - Processing file /opt/airflow/dags/branch_dim_generator.py for tasks to queue
[2024-09-20T09:53:19.329+0000] {logging_mixin.py:151} INFO - [2024-09-20T09:53:19.328+0000] {dagbag.py:539} INFO - Filling up the DagBag from /opt/airflow/dags/branch_dim_generator.py
[2024-09-20T09:53:19.594+0000] {processor.py:839} INFO - DAG(s) dict_keys(['branch_dim_generator']) retrieved from /opt/airflow/dags/branch_dim_generator.py
[2024-09-20T09:53:19.626+0000] {logging_mixin.py:151} INFO - [2024-09-20T09:53:19.626+0000] {dag.py:2915} INFO - Sync 1 DAGs
[2024-09-20T09:53:19.645+0000] {logging_mixin.py:151} INFO - [2024-09-20T09:53:19.645+0000] {dag.py:3696} INFO - Setting next_dagrun for branch_dim_generator to 2024-09-20T00:00:00+00:00, run_after=2024-09-21T00:00:00+00:00
[2024-09-20T09:53:19.664+0000] {processor.py:179} INFO - Processing /opt/airflow/dags/branch_dim_generator.py took 0.346 seconds
[2024-09-20T09:53:49.965+0000] {processor.py:157} INFO - Started process (PID=6335) to work on /opt/airflow/dags/branch_dim_generator.py
[2024-09-20T09:53:49.968+0000] {processor.py:829} INFO - Processing file /opt/airflow/dags/branch_dim_generator.py for tasks to queue
[2024-09-20T09:53:49.970+0000] {logging_mixin.py:151} INFO - [2024-09-20T09:53:49.970+0000] {dagbag.py:539} INFO - Filling up the DagBag from /opt/airflow/dags/branch_dim_generator.py
[2024-09-20T09:53:50.280+0000] {processor.py:839} INFO - DAG(s) dict_keys(['branch_dim_generator']) retrieved from /opt/airflow/dags/branch_dim_generator.py
[2024-09-20T09:53:50.318+0000] {logging_mixin.py:151} INFO - [2024-09-20T09:53:50.317+0000] {dag.py:2915} INFO - Sync 1 DAGs
[2024-09-20T09:53:50.334+0000] {logging_mixin.py:151} INFO - [2024-09-20T09:53:50.333+0000] {dag.py:3696} INFO - Setting next_dagrun for branch_dim_generator to 2024-09-20T00:00:00+00:00, run_after=2024-09-21T00:00:00+00:00
[2024-09-20T09:53:50.347+0000] {processor.py:179} INFO - Processing /opt/airflow/dags/branch_dim_generator.py took 0.393 seconds
[2024-09-20T09:54:20.572+0000] {processor.py:157} INFO - Started process (PID=6382) to work on /opt/airflow/dags/branch_dim_generator.py
[2024-09-20T09:54:20.575+0000] {processor.py:829} INFO - Processing file /opt/airflow/dags/branch_dim_generator.py for tasks to queue
[2024-09-20T09:54:20.576+0000] {logging_mixin.py:151} INFO - [2024-09-20T09:54:20.575+0000] {dagbag.py:539} INFO - Filling up the DagBag from /opt/airflow/dags/branch_dim_generator.py
[2024-09-20T09:54:20.828+0000] {processor.py:839} INFO - DAG(s) dict_keys(['branch_dim_generator']) retrieved from /opt/airflow/dags/branch_dim_generator.py
[2024-09-20T09:54:20.854+0000] {logging_mixin.py:151} INFO - [2024-09-20T09:54:20.854+0000] {dag.py:2915} INFO - Sync 1 DAGs
[2024-09-20T09:54:20.873+0000] {logging_mixin.py:151} INFO - [2024-09-20T09:54:20.872+0000] {dag.py:3696} INFO - Setting next_dagrun for branch_dim_generator to 2024-09-20T00:00:00+00:00, run_after=2024-09-21T00:00:00+00:00
[2024-09-20T09:54:20.894+0000] {processor.py:179} INFO - Processing /opt/airflow/dags/branch_dim_generator.py took 0.331 seconds
[2024-09-20T09:54:51.803+0000] {processor.py:157} INFO - Started process (PID=6429) to work on /opt/airflow/dags/branch_dim_generator.py
[2024-09-20T09:54:51.806+0000] {processor.py:829} INFO - Processing file /opt/airflow/dags/branch_dim_generator.py for tasks to queue
[2024-09-20T09:54:51.808+0000] {logging_mixin.py:151} INFO - [2024-09-20T09:54:51.808+0000] {dagbag.py:539} INFO - Filling up the DagBag from /opt/airflow/dags/branch_dim_generator.py
[2024-09-20T09:54:52.049+0000] {processor.py:839} INFO - DAG(s) dict_keys(['branch_dim_generator']) retrieved from /opt/airflow/dags/branch_dim_generator.py
[2024-09-20T09:54:52.075+0000] {logging_mixin.py:151} INFO - [2024-09-20T09:54:52.074+0000] {dag.py:2915} INFO - Sync 1 DAGs
[2024-09-20T09:54:52.092+0000] {logging_mixin.py:151} INFO - [2024-09-20T09:54:52.092+0000] {dag.py:3696} INFO - Setting next_dagrun for branch_dim_generator to 2024-09-20T00:00:00+00:00, run_after=2024-09-21T00:00:00+00:00
[2024-09-20T09:54:52.104+0000] {processor.py:179} INFO - Processing /opt/airflow/dags/branch_dim_generator.py took 0.310 seconds
[2024-09-20T09:55:23.372+0000] {processor.py:157} INFO - Started process (PID=6476) to work on /opt/airflow/dags/branch_dim_generator.py
[2024-09-20T09:55:23.377+0000] {processor.py:829} INFO - Processing file /opt/airflow/dags/branch_dim_generator.py for tasks to queue
[2024-09-20T09:55:23.398+0000] {logging_mixin.py:151} INFO - [2024-09-20T09:55:23.382+0000] {dagbag.py:539} INFO - Filling up the DagBag from /opt/airflow/dags/branch_dim_generator.py
[2024-09-20T09:55:24.049+0000] {processor.py:839} INFO - DAG(s) dict_keys(['branch_dim_generator']) retrieved from /opt/airflow/dags/branch_dim_generator.py
[2024-09-20T09:55:24.118+0000] {logging_mixin.py:151} INFO - [2024-09-20T09:55:24.118+0000] {dag.py:2915} INFO - Sync 1 DAGs
[2024-09-20T09:55:24.158+0000] {logging_mixin.py:151} INFO - [2024-09-20T09:55:24.157+0000] {dag.py:3696} INFO - Setting next_dagrun for branch_dim_generator to 2024-09-20T00:00:00+00:00, run_after=2024-09-21T00:00:00+00:00
[2024-09-20T09:55:24.185+0000] {processor.py:179} INFO - Processing /opt/airflow/dags/branch_dim_generator.py took 0.884 seconds
[2024-09-20T09:55:54.998+0000] {processor.py:157} INFO - Started process (PID=6523) to work on /opt/airflow/dags/branch_dim_generator.py
[2024-09-20T09:55:55.000+0000] {processor.py:829} INFO - Processing file /opt/airflow/dags/branch_dim_generator.py for tasks to queue
[2024-09-20T09:55:55.003+0000] {logging_mixin.py:151} INFO - [2024-09-20T09:55:55.002+0000] {dagbag.py:539} INFO - Filling up the DagBag from /opt/airflow/dags/branch_dim_generator.py
[2024-09-20T09:55:55.342+0000] {processor.py:839} INFO - DAG(s) dict_keys(['branch_dim_generator']) retrieved from /opt/airflow/dags/branch_dim_generator.py
[2024-09-20T09:55:55.415+0000] {logging_mixin.py:151} INFO - [2024-09-20T09:55:55.414+0000] {dag.py:2915} INFO - Sync 1 DAGs
[2024-09-20T09:55:55.482+0000] {logging_mixin.py:151} INFO - [2024-09-20T09:55:55.482+0000] {dag.py:3696} INFO - Setting next_dagrun for branch_dim_generator to 2024-09-20T00:00:00+00:00, run_after=2024-09-21T00:00:00+00:00
[2024-09-20T09:55:55.513+0000] {processor.py:179} INFO - Processing /opt/airflow/dags/branch_dim_generator.py took 0.535 seconds
[2024-09-20T10:19:56.154+0000] {processor.py:157} INFO - Started process (PID=6565) to work on /opt/airflow/dags/branch_dim_generator.py
[2024-09-20T10:19:56.156+0000] {processor.py:829} INFO - Processing file /opt/airflow/dags/branch_dim_generator.py for tasks to queue
[2024-09-20T10:19:56.157+0000] {logging_mixin.py:151} INFO - [2024-09-20T10:19:56.157+0000] {dagbag.py:539} INFO - Filling up the DagBag from /opt/airflow/dags/branch_dim_generator.py
[2024-09-20T10:19:56.648+0000] {processor.py:839} INFO - DAG(s) dict_keys(['branch_dim_generator']) retrieved from /opt/airflow/dags/branch_dim_generator.py
[2024-09-20T10:19:56.707+0000] {logging_mixin.py:151} INFO - [2024-09-20T10:19:56.706+0000] {dag.py:2915} INFO - Sync 1 DAGs
[2024-09-20T10:19:56.735+0000] {logging_mixin.py:151} INFO - [2024-09-20T10:19:56.735+0000] {dag.py:3696} INFO - Setting next_dagrun for branch_dim_generator to 2024-09-20T00:00:00+00:00, run_after=2024-09-21T00:00:00+00:00
[2024-09-20T10:19:56.767+0000] {processor.py:179} INFO - Processing /opt/airflow/dags/branch_dim_generator.py took 0.622 seconds
[2024-09-20T11:11:23.320+0000] {processor.py:157} INFO - Started process (PID=6600) to work on /opt/airflow/dags/branch_dim_generator.py
[2024-09-20T11:11:23.322+0000] {processor.py:829} INFO - Processing file /opt/airflow/dags/branch_dim_generator.py for tasks to queue
[2024-09-20T11:11:23.322+0000] {logging_mixin.py:151} INFO - [2024-09-20T11:11:23.322+0000] {dagbag.py:539} INFO - Filling up the DagBag from /opt/airflow/dags/branch_dim_generator.py
[2024-09-20T11:11:23.712+0000] {processor.py:839} INFO - DAG(s) dict_keys(['branch_dim_generator']) retrieved from /opt/airflow/dags/branch_dim_generator.py
[2024-09-20T11:11:23.769+0000] {logging_mixin.py:151} INFO - [2024-09-20T11:11:23.769+0000] {dag.py:2915} INFO - Sync 1 DAGs
[2024-09-20T11:11:23.796+0000] {logging_mixin.py:151} INFO - [2024-09-20T11:11:23.795+0000] {dag.py:3696} INFO - Setting next_dagrun for branch_dim_generator to 2024-09-20T00:00:00+00:00, run_after=2024-09-21T00:00:00+00:00
[2024-09-20T11:11:23.809+0000] {processor.py:179} INFO - Processing /opt/airflow/dags/branch_dim_generator.py took 0.496 seconds
[2024-09-20T11:52:09.744+0000] {processor.py:157} INFO - Started process (PID=6647) to work on /opt/airflow/dags/branch_dim_generator.py
[2024-09-20T11:52:09.746+0000] {processor.py:829} INFO - Processing file /opt/airflow/dags/branch_dim_generator.py for tasks to queue
[2024-09-20T11:52:09.747+0000] {logging_mixin.py:151} INFO - [2024-09-20T11:52:09.747+0000] {dagbag.py:539} INFO - Filling up the DagBag from /opt/airflow/dags/branch_dim_generator.py
[2024-09-20T11:52:10.547+0000] {processor.py:839} INFO - DAG(s) dict_keys(['branch_dim_generator']) retrieved from /opt/airflow/dags/branch_dim_generator.py
[2024-09-20T11:52:10.869+0000] {logging_mixin.py:151} INFO - [2024-09-20T11:52:10.866+0000] {dag.py:2915} INFO - Sync 1 DAGs
[2024-09-20T11:52:10.966+0000] {logging_mixin.py:151} INFO - [2024-09-20T11:52:10.966+0000] {dag.py:3696} INFO - Setting next_dagrun for branch_dim_generator to 2024-09-20T00:00:00+00:00, run_after=2024-09-21T00:00:00+00:00
[2024-09-20T11:52:11.138+0000] {processor.py:179} INFO - Processing /opt/airflow/dags/branch_dim_generator.py took 1.397 seconds
[2024-09-20T12:13:22.194+0000] {processor.py:157} INFO - Started process (PID=6694) to work on /opt/airflow/dags/branch_dim_generator.py
[2024-09-20T12:13:22.196+0000] {processor.py:829} INFO - Processing file /opt/airflow/dags/branch_dim_generator.py for tasks to queue
[2024-09-20T12:13:22.197+0000] {logging_mixin.py:151} INFO - [2024-09-20T12:13:22.197+0000] {dagbag.py:539} INFO - Filling up the DagBag from /opt/airflow/dags/branch_dim_generator.py
[2024-09-20T12:13:22.873+0000] {processor.py:839} INFO - DAG(s) dict_keys(['branch_dim_generator']) retrieved from /opt/airflow/dags/branch_dim_generator.py
[2024-09-20T12:13:22.926+0000] {logging_mixin.py:151} INFO - [2024-09-20T12:13:22.926+0000] {dag.py:2915} INFO - Sync 1 DAGs
[2024-09-20T12:13:22.956+0000] {logging_mixin.py:151} INFO - [2024-09-20T12:13:22.956+0000] {dag.py:3696} INFO - Setting next_dagrun for branch_dim_generator to 2024-09-20T00:00:00+00:00, run_after=2024-09-21T00:00:00+00:00
[2024-09-20T12:13:22.975+0000] {processor.py:179} INFO - Processing /opt/airflow/dags/branch_dim_generator.py took 0.794 seconds
[2024-09-20T12:47:45.939+0000] {processor.py:157} INFO - Started process (PID=6741) to work on /opt/airflow/dags/branch_dim_generator.py
[2024-09-20T12:47:45.940+0000] {processor.py:829} INFO - Processing file /opt/airflow/dags/branch_dim_generator.py for tasks to queue
[2024-09-20T12:47:45.940+0000] {logging_mixin.py:151} INFO - [2024-09-20T12:47:45.940+0000] {dagbag.py:539} INFO - Filling up the DagBag from /opt/airflow/dags/branch_dim_generator.py
[2024-09-20T12:47:46.165+0000] {processor.py:839} INFO - DAG(s) dict_keys(['branch_dim_generator']) retrieved from /opt/airflow/dags/branch_dim_generator.py
[2024-09-20T12:47:46.193+0000] {logging_mixin.py:151} INFO - [2024-09-20T12:47:46.193+0000] {dag.py:2915} INFO - Sync 1 DAGs
[2024-09-20T12:47:46.207+0000] {logging_mixin.py:151} INFO - [2024-09-20T12:47:46.207+0000] {dag.py:3696} INFO - Setting next_dagrun for branch_dim_generator to 2024-09-20T00:00:00+00:00, run_after=2024-09-21T00:00:00+00:00
[2024-09-20T12:47:46.216+0000] {processor.py:179} INFO - Processing /opt/airflow/dags/branch_dim_generator.py took 0.284 seconds
[2024-09-20T13:24:25.019+0000] {processor.py:157} INFO - Started process (PID=6790) to work on /opt/airflow/dags/branch_dim_generator.py
[2024-09-20T13:24:25.020+0000] {processor.py:829} INFO - Processing file /opt/airflow/dags/branch_dim_generator.py for tasks to queue
[2024-09-20T13:24:25.020+0000] {logging_mixin.py:151} INFO - [2024-09-20T13:24:25.020+0000] {dagbag.py:539} INFO - Filling up the DagBag from /opt/airflow/dags/branch_dim_generator.py
[2024-09-20T13:24:25.897+0000] {processor.py:839} INFO - DAG(s) dict_keys(['branch_dim_generator']) retrieved from /opt/airflow/dags/branch_dim_generator.py
[2024-09-20T13:24:26.030+0000] {logging_mixin.py:151} INFO - [2024-09-20T13:24:26.028+0000] {dag.py:2915} INFO - Sync 1 DAGs
[2024-09-20T13:24:26.087+0000] {logging_mixin.py:151} INFO - [2024-09-20T13:24:26.087+0000] {dag.py:3696} INFO - Setting next_dagrun for branch_dim_generator to 2024-09-20T00:00:00+00:00, run_after=2024-09-21T00:00:00+00:00
[2024-09-20T13:24:26.123+0000] {processor.py:179} INFO - Processing /opt/airflow/dags/branch_dim_generator.py took 1.106 seconds
[2024-09-20T13:24:56.763+0000] {processor.py:157} INFO - Started process (PID=6837) to work on /opt/airflow/dags/branch_dim_generator.py
[2024-09-20T13:24:56.764+0000] {processor.py:829} INFO - Processing file /opt/airflow/dags/branch_dim_generator.py for tasks to queue
[2024-09-20T13:24:56.765+0000] {logging_mixin.py:151} INFO - [2024-09-20T13:24:56.765+0000] {dagbag.py:539} INFO - Filling up the DagBag from /opt/airflow/dags/branch_dim_generator.py
[2024-09-20T13:24:57.064+0000] {processor.py:839} INFO - DAG(s) dict_keys(['branch_dim_generator']) retrieved from /opt/airflow/dags/branch_dim_generator.py
[2024-09-20T13:24:57.113+0000] {logging_mixin.py:151} INFO - [2024-09-20T13:24:57.113+0000] {dag.py:2915} INFO - Sync 1 DAGs
[2024-09-20T13:24:57.133+0000] {logging_mixin.py:151} INFO - [2024-09-20T13:24:57.133+0000] {dag.py:3696} INFO - Setting next_dagrun for branch_dim_generator to 2024-09-20T00:00:00+00:00, run_after=2024-09-21T00:00:00+00:00
[2024-09-20T13:24:57.150+0000] {processor.py:179} INFO - Processing /opt/airflow/dags/branch_dim_generator.py took 0.395 seconds
[2024-09-20T13:25:27.229+0000] {processor.py:157} INFO - Started process (PID=6884) to work on /opt/airflow/dags/branch_dim_generator.py
[2024-09-20T13:25:27.230+0000] {processor.py:829} INFO - Processing file /opt/airflow/dags/branch_dim_generator.py for tasks to queue
[2024-09-20T13:25:27.231+0000] {logging_mixin.py:151} INFO - [2024-09-20T13:25:27.231+0000] {dagbag.py:539} INFO - Filling up the DagBag from /opt/airflow/dags/branch_dim_generator.py
[2024-09-20T13:25:27.510+0000] {processor.py:839} INFO - DAG(s) dict_keys(['branch_dim_generator']) retrieved from /opt/airflow/dags/branch_dim_generator.py
[2024-09-20T13:25:27.542+0000] {logging_mixin.py:151} INFO - [2024-09-20T13:25:27.541+0000] {dag.py:2915} INFO - Sync 1 DAGs
[2024-09-20T13:25:27.558+0000] {logging_mixin.py:151} INFO - [2024-09-20T13:25:27.558+0000] {dag.py:3696} INFO - Setting next_dagrun for branch_dim_generator to 2024-09-20T00:00:00+00:00, run_after=2024-09-21T00:00:00+00:00
[2024-09-20T13:25:27.579+0000] {processor.py:179} INFO - Processing /opt/airflow/dags/branch_dim_generator.py took 0.354 seconds
[2024-09-20T13:49:49.823+0000] {processor.py:157} INFO - Started process (PID=6932) to work on /opt/airflow/dags/branch_dim_generator.py
[2024-09-20T13:49:49.830+0000] {processor.py:829} INFO - Processing file /opt/airflow/dags/branch_dim_generator.py for tasks to queue
[2024-09-20T13:49:49.840+0000] {logging_mixin.py:151} INFO - [2024-09-20T13:49:49.836+0000] {dagbag.py:539} INFO - Filling up the DagBag from /opt/airflow/dags/branch_dim_generator.py
[2024-09-20T13:49:50.355+0000] {processor.py:839} INFO - DAG(s) dict_keys(['branch_dim_generator']) retrieved from /opt/airflow/dags/branch_dim_generator.py
[2024-09-20T13:49:50.401+0000] {logging_mixin.py:151} INFO - [2024-09-20T13:49:50.401+0000] {dag.py:2915} INFO - Sync 1 DAGs
[2024-09-20T13:49:50.426+0000] {logging_mixin.py:151} INFO - [2024-09-20T13:49:50.426+0000] {dag.py:3696} INFO - Setting next_dagrun for branch_dim_generator to 2024-09-20T00:00:00+00:00, run_after=2024-09-21T00:00:00+00:00
[2024-09-20T13:49:50.446+0000] {processor.py:179} INFO - Processing /opt/airflow/dags/branch_dim_generator.py took 0.663 seconds
[2024-09-20T13:55:41.963+0000] {processor.py:157} INFO - Started process (PID=6979) to work on /opt/airflow/dags/branch_dim_generator.py
[2024-09-20T13:55:41.964+0000] {processor.py:829} INFO - Processing file /opt/airflow/dags/branch_dim_generator.py for tasks to queue
[2024-09-20T13:55:41.964+0000] {logging_mixin.py:151} INFO - [2024-09-20T13:55:41.964+0000] {dagbag.py:539} INFO - Filling up the DagBag from /opt/airflow/dags/branch_dim_generator.py
[2024-09-20T13:55:42.305+0000] {processor.py:839} INFO - DAG(s) dict_keys(['branch_dim_generator']) retrieved from /opt/airflow/dags/branch_dim_generator.py
[2024-09-20T13:55:42.370+0000] {logging_mixin.py:151} INFO - [2024-09-20T13:55:42.370+0000] {dag.py:2915} INFO - Sync 1 DAGs
[2024-09-20T13:55:42.435+0000] {logging_mixin.py:151} INFO - [2024-09-20T13:55:42.434+0000] {dag.py:3696} INFO - Setting next_dagrun for branch_dim_generator to 2024-09-20T00:00:00+00:00, run_after=2024-09-21T00:00:00+00:00
[2024-09-20T13:55:42.481+0000] {processor.py:179} INFO - Processing /opt/airflow/dags/branch_dim_generator.py took 0.520 seconds
