[2024-09-20T00:48:21.221+0000] {processor.py:157} INFO - Started process (PID=3415) to work on /opt/airflow/dags/loader_dag.py
[2024-09-20T00:48:21.226+0000] {processor.py:829} INFO - Processing file /opt/airflow/dags/loader_dag.py for tasks to queue
[2024-09-20T00:48:21.238+0000] {logging_mixin.py:151} INFO - [2024-09-20T00:48:21.236+0000] {dagbag.py:539} INFO - Filling up the DagBag from /opt/airflow/dags/loader_dag.py
[2024-09-20T00:48:21.318+0000] {processor.py:839} INFO - DAG(s) dict_keys(['dimension_batch_ingestion']) retrieved from /opt/airflow/dags/loader_dag.py
[2024-09-20T00:48:21.453+0000] {logging_mixin.py:151} INFO - [2024-09-20T00:48:21.452+0000] {dag.py:2915} INFO - Sync 1 DAGs
[2024-09-20T00:48:21.588+0000] {logging_mixin.py:151} INFO - [2024-09-20T00:48:21.587+0000] {dag.py:3696} INFO - Setting next_dagrun for dimension_batch_ingestion to 2024-09-19T00:00:00+00:00, run_after=2024-09-20T00:00:00+00:00
[2024-09-20T00:48:21.804+0000] {processor.py:179} INFO - Processing /opt/airflow/dags/loader_dag.py took 0.596 seconds
[2024-09-20T02:26:48.509+0000] {processor.py:157} INFO - Started process (PID=3484) to work on /opt/airflow/dags/loader_dag.py
[2024-09-20T02:26:48.523+0000] {processor.py:829} INFO - Processing file /opt/airflow/dags/loader_dag.py for tasks to queue
[2024-09-20T02:26:48.536+0000] {logging_mixin.py:151} INFO - [2024-09-20T02:26:48.528+0000] {dagbag.py:539} INFO - Filling up the DagBag from /opt/airflow/dags/loader_dag.py
[2024-09-20T02:26:48.817+0000] {processor.py:839} INFO - DAG(s) dict_keys(['dimension_batch_ingestion']) retrieved from /opt/airflow/dags/loader_dag.py
[2024-09-20T02:26:49.069+0000] {logging_mixin.py:151} INFO - [2024-09-20T02:26:49.068+0000] {dag.py:2915} INFO - Sync 1 DAGs
[2024-09-20T02:26:49.127+0000] {logging_mixin.py:151} INFO - [2024-09-20T02:26:49.127+0000] {dag.py:3696} INFO - Setting next_dagrun for dimension_batch_ingestion to 2024-09-20T00:00:00+00:00, run_after=2024-09-21T00:00:00+00:00
[2024-09-20T02:26:49.170+0000] {processor.py:179} INFO - Processing /opt/airflow/dags/loader_dag.py took 0.726 seconds
[2024-09-20T03:15:46.657+0000] {processor.py:157} INFO - Started process (PID=3531) to work on /opt/airflow/dags/loader_dag.py
[2024-09-20T03:15:46.673+0000] {processor.py:829} INFO - Processing file /opt/airflow/dags/loader_dag.py for tasks to queue
[2024-09-20T03:15:46.697+0000] {logging_mixin.py:151} INFO - [2024-09-20T03:15:46.686+0000] {dagbag.py:539} INFO - Filling up the DagBag from /opt/airflow/dags/loader_dag.py
[2024-09-20T03:15:47.024+0000] {processor.py:839} INFO - DAG(s) dict_keys(['dimension_batch_ingestion']) retrieved from /opt/airflow/dags/loader_dag.py
[2024-09-20T03:15:47.215+0000] {logging_mixin.py:151} INFO - [2024-09-20T03:15:47.210+0000] {dag.py:2915} INFO - Sync 1 DAGs
[2024-09-20T03:15:47.364+0000] {logging_mixin.py:151} INFO - [2024-09-20T03:15:47.364+0000] {dag.py:3696} INFO - Setting next_dagrun for dimension_batch_ingestion to 2024-09-20T00:00:00+00:00, run_after=2024-09-21T00:00:00+00:00
[2024-09-20T03:15:47.457+0000] {processor.py:179} INFO - Processing /opt/airflow/dags/loader_dag.py took 0.969 seconds
[2024-09-20T03:38:07.346+0000] {processor.py:157} INFO - Started process (PID=3581) to work on /opt/airflow/dags/loader_dag.py
[2024-09-20T03:38:07.349+0000] {processor.py:829} INFO - Processing file /opt/airflow/dags/loader_dag.py for tasks to queue
[2024-09-20T03:38:07.354+0000] {logging_mixin.py:151} INFO - [2024-09-20T03:38:07.353+0000] {dagbag.py:539} INFO - Filling up the DagBag from /opt/airflow/dags/loader_dag.py
[2024-09-20T03:38:07.435+0000] {processor.py:839} INFO - DAG(s) dict_keys(['dimension_batch_ingestion']) retrieved from /opt/airflow/dags/loader_dag.py
[2024-09-20T03:38:07.670+0000] {logging_mixin.py:151} INFO - [2024-09-20T03:38:07.669+0000] {dag.py:2915} INFO - Sync 1 DAGs
[2024-09-20T03:38:07.771+0000] {logging_mixin.py:151} INFO - [2024-09-20T03:38:07.769+0000] {dag.py:3696} INFO - Setting next_dagrun for dimension_batch_ingestion to 2024-09-20T00:00:00+00:00, run_after=2024-09-21T00:00:00+00:00
[2024-09-20T03:38:07.860+0000] {processor.py:179} INFO - Processing /opt/airflow/dags/loader_dag.py took 0.521 seconds
[2024-09-20T04:12:43.931+0000] {processor.py:157} INFO - Started process (PID=3629) to work on /opt/airflow/dags/loader_dag.py
[2024-09-20T04:12:43.936+0000] {processor.py:829} INFO - Processing file /opt/airflow/dags/loader_dag.py for tasks to queue
[2024-09-20T04:12:43.939+0000] {logging_mixin.py:151} INFO - [2024-09-20T04:12:43.938+0000] {dagbag.py:539} INFO - Filling up the DagBag from /opt/airflow/dags/loader_dag.py
[2024-09-20T04:12:44.078+0000] {processor.py:839} INFO - DAG(s) dict_keys(['dimension_batch_ingestion']) retrieved from /opt/airflow/dags/loader_dag.py
[2024-09-20T04:12:44.262+0000] {logging_mixin.py:151} INFO - [2024-09-20T04:12:44.261+0000] {dag.py:2915} INFO - Sync 1 DAGs
[2024-09-20T04:12:44.323+0000] {logging_mixin.py:151} INFO - [2024-09-20T04:12:44.322+0000] {dag.py:3696} INFO - Setting next_dagrun for dimension_batch_ingestion to 2024-09-20T00:00:00+00:00, run_after=2024-09-21T00:00:00+00:00
[2024-09-20T04:12:44.416+0000] {processor.py:179} INFO - Processing /opt/airflow/dags/loader_dag.py took 0.526 seconds
[2024-09-20T05:20:18.093+0000] {processor.py:157} INFO - Started process (PID=3678) to work on /opt/airflow/dags/loader_dag.py
[2024-09-20T05:20:18.121+0000] {processor.py:829} INFO - Processing file /opt/airflow/dags/loader_dag.py for tasks to queue
[2024-09-20T05:20:18.151+0000] {logging_mixin.py:151} INFO - [2024-09-20T05:20:18.139+0000] {dagbag.py:539} INFO - Filling up the DagBag from /opt/airflow/dags/loader_dag.py
[2024-09-20T05:20:18.549+0000] {processor.py:839} INFO - DAG(s) dict_keys(['dimension_batch_ingestion']) retrieved from /opt/airflow/dags/loader_dag.py
[2024-09-20T05:20:19.130+0000] {logging_mixin.py:151} INFO - [2024-09-20T05:20:19.117+0000] {dag.py:2915} INFO - Sync 1 DAGs
[2024-09-20T05:20:19.663+0000] {logging_mixin.py:151} INFO - [2024-09-20T05:20:19.661+0000] {dag.py:3696} INFO - Setting next_dagrun for dimension_batch_ingestion to 2024-09-20T00:00:00+00:00, run_after=2024-09-21T00:00:00+00:00
[2024-09-20T05:20:19.781+0000] {processor.py:179} INFO - Processing /opt/airflow/dags/loader_dag.py took 1.840 seconds
[2024-09-20T05:55:00.288+0000] {processor.py:157} INFO - Started process (PID=3728) to work on /opt/airflow/dags/loader_dag.py
[2024-09-20T05:55:00.294+0000] {processor.py:829} INFO - Processing file /opt/airflow/dags/loader_dag.py for tasks to queue
[2024-09-20T05:55:00.296+0000] {logging_mixin.py:151} INFO - [2024-09-20T05:55:00.295+0000] {dagbag.py:539} INFO - Filling up the DagBag from /opt/airflow/dags/loader_dag.py
[2024-09-20T05:55:00.382+0000] {processor.py:839} INFO - DAG(s) dict_keys(['dimension_batch_ingestion']) retrieved from /opt/airflow/dags/loader_dag.py
[2024-09-20T05:55:00.498+0000] {logging_mixin.py:151} INFO - [2024-09-20T05:55:00.497+0000] {dag.py:2915} INFO - Sync 1 DAGs
[2024-09-20T05:55:00.556+0000] {logging_mixin.py:151} INFO - [2024-09-20T05:55:00.556+0000] {dag.py:3696} INFO - Setting next_dagrun for dimension_batch_ingestion to 2024-09-20T00:00:00+00:00, run_after=2024-09-21T00:00:00+00:00
[2024-09-20T05:55:00.633+0000] {processor.py:179} INFO - Processing /opt/airflow/dags/loader_dag.py took 0.365 seconds
[2024-09-20T06:50:00.823+0000] {processor.py:157} INFO - Started process (PID=3776) to work on /opt/airflow/dags/loader_dag.py
[2024-09-20T06:50:00.829+0000] {processor.py:829} INFO - Processing file /opt/airflow/dags/loader_dag.py for tasks to queue
[2024-09-20T06:50:00.836+0000] {logging_mixin.py:151} INFO - [2024-09-20T06:50:00.832+0000] {dagbag.py:539} INFO - Filling up the DagBag from /opt/airflow/dags/loader_dag.py
[2024-09-20T06:50:00.963+0000] {processor.py:839} INFO - DAG(s) dict_keys(['dimension_batch_ingestion']) retrieved from /opt/airflow/dags/loader_dag.py
[2024-09-20T06:50:01.217+0000] {logging_mixin.py:151} INFO - [2024-09-20T06:50:01.216+0000] {dag.py:2915} INFO - Sync 1 DAGs
[2024-09-20T06:50:01.354+0000] {logging_mixin.py:151} INFO - [2024-09-20T06:50:01.353+0000] {dag.py:3696} INFO - Setting next_dagrun for dimension_batch_ingestion to 2024-09-20T00:00:00+00:00, run_after=2024-09-21T00:00:00+00:00
[2024-09-20T06:50:01.421+0000] {processor.py:179} INFO - Processing /opt/airflow/dags/loader_dag.py took 0.618 seconds
[2024-09-20T06:56:18.572+0000] {processor.py:157} INFO - Started process (PID=3825) to work on /opt/airflow/dags/loader_dag.py
[2024-09-20T06:56:18.586+0000] {processor.py:829} INFO - Processing file /opt/airflow/dags/loader_dag.py for tasks to queue
[2024-09-20T06:56:18.617+0000] {logging_mixin.py:151} INFO - [2024-09-20T06:56:18.597+0000] {dagbag.py:539} INFO - Filling up the DagBag from /opt/airflow/dags/loader_dag.py
[2024-09-20T06:56:18.772+0000] {processor.py:839} INFO - DAG(s) dict_keys(['dimension_batch_ingestion']) retrieved from /opt/airflow/dags/loader_dag.py
[2024-09-20T06:56:19.010+0000] {logging_mixin.py:151} INFO - [2024-09-20T06:56:19.009+0000] {dag.py:2915} INFO - Sync 1 DAGs
[2024-09-20T06:56:19.094+0000] {logging_mixin.py:151} INFO - [2024-09-20T06:56:19.094+0000] {dag.py:3696} INFO - Setting next_dagrun for dimension_batch_ingestion to 2024-09-20T00:00:00+00:00, run_after=2024-09-21T00:00:00+00:00
[2024-09-20T06:56:19.140+0000] {processor.py:179} INFO - Processing /opt/airflow/dags/loader_dag.py took 0.586 seconds
[2024-09-20T06:56:49.718+0000] {processor.py:157} INFO - Started process (PID=3873) to work on /opt/airflow/dags/loader_dag.py
[2024-09-20T06:56:49.724+0000] {processor.py:829} INFO - Processing file /opt/airflow/dags/loader_dag.py for tasks to queue
[2024-09-20T06:56:49.728+0000] {logging_mixin.py:151} INFO - [2024-09-20T06:56:49.727+0000] {dagbag.py:539} INFO - Filling up the DagBag from /opt/airflow/dags/loader_dag.py
[2024-09-20T06:56:49.796+0000] {processor.py:839} INFO - DAG(s) dict_keys(['dimension_batch_ingestion']) retrieved from /opt/airflow/dags/loader_dag.py
[2024-09-20T06:56:49.864+0000] {logging_mixin.py:151} INFO - [2024-09-20T06:56:49.864+0000] {dag.py:2915} INFO - Sync 1 DAGs
[2024-09-20T06:56:49.897+0000] {logging_mixin.py:151} INFO - [2024-09-20T06:56:49.897+0000] {dag.py:3696} INFO - Setting next_dagrun for dimension_batch_ingestion to 2024-09-20T00:00:00+00:00, run_after=2024-09-21T00:00:00+00:00
[2024-09-20T06:56:49.952+0000] {processor.py:179} INFO - Processing /opt/airflow/dags/loader_dag.py took 0.254 seconds
[2024-09-20T06:57:20.558+0000] {processor.py:157} INFO - Started process (PID=3920) to work on /opt/airflow/dags/loader_dag.py
[2024-09-20T06:57:20.559+0000] {processor.py:829} INFO - Processing file /opt/airflow/dags/loader_dag.py for tasks to queue
[2024-09-20T06:57:20.560+0000] {logging_mixin.py:151} INFO - [2024-09-20T06:57:20.560+0000] {dagbag.py:539} INFO - Filling up the DagBag from /opt/airflow/dags/loader_dag.py
[2024-09-20T06:57:20.583+0000] {processor.py:839} INFO - DAG(s) dict_keys(['dimension_batch_ingestion']) retrieved from /opt/airflow/dags/loader_dag.py
[2024-09-20T06:57:20.624+0000] {logging_mixin.py:151} INFO - [2024-09-20T06:57:20.624+0000] {dag.py:2915} INFO - Sync 1 DAGs
[2024-09-20T06:57:20.669+0000] {logging_mixin.py:151} INFO - [2024-09-20T06:57:20.669+0000] {dag.py:3696} INFO - Setting next_dagrun for dimension_batch_ingestion to 2024-09-20T00:00:00+00:00, run_after=2024-09-21T00:00:00+00:00
[2024-09-20T06:57:20.697+0000] {processor.py:179} INFO - Processing /opt/airflow/dags/loader_dag.py took 0.152 seconds
[2024-09-20T06:57:51.538+0000] {processor.py:157} INFO - Started process (PID=3966) to work on /opt/airflow/dags/loader_dag.py
[2024-09-20T06:57:51.540+0000] {processor.py:829} INFO - Processing file /opt/airflow/dags/loader_dag.py for tasks to queue
[2024-09-20T06:57:51.544+0000] {logging_mixin.py:151} INFO - [2024-09-20T06:57:51.543+0000] {dagbag.py:539} INFO - Filling up the DagBag from /opt/airflow/dags/loader_dag.py
[2024-09-20T06:57:51.598+0000] {processor.py:839} INFO - DAG(s) dict_keys(['dimension_batch_ingestion']) retrieved from /opt/airflow/dags/loader_dag.py
[2024-09-20T06:57:51.664+0000] {logging_mixin.py:151} INFO - [2024-09-20T06:57:51.664+0000] {dag.py:2915} INFO - Sync 1 DAGs
[2024-09-20T06:57:51.689+0000] {logging_mixin.py:151} INFO - [2024-09-20T06:57:51.689+0000] {dag.py:3696} INFO - Setting next_dagrun for dimension_batch_ingestion to 2024-09-20T00:00:00+00:00, run_after=2024-09-21T00:00:00+00:00
[2024-09-20T06:57:51.713+0000] {processor.py:179} INFO - Processing /opt/airflow/dags/loader_dag.py took 0.186 seconds
[2024-09-20T06:58:22.442+0000] {processor.py:157} INFO - Started process (PID=4015) to work on /opt/airflow/dags/loader_dag.py
[2024-09-20T06:58:22.444+0000] {processor.py:829} INFO - Processing file /opt/airflow/dags/loader_dag.py for tasks to queue
[2024-09-20T06:58:22.448+0000] {logging_mixin.py:151} INFO - [2024-09-20T06:58:22.447+0000] {dagbag.py:539} INFO - Filling up the DagBag from /opt/airflow/dags/loader_dag.py
[2024-09-20T06:58:22.485+0000] {processor.py:839} INFO - DAG(s) dict_keys(['dimension_batch_ingestion']) retrieved from /opt/airflow/dags/loader_dag.py
[2024-09-20T06:58:22.569+0000] {logging_mixin.py:151} INFO - [2024-09-20T06:58:22.568+0000] {dag.py:2915} INFO - Sync 1 DAGs
[2024-09-20T06:58:22.629+0000] {logging_mixin.py:151} INFO - [2024-09-20T06:58:22.629+0000] {dag.py:3696} INFO - Setting next_dagrun for dimension_batch_ingestion to 2024-09-20T00:00:00+00:00, run_after=2024-09-21T00:00:00+00:00
[2024-09-20T06:58:22.646+0000] {processor.py:179} INFO - Processing /opt/airflow/dags/loader_dag.py took 0.210 seconds
[2024-09-20T06:58:53.175+0000] {processor.py:157} INFO - Started process (PID=4062) to work on /opt/airflow/dags/loader_dag.py
[2024-09-20T06:58:53.178+0000] {processor.py:829} INFO - Processing file /opt/airflow/dags/loader_dag.py for tasks to queue
[2024-09-20T06:58:53.179+0000] {logging_mixin.py:151} INFO - [2024-09-20T06:58:53.179+0000] {dagbag.py:539} INFO - Filling up the DagBag from /opt/airflow/dags/loader_dag.py
[2024-09-20T06:58:53.198+0000] {processor.py:839} INFO - DAG(s) dict_keys(['dimension_batch_ingestion']) retrieved from /opt/airflow/dags/loader_dag.py
[2024-09-20T06:58:53.253+0000] {logging_mixin.py:151} INFO - [2024-09-20T06:58:53.252+0000] {dag.py:2915} INFO - Sync 1 DAGs
[2024-09-20T06:58:53.278+0000] {logging_mixin.py:151} INFO - [2024-09-20T06:58:53.278+0000] {dag.py:3696} INFO - Setting next_dagrun for dimension_batch_ingestion to 2024-09-20T00:00:00+00:00, run_after=2024-09-21T00:00:00+00:00
[2024-09-20T06:58:53.294+0000] {processor.py:179} INFO - Processing /opt/airflow/dags/loader_dag.py took 0.136 seconds
[2024-09-20T06:59:23.799+0000] {processor.py:157} INFO - Started process (PID=4109) to work on /opt/airflow/dags/loader_dag.py
[2024-09-20T06:59:23.800+0000] {processor.py:829} INFO - Processing file /opt/airflow/dags/loader_dag.py for tasks to queue
[2024-09-20T06:59:23.801+0000] {logging_mixin.py:151} INFO - [2024-09-20T06:59:23.801+0000] {dagbag.py:539} INFO - Filling up the DagBag from /opt/airflow/dags/loader_dag.py
[2024-09-20T06:59:23.845+0000] {processor.py:839} INFO - DAG(s) dict_keys(['dimension_batch_ingestion']) retrieved from /opt/airflow/dags/loader_dag.py
[2024-09-20T06:59:23.933+0000] {logging_mixin.py:151} INFO - [2024-09-20T06:59:23.932+0000] {dag.py:2915} INFO - Sync 1 DAGs
[2024-09-20T06:59:24.051+0000] {logging_mixin.py:151} INFO - [2024-09-20T06:59:24.050+0000] {dag.py:3696} INFO - Setting next_dagrun for dimension_batch_ingestion to 2024-09-20T00:00:00+00:00, run_after=2024-09-21T00:00:00+00:00
[2024-09-20T06:59:24.093+0000] {processor.py:179} INFO - Processing /opt/airflow/dags/loader_dag.py took 0.299 seconds
[2024-09-20T06:59:54.509+0000] {processor.py:157} INFO - Started process (PID=4162) to work on /opt/airflow/dags/loader_dag.py
[2024-09-20T06:59:54.510+0000] {processor.py:829} INFO - Processing file /opt/airflow/dags/loader_dag.py for tasks to queue
[2024-09-20T06:59:54.511+0000] {logging_mixin.py:151} INFO - [2024-09-20T06:59:54.511+0000] {dagbag.py:539} INFO - Filling up the DagBag from /opt/airflow/dags/loader_dag.py
[2024-09-20T06:59:54.539+0000] {processor.py:839} INFO - DAG(s) dict_keys(['dimension_batch_ingestion']) retrieved from /opt/airflow/dags/loader_dag.py
[2024-09-20T06:59:54.583+0000] {logging_mixin.py:151} INFO - [2024-09-20T06:59:54.583+0000] {dag.py:2915} INFO - Sync 1 DAGs
[2024-09-20T06:59:54.604+0000] {logging_mixin.py:151} INFO - [2024-09-20T06:59:54.604+0000] {dag.py:3696} INFO - Setting next_dagrun for dimension_batch_ingestion to 2024-09-20T00:00:00+00:00, run_after=2024-09-21T00:00:00+00:00
[2024-09-20T06:59:54.618+0000] {processor.py:179} INFO - Processing /opt/airflow/dags/loader_dag.py took 0.116 seconds
[2024-09-20T07:00:25.025+0000] {processor.py:157} INFO - Started process (PID=4209) to work on /opt/airflow/dags/loader_dag.py
[2024-09-20T07:00:25.029+0000] {processor.py:829} INFO - Processing file /opt/airflow/dags/loader_dag.py for tasks to queue
[2024-09-20T07:00:25.031+0000] {logging_mixin.py:151} INFO - [2024-09-20T07:00:25.030+0000] {dagbag.py:539} INFO - Filling up the DagBag from /opt/airflow/dags/loader_dag.py
[2024-09-20T07:00:25.074+0000] {processor.py:839} INFO - DAG(s) dict_keys(['dimension_batch_ingestion']) retrieved from /opt/airflow/dags/loader_dag.py
[2024-09-20T07:00:25.113+0000] {logging_mixin.py:151} INFO - [2024-09-20T07:00:25.113+0000] {dag.py:2915} INFO - Sync 1 DAGs
[2024-09-20T07:00:25.136+0000] {logging_mixin.py:151} INFO - [2024-09-20T07:00:25.136+0000] {dag.py:3696} INFO - Setting next_dagrun for dimension_batch_ingestion to 2024-09-20T00:00:00+00:00, run_after=2024-09-21T00:00:00+00:00
[2024-09-20T07:00:25.161+0000] {processor.py:179} INFO - Processing /opt/airflow/dags/loader_dag.py took 0.154 seconds
[2024-09-20T07:00:55.949+0000] {processor.py:157} INFO - Started process (PID=4256) to work on /opt/airflow/dags/loader_dag.py
[2024-09-20T07:00:55.955+0000] {processor.py:829} INFO - Processing file /opt/airflow/dags/loader_dag.py for tasks to queue
[2024-09-20T07:00:55.991+0000] {logging_mixin.py:151} INFO - [2024-09-20T07:00:55.980+0000] {dagbag.py:539} INFO - Filling up the DagBag from /opt/airflow/dags/loader_dag.py
[2024-09-20T07:00:56.234+0000] {processor.py:839} INFO - DAG(s) dict_keys(['dimension_batch_ingestion']) retrieved from /opt/airflow/dags/loader_dag.py
[2024-09-20T07:00:56.562+0000] {logging_mixin.py:151} INFO - [2024-09-20T07:00:56.560+0000] {dag.py:2915} INFO - Sync 1 DAGs
[2024-09-20T07:00:56.607+0000] {logging_mixin.py:151} INFO - [2024-09-20T07:00:56.607+0000] {dag.py:3696} INFO - Setting next_dagrun for dimension_batch_ingestion to 2024-09-20T00:00:00+00:00, run_after=2024-09-21T00:00:00+00:00
[2024-09-20T07:00:56.641+0000] {processor.py:179} INFO - Processing /opt/airflow/dags/loader_dag.py took 0.725 seconds
[2024-09-20T07:01:27.439+0000] {processor.py:157} INFO - Started process (PID=4303) to work on /opt/airflow/dags/loader_dag.py
[2024-09-20T07:01:27.443+0000] {processor.py:829} INFO - Processing file /opt/airflow/dags/loader_dag.py for tasks to queue
[2024-09-20T07:01:27.447+0000] {logging_mixin.py:151} INFO - [2024-09-20T07:01:27.446+0000] {dagbag.py:539} INFO - Filling up the DagBag from /opt/airflow/dags/loader_dag.py
[2024-09-20T07:01:27.489+0000] {processor.py:839} INFO - DAG(s) dict_keys(['dimension_batch_ingestion']) retrieved from /opt/airflow/dags/loader_dag.py
[2024-09-20T07:01:27.526+0000] {logging_mixin.py:151} INFO - [2024-09-20T07:01:27.526+0000] {dag.py:2915} INFO - Sync 1 DAGs
[2024-09-20T07:01:27.565+0000] {logging_mixin.py:151} INFO - [2024-09-20T07:01:27.565+0000] {dag.py:3696} INFO - Setting next_dagrun for dimension_batch_ingestion to 2024-09-20T00:00:00+00:00, run_after=2024-09-21T00:00:00+00:00
[2024-09-20T07:01:27.581+0000] {processor.py:179} INFO - Processing /opt/airflow/dags/loader_dag.py took 0.148 seconds
[2024-09-20T07:01:57.914+0000] {processor.py:157} INFO - Started process (PID=4350) to work on /opt/airflow/dags/loader_dag.py
[2024-09-20T07:01:57.915+0000] {processor.py:829} INFO - Processing file /opt/airflow/dags/loader_dag.py for tasks to queue
[2024-09-20T07:01:57.918+0000] {logging_mixin.py:151} INFO - [2024-09-20T07:01:57.918+0000] {dagbag.py:539} INFO - Filling up the DagBag from /opt/airflow/dags/loader_dag.py
[2024-09-20T07:01:57.953+0000] {processor.py:839} INFO - DAG(s) dict_keys(['dimension_batch_ingestion']) retrieved from /opt/airflow/dags/loader_dag.py
[2024-09-20T07:01:58.002+0000] {logging_mixin.py:151} INFO - [2024-09-20T07:01:58.001+0000] {dag.py:2915} INFO - Sync 1 DAGs
[2024-09-20T07:01:58.035+0000] {logging_mixin.py:151} INFO - [2024-09-20T07:01:58.034+0000] {dag.py:3696} INFO - Setting next_dagrun for dimension_batch_ingestion to 2024-09-20T00:00:00+00:00, run_after=2024-09-21T00:00:00+00:00
[2024-09-20T07:01:58.073+0000] {processor.py:179} INFO - Processing /opt/airflow/dags/loader_dag.py took 0.164 seconds
[2024-09-20T07:02:28.363+0000] {processor.py:157} INFO - Started process (PID=4397) to work on /opt/airflow/dags/loader_dag.py
[2024-09-20T07:02:28.364+0000] {processor.py:829} INFO - Processing file /opt/airflow/dags/loader_dag.py for tasks to queue
[2024-09-20T07:02:28.365+0000] {logging_mixin.py:151} INFO - [2024-09-20T07:02:28.365+0000] {dagbag.py:539} INFO - Filling up the DagBag from /opt/airflow/dags/loader_dag.py
[2024-09-20T07:02:28.395+0000] {processor.py:839} INFO - DAG(s) dict_keys(['dimension_batch_ingestion']) retrieved from /opt/airflow/dags/loader_dag.py
[2024-09-20T07:02:28.455+0000] {logging_mixin.py:151} INFO - [2024-09-20T07:02:28.455+0000] {dag.py:2915} INFO - Sync 1 DAGs
[2024-09-20T07:02:28.477+0000] {logging_mixin.py:151} INFO - [2024-09-20T07:02:28.477+0000] {dag.py:3696} INFO - Setting next_dagrun for dimension_batch_ingestion to 2024-09-20T00:00:00+00:00, run_after=2024-09-21T00:00:00+00:00
[2024-09-20T07:02:28.493+0000] {processor.py:179} INFO - Processing /opt/airflow/dags/loader_dag.py took 0.136 seconds
[2024-09-20T07:02:58.612+0000] {processor.py:157} INFO - Started process (PID=4444) to work on /opt/airflow/dags/loader_dag.py
[2024-09-20T07:02:58.615+0000] {processor.py:829} INFO - Processing file /opt/airflow/dags/loader_dag.py for tasks to queue
[2024-09-20T07:02:58.617+0000] {logging_mixin.py:151} INFO - [2024-09-20T07:02:58.617+0000] {dagbag.py:539} INFO - Filling up the DagBag from /opt/airflow/dags/loader_dag.py
[2024-09-20T07:02:58.643+0000] {processor.py:839} INFO - DAG(s) dict_keys(['dimension_batch_ingestion']) retrieved from /opt/airflow/dags/loader_dag.py
[2024-09-20T07:02:58.691+0000] {logging_mixin.py:151} INFO - [2024-09-20T07:02:58.691+0000] {dag.py:2915} INFO - Sync 1 DAGs
[2024-09-20T07:02:58.710+0000] {logging_mixin.py:151} INFO - [2024-09-20T07:02:58.710+0000] {dag.py:3696} INFO - Setting next_dagrun for dimension_batch_ingestion to 2024-09-20T00:00:00+00:00, run_after=2024-09-21T00:00:00+00:00
[2024-09-20T07:02:58.725+0000] {processor.py:179} INFO - Processing /opt/airflow/dags/loader_dag.py took 0.130 seconds
[2024-09-20T07:03:28.900+0000] {processor.py:157} INFO - Started process (PID=4491) to work on /opt/airflow/dags/loader_dag.py
[2024-09-20T07:03:28.904+0000] {processor.py:829} INFO - Processing file /opt/airflow/dags/loader_dag.py for tasks to queue
[2024-09-20T07:03:28.909+0000] {logging_mixin.py:151} INFO - [2024-09-20T07:03:28.908+0000] {dagbag.py:539} INFO - Filling up the DagBag from /opt/airflow/dags/loader_dag.py
[2024-09-20T07:03:28.937+0000] {processor.py:839} INFO - DAG(s) dict_keys(['dimension_batch_ingestion']) retrieved from /opt/airflow/dags/loader_dag.py
[2024-09-20T07:03:28.991+0000] {logging_mixin.py:151} INFO - [2024-09-20T07:03:28.991+0000] {dag.py:2915} INFO - Sync 1 DAGs
[2024-09-20T07:03:29.015+0000] {logging_mixin.py:151} INFO - [2024-09-20T07:03:29.014+0000] {dag.py:3696} INFO - Setting next_dagrun for dimension_batch_ingestion to 2024-09-20T00:00:00+00:00, run_after=2024-09-21T00:00:00+00:00
[2024-09-20T07:03:29.031+0000] {processor.py:179} INFO - Processing /opt/airflow/dags/loader_dag.py took 0.140 seconds
[2024-09-20T07:03:59.522+0000] {processor.py:157} INFO - Started process (PID=4537) to work on /opt/airflow/dags/loader_dag.py
[2024-09-20T07:03:59.523+0000] {processor.py:829} INFO - Processing file /opt/airflow/dags/loader_dag.py for tasks to queue
[2024-09-20T07:03:59.525+0000] {logging_mixin.py:151} INFO - [2024-09-20T07:03:59.525+0000] {dagbag.py:539} INFO - Filling up the DagBag from /opt/airflow/dags/loader_dag.py
[2024-09-20T07:03:59.579+0000] {processor.py:839} INFO - DAG(s) dict_keys(['dimension_batch_ingestion']) retrieved from /opt/airflow/dags/loader_dag.py
[2024-09-20T07:03:59.621+0000] {logging_mixin.py:151} INFO - [2024-09-20T07:03:59.621+0000] {dag.py:2915} INFO - Sync 1 DAGs
[2024-09-20T07:03:59.643+0000] {logging_mixin.py:151} INFO - [2024-09-20T07:03:59.643+0000] {dag.py:3696} INFO - Setting next_dagrun for dimension_batch_ingestion to 2024-09-20T00:00:00+00:00, run_after=2024-09-21T00:00:00+00:00
[2024-09-20T07:03:59.657+0000] {processor.py:179} INFO - Processing /opt/airflow/dags/loader_dag.py took 0.141 seconds
[2024-09-20T07:04:29.874+0000] {processor.py:157} INFO - Started process (PID=4584) to work on /opt/airflow/dags/loader_dag.py
[2024-09-20T07:04:29.878+0000] {processor.py:829} INFO - Processing file /opt/airflow/dags/loader_dag.py for tasks to queue
[2024-09-20T07:04:29.879+0000] {logging_mixin.py:151} INFO - [2024-09-20T07:04:29.879+0000] {dagbag.py:539} INFO - Filling up the DagBag from /opt/airflow/dags/loader_dag.py
[2024-09-20T07:04:29.910+0000] {processor.py:839} INFO - DAG(s) dict_keys(['dimension_batch_ingestion']) retrieved from /opt/airflow/dags/loader_dag.py
[2024-09-20T07:04:29.947+0000] {logging_mixin.py:151} INFO - [2024-09-20T07:04:29.947+0000] {dag.py:2915} INFO - Sync 1 DAGs
[2024-09-20T07:04:29.968+0000] {logging_mixin.py:151} INFO - [2024-09-20T07:04:29.968+0000] {dag.py:3696} INFO - Setting next_dagrun for dimension_batch_ingestion to 2024-09-20T00:00:00+00:00, run_after=2024-09-21T00:00:00+00:00
[2024-09-20T07:04:29.988+0000] {processor.py:179} INFO - Processing /opt/airflow/dags/loader_dag.py took 0.131 seconds
[2024-09-20T07:05:00.162+0000] {processor.py:157} INFO - Started process (PID=4631) to work on /opt/airflow/dags/loader_dag.py
[2024-09-20T07:05:00.164+0000] {processor.py:829} INFO - Processing file /opt/airflow/dags/loader_dag.py for tasks to queue
[2024-09-20T07:05:00.167+0000] {logging_mixin.py:151} INFO - [2024-09-20T07:05:00.167+0000] {dagbag.py:539} INFO - Filling up the DagBag from /opt/airflow/dags/loader_dag.py
[2024-09-20T07:05:00.216+0000] {processor.py:839} INFO - DAG(s) dict_keys(['dimension_batch_ingestion']) retrieved from /opt/airflow/dags/loader_dag.py
[2024-09-20T07:05:00.254+0000] {logging_mixin.py:151} INFO - [2024-09-20T07:05:00.254+0000] {dag.py:2915} INFO - Sync 1 DAGs
[2024-09-20T07:05:00.274+0000] {logging_mixin.py:151} INFO - [2024-09-20T07:05:00.273+0000] {dag.py:3696} INFO - Setting next_dagrun for dimension_batch_ingestion to 2024-09-20T00:00:00+00:00, run_after=2024-09-21T00:00:00+00:00
[2024-09-20T07:05:00.302+0000] {processor.py:179} INFO - Processing /opt/airflow/dags/loader_dag.py took 0.146 seconds
[2024-09-20T07:05:30.581+0000] {processor.py:157} INFO - Started process (PID=4678) to work on /opt/airflow/dags/loader_dag.py
[2024-09-20T07:05:30.582+0000] {processor.py:829} INFO - Processing file /opt/airflow/dags/loader_dag.py for tasks to queue
[2024-09-20T07:05:30.584+0000] {logging_mixin.py:151} INFO - [2024-09-20T07:05:30.584+0000] {dagbag.py:539} INFO - Filling up the DagBag from /opt/airflow/dags/loader_dag.py
[2024-09-20T07:05:30.605+0000] {processor.py:839} INFO - DAG(s) dict_keys(['dimension_batch_ingestion']) retrieved from /opt/airflow/dags/loader_dag.py
[2024-09-20T07:05:30.666+0000] {logging_mixin.py:151} INFO - [2024-09-20T07:05:30.665+0000] {dag.py:2915} INFO - Sync 1 DAGs
[2024-09-20T07:05:30.707+0000] {logging_mixin.py:151} INFO - [2024-09-20T07:05:30.707+0000] {dag.py:3696} INFO - Setting next_dagrun for dimension_batch_ingestion to 2024-09-20T00:00:00+00:00, run_after=2024-09-21T00:00:00+00:00
[2024-09-20T07:05:30.733+0000] {processor.py:179} INFO - Processing /opt/airflow/dags/loader_dag.py took 0.162 seconds
[2024-09-20T07:06:01.272+0000] {processor.py:157} INFO - Started process (PID=4725) to work on /opt/airflow/dags/loader_dag.py
[2024-09-20T07:06:01.275+0000] {processor.py:829} INFO - Processing file /opt/airflow/dags/loader_dag.py for tasks to queue
[2024-09-20T07:06:01.277+0000] {logging_mixin.py:151} INFO - [2024-09-20T07:06:01.277+0000] {dagbag.py:539} INFO - Filling up the DagBag from /opt/airflow/dags/loader_dag.py
[2024-09-20T07:06:01.300+0000] {processor.py:839} INFO - DAG(s) dict_keys(['dimension_batch_ingestion']) retrieved from /opt/airflow/dags/loader_dag.py
[2024-09-20T07:06:01.349+0000] {logging_mixin.py:151} INFO - [2024-09-20T07:06:01.349+0000] {dag.py:2915} INFO - Sync 1 DAGs
[2024-09-20T07:06:01.367+0000] {logging_mixin.py:151} INFO - [2024-09-20T07:06:01.367+0000] {dag.py:3696} INFO - Setting next_dagrun for dimension_batch_ingestion to 2024-09-20T00:00:00+00:00, run_after=2024-09-21T00:00:00+00:00
[2024-09-20T07:06:01.381+0000] {processor.py:179} INFO - Processing /opt/airflow/dags/loader_dag.py took 0.119 seconds
[2024-09-20T07:06:31.932+0000] {processor.py:157} INFO - Started process (PID=4771) to work on /opt/airflow/dags/loader_dag.py
[2024-09-20T07:06:31.933+0000] {processor.py:829} INFO - Processing file /opt/airflow/dags/loader_dag.py for tasks to queue
[2024-09-20T07:06:31.934+0000] {logging_mixin.py:151} INFO - [2024-09-20T07:06:31.934+0000] {dagbag.py:539} INFO - Filling up the DagBag from /opt/airflow/dags/loader_dag.py
[2024-09-20T07:06:31.974+0000] {processor.py:839} INFO - DAG(s) dict_keys(['dimension_batch_ingestion']) retrieved from /opt/airflow/dags/loader_dag.py
[2024-09-20T07:06:32.032+0000] {logging_mixin.py:151} INFO - [2024-09-20T07:06:32.032+0000] {dag.py:2915} INFO - Sync 1 DAGs
[2024-09-20T07:06:32.049+0000] {logging_mixin.py:151} INFO - [2024-09-20T07:06:32.049+0000] {dag.py:3696} INFO - Setting next_dagrun for dimension_batch_ingestion to 2024-09-20T00:00:00+00:00, run_after=2024-09-21T00:00:00+00:00
[2024-09-20T07:06:32.068+0000] {processor.py:179} INFO - Processing /opt/airflow/dags/loader_dag.py took 0.151 seconds
[2024-09-20T07:07:02.550+0000] {processor.py:157} INFO - Started process (PID=4818) to work on /opt/airflow/dags/loader_dag.py
[2024-09-20T07:07:02.553+0000] {processor.py:829} INFO - Processing file /opt/airflow/dags/loader_dag.py for tasks to queue
[2024-09-20T07:07:02.555+0000] {logging_mixin.py:151} INFO - [2024-09-20T07:07:02.555+0000] {dagbag.py:539} INFO - Filling up the DagBag from /opt/airflow/dags/loader_dag.py
[2024-09-20T07:07:02.599+0000] {processor.py:839} INFO - DAG(s) dict_keys(['dimension_batch_ingestion']) retrieved from /opt/airflow/dags/loader_dag.py
[2024-09-20T07:07:02.632+0000] {logging_mixin.py:151} INFO - [2024-09-20T07:07:02.632+0000] {dag.py:2915} INFO - Sync 1 DAGs
[2024-09-20T07:07:02.667+0000] {logging_mixin.py:151} INFO - [2024-09-20T07:07:02.667+0000] {dag.py:3696} INFO - Setting next_dagrun for dimension_batch_ingestion to 2024-09-20T00:00:00+00:00, run_after=2024-09-21T00:00:00+00:00
[2024-09-20T07:07:02.684+0000] {processor.py:179} INFO - Processing /opt/airflow/dags/loader_dag.py took 0.141 seconds
[2024-09-20T07:07:33.238+0000] {processor.py:157} INFO - Started process (PID=4865) to work on /opt/airflow/dags/loader_dag.py
[2024-09-20T07:07:33.240+0000] {processor.py:829} INFO - Processing file /opt/airflow/dags/loader_dag.py for tasks to queue
[2024-09-20T07:07:33.246+0000] {logging_mixin.py:151} INFO - [2024-09-20T07:07:33.243+0000] {dagbag.py:539} INFO - Filling up the DagBag from /opt/airflow/dags/loader_dag.py
[2024-09-20T07:07:33.291+0000] {processor.py:839} INFO - DAG(s) dict_keys(['dimension_batch_ingestion']) retrieved from /opt/airflow/dags/loader_dag.py
[2024-09-20T07:07:33.324+0000] {logging_mixin.py:151} INFO - [2024-09-20T07:07:33.324+0000] {dag.py:2915} INFO - Sync 1 DAGs
[2024-09-20T07:07:33.357+0000] {logging_mixin.py:151} INFO - [2024-09-20T07:07:33.357+0000] {dag.py:3696} INFO - Setting next_dagrun for dimension_batch_ingestion to 2024-09-20T00:00:00+00:00, run_after=2024-09-21T00:00:00+00:00
[2024-09-20T07:07:33.373+0000] {processor.py:179} INFO - Processing /opt/airflow/dags/loader_dag.py took 0.141 seconds
[2024-09-20T07:08:03.844+0000] {processor.py:157} INFO - Started process (PID=4911) to work on /opt/airflow/dags/loader_dag.py
[2024-09-20T07:08:03.846+0000] {processor.py:829} INFO - Processing file /opt/airflow/dags/loader_dag.py for tasks to queue
[2024-09-20T07:08:03.848+0000] {logging_mixin.py:151} INFO - [2024-09-20T07:08:03.847+0000] {dagbag.py:539} INFO - Filling up the DagBag from /opt/airflow/dags/loader_dag.py
[2024-09-20T07:08:03.888+0000] {processor.py:839} INFO - DAG(s) dict_keys(['dimension_batch_ingestion']) retrieved from /opt/airflow/dags/loader_dag.py
[2024-09-20T07:08:03.921+0000] {logging_mixin.py:151} INFO - [2024-09-20T07:08:03.921+0000] {dag.py:2915} INFO - Sync 1 DAGs
[2024-09-20T07:08:03.945+0000] {logging_mixin.py:151} INFO - [2024-09-20T07:08:03.945+0000] {dag.py:3696} INFO - Setting next_dagrun for dimension_batch_ingestion to 2024-09-20T00:00:00+00:00, run_after=2024-09-21T00:00:00+00:00
[2024-09-20T07:08:03.967+0000] {processor.py:179} INFO - Processing /opt/airflow/dags/loader_dag.py took 0.130 seconds
[2024-09-20T07:54:52.367+0000] {processor.py:157} INFO - Started process (PID=4952) to work on /opt/airflow/dags/loader_dag.py
[2024-09-20T07:54:52.370+0000] {processor.py:829} INFO - Processing file /opt/airflow/dags/loader_dag.py for tasks to queue
[2024-09-20T07:54:52.373+0000] {logging_mixin.py:151} INFO - [2024-09-20T07:54:52.373+0000] {dagbag.py:539} INFO - Filling up the DagBag from /opt/airflow/dags/loader_dag.py
[2024-09-20T07:54:52.399+0000] {processor.py:839} INFO - DAG(s) dict_keys(['dimension_batch_ingestion']) retrieved from /opt/airflow/dags/loader_dag.py
[2024-09-20T07:54:52.444+0000] {logging_mixin.py:151} INFO - [2024-09-20T07:54:52.444+0000] {dag.py:2915} INFO - Sync 1 DAGs
[2024-09-20T07:54:52.467+0000] {logging_mixin.py:151} INFO - [2024-09-20T07:54:52.466+0000] {dag.py:3696} INFO - Setting next_dagrun for dimension_batch_ingestion to 2024-09-20T00:00:00+00:00, run_after=2024-09-21T00:00:00+00:00
[2024-09-20T07:54:52.487+0000] {processor.py:179} INFO - Processing /opt/airflow/dags/loader_dag.py took 0.128 seconds
[2024-09-20T08:09:03.536+0000] {processor.py:157} INFO - Started process (PID=5003) to work on /opt/airflow/dags/loader_dag.py
[2024-09-20T08:09:03.547+0000] {processor.py:829} INFO - Processing file /opt/airflow/dags/loader_dag.py for tasks to queue
[2024-09-20T08:09:03.552+0000] {logging_mixin.py:151} INFO - [2024-09-20T08:09:03.550+0000] {dagbag.py:539} INFO - Filling up the DagBag from /opt/airflow/dags/loader_dag.py
[2024-09-20T08:09:03.754+0000] {processor.py:839} INFO - DAG(s) dict_keys(['dimension_batch_ingestion']) retrieved from /opt/airflow/dags/loader_dag.py
[2024-09-20T08:09:03.941+0000] {logging_mixin.py:151} INFO - [2024-09-20T08:09:03.941+0000] {dag.py:2915} INFO - Sync 1 DAGs
[2024-09-20T08:09:03.987+0000] {logging_mixin.py:151} INFO - [2024-09-20T08:09:03.987+0000] {dag.py:3696} INFO - Setting next_dagrun for dimension_batch_ingestion to 2024-09-20T00:00:00+00:00, run_after=2024-09-21T00:00:00+00:00
[2024-09-20T08:09:04.015+0000] {processor.py:179} INFO - Processing /opt/airflow/dags/loader_dag.py took 0.529 seconds
[2024-09-20T08:41:06.050+0000] {processor.py:157} INFO - Started process (PID=5050) to work on /opt/airflow/dags/loader_dag.py
[2024-09-20T08:41:06.054+0000] {processor.py:829} INFO - Processing file /opt/airflow/dags/loader_dag.py for tasks to queue
[2024-09-20T08:41:06.062+0000] {logging_mixin.py:151} INFO - [2024-09-20T08:41:06.057+0000] {dagbag.py:539} INFO - Filling up the DagBag from /opt/airflow/dags/loader_dag.py
[2024-09-20T08:41:06.173+0000] {processor.py:839} INFO - DAG(s) dict_keys(['dimension_batch_ingestion']) retrieved from /opt/airflow/dags/loader_dag.py
[2024-09-20T08:41:06.328+0000] {logging_mixin.py:151} INFO - [2024-09-20T08:41:06.328+0000] {dag.py:2915} INFO - Sync 1 DAGs
[2024-09-20T08:41:06.427+0000] {logging_mixin.py:151} INFO - [2024-09-20T08:41:06.427+0000] {dag.py:3696} INFO - Setting next_dagrun for dimension_batch_ingestion to 2024-09-20T00:00:00+00:00, run_after=2024-09-21T00:00:00+00:00
[2024-09-20T08:41:06.453+0000] {processor.py:179} INFO - Processing /opt/airflow/dags/loader_dag.py took 0.424 seconds
[2024-09-20T09:16:00.971+0000] {processor.py:157} INFO - Started process (PID=5098) to work on /opt/airflow/dags/loader_dag.py
[2024-09-20T09:16:00.975+0000] {processor.py:829} INFO - Processing file /opt/airflow/dags/loader_dag.py for tasks to queue
[2024-09-20T09:16:00.982+0000] {logging_mixin.py:151} INFO - [2024-09-20T09:16:00.981+0000] {dagbag.py:539} INFO - Filling up the DagBag from /opt/airflow/dags/loader_dag.py
[2024-09-20T09:16:01.101+0000] {processor.py:839} INFO - DAG(s) dict_keys(['dimension_batch_ingestion']) retrieved from /opt/airflow/dags/loader_dag.py
[2024-09-20T09:16:01.257+0000] {logging_mixin.py:151} INFO - [2024-09-20T09:16:01.256+0000] {dag.py:2915} INFO - Sync 1 DAGs
[2024-09-20T09:16:01.344+0000] {logging_mixin.py:151} INFO - [2024-09-20T09:16:01.343+0000] {dag.py:3696} INFO - Setting next_dagrun for dimension_batch_ingestion to 2024-09-20T00:00:00+00:00, run_after=2024-09-21T00:00:00+00:00
[2024-09-20T09:16:01.388+0000] {processor.py:179} INFO - Processing /opt/airflow/dags/loader_dag.py took 0.442 seconds
[2024-09-20T09:22:38.433+0000] {processor.py:157} INFO - Started process (PID=5144) to work on /opt/airflow/dags/loader_dag.py
[2024-09-20T09:22:38.438+0000] {processor.py:829} INFO - Processing file /opt/airflow/dags/loader_dag.py for tasks to queue
[2024-09-20T09:22:38.440+0000] {logging_mixin.py:151} INFO - [2024-09-20T09:22:38.439+0000] {dagbag.py:539} INFO - Filling up the DagBag from /opt/airflow/dags/loader_dag.py
[2024-09-20T09:22:38.527+0000] {processor.py:839} INFO - DAG(s) dict_keys(['dimension_batch_ingestion']) retrieved from /opt/airflow/dags/loader_dag.py
[2024-09-20T09:22:38.655+0000] {logging_mixin.py:151} INFO - [2024-09-20T09:22:38.655+0000] {dag.py:2915} INFO - Sync 1 DAGs
[2024-09-20T09:22:38.777+0000] {logging_mixin.py:151} INFO - [2024-09-20T09:22:38.777+0000] {dag.py:3696} INFO - Setting next_dagrun for dimension_batch_ingestion to 2024-09-20T00:00:00+00:00, run_after=2024-09-21T00:00:00+00:00
[2024-09-20T09:22:38.832+0000] {processor.py:179} INFO - Processing /opt/airflow/dags/loader_dag.py took 0.418 seconds
[2024-09-20T09:41:26.663+0000] {processor.py:157} INFO - Started process (PID=5193) to work on /opt/airflow/dags/loader_dag.py
[2024-09-20T09:41:26.674+0000] {processor.py:829} INFO - Processing file /opt/airflow/dags/loader_dag.py for tasks to queue
[2024-09-20T09:41:26.682+0000] {logging_mixin.py:151} INFO - [2024-09-20T09:41:26.680+0000] {dagbag.py:539} INFO - Filling up the DagBag from /opt/airflow/dags/loader_dag.py
[2024-09-20T09:41:26.782+0000] {processor.py:839} INFO - DAG(s) dict_keys(['dimension_batch_ingestion']) retrieved from /opt/airflow/dags/loader_dag.py
[2024-09-20T09:41:26.922+0000] {logging_mixin.py:151} INFO - [2024-09-20T09:41:26.920+0000] {dag.py:2915} INFO - Sync 1 DAGs
[2024-09-20T09:41:26.995+0000] {logging_mixin.py:151} INFO - [2024-09-20T09:41:26.994+0000] {dag.py:3696} INFO - Setting next_dagrun for dimension_batch_ingestion to 2024-09-20T00:00:00+00:00, run_after=2024-09-21T00:00:00+00:00
[2024-09-20T09:41:27.055+0000] {processor.py:179} INFO - Processing /opt/airflow/dags/loader_dag.py took 0.421 seconds
[2024-09-20T09:41:57.211+0000] {processor.py:157} INFO - Started process (PID=5238) to work on /opt/airflow/dags/loader_dag.py
[2024-09-20T09:41:57.213+0000] {processor.py:829} INFO - Processing file /opt/airflow/dags/loader_dag.py for tasks to queue
[2024-09-20T09:41:57.214+0000] {logging_mixin.py:151} INFO - [2024-09-20T09:41:57.213+0000] {dagbag.py:539} INFO - Filling up the DagBag from /opt/airflow/dags/loader_dag.py
[2024-09-20T09:41:57.253+0000] {processor.py:839} INFO - DAG(s) dict_keys(['dimension_batch_ingestion']) retrieved from /opt/airflow/dags/loader_dag.py
[2024-09-20T09:41:57.349+0000] {logging_mixin.py:151} INFO - [2024-09-20T09:41:57.349+0000] {dag.py:2915} INFO - Sync 1 DAGs
[2024-09-20T09:41:57.375+0000] {logging_mixin.py:151} INFO - [2024-09-20T09:41:57.375+0000] {dag.py:3696} INFO - Setting next_dagrun for dimension_batch_ingestion to 2024-09-20T00:00:00+00:00, run_after=2024-09-21T00:00:00+00:00
[2024-09-20T09:41:57.392+0000] {processor.py:179} INFO - Processing /opt/airflow/dags/loader_dag.py took 0.190 seconds
[2024-09-20T09:42:28.384+0000] {processor.py:157} INFO - Started process (PID=5287) to work on /opt/airflow/dags/loader_dag.py
[2024-09-20T09:42:28.386+0000] {processor.py:829} INFO - Processing file /opt/airflow/dags/loader_dag.py for tasks to queue
[2024-09-20T09:42:28.388+0000] {logging_mixin.py:151} INFO - [2024-09-20T09:42:28.387+0000] {dagbag.py:539} INFO - Filling up the DagBag from /opt/airflow/dags/loader_dag.py
[2024-09-20T09:42:28.444+0000] {processor.py:839} INFO - DAG(s) dict_keys(['dimension_batch_ingestion']) retrieved from /opt/airflow/dags/loader_dag.py
[2024-09-20T09:42:28.510+0000] {logging_mixin.py:151} INFO - [2024-09-20T09:42:28.509+0000] {dag.py:2915} INFO - Sync 1 DAGs
[2024-09-20T09:42:28.538+0000] {logging_mixin.py:151} INFO - [2024-09-20T09:42:28.538+0000] {dag.py:3696} INFO - Setting next_dagrun for dimension_batch_ingestion to 2024-09-20T00:00:00+00:00, run_after=2024-09-21T00:00:00+00:00
[2024-09-20T09:42:28.570+0000] {processor.py:179} INFO - Processing /opt/airflow/dags/loader_dag.py took 0.198 seconds
[2024-09-20T09:42:58.689+0000] {processor.py:157} INFO - Started process (PID=5335) to work on /opt/airflow/dags/loader_dag.py
[2024-09-20T09:42:58.691+0000] {processor.py:829} INFO - Processing file /opt/airflow/dags/loader_dag.py for tasks to queue
[2024-09-20T09:42:58.692+0000] {logging_mixin.py:151} INFO - [2024-09-20T09:42:58.691+0000] {dagbag.py:539} INFO - Filling up the DagBag from /opt/airflow/dags/loader_dag.py
[2024-09-20T09:42:58.720+0000] {processor.py:839} INFO - DAG(s) dict_keys(['dimension_batch_ingestion']) retrieved from /opt/airflow/dags/loader_dag.py
[2024-09-20T09:42:58.786+0000] {logging_mixin.py:151} INFO - [2024-09-20T09:42:58.785+0000] {dag.py:2915} INFO - Sync 1 DAGs
[2024-09-20T09:42:58.817+0000] {logging_mixin.py:151} INFO - [2024-09-20T09:42:58.817+0000] {dag.py:3696} INFO - Setting next_dagrun for dimension_batch_ingestion to 2024-09-20T00:00:00+00:00, run_after=2024-09-21T00:00:00+00:00
[2024-09-20T09:42:58.836+0000] {processor.py:179} INFO - Processing /opt/airflow/dags/loader_dag.py took 0.162 seconds
[2024-09-20T09:43:29.278+0000] {processor.py:157} INFO - Started process (PID=5381) to work on /opt/airflow/dags/loader_dag.py
[2024-09-20T09:43:29.279+0000] {processor.py:829} INFO - Processing file /opt/airflow/dags/loader_dag.py for tasks to queue
[2024-09-20T09:43:29.282+0000] {logging_mixin.py:151} INFO - [2024-09-20T09:43:29.281+0000] {dagbag.py:539} INFO - Filling up the DagBag from /opt/airflow/dags/loader_dag.py
[2024-09-20T09:43:29.312+0000] {processor.py:839} INFO - DAG(s) dict_keys(['dimension_batch_ingestion']) retrieved from /opt/airflow/dags/loader_dag.py
[2024-09-20T09:43:29.372+0000] {logging_mixin.py:151} INFO - [2024-09-20T09:43:29.372+0000] {dag.py:2915} INFO - Sync 1 DAGs
[2024-09-20T09:43:29.416+0000] {logging_mixin.py:151} INFO - [2024-09-20T09:43:29.416+0000] {dag.py:3696} INFO - Setting next_dagrun for dimension_batch_ingestion to 2024-09-20T00:00:00+00:00, run_after=2024-09-21T00:00:00+00:00
[2024-09-20T09:43:29.440+0000] {processor.py:179} INFO - Processing /opt/airflow/dags/loader_dag.py took 0.168 seconds
[2024-09-20T09:43:59.818+0000] {processor.py:157} INFO - Started process (PID=5429) to work on /opt/airflow/dags/loader_dag.py
[2024-09-20T09:43:59.820+0000] {processor.py:829} INFO - Processing file /opt/airflow/dags/loader_dag.py for tasks to queue
[2024-09-20T09:43:59.827+0000] {logging_mixin.py:151} INFO - [2024-09-20T09:43:59.826+0000] {dagbag.py:539} INFO - Filling up the DagBag from /opt/airflow/dags/loader_dag.py
[2024-09-20T09:43:59.864+0000] {processor.py:839} INFO - DAG(s) dict_keys(['dimension_batch_ingestion']) retrieved from /opt/airflow/dags/loader_dag.py
[2024-09-20T09:43:59.941+0000] {logging_mixin.py:151} INFO - [2024-09-20T09:43:59.941+0000] {dag.py:2915} INFO - Sync 1 DAGs
[2024-09-20T09:43:59.978+0000] {logging_mixin.py:151} INFO - [2024-09-20T09:43:59.977+0000] {dag.py:3696} INFO - Setting next_dagrun for dimension_batch_ingestion to 2024-09-20T00:00:00+00:00, run_after=2024-09-21T00:00:00+00:00
[2024-09-20T09:44:00.029+0000] {processor.py:179} INFO - Processing /opt/airflow/dags/loader_dag.py took 0.216 seconds
[2024-09-20T09:44:30.560+0000] {processor.py:157} INFO - Started process (PID=5476) to work on /opt/airflow/dags/loader_dag.py
[2024-09-20T09:44:30.564+0000] {processor.py:829} INFO - Processing file /opt/airflow/dags/loader_dag.py for tasks to queue
[2024-09-20T09:44:30.564+0000] {logging_mixin.py:151} INFO - [2024-09-20T09:44:30.564+0000] {dagbag.py:539} INFO - Filling up the DagBag from /opt/airflow/dags/loader_dag.py
[2024-09-20T09:44:30.605+0000] {processor.py:839} INFO - DAG(s) dict_keys(['dimension_batch_ingestion']) retrieved from /opt/airflow/dags/loader_dag.py
[2024-09-20T09:44:30.668+0000] {logging_mixin.py:151} INFO - [2024-09-20T09:44:30.667+0000] {dag.py:2915} INFO - Sync 1 DAGs
[2024-09-20T09:44:30.703+0000] {logging_mixin.py:151} INFO - [2024-09-20T09:44:30.703+0000] {dag.py:3696} INFO - Setting next_dagrun for dimension_batch_ingestion to 2024-09-20T00:00:00+00:00, run_after=2024-09-21T00:00:00+00:00
[2024-09-20T09:44:30.722+0000] {processor.py:179} INFO - Processing /opt/airflow/dags/loader_dag.py took 0.171 seconds
[2024-09-20T09:45:01.216+0000] {processor.py:157} INFO - Started process (PID=5523) to work on /opt/airflow/dags/loader_dag.py
[2024-09-20T09:45:01.218+0000] {processor.py:829} INFO - Processing file /opt/airflow/dags/loader_dag.py for tasks to queue
[2024-09-20T09:45:01.219+0000] {logging_mixin.py:151} INFO - [2024-09-20T09:45:01.219+0000] {dagbag.py:539} INFO - Filling up the DagBag from /opt/airflow/dags/loader_dag.py
[2024-09-20T09:45:01.256+0000] {processor.py:839} INFO - DAG(s) dict_keys(['dimension_batch_ingestion']) retrieved from /opt/airflow/dags/loader_dag.py
[2024-09-20T09:45:01.295+0000] {logging_mixin.py:151} INFO - [2024-09-20T09:45:01.294+0000] {dag.py:2915} INFO - Sync 1 DAGs
[2024-09-20T09:45:01.328+0000] {logging_mixin.py:151} INFO - [2024-09-20T09:45:01.328+0000] {dag.py:3696} INFO - Setting next_dagrun for dimension_batch_ingestion to 2024-09-20T00:00:00+00:00, run_after=2024-09-21T00:00:00+00:00
[2024-09-20T09:45:01.345+0000] {processor.py:179} INFO - Processing /opt/airflow/dags/loader_dag.py took 0.134 seconds
[2024-09-20T09:45:31.765+0000] {processor.py:157} INFO - Started process (PID=5569) to work on /opt/airflow/dags/loader_dag.py
[2024-09-20T09:45:31.768+0000] {processor.py:829} INFO - Processing file /opt/airflow/dags/loader_dag.py for tasks to queue
[2024-09-20T09:45:31.770+0000] {logging_mixin.py:151} INFO - [2024-09-20T09:45:31.769+0000] {dagbag.py:539} INFO - Filling up the DagBag from /opt/airflow/dags/loader_dag.py
[2024-09-20T09:45:31.794+0000] {processor.py:839} INFO - DAG(s) dict_keys(['dimension_batch_ingestion']) retrieved from /opt/airflow/dags/loader_dag.py
[2024-09-20T09:45:31.834+0000] {logging_mixin.py:151} INFO - [2024-09-20T09:45:31.834+0000] {dag.py:2915} INFO - Sync 1 DAGs
[2024-09-20T09:45:31.852+0000] {logging_mixin.py:151} INFO - [2024-09-20T09:45:31.852+0000] {dag.py:3696} INFO - Setting next_dagrun for dimension_batch_ingestion to 2024-09-20T00:00:00+00:00, run_after=2024-09-21T00:00:00+00:00
[2024-09-20T09:45:31.867+0000] {processor.py:179} INFO - Processing /opt/airflow/dags/loader_dag.py took 0.108 seconds
[2024-09-20T09:46:02.420+0000] {processor.py:157} INFO - Started process (PID=5617) to work on /opt/airflow/dags/loader_dag.py
[2024-09-20T09:46:02.426+0000] {processor.py:829} INFO - Processing file /opt/airflow/dags/loader_dag.py for tasks to queue
[2024-09-20T09:46:02.428+0000] {logging_mixin.py:151} INFO - [2024-09-20T09:46:02.428+0000] {dagbag.py:539} INFO - Filling up the DagBag from /opt/airflow/dags/loader_dag.py
[2024-09-20T09:46:02.465+0000] {processor.py:839} INFO - DAG(s) dict_keys(['dimension_batch_ingestion']) retrieved from /opt/airflow/dags/loader_dag.py
[2024-09-20T09:46:02.519+0000] {logging_mixin.py:151} INFO - [2024-09-20T09:46:02.518+0000] {dag.py:2915} INFO - Sync 1 DAGs
[2024-09-20T09:46:02.552+0000] {logging_mixin.py:151} INFO - [2024-09-20T09:46:02.552+0000] {dag.py:3696} INFO - Setting next_dagrun for dimension_batch_ingestion to 2024-09-20T00:00:00+00:00, run_after=2024-09-21T00:00:00+00:00
[2024-09-20T09:46:02.573+0000] {processor.py:179} INFO - Processing /opt/airflow/dags/loader_dag.py took 0.162 seconds
[2024-09-20T09:46:32.722+0000] {processor.py:157} INFO - Started process (PID=5664) to work on /opt/airflow/dags/loader_dag.py
[2024-09-20T09:46:32.725+0000] {processor.py:829} INFO - Processing file /opt/airflow/dags/loader_dag.py for tasks to queue
[2024-09-20T09:46:32.726+0000] {logging_mixin.py:151} INFO - [2024-09-20T09:46:32.725+0000] {dagbag.py:539} INFO - Filling up the DagBag from /opt/airflow/dags/loader_dag.py
[2024-09-20T09:46:32.754+0000] {processor.py:839} INFO - DAG(s) dict_keys(['dimension_batch_ingestion']) retrieved from /opt/airflow/dags/loader_dag.py
[2024-09-20T09:46:32.810+0000] {logging_mixin.py:151} INFO - [2024-09-20T09:46:32.810+0000] {dag.py:2915} INFO - Sync 1 DAGs
[2024-09-20T09:46:32.830+0000] {logging_mixin.py:151} INFO - [2024-09-20T09:46:32.830+0000] {dag.py:3696} INFO - Setting next_dagrun for dimension_batch_ingestion to 2024-09-20T00:00:00+00:00, run_after=2024-09-21T00:00:00+00:00
[2024-09-20T09:46:32.846+0000] {processor.py:179} INFO - Processing /opt/airflow/dags/loader_dag.py took 0.140 seconds
[2024-09-20T09:47:03.483+0000] {processor.py:157} INFO - Started process (PID=5711) to work on /opt/airflow/dags/loader_dag.py
[2024-09-20T09:47:03.485+0000] {processor.py:829} INFO - Processing file /opt/airflow/dags/loader_dag.py for tasks to queue
[2024-09-20T09:47:03.487+0000] {logging_mixin.py:151} INFO - [2024-09-20T09:47:03.487+0000] {dagbag.py:539} INFO - Filling up the DagBag from /opt/airflow/dags/loader_dag.py
[2024-09-20T09:47:03.506+0000] {processor.py:839} INFO - DAG(s) dict_keys(['dimension_batch_ingestion']) retrieved from /opt/airflow/dags/loader_dag.py
[2024-09-20T09:47:03.563+0000] {logging_mixin.py:151} INFO - [2024-09-20T09:47:03.563+0000] {dag.py:2915} INFO - Sync 1 DAGs
[2024-09-20T09:47:03.580+0000] {logging_mixin.py:151} INFO - [2024-09-20T09:47:03.580+0000] {dag.py:3696} INFO - Setting next_dagrun for dimension_batch_ingestion to 2024-09-20T00:00:00+00:00, run_after=2024-09-21T00:00:00+00:00
[2024-09-20T09:47:03.599+0000] {processor.py:179} INFO - Processing /opt/airflow/dags/loader_dag.py took 0.122 seconds
[2024-09-20T09:47:34.559+0000] {processor.py:157} INFO - Started process (PID=5758) to work on /opt/airflow/dags/loader_dag.py
[2024-09-20T09:47:34.562+0000] {processor.py:829} INFO - Processing file /opt/airflow/dags/loader_dag.py for tasks to queue
[2024-09-20T09:47:34.564+0000] {logging_mixin.py:151} INFO - [2024-09-20T09:47:34.563+0000] {dagbag.py:539} INFO - Filling up the DagBag from /opt/airflow/dags/loader_dag.py
[2024-09-20T09:47:34.594+0000] {processor.py:839} INFO - DAG(s) dict_keys(['dimension_batch_ingestion']) retrieved from /opt/airflow/dags/loader_dag.py
[2024-09-20T09:47:34.627+0000] {logging_mixin.py:151} INFO - [2024-09-20T09:47:34.627+0000] {dag.py:2915} INFO - Sync 1 DAGs
[2024-09-20T09:47:34.647+0000] {logging_mixin.py:151} INFO - [2024-09-20T09:47:34.647+0000] {dag.py:3696} INFO - Setting next_dagrun for dimension_batch_ingestion to 2024-09-20T00:00:00+00:00, run_after=2024-09-21T00:00:00+00:00
[2024-09-20T09:47:34.659+0000] {processor.py:179} INFO - Processing /opt/airflow/dags/loader_dag.py took 0.107 seconds
[2024-09-20T09:48:05.060+0000] {processor.py:157} INFO - Started process (PID=5805) to work on /opt/airflow/dags/loader_dag.py
[2024-09-20T09:48:05.066+0000] {processor.py:829} INFO - Processing file /opt/airflow/dags/loader_dag.py for tasks to queue
[2024-09-20T09:48:05.070+0000] {logging_mixin.py:151} INFO - [2024-09-20T09:48:05.069+0000] {dagbag.py:539} INFO - Filling up the DagBag from /opt/airflow/dags/loader_dag.py
[2024-09-20T09:48:05.110+0000] {processor.py:839} INFO - DAG(s) dict_keys(['dimension_batch_ingestion']) retrieved from /opt/airflow/dags/loader_dag.py
[2024-09-20T09:48:05.161+0000] {logging_mixin.py:151} INFO - [2024-09-20T09:48:05.161+0000] {dag.py:2915} INFO - Sync 1 DAGs
[2024-09-20T09:48:05.179+0000] {logging_mixin.py:151} INFO - [2024-09-20T09:48:05.179+0000] {dag.py:3696} INFO - Setting next_dagrun for dimension_batch_ingestion to 2024-09-20T00:00:00+00:00, run_after=2024-09-21T00:00:00+00:00
[2024-09-20T09:48:05.194+0000] {processor.py:179} INFO - Processing /opt/airflow/dags/loader_dag.py took 0.138 seconds
[2024-09-20T09:48:35.584+0000] {processor.py:157} INFO - Started process (PID=5852) to work on /opt/airflow/dags/loader_dag.py
[2024-09-20T09:48:35.586+0000] {processor.py:829} INFO - Processing file /opt/airflow/dags/loader_dag.py for tasks to queue
[2024-09-20T09:48:35.589+0000] {logging_mixin.py:151} INFO - [2024-09-20T09:48:35.588+0000] {dagbag.py:539} INFO - Filling up the DagBag from /opt/airflow/dags/loader_dag.py
[2024-09-20T09:48:35.614+0000] {processor.py:839} INFO - DAG(s) dict_keys(['dimension_batch_ingestion']) retrieved from /opt/airflow/dags/loader_dag.py
[2024-09-20T09:48:35.658+0000] {logging_mixin.py:151} INFO - [2024-09-20T09:48:35.657+0000] {dag.py:2915} INFO - Sync 1 DAGs
[2024-09-20T09:48:35.676+0000] {logging_mixin.py:151} INFO - [2024-09-20T09:48:35.676+0000] {dag.py:3696} INFO - Setting next_dagrun for dimension_batch_ingestion to 2024-09-20T00:00:00+00:00, run_after=2024-09-21T00:00:00+00:00
[2024-09-20T09:48:35.697+0000] {processor.py:179} INFO - Processing /opt/airflow/dags/loader_dag.py took 0.117 seconds
[2024-09-20T09:49:06.212+0000] {processor.py:157} INFO - Started process (PID=5899) to work on /opt/airflow/dags/loader_dag.py
[2024-09-20T09:49:06.218+0000] {processor.py:829} INFO - Processing file /opt/airflow/dags/loader_dag.py for tasks to queue
[2024-09-20T09:49:06.220+0000] {logging_mixin.py:151} INFO - [2024-09-20T09:49:06.219+0000] {dagbag.py:539} INFO - Filling up the DagBag from /opt/airflow/dags/loader_dag.py
[2024-09-20T09:49:06.247+0000] {processor.py:839} INFO - DAG(s) dict_keys(['dimension_batch_ingestion']) retrieved from /opt/airflow/dags/loader_dag.py
[2024-09-20T09:49:06.295+0000] {logging_mixin.py:151} INFO - [2024-09-20T09:49:06.295+0000] {dag.py:2915} INFO - Sync 1 DAGs
[2024-09-20T09:49:06.315+0000] {logging_mixin.py:151} INFO - [2024-09-20T09:49:06.315+0000] {dag.py:3696} INFO - Setting next_dagrun for dimension_batch_ingestion to 2024-09-20T00:00:00+00:00, run_after=2024-09-21T00:00:00+00:00
[2024-09-20T09:49:06.330+0000] {processor.py:179} INFO - Processing /opt/airflow/dags/loader_dag.py took 0.136 seconds
[2024-09-20T09:49:36.744+0000] {processor.py:157} INFO - Started process (PID=5946) to work on /opt/airflow/dags/loader_dag.py
[2024-09-20T09:49:36.746+0000] {processor.py:829} INFO - Processing file /opt/airflow/dags/loader_dag.py for tasks to queue
[2024-09-20T09:49:36.747+0000] {logging_mixin.py:151} INFO - [2024-09-20T09:49:36.747+0000] {dagbag.py:539} INFO - Filling up the DagBag from /opt/airflow/dags/loader_dag.py
[2024-09-20T09:49:36.774+0000] {processor.py:839} INFO - DAG(s) dict_keys(['dimension_batch_ingestion']) retrieved from /opt/airflow/dags/loader_dag.py
[2024-09-20T09:49:36.834+0000] {logging_mixin.py:151} INFO - [2024-09-20T09:49:36.834+0000] {dag.py:2915} INFO - Sync 1 DAGs
[2024-09-20T09:49:36.854+0000] {logging_mixin.py:151} INFO - [2024-09-20T09:49:36.854+0000] {dag.py:3696} INFO - Setting next_dagrun for dimension_batch_ingestion to 2024-09-20T00:00:00+00:00, run_after=2024-09-21T00:00:00+00:00
[2024-09-20T09:49:36.877+0000] {processor.py:179} INFO - Processing /opt/airflow/dags/loader_dag.py took 0.140 seconds
[2024-09-20T09:50:07.046+0000] {processor.py:157} INFO - Started process (PID=5993) to work on /opt/airflow/dags/loader_dag.py
[2024-09-20T09:50:07.051+0000] {processor.py:829} INFO - Processing file /opt/airflow/dags/loader_dag.py for tasks to queue
[2024-09-20T09:50:07.055+0000] {logging_mixin.py:151} INFO - [2024-09-20T09:50:07.053+0000] {dagbag.py:539} INFO - Filling up the DagBag from /opt/airflow/dags/loader_dag.py
[2024-09-20T09:50:07.078+0000] {processor.py:839} INFO - DAG(s) dict_keys(['dimension_batch_ingestion']) retrieved from /opt/airflow/dags/loader_dag.py
[2024-09-20T09:50:07.125+0000] {logging_mixin.py:151} INFO - [2024-09-20T09:50:07.125+0000] {dag.py:2915} INFO - Sync 1 DAGs
[2024-09-20T09:50:07.162+0000] {logging_mixin.py:151} INFO - [2024-09-20T09:50:07.162+0000] {dag.py:3696} INFO - Setting next_dagrun for dimension_batch_ingestion to 2024-09-20T00:00:00+00:00, run_after=2024-09-21T00:00:00+00:00
[2024-09-20T09:50:07.181+0000] {processor.py:179} INFO - Processing /opt/airflow/dags/loader_dag.py took 0.149 seconds
[2024-09-20T09:50:37.299+0000] {processor.py:157} INFO - Started process (PID=6040) to work on /opt/airflow/dags/loader_dag.py
[2024-09-20T09:50:37.300+0000] {processor.py:829} INFO - Processing file /opt/airflow/dags/loader_dag.py for tasks to queue
[2024-09-20T09:50:37.302+0000] {logging_mixin.py:151} INFO - [2024-09-20T09:50:37.302+0000] {dagbag.py:539} INFO - Filling up the DagBag from /opt/airflow/dags/loader_dag.py
[2024-09-20T09:50:37.330+0000] {processor.py:839} INFO - DAG(s) dict_keys(['dimension_batch_ingestion']) retrieved from /opt/airflow/dags/loader_dag.py
[2024-09-20T09:50:37.373+0000] {logging_mixin.py:151} INFO - [2024-09-20T09:50:37.372+0000] {dag.py:2915} INFO - Sync 1 DAGs
[2024-09-20T09:50:37.394+0000] {logging_mixin.py:151} INFO - [2024-09-20T09:50:37.394+0000] {dag.py:3696} INFO - Setting next_dagrun for dimension_batch_ingestion to 2024-09-20T00:00:00+00:00, run_after=2024-09-21T00:00:00+00:00
[2024-09-20T09:50:37.411+0000] {processor.py:179} INFO - Processing /opt/airflow/dags/loader_dag.py took 0.117 seconds
[2024-09-20T09:51:07.716+0000] {processor.py:157} INFO - Started process (PID=6087) to work on /opt/airflow/dags/loader_dag.py
[2024-09-20T09:51:07.717+0000] {processor.py:829} INFO - Processing file /opt/airflow/dags/loader_dag.py for tasks to queue
[2024-09-20T09:51:07.719+0000] {logging_mixin.py:151} INFO - [2024-09-20T09:51:07.718+0000] {dagbag.py:539} INFO - Filling up the DagBag from /opt/airflow/dags/loader_dag.py
[2024-09-20T09:51:07.745+0000] {processor.py:839} INFO - DAG(s) dict_keys(['dimension_batch_ingestion']) retrieved from /opt/airflow/dags/loader_dag.py
[2024-09-20T09:51:07.782+0000] {logging_mixin.py:151} INFO - [2024-09-20T09:51:07.782+0000] {dag.py:2915} INFO - Sync 1 DAGs
[2024-09-20T09:51:07.799+0000] {logging_mixin.py:151} INFO - [2024-09-20T09:51:07.799+0000] {dag.py:3696} INFO - Setting next_dagrun for dimension_batch_ingestion to 2024-09-20T00:00:00+00:00, run_after=2024-09-21T00:00:00+00:00
[2024-09-20T09:51:07.814+0000] {processor.py:179} INFO - Processing /opt/airflow/dags/loader_dag.py took 0.103 seconds
[2024-09-20T09:51:38.268+0000] {processor.py:157} INFO - Started process (PID=6134) to work on /opt/airflow/dags/loader_dag.py
[2024-09-20T09:51:38.270+0000] {processor.py:829} INFO - Processing file /opt/airflow/dags/loader_dag.py for tasks to queue
[2024-09-20T09:51:38.272+0000] {logging_mixin.py:151} INFO - [2024-09-20T09:51:38.271+0000] {dagbag.py:539} INFO - Filling up the DagBag from /opt/airflow/dags/loader_dag.py
[2024-09-20T09:51:38.327+0000] {processor.py:839} INFO - DAG(s) dict_keys(['dimension_batch_ingestion']) retrieved from /opt/airflow/dags/loader_dag.py
[2024-09-20T09:51:38.381+0000] {logging_mixin.py:151} INFO - [2024-09-20T09:51:38.381+0000] {dag.py:2915} INFO - Sync 1 DAGs
[2024-09-20T09:51:38.400+0000] {logging_mixin.py:151} INFO - [2024-09-20T09:51:38.400+0000] {dag.py:3696} INFO - Setting next_dagrun for dimension_batch_ingestion to 2024-09-20T00:00:00+00:00, run_after=2024-09-21T00:00:00+00:00
[2024-09-20T09:51:38.417+0000] {processor.py:179} INFO - Processing /opt/airflow/dags/loader_dag.py took 0.158 seconds
[2024-09-20T09:52:08.651+0000] {processor.py:157} INFO - Started process (PID=6181) to work on /opt/airflow/dags/loader_dag.py
[2024-09-20T09:52:08.653+0000] {processor.py:829} INFO - Processing file /opt/airflow/dags/loader_dag.py for tasks to queue
[2024-09-20T09:52:08.654+0000] {logging_mixin.py:151} INFO - [2024-09-20T09:52:08.653+0000] {dagbag.py:539} INFO - Filling up the DagBag from /opt/airflow/dags/loader_dag.py
[2024-09-20T09:52:08.695+0000] {processor.py:839} INFO - DAG(s) dict_keys(['dimension_batch_ingestion']) retrieved from /opt/airflow/dags/loader_dag.py
[2024-09-20T09:52:08.736+0000] {logging_mixin.py:151} INFO - [2024-09-20T09:52:08.735+0000] {dag.py:2915} INFO - Sync 1 DAGs
[2024-09-20T09:52:08.763+0000] {logging_mixin.py:151} INFO - [2024-09-20T09:52:08.763+0000] {dag.py:3696} INFO - Setting next_dagrun for dimension_batch_ingestion to 2024-09-20T00:00:00+00:00, run_after=2024-09-21T00:00:00+00:00
[2024-09-20T09:52:08.778+0000] {processor.py:179} INFO - Processing /opt/airflow/dags/loader_dag.py took 0.132 seconds
[2024-09-20T09:52:39.612+0000] {processor.py:157} INFO - Started process (PID=6234) to work on /opt/airflow/dags/loader_dag.py
[2024-09-20T09:52:39.614+0000] {processor.py:829} INFO - Processing file /opt/airflow/dags/loader_dag.py for tasks to queue
[2024-09-20T09:52:39.615+0000] {logging_mixin.py:151} INFO - [2024-09-20T09:52:39.615+0000] {dagbag.py:539} INFO - Filling up the DagBag from /opt/airflow/dags/loader_dag.py
[2024-09-20T09:52:39.640+0000] {processor.py:839} INFO - DAG(s) dict_keys(['dimension_batch_ingestion']) retrieved from /opt/airflow/dags/loader_dag.py
[2024-09-20T09:52:39.677+0000] {logging_mixin.py:151} INFO - [2024-09-20T09:52:39.677+0000] {dag.py:2915} INFO - Sync 1 DAGs
[2024-09-20T09:52:39.695+0000] {logging_mixin.py:151} INFO - [2024-09-20T09:52:39.694+0000] {dag.py:3696} INFO - Setting next_dagrun for dimension_batch_ingestion to 2024-09-20T00:00:00+00:00, run_after=2024-09-21T00:00:00+00:00
[2024-09-20T09:52:39.708+0000] {processor.py:179} INFO - Processing /opt/airflow/dags/loader_dag.py took 0.101 seconds
[2024-09-20T09:53:10.000+0000] {processor.py:157} INFO - Started process (PID=6280) to work on /opt/airflow/dags/loader_dag.py
[2024-09-20T09:53:10.002+0000] {processor.py:829} INFO - Processing file /opt/airflow/dags/loader_dag.py for tasks to queue
[2024-09-20T09:53:10.003+0000] {logging_mixin.py:151} INFO - [2024-09-20T09:53:10.002+0000] {dagbag.py:539} INFO - Filling up the DagBag from /opt/airflow/dags/loader_dag.py
[2024-09-20T09:53:10.024+0000] {processor.py:839} INFO - DAG(s) dict_keys(['dimension_batch_ingestion']) retrieved from /opt/airflow/dags/loader_dag.py
[2024-09-20T09:53:10.069+0000] {logging_mixin.py:151} INFO - [2024-09-20T09:53:10.069+0000] {dag.py:2915} INFO - Sync 1 DAGs
[2024-09-20T09:53:10.088+0000] {logging_mixin.py:151} INFO - [2024-09-20T09:53:10.088+0000] {dag.py:3696} INFO - Setting next_dagrun for dimension_batch_ingestion to 2024-09-20T00:00:00+00:00, run_after=2024-09-21T00:00:00+00:00
[2024-09-20T09:53:10.103+0000] {processor.py:179} INFO - Processing /opt/airflow/dags/loader_dag.py took 0.110 seconds
[2024-09-20T09:53:40.728+0000] {processor.py:157} INFO - Started process (PID=6328) to work on /opt/airflow/dags/loader_dag.py
[2024-09-20T09:53:40.733+0000] {processor.py:829} INFO - Processing file /opt/airflow/dags/loader_dag.py for tasks to queue
[2024-09-20T09:53:40.737+0000] {logging_mixin.py:151} INFO - [2024-09-20T09:53:40.735+0000] {dagbag.py:539} INFO - Filling up the DagBag from /opt/airflow/dags/loader_dag.py
[2024-09-20T09:53:40.764+0000] {processor.py:839} INFO - DAG(s) dict_keys(['dimension_batch_ingestion']) retrieved from /opt/airflow/dags/loader_dag.py
[2024-09-20T09:53:40.809+0000] {logging_mixin.py:151} INFO - [2024-09-20T09:53:40.809+0000] {dag.py:2915} INFO - Sync 1 DAGs
[2024-09-20T09:53:40.826+0000] {logging_mixin.py:151} INFO - [2024-09-20T09:53:40.826+0000] {dag.py:3696} INFO - Setting next_dagrun for dimension_batch_ingestion to 2024-09-20T00:00:00+00:00, run_after=2024-09-21T00:00:00+00:00
[2024-09-20T09:53:40.841+0000] {processor.py:179} INFO - Processing /opt/airflow/dags/loader_dag.py took 0.132 seconds
[2024-09-20T09:54:11.238+0000] {processor.py:157} INFO - Started process (PID=6374) to work on /opt/airflow/dags/loader_dag.py
[2024-09-20T09:54:11.240+0000] {processor.py:829} INFO - Processing file /opt/airflow/dags/loader_dag.py for tasks to queue
[2024-09-20T09:54:11.250+0000] {logging_mixin.py:151} INFO - [2024-09-20T09:54:11.245+0000] {dagbag.py:539} INFO - Filling up the DagBag from /opt/airflow/dags/loader_dag.py
[2024-09-20T09:54:11.283+0000] {processor.py:839} INFO - DAG(s) dict_keys(['dimension_batch_ingestion']) retrieved from /opt/airflow/dags/loader_dag.py
[2024-09-20T09:54:11.321+0000] {logging_mixin.py:151} INFO - [2024-09-20T09:54:11.321+0000] {dag.py:2915} INFO - Sync 1 DAGs
[2024-09-20T09:54:11.348+0000] {logging_mixin.py:151} INFO - [2024-09-20T09:54:11.348+0000] {dag.py:3696} INFO - Setting next_dagrun for dimension_batch_ingestion to 2024-09-20T00:00:00+00:00, run_after=2024-09-21T00:00:00+00:00
[2024-09-20T09:54:11.363+0000] {processor.py:179} INFO - Processing /opt/airflow/dags/loader_dag.py took 0.134 seconds
[2024-09-20T09:54:41.608+0000] {processor.py:157} INFO - Started process (PID=6422) to work on /opt/airflow/dags/loader_dag.py
[2024-09-20T09:54:41.609+0000] {processor.py:829} INFO - Processing file /opt/airflow/dags/loader_dag.py for tasks to queue
[2024-09-20T09:54:41.611+0000] {logging_mixin.py:151} INFO - [2024-09-20T09:54:41.610+0000] {dagbag.py:539} INFO - Filling up the DagBag from /opt/airflow/dags/loader_dag.py
[2024-09-20T09:54:41.652+0000] {processor.py:839} INFO - DAG(s) dict_keys(['dimension_batch_ingestion']) retrieved from /opt/airflow/dags/loader_dag.py
[2024-09-20T09:54:41.693+0000] {logging_mixin.py:151} INFO - [2024-09-20T09:54:41.693+0000] {dag.py:2915} INFO - Sync 1 DAGs
[2024-09-20T09:54:41.711+0000] {logging_mixin.py:151} INFO - [2024-09-20T09:54:41.711+0000] {dag.py:3696} INFO - Setting next_dagrun for dimension_batch_ingestion to 2024-09-20T00:00:00+00:00, run_after=2024-09-21T00:00:00+00:00
[2024-09-20T09:54:41.725+0000] {processor.py:179} INFO - Processing /opt/airflow/dags/loader_dag.py took 0.125 seconds
[2024-09-20T09:55:12.800+0000] {processor.py:157} INFO - Started process (PID=6469) to work on /opt/airflow/dags/loader_dag.py
[2024-09-20T09:55:12.806+0000] {processor.py:829} INFO - Processing file /opt/airflow/dags/loader_dag.py for tasks to queue
[2024-09-20T09:55:12.808+0000] {logging_mixin.py:151} INFO - [2024-09-20T09:55:12.807+0000] {dagbag.py:539} INFO - Filling up the DagBag from /opt/airflow/dags/loader_dag.py
[2024-09-20T09:55:12.831+0000] {processor.py:839} INFO - DAG(s) dict_keys(['dimension_batch_ingestion']) retrieved from /opt/airflow/dags/loader_dag.py
[2024-09-20T09:55:12.882+0000] {logging_mixin.py:151} INFO - [2024-09-20T09:55:12.881+0000] {dag.py:2915} INFO - Sync 1 DAGs
[2024-09-20T09:55:12.901+0000] {logging_mixin.py:151} INFO - [2024-09-20T09:55:12.900+0000] {dag.py:3696} INFO - Setting next_dagrun for dimension_batch_ingestion to 2024-09-20T00:00:00+00:00, run_after=2024-09-21T00:00:00+00:00
[2024-09-20T09:55:12.914+0000] {processor.py:179} INFO - Processing /opt/airflow/dags/loader_dag.py took 0.137 seconds
[2024-09-20T09:55:43.621+0000] {processor.py:157} INFO - Started process (PID=6516) to work on /opt/airflow/dags/loader_dag.py
[2024-09-20T09:55:43.622+0000] {processor.py:829} INFO - Processing file /opt/airflow/dags/loader_dag.py for tasks to queue
[2024-09-20T09:55:43.624+0000] {logging_mixin.py:151} INFO - [2024-09-20T09:55:43.623+0000] {dagbag.py:539} INFO - Filling up the DagBag from /opt/airflow/dags/loader_dag.py
[2024-09-20T09:55:43.693+0000] {processor.py:839} INFO - DAG(s) dict_keys(['dimension_batch_ingestion']) retrieved from /opt/airflow/dags/loader_dag.py
[2024-09-20T09:55:43.739+0000] {logging_mixin.py:151} INFO - [2024-09-20T09:55:43.739+0000] {dag.py:2915} INFO - Sync 1 DAGs
[2024-09-20T09:55:43.760+0000] {logging_mixin.py:151} INFO - [2024-09-20T09:55:43.760+0000] {dag.py:3696} INFO - Setting next_dagrun for dimension_batch_ingestion to 2024-09-20T00:00:00+00:00, run_after=2024-09-21T00:00:00+00:00
[2024-09-20T09:55:43.780+0000] {processor.py:179} INFO - Processing /opt/airflow/dags/loader_dag.py took 0.165 seconds
[2024-09-20T10:19:55.891+0000] {processor.py:157} INFO - Started process (PID=6557) to work on /opt/airflow/dags/loader_dag.py
[2024-09-20T10:19:55.900+0000] {processor.py:829} INFO - Processing file /opt/airflow/dags/loader_dag.py for tasks to queue
[2024-09-20T10:19:55.901+0000] {logging_mixin.py:151} INFO - [2024-09-20T10:19:55.901+0000] {dagbag.py:539} INFO - Filling up the DagBag from /opt/airflow/dags/loader_dag.py
[2024-09-20T10:19:55.943+0000] {processor.py:839} INFO - DAG(s) dict_keys(['dimension_batch_ingestion']) retrieved from /opt/airflow/dags/loader_dag.py
[2024-09-20T10:19:55.998+0000] {logging_mixin.py:151} INFO - [2024-09-20T10:19:55.997+0000] {dag.py:2915} INFO - Sync 1 DAGs
[2024-09-20T10:19:56.040+0000] {logging_mixin.py:151} INFO - [2024-09-20T10:19:56.040+0000] {dag.py:3696} INFO - Setting next_dagrun for dimension_batch_ingestion to 2024-09-20T00:00:00+00:00, run_after=2024-09-21T00:00:00+00:00
[2024-09-20T10:19:56.060+0000] {processor.py:179} INFO - Processing /opt/airflow/dags/loader_dag.py took 0.179 seconds
[2024-09-20T11:11:23.016+0000] {processor.py:157} INFO - Started process (PID=6593) to work on /opt/airflow/dags/loader_dag.py
[2024-09-20T11:11:23.017+0000] {processor.py:829} INFO - Processing file /opt/airflow/dags/loader_dag.py for tasks to queue
[2024-09-20T11:11:23.019+0000] {logging_mixin.py:151} INFO - [2024-09-20T11:11:23.019+0000] {dagbag.py:539} INFO - Filling up the DagBag from /opt/airflow/dags/loader_dag.py
[2024-09-20T11:11:23.084+0000] {processor.py:839} INFO - DAG(s) dict_keys(['dimension_batch_ingestion']) retrieved from /opt/airflow/dags/loader_dag.py
[2024-09-20T11:11:23.162+0000] {logging_mixin.py:151} INFO - [2024-09-20T11:11:23.162+0000] {dag.py:2915} INFO - Sync 1 DAGs
[2024-09-20T11:11:23.217+0000] {logging_mixin.py:151} INFO - [2024-09-20T11:11:23.216+0000] {dag.py:3696} INFO - Setting next_dagrun for dimension_batch_ingestion to 2024-09-20T00:00:00+00:00, run_after=2024-09-21T00:00:00+00:00
[2024-09-20T11:11:23.270+0000] {processor.py:179} INFO - Processing /opt/airflow/dags/loader_dag.py took 0.259 seconds
[2024-09-20T11:52:09.554+0000] {processor.py:157} INFO - Started process (PID=6640) to work on /opt/airflow/dags/loader_dag.py
[2024-09-20T11:52:09.557+0000] {processor.py:829} INFO - Processing file /opt/airflow/dags/loader_dag.py for tasks to queue
[2024-09-20T11:52:09.558+0000] {logging_mixin.py:151} INFO - [2024-09-20T11:52:09.557+0000] {dagbag.py:539} INFO - Filling up the DagBag from /opt/airflow/dags/loader_dag.py
[2024-09-20T11:52:09.593+0000] {processor.py:839} INFO - DAG(s) dict_keys(['dimension_batch_ingestion']) retrieved from /opt/airflow/dags/loader_dag.py
[2024-09-20T11:52:09.643+0000] {logging_mixin.py:151} INFO - [2024-09-20T11:52:09.643+0000] {dag.py:2915} INFO - Sync 1 DAGs
[2024-09-20T11:52:09.689+0000] {logging_mixin.py:151} INFO - [2024-09-20T11:52:09.688+0000] {dag.py:3696} INFO - Setting next_dagrun for dimension_batch_ingestion to 2024-09-20T00:00:00+00:00, run_after=2024-09-21T00:00:00+00:00
[2024-09-20T11:52:09.712+0000] {processor.py:179} INFO - Processing /opt/airflow/dags/loader_dag.py took 0.164 seconds
[2024-09-20T12:13:21.461+0000] {processor.py:157} INFO - Started process (PID=6687) to work on /opt/airflow/dags/loader_dag.py
[2024-09-20T12:13:21.466+0000] {processor.py:829} INFO - Processing file /opt/airflow/dags/loader_dag.py for tasks to queue
[2024-09-20T12:13:21.473+0000] {logging_mixin.py:151} INFO - [2024-09-20T12:13:21.470+0000] {dagbag.py:539} INFO - Filling up the DagBag from /opt/airflow/dags/loader_dag.py
[2024-09-20T12:13:21.577+0000] {processor.py:839} INFO - DAG(s) dict_keys(['dimension_batch_ingestion']) retrieved from /opt/airflow/dags/loader_dag.py
[2024-09-20T12:13:21.770+0000] {logging_mixin.py:151} INFO - [2024-09-20T12:13:21.767+0000] {dag.py:2915} INFO - Sync 1 DAGs
[2024-09-20T12:13:21.964+0000] {logging_mixin.py:151} INFO - [2024-09-20T12:13:21.963+0000] {dag.py:3696} INFO - Setting next_dagrun for dimension_batch_ingestion to 2024-09-20T00:00:00+00:00, run_after=2024-09-21T00:00:00+00:00
[2024-09-20T12:13:22.042+0000] {processor.py:179} INFO - Processing /opt/airflow/dags/loader_dag.py took 0.587 seconds
[2024-09-20T12:47:45.767+0000] {processor.py:157} INFO - Started process (PID=6734) to work on /opt/airflow/dags/loader_dag.py
[2024-09-20T12:47:45.769+0000] {processor.py:829} INFO - Processing file /opt/airflow/dags/loader_dag.py for tasks to queue
[2024-09-20T12:47:45.770+0000] {logging_mixin.py:151} INFO - [2024-09-20T12:47:45.770+0000] {dagbag.py:539} INFO - Filling up the DagBag from /opt/airflow/dags/loader_dag.py
[2024-09-20T12:47:45.802+0000] {processor.py:839} INFO - DAG(s) dict_keys(['dimension_batch_ingestion']) retrieved from /opt/airflow/dags/loader_dag.py
[2024-09-20T12:47:45.859+0000] {logging_mixin.py:151} INFO - [2024-09-20T12:47:45.859+0000] {dag.py:2915} INFO - Sync 1 DAGs
[2024-09-20T12:47:45.890+0000] {logging_mixin.py:151} INFO - [2024-09-20T12:47:45.890+0000] {dag.py:3696} INFO - Setting next_dagrun for dimension_batch_ingestion to 2024-09-20T00:00:00+00:00, run_after=2024-09-21T00:00:00+00:00
[2024-09-20T12:47:45.907+0000] {processor.py:179} INFO - Processing /opt/airflow/dags/loader_dag.py took 0.148 seconds
[2024-09-20T13:24:24.869+0000] {processor.py:157} INFO - Started process (PID=6782) to work on /opt/airflow/dags/loader_dag.py
[2024-09-20T13:24:24.871+0000] {processor.py:829} INFO - Processing file /opt/airflow/dags/loader_dag.py for tasks to queue
[2024-09-20T13:24:24.873+0000] {logging_mixin.py:151} INFO - [2024-09-20T13:24:24.873+0000] {dagbag.py:539} INFO - Filling up the DagBag from /opt/airflow/dags/loader_dag.py
[2024-09-20T13:24:24.913+0000] {processor.py:839} INFO - DAG(s) dict_keys(['dimension_batch_ingestion']) retrieved from /opt/airflow/dags/loader_dag.py
[2024-09-20T13:24:24.947+0000] {logging_mixin.py:151} INFO - [2024-09-20T13:24:24.947+0000] {dag.py:2915} INFO - Sync 1 DAGs
[2024-09-20T13:24:24.981+0000] {logging_mixin.py:151} INFO - [2024-09-20T13:24:24.981+0000] {dag.py:3696} INFO - Setting next_dagrun for dimension_batch_ingestion to 2024-09-20T00:00:00+00:00, run_after=2024-09-21T00:00:00+00:00
[2024-09-20T13:24:25.000+0000] {processor.py:179} INFO - Processing /opt/airflow/dags/loader_dag.py took 0.137 seconds
[2024-09-20T13:24:55.739+0000] {processor.py:157} INFO - Started process (PID=6830) to work on /opt/airflow/dags/loader_dag.py
[2024-09-20T13:24:55.744+0000] {processor.py:829} INFO - Processing file /opt/airflow/dags/loader_dag.py for tasks to queue
[2024-09-20T13:24:55.746+0000] {logging_mixin.py:151} INFO - [2024-09-20T13:24:55.745+0000] {dagbag.py:539} INFO - Filling up the DagBag from /opt/airflow/dags/loader_dag.py
[2024-09-20T13:24:55.769+0000] {processor.py:839} INFO - DAG(s) dict_keys(['dimension_batch_ingestion']) retrieved from /opt/airflow/dags/loader_dag.py
[2024-09-20T13:24:55.821+0000] {logging_mixin.py:151} INFO - [2024-09-20T13:24:55.821+0000] {dag.py:2915} INFO - Sync 1 DAGs
[2024-09-20T13:24:55.855+0000] {logging_mixin.py:151} INFO - [2024-09-20T13:24:55.855+0000] {dag.py:3696} INFO - Setting next_dagrun for dimension_batch_ingestion to 2024-09-20T00:00:00+00:00, run_after=2024-09-21T00:00:00+00:00
[2024-09-20T13:24:55.871+0000] {processor.py:179} INFO - Processing /opt/airflow/dags/loader_dag.py took 0.140 seconds
[2024-09-20T13:25:26.182+0000] {processor.py:157} INFO - Started process (PID=6877) to work on /opt/airflow/dags/loader_dag.py
[2024-09-20T13:25:26.188+0000] {processor.py:829} INFO - Processing file /opt/airflow/dags/loader_dag.py for tasks to queue
[2024-09-20T13:25:26.190+0000] {logging_mixin.py:151} INFO - [2024-09-20T13:25:26.189+0000] {dagbag.py:539} INFO - Filling up the DagBag from /opt/airflow/dags/loader_dag.py
[2024-09-20T13:25:26.218+0000] {processor.py:839} INFO - DAG(s) dict_keys(['dimension_batch_ingestion']) retrieved from /opt/airflow/dags/loader_dag.py
[2024-09-20T13:25:26.282+0000] {logging_mixin.py:151} INFO - [2024-09-20T13:25:26.282+0000] {dag.py:2915} INFO - Sync 1 DAGs
[2024-09-20T13:25:26.304+0000] {logging_mixin.py:151} INFO - [2024-09-20T13:25:26.303+0000] {dag.py:3696} INFO - Setting next_dagrun for dimension_batch_ingestion to 2024-09-20T00:00:00+00:00, run_after=2024-09-21T00:00:00+00:00
[2024-09-20T13:25:26.326+0000] {processor.py:179} INFO - Processing /opt/airflow/dags/loader_dag.py took 0.160 seconds
[2024-09-20T13:49:49.236+0000] {processor.py:157} INFO - Started process (PID=6925) to work on /opt/airflow/dags/loader_dag.py
[2024-09-20T13:49:49.240+0000] {processor.py:829} INFO - Processing file /opt/airflow/dags/loader_dag.py for tasks to queue
[2024-09-20T13:49:49.246+0000] {logging_mixin.py:151} INFO - [2024-09-20T13:49:49.244+0000] {dagbag.py:539} INFO - Filling up the DagBag from /opt/airflow/dags/loader_dag.py
[2024-09-20T13:49:49.374+0000] {processor.py:839} INFO - DAG(s) dict_keys(['dimension_batch_ingestion']) retrieved from /opt/airflow/dags/loader_dag.py
[2024-09-20T13:49:49.533+0000] {logging_mixin.py:151} INFO - [2024-09-20T13:49:49.532+0000] {dag.py:2915} INFO - Sync 1 DAGs
[2024-09-20T13:49:49.603+0000] {logging_mixin.py:151} INFO - [2024-09-20T13:49:49.603+0000] {dag.py:3696} INFO - Setting next_dagrun for dimension_batch_ingestion to 2024-09-20T00:00:00+00:00, run_after=2024-09-21T00:00:00+00:00
[2024-09-20T13:49:49.670+0000] {processor.py:179} INFO - Processing /opt/airflow/dags/loader_dag.py took 0.446 seconds
[2024-09-20T13:55:41.798+0000] {processor.py:157} INFO - Started process (PID=6972) to work on /opt/airflow/dags/loader_dag.py
[2024-09-20T13:55:41.800+0000] {processor.py:829} INFO - Processing file /opt/airflow/dags/loader_dag.py for tasks to queue
[2024-09-20T13:55:41.801+0000] {logging_mixin.py:151} INFO - [2024-09-20T13:55:41.801+0000] {dagbag.py:539} INFO - Filling up the DagBag from /opt/airflow/dags/loader_dag.py
[2024-09-20T13:55:41.831+0000] {processor.py:839} INFO - DAG(s) dict_keys(['dimension_batch_ingestion']) retrieved from /opt/airflow/dags/loader_dag.py
[2024-09-20T13:55:41.879+0000] {logging_mixin.py:151} INFO - [2024-09-20T13:55:41.879+0000] {dag.py:2915} INFO - Sync 1 DAGs
[2024-09-20T13:55:41.919+0000] {logging_mixin.py:151} INFO - [2024-09-20T13:55:41.918+0000] {dag.py:3696} INFO - Setting next_dagrun for dimension_batch_ingestion to 2024-09-20T00:00:00+00:00, run_after=2024-09-21T00:00:00+00:00
[2024-09-20T13:55:41.942+0000] {processor.py:179} INFO - Processing /opt/airflow/dags/loader_dag.py took 0.152 seconds
