[2024-09-20T00:48:22.291+0000] {processor.py:157} INFO - Started process (PID=3427) to work on /opt/airflow/dags/table_dag.py
[2024-09-20T00:48:22.292+0000] {processor.py:829} INFO - Processing file /opt/airflow/dags/table_dag.py for tasks to queue
[2024-09-20T00:48:22.293+0000] {logging_mixin.py:151} INFO - [2024-09-20T00:48:22.293+0000] {dagbag.py:539} INFO - Filling up the DagBag from /opt/airflow/dags/table_dag.py
[2024-09-20T00:48:22.600+0000] {processor.py:839} INFO - DAG(s) dict_keys(['table_dag']) retrieved from /opt/airflow/dags/table_dag.py
[2024-09-20T00:48:22.655+0000] {logging_mixin.py:151} INFO - [2024-09-20T00:48:22.653+0000] {dag.py:2915} INFO - Sync 1 DAGs
[2024-09-20T00:48:22.684+0000] {logging_mixin.py:151} INFO - [2024-09-20T00:48:22.684+0000] {dag.py:3696} INFO - Setting next_dagrun for table_dag to 2024-09-20T00:00:00+00:00, run_after=2024-09-21T00:00:00+00:00
[2024-09-20T00:48:22.701+0000] {processor.py:179} INFO - Processing /opt/airflow/dags/table_dag.py took 0.426 seconds
[2024-09-20T02:26:49.679+0000] {processor.py:157} INFO - Started process (PID=3496) to work on /opt/airflow/dags/table_dag.py
[2024-09-20T02:26:49.685+0000] {processor.py:829} INFO - Processing file /opt/airflow/dags/table_dag.py for tasks to queue
[2024-09-20T02:26:49.690+0000] {logging_mixin.py:151} INFO - [2024-09-20T02:26:49.687+0000] {dagbag.py:539} INFO - Filling up the DagBag from /opt/airflow/dags/table_dag.py
[2024-09-20T02:26:50.764+0000] {processor.py:839} INFO - DAG(s) dict_keys(['table_dag']) retrieved from /opt/airflow/dags/table_dag.py
[2024-09-20T02:26:50.893+0000] {logging_mixin.py:151} INFO - [2024-09-20T02:26:50.891+0000] {dag.py:2915} INFO - Sync 1 DAGs
[2024-09-20T02:26:50.949+0000] {logging_mixin.py:151} INFO - [2024-09-20T02:26:50.949+0000] {dag.py:3696} INFO - Setting next_dagrun for table_dag to 2024-09-20T00:00:00+00:00, run_after=2024-09-21T00:00:00+00:00
[2024-09-20T02:26:51.007+0000] {processor.py:179} INFO - Processing /opt/airflow/dags/table_dag.py took 1.351 seconds
[2024-09-20T03:15:48.445+0000] {processor.py:157} INFO - Started process (PID=3546) to work on /opt/airflow/dags/table_dag.py
[2024-09-20T03:15:48.446+0000] {processor.py:829} INFO - Processing file /opt/airflow/dags/table_dag.py for tasks to queue
[2024-09-20T03:15:48.447+0000] {logging_mixin.py:151} INFO - [2024-09-20T03:15:48.447+0000] {dagbag.py:539} INFO - Filling up the DagBag from /opt/airflow/dags/table_dag.py
[2024-09-20T03:15:48.748+0000] {processor.py:839} INFO - DAG(s) dict_keys(['table_dag']) retrieved from /opt/airflow/dags/table_dag.py
[2024-09-20T03:15:48.784+0000] {logging_mixin.py:151} INFO - [2024-09-20T03:15:48.784+0000] {dag.py:2915} INFO - Sync 1 DAGs
[2024-09-20T03:15:48.814+0000] {logging_mixin.py:151} INFO - [2024-09-20T03:15:48.814+0000] {dag.py:3696} INFO - Setting next_dagrun for table_dag to 2024-09-20T00:00:00+00:00, run_after=2024-09-21T00:00:00+00:00
[2024-09-20T03:15:48.832+0000] {processor.py:179} INFO - Processing /opt/airflow/dags/table_dag.py took 0.391 seconds
[2024-09-20T03:38:08.396+0000] {processor.py:157} INFO - Started process (PID=3592) to work on /opt/airflow/dags/table_dag.py
[2024-09-20T03:38:08.402+0000] {processor.py:829} INFO - Processing file /opt/airflow/dags/table_dag.py for tasks to queue
[2024-09-20T03:38:08.405+0000] {logging_mixin.py:151} INFO - [2024-09-20T03:38:08.404+0000] {dagbag.py:539} INFO - Filling up the DagBag from /opt/airflow/dags/table_dag.py
[2024-09-20T03:38:08.889+0000] {processor.py:839} INFO - DAG(s) dict_keys(['table_dag']) retrieved from /opt/airflow/dags/table_dag.py
[2024-09-20T03:38:08.935+0000] {logging_mixin.py:151} INFO - [2024-09-20T03:38:08.935+0000] {dag.py:2915} INFO - Sync 1 DAGs
[2024-09-20T03:38:08.957+0000] {logging_mixin.py:151} INFO - [2024-09-20T03:38:08.957+0000] {dag.py:3696} INFO - Setting next_dagrun for table_dag to 2024-09-20T00:00:00+00:00, run_after=2024-09-21T00:00:00+00:00
[2024-09-20T03:38:08.971+0000] {processor.py:179} INFO - Processing /opt/airflow/dags/table_dag.py took 0.594 seconds
[2024-09-20T04:12:44.903+0000] {processor.py:157} INFO - Started process (PID=3641) to work on /opt/airflow/dags/table_dag.py
[2024-09-20T04:12:44.908+0000] {processor.py:829} INFO - Processing file /opt/airflow/dags/table_dag.py for tasks to queue
[2024-09-20T04:12:44.911+0000] {logging_mixin.py:151} INFO - [2024-09-20T04:12:44.910+0000] {dagbag.py:539} INFO - Filling up the DagBag from /opt/airflow/dags/table_dag.py
[2024-09-20T04:12:45.354+0000] {processor.py:839} INFO - DAG(s) dict_keys(['table_dag']) retrieved from /opt/airflow/dags/table_dag.py
[2024-09-20T04:12:45.393+0000] {logging_mixin.py:151} INFO - [2024-09-20T04:12:45.392+0000] {dag.py:2915} INFO - Sync 1 DAGs
[2024-09-20T04:12:45.408+0000] {logging_mixin.py:151} INFO - [2024-09-20T04:12:45.408+0000] {dag.py:3696} INFO - Setting next_dagrun for table_dag to 2024-09-20T00:00:00+00:00, run_after=2024-09-21T00:00:00+00:00
[2024-09-20T04:12:45.420+0000] {processor.py:179} INFO - Processing /opt/airflow/dags/table_dag.py took 0.536 seconds
[2024-09-20T05:20:19.925+0000] {processor.py:157} INFO - Started process (PID=3687) to work on /opt/airflow/dags/table_dag.py
[2024-09-20T05:20:19.926+0000] {processor.py:829} INFO - Processing file /opt/airflow/dags/table_dag.py for tasks to queue
[2024-09-20T05:20:19.927+0000] {logging_mixin.py:151} INFO - [2024-09-20T05:20:19.927+0000] {dagbag.py:539} INFO - Filling up the DagBag from /opt/airflow/dags/table_dag.py
[2024-09-20T05:20:20.697+0000] {processor.py:839} INFO - DAG(s) dict_keys(['table_dag']) retrieved from /opt/airflow/dags/table_dag.py
[2024-09-20T05:20:20.756+0000] {logging_mixin.py:151} INFO - [2024-09-20T05:20:20.756+0000] {dag.py:2915} INFO - Sync 1 DAGs
[2024-09-20T05:20:20.792+0000] {logging_mixin.py:151} INFO - [2024-09-20T05:20:20.792+0000] {dag.py:3696} INFO - Setting next_dagrun for table_dag to 2024-09-20T00:00:00+00:00, run_after=2024-09-21T00:00:00+00:00
[2024-09-20T05:20:20.819+0000] {processor.py:179} INFO - Processing /opt/airflow/dags/table_dag.py took 0.901 seconds
[2024-09-20T05:55:00.744+0000] {processor.py:157} INFO - Started process (PID=3738) to work on /opt/airflow/dags/table_dag.py
[2024-09-20T05:55:00.746+0000] {processor.py:829} INFO - Processing file /opt/airflow/dags/table_dag.py for tasks to queue
[2024-09-20T05:55:00.749+0000] {logging_mixin.py:151} INFO - [2024-09-20T05:55:00.748+0000] {dagbag.py:539} INFO - Filling up the DagBag from /opt/airflow/dags/table_dag.py
[2024-09-20T05:55:01.296+0000] {processor.py:839} INFO - DAG(s) dict_keys(['table_dag']) retrieved from /opt/airflow/dags/table_dag.py
[2024-09-20T05:55:01.362+0000] {logging_mixin.py:151} INFO - [2024-09-20T05:55:01.361+0000] {dag.py:2915} INFO - Sync 1 DAGs
[2024-09-20T05:55:01.405+0000] {logging_mixin.py:151} INFO - [2024-09-20T05:55:01.404+0000] {dag.py:3696} INFO - Setting next_dagrun for table_dag to 2024-09-20T00:00:00+00:00, run_after=2024-09-21T00:00:00+00:00
[2024-09-20T05:55:01.432+0000] {processor.py:179} INFO - Processing /opt/airflow/dags/table_dag.py took 0.698 seconds
[2024-09-20T06:50:01.868+0000] {processor.py:157} INFO - Started process (PID=3788) to work on /opt/airflow/dags/table_dag.py
[2024-09-20T06:50:01.871+0000] {processor.py:829} INFO - Processing file /opt/airflow/dags/table_dag.py for tasks to queue
[2024-09-20T06:50:01.873+0000] {logging_mixin.py:151} INFO - [2024-09-20T06:50:01.872+0000] {dagbag.py:539} INFO - Filling up the DagBag from /opt/airflow/dags/table_dag.py
[2024-09-20T06:50:02.200+0000] {processor.py:839} INFO - DAG(s) dict_keys(['table_dag']) retrieved from /opt/airflow/dags/table_dag.py
[2024-09-20T06:50:02.246+0000] {logging_mixin.py:151} INFO - [2024-09-20T06:50:02.246+0000] {dag.py:2915} INFO - Sync 1 DAGs
[2024-09-20T06:50:02.277+0000] {logging_mixin.py:151} INFO - [2024-09-20T06:50:02.276+0000] {dag.py:3696} INFO - Setting next_dagrun for table_dag to 2024-09-20T00:00:00+00:00, run_after=2024-09-21T00:00:00+00:00
[2024-09-20T06:50:02.288+0000] {processor.py:179} INFO - Processing /opt/airflow/dags/table_dag.py took 0.426 seconds
[2024-09-20T06:56:19.567+0000] {processor.py:157} INFO - Started process (PID=3837) to work on /opt/airflow/dags/table_dag.py
[2024-09-20T06:56:19.568+0000] {processor.py:829} INFO - Processing file /opt/airflow/dags/table_dag.py for tasks to queue
[2024-09-20T06:56:19.569+0000] {logging_mixin.py:151} INFO - [2024-09-20T06:56:19.569+0000] {dagbag.py:539} INFO - Filling up the DagBag from /opt/airflow/dags/table_dag.py
[2024-09-20T06:56:20.248+0000] {processor.py:839} INFO - DAG(s) dict_keys(['table_dag']) retrieved from /opt/airflow/dags/table_dag.py
[2024-09-20T06:56:20.309+0000] {logging_mixin.py:151} INFO - [2024-09-20T06:56:20.309+0000] {dag.py:2915} INFO - Sync 1 DAGs
[2024-09-20T06:56:20.340+0000] {logging_mixin.py:151} INFO - [2024-09-20T06:56:20.340+0000] {dag.py:3696} INFO - Setting next_dagrun for table_dag to 2024-09-20T00:00:00+00:00, run_after=2024-09-21T00:00:00+00:00
[2024-09-20T06:56:20.373+0000] {processor.py:179} INFO - Processing /opt/airflow/dags/table_dag.py took 0.811 seconds
[2024-09-20T06:56:50.762+0000] {processor.py:157} INFO - Started process (PID=3884) to work on /opt/airflow/dags/table_dag.py
[2024-09-20T06:56:50.772+0000] {processor.py:829} INFO - Processing file /opt/airflow/dags/table_dag.py for tasks to queue
[2024-09-20T06:56:50.774+0000] {logging_mixin.py:151} INFO - [2024-09-20T06:56:50.773+0000] {dagbag.py:539} INFO - Filling up the DagBag from /opt/airflow/dags/table_dag.py
[2024-09-20T06:56:51.491+0000] {processor.py:839} INFO - DAG(s) dict_keys(['table_dag']) retrieved from /opt/airflow/dags/table_dag.py
[2024-09-20T06:56:51.573+0000] {logging_mixin.py:151} INFO - [2024-09-20T06:56:51.572+0000] {dag.py:2915} INFO - Sync 1 DAGs
[2024-09-20T06:56:51.673+0000] {logging_mixin.py:151} INFO - [2024-09-20T06:56:51.673+0000] {dag.py:3696} INFO - Setting next_dagrun for table_dag to 2024-09-20T00:00:00+00:00, run_after=2024-09-21T00:00:00+00:00
[2024-09-20T06:56:51.691+0000] {processor.py:179} INFO - Processing /opt/airflow/dags/table_dag.py took 0.943 seconds
[2024-09-20T06:57:21.786+0000] {processor.py:157} INFO - Started process (PID=3930) to work on /opt/airflow/dags/table_dag.py
[2024-09-20T06:57:21.788+0000] {processor.py:829} INFO - Processing file /opt/airflow/dags/table_dag.py for tasks to queue
[2024-09-20T06:57:21.790+0000] {logging_mixin.py:151} INFO - [2024-09-20T06:57:21.790+0000] {dagbag.py:539} INFO - Filling up the DagBag from /opt/airflow/dags/table_dag.py
[2024-09-20T06:57:22.508+0000] {processor.py:839} INFO - DAG(s) dict_keys(['table_dag']) retrieved from /opt/airflow/dags/table_dag.py
[2024-09-20T06:57:22.779+0000] {logging_mixin.py:151} INFO - [2024-09-20T06:57:22.776+0000] {dag.py:2915} INFO - Sync 1 DAGs
[2024-09-20T06:57:22.849+0000] {logging_mixin.py:151} INFO - [2024-09-20T06:57:22.849+0000] {dag.py:3696} INFO - Setting next_dagrun for table_dag to 2024-09-20T00:00:00+00:00, run_after=2024-09-21T00:00:00+00:00
[2024-09-20T06:57:22.879+0000] {processor.py:179} INFO - Processing /opt/airflow/dags/table_dag.py took 1.098 seconds
[2024-09-20T06:57:53.639+0000] {processor.py:157} INFO - Started process (PID=3985) to work on /opt/airflow/dags/table_dag.py
[2024-09-20T06:57:53.644+0000] {processor.py:829} INFO - Processing file /opt/airflow/dags/table_dag.py for tasks to queue
[2024-09-20T06:57:53.650+0000] {logging_mixin.py:151} INFO - [2024-09-20T06:57:53.648+0000] {dagbag.py:539} INFO - Filling up the DagBag from /opt/airflow/dags/table_dag.py
[2024-09-20T06:57:54.068+0000] {processor.py:839} INFO - DAG(s) dict_keys(['table_dag']) retrieved from /opt/airflow/dags/table_dag.py
[2024-09-20T06:57:54.142+0000] {logging_mixin.py:151} INFO - [2024-09-20T06:57:54.141+0000] {dag.py:2915} INFO - Sync 1 DAGs
[2024-09-20T06:57:54.170+0000] {logging_mixin.py:151} INFO - [2024-09-20T06:57:54.170+0000] {dag.py:3696} INFO - Setting next_dagrun for table_dag to 2024-09-20T00:00:00+00:00, run_after=2024-09-21T00:00:00+00:00
[2024-09-20T06:57:54.190+0000] {processor.py:179} INFO - Processing /opt/airflow/dags/table_dag.py took 0.561 seconds
[2024-09-20T06:58:24.734+0000] {processor.py:157} INFO - Started process (PID=4032) to work on /opt/airflow/dags/table_dag.py
[2024-09-20T06:58:24.736+0000] {processor.py:829} INFO - Processing file /opt/airflow/dags/table_dag.py for tasks to queue
[2024-09-20T06:58:24.737+0000] {logging_mixin.py:151} INFO - [2024-09-20T06:58:24.737+0000] {dagbag.py:539} INFO - Filling up the DagBag from /opt/airflow/dags/table_dag.py
[2024-09-20T06:58:25.070+0000] {processor.py:839} INFO - DAG(s) dict_keys(['table_dag']) retrieved from /opt/airflow/dags/table_dag.py
[2024-09-20T06:58:25.102+0000] {logging_mixin.py:151} INFO - [2024-09-20T06:58:25.102+0000] {dag.py:2915} INFO - Sync 1 DAGs
[2024-09-20T06:58:25.132+0000] {logging_mixin.py:151} INFO - [2024-09-20T06:58:25.132+0000] {dag.py:3696} INFO - Setting next_dagrun for table_dag to 2024-09-20T00:00:00+00:00, run_after=2024-09-21T00:00:00+00:00
[2024-09-20T06:58:25.147+0000] {processor.py:179} INFO - Processing /opt/airflow/dags/table_dag.py took 0.418 seconds
[2024-09-20T06:58:55.322+0000] {processor.py:157} INFO - Started process (PID=4079) to work on /opt/airflow/dags/table_dag.py
[2024-09-20T06:58:55.323+0000] {processor.py:829} INFO - Processing file /opt/airflow/dags/table_dag.py for tasks to queue
[2024-09-20T06:58:55.325+0000] {logging_mixin.py:151} INFO - [2024-09-20T06:58:55.324+0000] {dagbag.py:539} INFO - Filling up the DagBag from /opt/airflow/dags/table_dag.py
[2024-09-20T06:58:55.639+0000] {processor.py:839} INFO - DAG(s) dict_keys(['table_dag']) retrieved from /opt/airflow/dags/table_dag.py
[2024-09-20T06:58:55.731+0000] {logging_mixin.py:151} INFO - [2024-09-20T06:58:55.730+0000] {dag.py:2915} INFO - Sync 1 DAGs
[2024-09-20T06:58:55.786+0000] {logging_mixin.py:151} INFO - [2024-09-20T06:58:55.785+0000] {dag.py:3696} INFO - Setting next_dagrun for table_dag to 2024-09-20T00:00:00+00:00, run_after=2024-09-21T00:00:00+00:00
[2024-09-20T06:58:55.813+0000] {processor.py:179} INFO - Processing /opt/airflow/dags/table_dag.py took 0.498 seconds
[2024-09-20T06:59:26.050+0000] {processor.py:157} INFO - Started process (PID=4126) to work on /opt/airflow/dags/table_dag.py
[2024-09-20T06:59:26.060+0000] {processor.py:829} INFO - Processing file /opt/airflow/dags/table_dag.py for tasks to queue
[2024-09-20T06:59:26.064+0000] {logging_mixin.py:151} INFO - [2024-09-20T06:59:26.063+0000] {dagbag.py:539} INFO - Filling up the DagBag from /opt/airflow/dags/table_dag.py
[2024-09-20T06:59:26.407+0000] {processor.py:839} INFO - DAG(s) dict_keys(['table_dag']) retrieved from /opt/airflow/dags/table_dag.py
[2024-09-20T06:59:26.450+0000] {logging_mixin.py:151} INFO - [2024-09-20T06:59:26.449+0000] {dag.py:2915} INFO - Sync 1 DAGs
[2024-09-20T06:59:26.479+0000] {logging_mixin.py:151} INFO - [2024-09-20T06:59:26.479+0000] {dag.py:3696} INFO - Setting next_dagrun for table_dag to 2024-09-20T00:00:00+00:00, run_after=2024-09-21T00:00:00+00:00
[2024-09-20T06:59:26.499+0000] {processor.py:179} INFO - Processing /opt/airflow/dags/table_dag.py took 0.477 seconds
[2024-09-20T06:59:56.645+0000] {processor.py:157} INFO - Started process (PID=4173) to work on /opt/airflow/dags/table_dag.py
[2024-09-20T06:59:56.646+0000] {processor.py:829} INFO - Processing file /opt/airflow/dags/table_dag.py for tasks to queue
[2024-09-20T06:59:56.647+0000] {logging_mixin.py:151} INFO - [2024-09-20T06:59:56.647+0000] {dagbag.py:539} INFO - Filling up the DagBag from /opt/airflow/dags/table_dag.py
[2024-09-20T06:59:56.935+0000] {processor.py:839} INFO - DAG(s) dict_keys(['table_dag']) retrieved from /opt/airflow/dags/table_dag.py
[2024-09-20T06:59:56.967+0000] {logging_mixin.py:151} INFO - [2024-09-20T06:59:56.967+0000] {dag.py:2915} INFO - Sync 1 DAGs
[2024-09-20T06:59:56.988+0000] {logging_mixin.py:151} INFO - [2024-09-20T06:59:56.988+0000] {dag.py:3696} INFO - Setting next_dagrun for table_dag to 2024-09-20T00:00:00+00:00, run_after=2024-09-21T00:00:00+00:00
[2024-09-20T06:59:57.015+0000] {processor.py:179} INFO - Processing /opt/airflow/dags/table_dag.py took 0.375 seconds
[2024-09-20T07:00:27.184+0000] {processor.py:157} INFO - Started process (PID=4220) to work on /opt/airflow/dags/table_dag.py
[2024-09-20T07:00:27.188+0000] {processor.py:829} INFO - Processing file /opt/airflow/dags/table_dag.py for tasks to queue
[2024-09-20T07:00:27.191+0000] {logging_mixin.py:151} INFO - [2024-09-20T07:00:27.191+0000] {dagbag.py:539} INFO - Filling up the DagBag from /opt/airflow/dags/table_dag.py
[2024-09-20T07:00:27.546+0000] {processor.py:839} INFO - DAG(s) dict_keys(['table_dag']) retrieved from /opt/airflow/dags/table_dag.py
[2024-09-20T07:00:27.601+0000] {logging_mixin.py:151} INFO - [2024-09-20T07:00:27.600+0000] {dag.py:2915} INFO - Sync 1 DAGs
[2024-09-20T07:00:27.638+0000] {logging_mixin.py:151} INFO - [2024-09-20T07:00:27.637+0000] {dag.py:3696} INFO - Setting next_dagrun for table_dag to 2024-09-20T00:00:00+00:00, run_after=2024-09-21T00:00:00+00:00
[2024-09-20T07:00:27.661+0000] {processor.py:179} INFO - Processing /opt/airflow/dags/table_dag.py took 0.502 seconds
[2024-09-20T07:00:57.766+0000] {processor.py:157} INFO - Started process (PID=4266) to work on /opt/airflow/dags/table_dag.py
[2024-09-20T07:00:57.767+0000] {processor.py:829} INFO - Processing file /opt/airflow/dags/table_dag.py for tasks to queue
[2024-09-20T07:00:57.768+0000] {logging_mixin.py:151} INFO - [2024-09-20T07:00:57.768+0000] {dagbag.py:539} INFO - Filling up the DagBag from /opt/airflow/dags/table_dag.py
[2024-09-20T07:00:58.189+0000] {processor.py:839} INFO - DAG(s) dict_keys(['table_dag']) retrieved from /opt/airflow/dags/table_dag.py
[2024-09-20T07:00:58.233+0000] {logging_mixin.py:151} INFO - [2024-09-20T07:00:58.232+0000] {dag.py:2915} INFO - Sync 1 DAGs
[2024-09-20T07:00:58.261+0000] {logging_mixin.py:151} INFO - [2024-09-20T07:00:58.261+0000] {dag.py:3696} INFO - Setting next_dagrun for table_dag to 2024-09-20T00:00:00+00:00, run_after=2024-09-21T00:00:00+00:00
[2024-09-20T07:00:58.282+0000] {processor.py:179} INFO - Processing /opt/airflow/dags/table_dag.py took 0.521 seconds
[2024-09-20T07:01:28.483+0000] {processor.py:157} INFO - Started process (PID=4313) to work on /opt/airflow/dags/table_dag.py
[2024-09-20T07:01:28.489+0000] {processor.py:829} INFO - Processing file /opt/airflow/dags/table_dag.py for tasks to queue
[2024-09-20T07:01:28.492+0000] {logging_mixin.py:151} INFO - [2024-09-20T07:01:28.492+0000] {dagbag.py:539} INFO - Filling up the DagBag from /opt/airflow/dags/table_dag.py
[2024-09-20T07:01:28.779+0000] {processor.py:839} INFO - DAG(s) dict_keys(['table_dag']) retrieved from /opt/airflow/dags/table_dag.py
[2024-09-20T07:01:28.808+0000] {logging_mixin.py:151} INFO - [2024-09-20T07:01:28.807+0000] {dag.py:2915} INFO - Sync 1 DAGs
[2024-09-20T07:01:28.837+0000] {logging_mixin.py:151} INFO - [2024-09-20T07:01:28.837+0000] {dag.py:3696} INFO - Setting next_dagrun for table_dag to 2024-09-20T00:00:00+00:00, run_after=2024-09-21T00:00:00+00:00
[2024-09-20T07:01:28.854+0000] {processor.py:179} INFO - Processing /opt/airflow/dags/table_dag.py took 0.373 seconds
[2024-09-20T07:01:58.939+0000] {processor.py:157} INFO - Started process (PID=4360) to work on /opt/airflow/dags/table_dag.py
[2024-09-20T07:01:58.940+0000] {processor.py:829} INFO - Processing file /opt/airflow/dags/table_dag.py for tasks to queue
[2024-09-20T07:01:58.941+0000] {logging_mixin.py:151} INFO - [2024-09-20T07:01:58.941+0000] {dagbag.py:539} INFO - Filling up the DagBag from /opt/airflow/dags/table_dag.py
[2024-09-20T07:01:59.213+0000] {processor.py:839} INFO - DAG(s) dict_keys(['table_dag']) retrieved from /opt/airflow/dags/table_dag.py
[2024-09-20T07:01:59.250+0000] {logging_mixin.py:151} INFO - [2024-09-20T07:01:59.249+0000] {dag.py:2915} INFO - Sync 1 DAGs
[2024-09-20T07:01:59.277+0000] {logging_mixin.py:151} INFO - [2024-09-20T07:01:59.277+0000] {dag.py:3696} INFO - Setting next_dagrun for table_dag to 2024-09-20T00:00:00+00:00, run_after=2024-09-21T00:00:00+00:00
[2024-09-20T07:01:59.292+0000] {processor.py:179} INFO - Processing /opt/airflow/dags/table_dag.py took 0.357 seconds
[2024-09-20T07:02:29.387+0000] {processor.py:157} INFO - Started process (PID=4407) to work on /opt/airflow/dags/table_dag.py
[2024-09-20T07:02:29.388+0000] {processor.py:829} INFO - Processing file /opt/airflow/dags/table_dag.py for tasks to queue
[2024-09-20T07:02:29.388+0000] {logging_mixin.py:151} INFO - [2024-09-20T07:02:29.388+0000] {dagbag.py:539} INFO - Filling up the DagBag from /opt/airflow/dags/table_dag.py
[2024-09-20T07:02:29.617+0000] {processor.py:839} INFO - DAG(s) dict_keys(['table_dag']) retrieved from /opt/airflow/dags/table_dag.py
[2024-09-20T07:02:29.636+0000] {logging_mixin.py:151} INFO - [2024-09-20T07:02:29.636+0000] {dag.py:2915} INFO - Sync 1 DAGs
[2024-09-20T07:02:29.656+0000] {logging_mixin.py:151} INFO - [2024-09-20T07:02:29.656+0000] {dag.py:3696} INFO - Setting next_dagrun for table_dag to 2024-09-20T00:00:00+00:00, run_after=2024-09-21T00:00:00+00:00
[2024-09-20T07:02:29.678+0000] {processor.py:179} INFO - Processing /opt/airflow/dags/table_dag.py took 0.293 seconds
[2024-09-20T07:02:59.771+0000] {processor.py:157} INFO - Started process (PID=4454) to work on /opt/airflow/dags/table_dag.py
[2024-09-20T07:02:59.773+0000] {processor.py:829} INFO - Processing file /opt/airflow/dags/table_dag.py for tasks to queue
[2024-09-20T07:02:59.773+0000] {logging_mixin.py:151} INFO - [2024-09-20T07:02:59.773+0000] {dagbag.py:539} INFO - Filling up the DagBag from /opt/airflow/dags/table_dag.py
[2024-09-20T07:02:59.997+0000] {processor.py:839} INFO - DAG(s) dict_keys(['table_dag']) retrieved from /opt/airflow/dags/table_dag.py
[2024-09-20T07:03:00.028+0000] {logging_mixin.py:151} INFO - [2024-09-20T07:03:00.028+0000] {dag.py:2915} INFO - Sync 1 DAGs
[2024-09-20T07:03:00.043+0000] {logging_mixin.py:151} INFO - [2024-09-20T07:03:00.043+0000] {dag.py:3696} INFO - Setting next_dagrun for table_dag to 2024-09-20T00:00:00+00:00, run_after=2024-09-21T00:00:00+00:00
[2024-09-20T07:03:00.060+0000] {processor.py:179} INFO - Processing /opt/airflow/dags/table_dag.py took 0.292 seconds
[2024-09-20T07:03:31.156+0000] {processor.py:157} INFO - Started process (PID=4501) to work on /opt/airflow/dags/table_dag.py
[2024-09-20T07:03:31.158+0000] {processor.py:829} INFO - Processing file /opt/airflow/dags/table_dag.py for tasks to queue
[2024-09-20T07:03:31.160+0000] {logging_mixin.py:151} INFO - [2024-09-20T07:03:31.159+0000] {dagbag.py:539} INFO - Filling up the DagBag from /opt/airflow/dags/table_dag.py
[2024-09-20T07:03:31.495+0000] {processor.py:839} INFO - DAG(s) dict_keys(['table_dag']) retrieved from /opt/airflow/dags/table_dag.py
[2024-09-20T07:03:31.559+0000] {logging_mixin.py:151} INFO - [2024-09-20T07:03:31.559+0000] {dag.py:2915} INFO - Sync 1 DAGs
[2024-09-20T07:03:31.584+0000] {logging_mixin.py:151} INFO - [2024-09-20T07:03:31.584+0000] {dag.py:3696} INFO - Setting next_dagrun for table_dag to 2024-09-20T00:00:00+00:00, run_after=2024-09-21T00:00:00+00:00
[2024-09-20T07:03:31.599+0000] {processor.py:179} INFO - Processing /opt/airflow/dags/table_dag.py took 0.449 seconds
[2024-09-20T07:04:01.813+0000] {processor.py:157} INFO - Started process (PID=4547) to work on /opt/airflow/dags/table_dag.py
[2024-09-20T07:04:01.814+0000] {processor.py:829} INFO - Processing file /opt/airflow/dags/table_dag.py for tasks to queue
[2024-09-20T07:04:01.815+0000] {logging_mixin.py:151} INFO - [2024-09-20T07:04:01.815+0000] {dagbag.py:539} INFO - Filling up the DagBag from /opt/airflow/dags/table_dag.py
[2024-09-20T07:04:02.120+0000] {processor.py:839} INFO - DAG(s) dict_keys(['table_dag']) retrieved from /opt/airflow/dags/table_dag.py
[2024-09-20T07:04:02.162+0000] {logging_mixin.py:151} INFO - [2024-09-20T07:04:02.160+0000] {dag.py:2915} INFO - Sync 1 DAGs
[2024-09-20T07:04:02.191+0000] {logging_mixin.py:151} INFO - [2024-09-20T07:04:02.191+0000] {dag.py:3696} INFO - Setting next_dagrun for table_dag to 2024-09-20T00:00:00+00:00, run_after=2024-09-21T00:00:00+00:00
[2024-09-20T07:04:02.204+0000] {processor.py:179} INFO - Processing /opt/airflow/dags/table_dag.py took 0.396 seconds
[2024-09-20T07:04:33.126+0000] {processor.py:157} INFO - Started process (PID=4594) to work on /opt/airflow/dags/table_dag.py
[2024-09-20T07:04:33.127+0000] {processor.py:829} INFO - Processing file /opt/airflow/dags/table_dag.py for tasks to queue
[2024-09-20T07:04:33.129+0000] {logging_mixin.py:151} INFO - [2024-09-20T07:04:33.128+0000] {dagbag.py:539} INFO - Filling up the DagBag from /opt/airflow/dags/table_dag.py
[2024-09-20T07:04:33.427+0000] {processor.py:839} INFO - DAG(s) dict_keys(['table_dag']) retrieved from /opt/airflow/dags/table_dag.py
[2024-09-20T07:04:33.454+0000] {logging_mixin.py:151} INFO - [2024-09-20T07:04:33.454+0000] {dag.py:2915} INFO - Sync 1 DAGs
[2024-09-20T07:04:33.490+0000] {logging_mixin.py:151} INFO - [2024-09-20T07:04:33.489+0000] {dag.py:3696} INFO - Setting next_dagrun for table_dag to 2024-09-20T00:00:00+00:00, run_after=2024-09-21T00:00:00+00:00
[2024-09-20T07:04:33.520+0000] {processor.py:179} INFO - Processing /opt/airflow/dags/table_dag.py took 0.398 seconds
[2024-09-20T07:05:04.480+0000] {processor.py:157} INFO - Started process (PID=4641) to work on /opt/airflow/dags/table_dag.py
[2024-09-20T07:05:04.481+0000] {processor.py:829} INFO - Processing file /opt/airflow/dags/table_dag.py for tasks to queue
[2024-09-20T07:05:04.483+0000] {logging_mixin.py:151} INFO - [2024-09-20T07:05:04.482+0000] {dagbag.py:539} INFO - Filling up the DagBag from /opt/airflow/dags/table_dag.py
[2024-09-20T07:05:04.759+0000] {processor.py:839} INFO - DAG(s) dict_keys(['table_dag']) retrieved from /opt/airflow/dags/table_dag.py
[2024-09-20T07:05:04.799+0000] {logging_mixin.py:151} INFO - [2024-09-20T07:05:04.799+0000] {dag.py:2915} INFO - Sync 1 DAGs
[2024-09-20T07:05:04.818+0000] {logging_mixin.py:151} INFO - [2024-09-20T07:05:04.817+0000] {dag.py:3696} INFO - Setting next_dagrun for table_dag to 2024-09-20T00:00:00+00:00, run_after=2024-09-21T00:00:00+00:00
[2024-09-20T07:05:04.837+0000] {processor.py:179} INFO - Processing /opt/airflow/dags/table_dag.py took 0.379 seconds
[2024-09-20T07:05:35.938+0000] {processor.py:157} INFO - Started process (PID=4688) to work on /opt/airflow/dags/table_dag.py
[2024-09-20T07:05:35.942+0000] {processor.py:829} INFO - Processing file /opt/airflow/dags/table_dag.py for tasks to queue
[2024-09-20T07:05:35.944+0000] {logging_mixin.py:151} INFO - [2024-09-20T07:05:35.943+0000] {dagbag.py:539} INFO - Filling up the DagBag from /opt/airflow/dags/table_dag.py
[2024-09-20T07:05:36.256+0000] {processor.py:839} INFO - DAG(s) dict_keys(['table_dag']) retrieved from /opt/airflow/dags/table_dag.py
[2024-09-20T07:05:36.308+0000] {logging_mixin.py:151} INFO - [2024-09-20T07:05:36.308+0000] {dag.py:2915} INFO - Sync 1 DAGs
[2024-09-20T07:05:36.330+0000] {logging_mixin.py:151} INFO - [2024-09-20T07:05:36.330+0000] {dag.py:3696} INFO - Setting next_dagrun for table_dag to 2024-09-20T00:00:00+00:00, run_after=2024-09-21T00:00:00+00:00
[2024-09-20T07:05:36.345+0000] {processor.py:179} INFO - Processing /opt/airflow/dags/table_dag.py took 0.413 seconds
[2024-09-20T07:06:06.510+0000] {processor.py:157} INFO - Started process (PID=4735) to work on /opt/airflow/dags/table_dag.py
[2024-09-20T07:06:06.512+0000] {processor.py:829} INFO - Processing file /opt/airflow/dags/table_dag.py for tasks to queue
[2024-09-20T07:06:06.513+0000] {logging_mixin.py:151} INFO - [2024-09-20T07:06:06.513+0000] {dagbag.py:539} INFO - Filling up the DagBag from /opt/airflow/dags/table_dag.py
[2024-09-20T07:06:06.821+0000] {processor.py:839} INFO - DAG(s) dict_keys(['table_dag']) retrieved from /opt/airflow/dags/table_dag.py
[2024-09-20T07:06:06.859+0000] {logging_mixin.py:151} INFO - [2024-09-20T07:06:06.859+0000] {dag.py:2915} INFO - Sync 1 DAGs
[2024-09-20T07:06:06.878+0000] {logging_mixin.py:151} INFO - [2024-09-20T07:06:06.878+0000] {dag.py:3696} INFO - Setting next_dagrun for table_dag to 2024-09-20T00:00:00+00:00, run_after=2024-09-21T00:00:00+00:00
[2024-09-20T07:06:06.903+0000] {processor.py:179} INFO - Processing /opt/airflow/dags/table_dag.py took 0.398 seconds
[2024-09-20T07:06:37.223+0000] {processor.py:157} INFO - Started process (PID=4781) to work on /opt/airflow/dags/table_dag.py
[2024-09-20T07:06:37.225+0000] {processor.py:829} INFO - Processing file /opt/airflow/dags/table_dag.py for tasks to queue
[2024-09-20T07:06:37.227+0000] {logging_mixin.py:151} INFO - [2024-09-20T07:06:37.226+0000] {dagbag.py:539} INFO - Filling up the DagBag from /opt/airflow/dags/table_dag.py
[2024-09-20T07:06:37.522+0000] {processor.py:839} INFO - DAG(s) dict_keys(['table_dag']) retrieved from /opt/airflow/dags/table_dag.py
[2024-09-20T07:06:37.551+0000] {logging_mixin.py:151} INFO - [2024-09-20T07:06:37.550+0000] {dag.py:2915} INFO - Sync 1 DAGs
[2024-09-20T07:06:37.566+0000] {logging_mixin.py:151} INFO - [2024-09-20T07:06:37.566+0000] {dag.py:3696} INFO - Setting next_dagrun for table_dag to 2024-09-20T00:00:00+00:00, run_after=2024-09-21T00:00:00+00:00
[2024-09-20T07:06:37.581+0000] {processor.py:179} INFO - Processing /opt/airflow/dags/table_dag.py took 0.368 seconds
[2024-09-20T07:07:07.734+0000] {processor.py:157} INFO - Started process (PID=4828) to work on /opt/airflow/dags/table_dag.py
[2024-09-20T07:07:07.735+0000] {processor.py:829} INFO - Processing file /opt/airflow/dags/table_dag.py for tasks to queue
[2024-09-20T07:07:07.736+0000] {logging_mixin.py:151} INFO - [2024-09-20T07:07:07.736+0000] {dagbag.py:539} INFO - Filling up the DagBag from /opt/airflow/dags/table_dag.py
[2024-09-20T07:07:08.090+0000] {processor.py:839} INFO - DAG(s) dict_keys(['table_dag']) retrieved from /opt/airflow/dags/table_dag.py
[2024-09-20T07:07:08.139+0000] {logging_mixin.py:151} INFO - [2024-09-20T07:07:08.138+0000] {dag.py:2915} INFO - Sync 1 DAGs
[2024-09-20T07:07:08.164+0000] {logging_mixin.py:151} INFO - [2024-09-20T07:07:08.164+0000] {dag.py:3696} INFO - Setting next_dagrun for table_dag to 2024-09-20T00:00:00+00:00, run_after=2024-09-21T00:00:00+00:00
[2024-09-20T07:07:08.179+0000] {processor.py:179} INFO - Processing /opt/airflow/dags/table_dag.py took 0.458 seconds
[2024-09-20T07:07:38.410+0000] {processor.py:157} INFO - Started process (PID=4875) to work on /opt/airflow/dags/table_dag.py
[2024-09-20T07:07:38.412+0000] {processor.py:829} INFO - Processing file /opt/airflow/dags/table_dag.py for tasks to queue
[2024-09-20T07:07:38.415+0000] {logging_mixin.py:151} INFO - [2024-09-20T07:07:38.415+0000] {dagbag.py:539} INFO - Filling up the DagBag from /opt/airflow/dags/table_dag.py
[2024-09-20T07:07:38.707+0000] {processor.py:839} INFO - DAG(s) dict_keys(['table_dag']) retrieved from /opt/airflow/dags/table_dag.py
[2024-09-20T07:07:38.740+0000] {logging_mixin.py:151} INFO - [2024-09-20T07:07:38.740+0000] {dag.py:2915} INFO - Sync 1 DAGs
[2024-09-20T07:07:38.763+0000] {logging_mixin.py:151} INFO - [2024-09-20T07:07:38.763+0000] {dag.py:3696} INFO - Setting next_dagrun for table_dag to 2024-09-20T00:00:00+00:00, run_after=2024-09-21T00:00:00+00:00
[2024-09-20T07:07:38.776+0000] {processor.py:179} INFO - Processing /opt/airflow/dags/table_dag.py took 0.384 seconds
[2024-09-20T07:08:09.001+0000] {processor.py:157} INFO - Started process (PID=4922) to work on /opt/airflow/dags/table_dag.py
[2024-09-20T07:08:09.005+0000] {processor.py:829} INFO - Processing file /opt/airflow/dags/table_dag.py for tasks to queue
[2024-09-20T07:08:09.009+0000] {logging_mixin.py:151} INFO - [2024-09-20T07:08:09.008+0000] {dagbag.py:539} INFO - Filling up the DagBag from /opt/airflow/dags/table_dag.py
[2024-09-20T07:08:09.295+0000] {processor.py:839} INFO - DAG(s) dict_keys(['table_dag']) retrieved from /opt/airflow/dags/table_dag.py
[2024-09-20T07:08:09.323+0000] {logging_mixin.py:151} INFO - [2024-09-20T07:08:09.323+0000] {dag.py:2915} INFO - Sync 1 DAGs
[2024-09-20T07:08:09.354+0000] {logging_mixin.py:151} INFO - [2024-09-20T07:08:09.354+0000] {dag.py:3696} INFO - Setting next_dagrun for table_dag to 2024-09-20T00:00:00+00:00, run_after=2024-09-21T00:00:00+00:00
[2024-09-20T07:08:09.374+0000] {processor.py:179} INFO - Processing /opt/airflow/dags/table_dag.py took 0.381 seconds
[2024-09-20T07:54:53.342+0000] {processor.py:157} INFO - Started process (PID=4967) to work on /opt/airflow/dags/table_dag.py
[2024-09-20T07:54:53.344+0000] {processor.py:829} INFO - Processing file /opt/airflow/dags/table_dag.py for tasks to queue
[2024-09-20T07:54:53.345+0000] {logging_mixin.py:151} INFO - [2024-09-20T07:54:53.345+0000] {dagbag.py:539} INFO - Filling up the DagBag from /opt/airflow/dags/table_dag.py
[2024-09-20T07:54:53.983+0000] {processor.py:839} INFO - DAG(s) dict_keys(['table_dag']) retrieved from /opt/airflow/dags/table_dag.py
[2024-09-20T07:54:54.033+0000] {logging_mixin.py:151} INFO - [2024-09-20T07:54:54.033+0000] {dag.py:2915} INFO - Sync 1 DAGs
[2024-09-20T07:54:54.059+0000] {logging_mixin.py:151} INFO - [2024-09-20T07:54:54.059+0000] {dag.py:3696} INFO - Setting next_dagrun for table_dag to 2024-09-20T00:00:00+00:00, run_after=2024-09-21T00:00:00+00:00
[2024-09-20T07:54:54.078+0000] {processor.py:179} INFO - Processing /opt/airflow/dags/table_dag.py took 0.747 seconds
[2024-09-20T08:09:04.488+0000] {processor.py:157} INFO - Started process (PID=5016) to work on /opt/airflow/dags/table_dag.py
[2024-09-20T08:09:04.489+0000] {processor.py:829} INFO - Processing file /opt/airflow/dags/table_dag.py for tasks to queue
[2024-09-20T08:09:04.490+0000] {logging_mixin.py:151} INFO - [2024-09-20T08:09:04.489+0000] {dagbag.py:539} INFO - Filling up the DagBag from /opt/airflow/dags/table_dag.py
[2024-09-20T08:09:04.849+0000] {processor.py:839} INFO - DAG(s) dict_keys(['table_dag']) retrieved from /opt/airflow/dags/table_dag.py
[2024-09-20T08:09:04.909+0000] {logging_mixin.py:151} INFO - [2024-09-20T08:09:04.908+0000] {dag.py:2915} INFO - Sync 1 DAGs
[2024-09-20T08:09:04.937+0000] {logging_mixin.py:151} INFO - [2024-09-20T08:09:04.937+0000] {dag.py:3696} INFO - Setting next_dagrun for table_dag to 2024-09-20T00:00:00+00:00, run_after=2024-09-21T00:00:00+00:00
[2024-09-20T08:09:04.952+0000] {processor.py:179} INFO - Processing /opt/airflow/dags/table_dag.py took 0.468 seconds
[2024-09-20T08:41:06.544+0000] {processor.py:157} INFO - Started process (PID=5060) to work on /opt/airflow/dags/table_dag.py
[2024-09-20T08:41:06.546+0000] {processor.py:829} INFO - Processing file /opt/airflow/dags/table_dag.py for tasks to queue
[2024-09-20T08:41:06.548+0000] {logging_mixin.py:151} INFO - [2024-09-20T08:41:06.547+0000] {dagbag.py:539} INFO - Filling up the DagBag from /opt/airflow/dags/table_dag.py
[2024-09-20T08:41:07.119+0000] {processor.py:839} INFO - DAG(s) dict_keys(['table_dag']) retrieved from /opt/airflow/dags/table_dag.py
[2024-09-20T08:41:07.176+0000] {logging_mixin.py:151} INFO - [2024-09-20T08:41:07.174+0000] {dag.py:2915} INFO - Sync 1 DAGs
[2024-09-20T08:41:07.208+0000] {logging_mixin.py:151} INFO - [2024-09-20T08:41:07.208+0000] {dag.py:3696} INFO - Setting next_dagrun for table_dag to 2024-09-20T00:00:00+00:00, run_after=2024-09-21T00:00:00+00:00
[2024-09-20T08:41:07.237+0000] {processor.py:179} INFO - Processing /opt/airflow/dags/table_dag.py took 0.699 seconds
[2024-09-20T09:16:02.007+0000] {processor.py:157} INFO - Started process (PID=5109) to work on /opt/airflow/dags/table_dag.py
[2024-09-20T09:16:02.009+0000] {processor.py:829} INFO - Processing file /opt/airflow/dags/table_dag.py for tasks to queue
[2024-09-20T09:16:02.010+0000] {logging_mixin.py:151} INFO - [2024-09-20T09:16:02.010+0000] {dagbag.py:539} INFO - Filling up the DagBag from /opt/airflow/dags/table_dag.py
[2024-09-20T09:16:02.331+0000] {processor.py:839} INFO - DAG(s) dict_keys(['table_dag']) retrieved from /opt/airflow/dags/table_dag.py
[2024-09-20T09:16:02.399+0000] {logging_mixin.py:151} INFO - [2024-09-20T09:16:02.398+0000] {dag.py:2915} INFO - Sync 1 DAGs
[2024-09-20T09:16:02.436+0000] {logging_mixin.py:151} INFO - [2024-09-20T09:16:02.436+0000] {dag.py:3696} INFO - Setting next_dagrun for table_dag to 2024-09-20T00:00:00+00:00, run_after=2024-09-21T00:00:00+00:00
[2024-09-20T09:16:02.453+0000] {processor.py:179} INFO - Processing /opt/airflow/dags/table_dag.py took 0.452 seconds
[2024-09-20T09:22:39.546+0000] {processor.py:157} INFO - Started process (PID=5156) to work on /opt/airflow/dags/table_dag.py
[2024-09-20T09:22:39.549+0000] {processor.py:829} INFO - Processing file /opt/airflow/dags/table_dag.py for tasks to queue
[2024-09-20T09:22:39.551+0000] {logging_mixin.py:151} INFO - [2024-09-20T09:22:39.550+0000] {dagbag.py:539} INFO - Filling up the DagBag from /opt/airflow/dags/table_dag.py
[2024-09-20T09:22:40.091+0000] {processor.py:839} INFO - DAG(s) dict_keys(['table_dag']) retrieved from /opt/airflow/dags/table_dag.py
[2024-09-20T09:22:40.137+0000] {logging_mixin.py:151} INFO - [2024-09-20T09:22:40.137+0000] {dag.py:2915} INFO - Sync 1 DAGs
[2024-09-20T09:22:40.167+0000] {logging_mixin.py:151} INFO - [2024-09-20T09:22:40.166+0000] {dag.py:3696} INFO - Setting next_dagrun for table_dag to 2024-09-20T00:00:00+00:00, run_after=2024-09-21T00:00:00+00:00
[2024-09-20T09:22:40.180+0000] {processor.py:179} INFO - Processing /opt/airflow/dags/table_dag.py took 0.640 seconds
[2024-09-20T09:41:27.749+0000] {processor.py:157} INFO - Started process (PID=5205) to work on /opt/airflow/dags/table_dag.py
[2024-09-20T09:41:27.751+0000] {processor.py:829} INFO - Processing file /opt/airflow/dags/table_dag.py for tasks to queue
[2024-09-20T09:41:27.752+0000] {logging_mixin.py:151} INFO - [2024-09-20T09:41:27.752+0000] {dagbag.py:539} INFO - Filling up the DagBag from /opt/airflow/dags/table_dag.py
[2024-09-20T09:41:28.245+0000] {processor.py:839} INFO - DAG(s) dict_keys(['table_dag']) retrieved from /opt/airflow/dags/table_dag.py
[2024-09-20T09:41:28.279+0000] {logging_mixin.py:151} INFO - [2024-09-20T09:41:28.278+0000] {dag.py:2915} INFO - Sync 1 DAGs
[2024-09-20T09:41:28.317+0000] {logging_mixin.py:151} INFO - [2024-09-20T09:41:28.317+0000] {dag.py:3696} INFO - Setting next_dagrun for table_dag to 2024-09-20T00:00:00+00:00, run_after=2024-09-21T00:00:00+00:00
[2024-09-20T09:41:28.366+0000] {processor.py:179} INFO - Processing /opt/airflow/dags/table_dag.py took 0.623 seconds
[2024-09-20T09:41:58.527+0000] {processor.py:157} INFO - Started process (PID=5250) to work on /opt/airflow/dags/table_dag.py
[2024-09-20T09:41:58.529+0000] {processor.py:829} INFO - Processing file /opt/airflow/dags/table_dag.py for tasks to queue
[2024-09-20T09:41:58.531+0000] {logging_mixin.py:151} INFO - [2024-09-20T09:41:58.531+0000] {dagbag.py:539} INFO - Filling up the DagBag from /opt/airflow/dags/table_dag.py
[2024-09-20T09:41:58.859+0000] {processor.py:839} INFO - DAG(s) dict_keys(['table_dag']) retrieved from /opt/airflow/dags/table_dag.py
[2024-09-20T09:41:58.902+0000] {logging_mixin.py:151} INFO - [2024-09-20T09:41:58.901+0000] {dag.py:2915} INFO - Sync 1 DAGs
[2024-09-20T09:41:58.930+0000] {logging_mixin.py:151} INFO - [2024-09-20T09:41:58.929+0000] {dag.py:3696} INFO - Setting next_dagrun for table_dag to 2024-09-20T00:00:00+00:00, run_after=2024-09-21T00:00:00+00:00
[2024-09-20T09:41:58.945+0000] {processor.py:179} INFO - Processing /opt/airflow/dags/table_dag.py took 0.424 seconds
[2024-09-20T09:42:29.439+0000] {processor.py:157} INFO - Started process (PID=5298) to work on /opt/airflow/dags/table_dag.py
[2024-09-20T09:42:29.441+0000] {processor.py:829} INFO - Processing file /opt/airflow/dags/table_dag.py for tasks to queue
[2024-09-20T09:42:29.444+0000] {logging_mixin.py:151} INFO - [2024-09-20T09:42:29.444+0000] {dagbag.py:539} INFO - Filling up the DagBag from /opt/airflow/dags/table_dag.py
[2024-09-20T09:42:29.908+0000] {processor.py:839} INFO - DAG(s) dict_keys(['table_dag']) retrieved from /opt/airflow/dags/table_dag.py
[2024-09-20T09:42:30.009+0000] {logging_mixin.py:151} INFO - [2024-09-20T09:42:30.008+0000] {dag.py:2915} INFO - Sync 1 DAGs
[2024-09-20T09:42:30.070+0000] {logging_mixin.py:151} INFO - [2024-09-20T09:42:30.070+0000] {dag.py:3696} INFO - Setting next_dagrun for table_dag to 2024-09-20T00:00:00+00:00, run_after=2024-09-21T00:00:00+00:00
[2024-09-20T09:42:30.111+0000] {processor.py:179} INFO - Processing /opt/airflow/dags/table_dag.py took 0.678 seconds
[2024-09-20T09:43:00.827+0000] {processor.py:157} INFO - Started process (PID=5345) to work on /opt/airflow/dags/table_dag.py
[2024-09-20T09:43:00.830+0000] {processor.py:829} INFO - Processing file /opt/airflow/dags/table_dag.py for tasks to queue
[2024-09-20T09:43:00.831+0000] {logging_mixin.py:151} INFO - [2024-09-20T09:43:00.831+0000] {dagbag.py:539} INFO - Filling up the DagBag from /opt/airflow/dags/table_dag.py
[2024-09-20T09:43:01.299+0000] {processor.py:839} INFO - DAG(s) dict_keys(['table_dag']) retrieved from /opt/airflow/dags/table_dag.py
[2024-09-20T09:43:01.365+0000] {logging_mixin.py:151} INFO - [2024-09-20T09:43:01.364+0000] {dag.py:2915} INFO - Sync 1 DAGs
[2024-09-20T09:43:01.430+0000] {logging_mixin.py:151} INFO - [2024-09-20T09:43:01.429+0000] {dag.py:3696} INFO - Setting next_dagrun for table_dag to 2024-09-20T00:00:00+00:00, run_after=2024-09-21T00:00:00+00:00
[2024-09-20T09:43:01.481+0000] {processor.py:179} INFO - Processing /opt/airflow/dags/table_dag.py took 0.684 seconds
[2024-09-20T09:43:32.429+0000] {processor.py:157} INFO - Started process (PID=5392) to work on /opt/airflow/dags/table_dag.py
[2024-09-20T09:43:32.432+0000] {processor.py:829} INFO - Processing file /opt/airflow/dags/table_dag.py for tasks to queue
[2024-09-20T09:43:32.435+0000] {logging_mixin.py:151} INFO - [2024-09-20T09:43:32.434+0000] {dagbag.py:539} INFO - Filling up the DagBag from /opt/airflow/dags/table_dag.py
[2024-09-20T09:43:32.782+0000] {processor.py:839} INFO - DAG(s) dict_keys(['table_dag']) retrieved from /opt/airflow/dags/table_dag.py
[2024-09-20T09:43:32.826+0000] {logging_mixin.py:151} INFO - [2024-09-20T09:43:32.826+0000] {dag.py:2915} INFO - Sync 1 DAGs
[2024-09-20T09:43:32.843+0000] {logging_mixin.py:151} INFO - [2024-09-20T09:43:32.843+0000] {dag.py:3696} INFO - Setting next_dagrun for table_dag to 2024-09-20T00:00:00+00:00, run_after=2024-09-21T00:00:00+00:00
[2024-09-20T09:43:32.863+0000] {processor.py:179} INFO - Processing /opt/airflow/dags/table_dag.py took 0.442 seconds
[2024-09-20T09:44:03.105+0000] {processor.py:157} INFO - Started process (PID=5439) to work on /opt/airflow/dags/table_dag.py
[2024-09-20T09:44:03.107+0000] {processor.py:829} INFO - Processing file /opt/airflow/dags/table_dag.py for tasks to queue
[2024-09-20T09:44:03.107+0000] {logging_mixin.py:151} INFO - [2024-09-20T09:44:03.107+0000] {dagbag.py:539} INFO - Filling up the DagBag from /opt/airflow/dags/table_dag.py
[2024-09-20T09:44:03.365+0000] {processor.py:839} INFO - DAG(s) dict_keys(['table_dag']) retrieved from /opt/airflow/dags/table_dag.py
[2024-09-20T09:44:03.432+0000] {logging_mixin.py:151} INFO - [2024-09-20T09:44:03.431+0000] {dag.py:2915} INFO - Sync 1 DAGs
[2024-09-20T09:44:03.461+0000] {logging_mixin.py:151} INFO - [2024-09-20T09:44:03.461+0000] {dag.py:3696} INFO - Setting next_dagrun for table_dag to 2024-09-20T00:00:00+00:00, run_after=2024-09-21T00:00:00+00:00
[2024-09-20T09:44:03.477+0000] {processor.py:179} INFO - Processing /opt/airflow/dags/table_dag.py took 0.376 seconds
[2024-09-20T09:44:33.710+0000] {processor.py:157} INFO - Started process (PID=5486) to work on /opt/airflow/dags/table_dag.py
[2024-09-20T09:44:33.712+0000] {processor.py:829} INFO - Processing file /opt/airflow/dags/table_dag.py for tasks to queue
[2024-09-20T09:44:33.715+0000] {logging_mixin.py:151} INFO - [2024-09-20T09:44:33.714+0000] {dagbag.py:539} INFO - Filling up the DagBag from /opt/airflow/dags/table_dag.py
[2024-09-20T09:44:34.065+0000] {processor.py:839} INFO - DAG(s) dict_keys(['table_dag']) retrieved from /opt/airflow/dags/table_dag.py
[2024-09-20T09:44:34.098+0000] {logging_mixin.py:151} INFO - [2024-09-20T09:44:34.097+0000] {dag.py:2915} INFO - Sync 1 DAGs
[2024-09-20T09:44:34.128+0000] {logging_mixin.py:151} INFO - [2024-09-20T09:44:34.128+0000] {dag.py:3696} INFO - Setting next_dagrun for table_dag to 2024-09-20T00:00:00+00:00, run_after=2024-09-21T00:00:00+00:00
[2024-09-20T09:44:34.147+0000] {processor.py:179} INFO - Processing /opt/airflow/dags/table_dag.py took 0.443 seconds
[2024-09-20T09:45:04.473+0000] {processor.py:157} INFO - Started process (PID=5533) to work on /opt/airflow/dags/table_dag.py
[2024-09-20T09:45:04.474+0000] {processor.py:829} INFO - Processing file /opt/airflow/dags/table_dag.py for tasks to queue
[2024-09-20T09:45:04.475+0000] {logging_mixin.py:151} INFO - [2024-09-20T09:45:04.475+0000] {dagbag.py:539} INFO - Filling up the DagBag from /opt/airflow/dags/table_dag.py
[2024-09-20T09:45:04.781+0000] {processor.py:839} INFO - DAG(s) dict_keys(['table_dag']) retrieved from /opt/airflow/dags/table_dag.py
[2024-09-20T09:45:04.837+0000] {logging_mixin.py:151} INFO - [2024-09-20T09:45:04.836+0000] {dag.py:2915} INFO - Sync 1 DAGs
[2024-09-20T09:45:04.870+0000] {logging_mixin.py:151} INFO - [2024-09-20T09:45:04.869+0000] {dag.py:3696} INFO - Setting next_dagrun for table_dag to 2024-09-20T00:00:00+00:00, run_after=2024-09-21T00:00:00+00:00
[2024-09-20T09:45:04.906+0000] {processor.py:179} INFO - Processing /opt/airflow/dags/table_dag.py took 0.437 seconds
[2024-09-20T09:45:35.899+0000] {processor.py:157} INFO - Started process (PID=5580) to work on /opt/airflow/dags/table_dag.py
[2024-09-20T09:45:35.901+0000] {processor.py:829} INFO - Processing file /opt/airflow/dags/table_dag.py for tasks to queue
[2024-09-20T09:45:35.902+0000] {logging_mixin.py:151} INFO - [2024-09-20T09:45:35.901+0000] {dagbag.py:539} INFO - Filling up the DagBag from /opt/airflow/dags/table_dag.py
[2024-09-20T09:45:36.179+0000] {processor.py:839} INFO - DAG(s) dict_keys(['table_dag']) retrieved from /opt/airflow/dags/table_dag.py
[2024-09-20T09:45:36.233+0000] {logging_mixin.py:151} INFO - [2024-09-20T09:45:36.232+0000] {dag.py:2915} INFO - Sync 1 DAGs
[2024-09-20T09:45:36.251+0000] {logging_mixin.py:151} INFO - [2024-09-20T09:45:36.251+0000] {dag.py:3696} INFO - Setting next_dagrun for table_dag to 2024-09-20T00:00:00+00:00, run_after=2024-09-21T00:00:00+00:00
[2024-09-20T09:45:36.265+0000] {processor.py:179} INFO - Processing /opt/airflow/dags/table_dag.py took 0.372 seconds
[2024-09-20T09:46:06.569+0000] {processor.py:157} INFO - Started process (PID=5627) to work on /opt/airflow/dags/table_dag.py
[2024-09-20T09:46:06.570+0000] {processor.py:829} INFO - Processing file /opt/airflow/dags/table_dag.py for tasks to queue
[2024-09-20T09:46:06.571+0000] {logging_mixin.py:151} INFO - [2024-09-20T09:46:06.570+0000] {dagbag.py:539} INFO - Filling up the DagBag from /opt/airflow/dags/table_dag.py
[2024-09-20T09:46:06.875+0000] {processor.py:839} INFO - DAG(s) dict_keys(['table_dag']) retrieved from /opt/airflow/dags/table_dag.py
[2024-09-20T09:46:06.911+0000] {logging_mixin.py:151} INFO - [2024-09-20T09:46:06.910+0000] {dag.py:2915} INFO - Sync 1 DAGs
[2024-09-20T09:46:06.927+0000] {logging_mixin.py:151} INFO - [2024-09-20T09:46:06.927+0000] {dag.py:3696} INFO - Setting next_dagrun for table_dag to 2024-09-20T00:00:00+00:00, run_after=2024-09-21T00:00:00+00:00
[2024-09-20T09:46:06.956+0000] {processor.py:179} INFO - Processing /opt/airflow/dags/table_dag.py took 0.391 seconds
[2024-09-20T09:46:37.859+0000] {processor.py:157} INFO - Started process (PID=5680) to work on /opt/airflow/dags/table_dag.py
[2024-09-20T09:46:37.860+0000] {processor.py:829} INFO - Processing file /opt/airflow/dags/table_dag.py for tasks to queue
[2024-09-20T09:46:37.862+0000] {logging_mixin.py:151} INFO - [2024-09-20T09:46:37.862+0000] {dagbag.py:539} INFO - Filling up the DagBag from /opt/airflow/dags/table_dag.py
[2024-09-20T09:46:38.180+0000] {processor.py:839} INFO - DAG(s) dict_keys(['table_dag']) retrieved from /opt/airflow/dags/table_dag.py
[2024-09-20T09:46:38.222+0000] {logging_mixin.py:151} INFO - [2024-09-20T09:46:38.220+0000] {dag.py:2915} INFO - Sync 1 DAGs
[2024-09-20T09:46:38.269+0000] {logging_mixin.py:151} INFO - [2024-09-20T09:46:38.269+0000] {dag.py:3696} INFO - Setting next_dagrun for table_dag to 2024-09-20T00:00:00+00:00, run_after=2024-09-21T00:00:00+00:00
[2024-09-20T09:46:38.311+0000] {processor.py:179} INFO - Processing /opt/airflow/dags/table_dag.py took 0.459 seconds
[2024-09-20T09:47:08.723+0000] {processor.py:157} INFO - Started process (PID=5728) to work on /opt/airflow/dags/table_dag.py
[2024-09-20T09:47:08.724+0000] {processor.py:829} INFO - Processing file /opt/airflow/dags/table_dag.py for tasks to queue
[2024-09-20T09:47:08.725+0000] {logging_mixin.py:151} INFO - [2024-09-20T09:47:08.725+0000] {dagbag.py:539} INFO - Filling up the DagBag from /opt/airflow/dags/table_dag.py
[2024-09-20T09:47:09.154+0000] {processor.py:839} INFO - DAG(s) dict_keys(['table_dag']) retrieved from /opt/airflow/dags/table_dag.py
[2024-09-20T09:47:09.192+0000] {logging_mixin.py:151} INFO - [2024-09-20T09:47:09.192+0000] {dag.py:2915} INFO - Sync 1 DAGs
[2024-09-20T09:47:09.219+0000] {logging_mixin.py:151} INFO - [2024-09-20T09:47:09.218+0000] {dag.py:3696} INFO - Setting next_dagrun for table_dag to 2024-09-20T00:00:00+00:00, run_after=2024-09-21T00:00:00+00:00
[2024-09-20T09:47:09.236+0000] {processor.py:179} INFO - Processing /opt/airflow/dags/table_dag.py took 0.527 seconds
[2024-09-20T09:47:39.725+0000] {processor.py:157} INFO - Started process (PID=5775) to work on /opt/airflow/dags/table_dag.py
[2024-09-20T09:47:39.730+0000] {processor.py:829} INFO - Processing file /opt/airflow/dags/table_dag.py for tasks to queue
[2024-09-20T09:47:39.734+0000] {logging_mixin.py:151} INFO - [2024-09-20T09:47:39.732+0000] {dagbag.py:539} INFO - Filling up the DagBag from /opt/airflow/dags/table_dag.py
[2024-09-20T09:47:40.071+0000] {processor.py:839} INFO - DAG(s) dict_keys(['table_dag']) retrieved from /opt/airflow/dags/table_dag.py
[2024-09-20T09:47:40.094+0000] {logging_mixin.py:151} INFO - [2024-09-20T09:47:40.094+0000] {dag.py:2915} INFO - Sync 1 DAGs
[2024-09-20T09:47:40.122+0000] {logging_mixin.py:151} INFO - [2024-09-20T09:47:40.122+0000] {dag.py:3696} INFO - Setting next_dagrun for table_dag to 2024-09-20T00:00:00+00:00, run_after=2024-09-21T00:00:00+00:00
[2024-09-20T09:47:40.143+0000] {processor.py:179} INFO - Processing /opt/airflow/dags/table_dag.py took 0.433 seconds
[2024-09-20T09:48:10.271+0000] {processor.py:157} INFO - Started process (PID=5822) to work on /opt/airflow/dags/table_dag.py
[2024-09-20T09:48:10.272+0000] {processor.py:829} INFO - Processing file /opt/airflow/dags/table_dag.py for tasks to queue
[2024-09-20T09:48:10.274+0000] {logging_mixin.py:151} INFO - [2024-09-20T09:48:10.274+0000] {dagbag.py:539} INFO - Filling up the DagBag from /opt/airflow/dags/table_dag.py
[2024-09-20T09:48:10.591+0000] {processor.py:839} INFO - DAG(s) dict_keys(['table_dag']) retrieved from /opt/airflow/dags/table_dag.py
[2024-09-20T09:48:10.617+0000] {logging_mixin.py:151} INFO - [2024-09-20T09:48:10.616+0000] {dag.py:2915} INFO - Sync 1 DAGs
[2024-09-20T09:48:10.641+0000] {logging_mixin.py:151} INFO - [2024-09-20T09:48:10.641+0000] {dag.py:3696} INFO - Setting next_dagrun for table_dag to 2024-09-20T00:00:00+00:00, run_after=2024-09-21T00:00:00+00:00
[2024-09-20T09:48:10.657+0000] {processor.py:179} INFO - Processing /opt/airflow/dags/table_dag.py took 0.392 seconds
[2024-09-20T09:48:40.798+0000] {processor.py:157} INFO - Started process (PID=5868) to work on /opt/airflow/dags/table_dag.py
[2024-09-20T09:48:40.800+0000] {processor.py:829} INFO - Processing file /opt/airflow/dags/table_dag.py for tasks to queue
[2024-09-20T09:48:40.802+0000] {logging_mixin.py:151} INFO - [2024-09-20T09:48:40.801+0000] {dagbag.py:539} INFO - Filling up the DagBag from /opt/airflow/dags/table_dag.py
[2024-09-20T09:48:41.183+0000] {processor.py:839} INFO - DAG(s) dict_keys(['table_dag']) retrieved from /opt/airflow/dags/table_dag.py
[2024-09-20T09:48:41.222+0000] {logging_mixin.py:151} INFO - [2024-09-20T09:48:41.221+0000] {dag.py:2915} INFO - Sync 1 DAGs
[2024-09-20T09:48:41.242+0000] {logging_mixin.py:151} INFO - [2024-09-20T09:48:41.242+0000] {dag.py:3696} INFO - Setting next_dagrun for table_dag to 2024-09-20T00:00:00+00:00, run_after=2024-09-21T00:00:00+00:00
[2024-09-20T09:48:41.256+0000] {processor.py:179} INFO - Processing /opt/airflow/dags/table_dag.py took 0.463 seconds
[2024-09-20T09:49:11.498+0000] {processor.py:157} INFO - Started process (PID=5915) to work on /opt/airflow/dags/table_dag.py
[2024-09-20T09:49:11.500+0000] {processor.py:829} INFO - Processing file /opt/airflow/dags/table_dag.py for tasks to queue
[2024-09-20T09:49:11.502+0000] {logging_mixin.py:151} INFO - [2024-09-20T09:49:11.501+0000] {dagbag.py:539} INFO - Filling up the DagBag from /opt/airflow/dags/table_dag.py
[2024-09-20T09:49:11.796+0000] {processor.py:839} INFO - DAG(s) dict_keys(['table_dag']) retrieved from /opt/airflow/dags/table_dag.py
[2024-09-20T09:49:11.838+0000] {logging_mixin.py:151} INFO - [2024-09-20T09:49:11.838+0000] {dag.py:2915} INFO - Sync 1 DAGs
[2024-09-20T09:49:11.879+0000] {logging_mixin.py:151} INFO - [2024-09-20T09:49:11.879+0000] {dag.py:3696} INFO - Setting next_dagrun for table_dag to 2024-09-20T00:00:00+00:00, run_after=2024-09-21T00:00:00+00:00
[2024-09-20T09:49:11.907+0000] {processor.py:179} INFO - Processing /opt/airflow/dags/table_dag.py took 0.415 seconds
[2024-09-20T09:49:42.873+0000] {processor.py:157} INFO - Started process (PID=5962) to work on /opt/airflow/dags/table_dag.py
[2024-09-20T09:49:42.874+0000] {processor.py:829} INFO - Processing file /opt/airflow/dags/table_dag.py for tasks to queue
[2024-09-20T09:49:42.876+0000] {logging_mixin.py:151} INFO - [2024-09-20T09:49:42.875+0000] {dagbag.py:539} INFO - Filling up the DagBag from /opt/airflow/dags/table_dag.py
[2024-09-20T09:49:43.172+0000] {processor.py:839} INFO - DAG(s) dict_keys(['table_dag']) retrieved from /opt/airflow/dags/table_dag.py
[2024-09-20T09:49:43.206+0000] {logging_mixin.py:151} INFO - [2024-09-20T09:49:43.205+0000] {dag.py:2915} INFO - Sync 1 DAGs
[2024-09-20T09:49:43.229+0000] {logging_mixin.py:151} INFO - [2024-09-20T09:49:43.229+0000] {dag.py:3696} INFO - Setting next_dagrun for table_dag to 2024-09-20T00:00:00+00:00, run_after=2024-09-21T00:00:00+00:00
[2024-09-20T09:49:43.244+0000] {processor.py:179} INFO - Processing /opt/airflow/dags/table_dag.py took 0.377 seconds
[2024-09-20T09:50:14.170+0000] {processor.py:157} INFO - Started process (PID=6010) to work on /opt/airflow/dags/table_dag.py
[2024-09-20T09:50:14.173+0000] {processor.py:829} INFO - Processing file /opt/airflow/dags/table_dag.py for tasks to queue
[2024-09-20T09:50:14.174+0000] {logging_mixin.py:151} INFO - [2024-09-20T09:50:14.174+0000] {dagbag.py:539} INFO - Filling up the DagBag from /opt/airflow/dags/table_dag.py
[2024-09-20T09:50:14.456+0000] {processor.py:839} INFO - DAG(s) dict_keys(['table_dag']) retrieved from /opt/airflow/dags/table_dag.py
[2024-09-20T09:50:14.489+0000] {logging_mixin.py:151} INFO - [2024-09-20T09:50:14.488+0000] {dag.py:2915} INFO - Sync 1 DAGs
[2024-09-20T09:50:14.505+0000] {logging_mixin.py:151} INFO - [2024-09-20T09:50:14.505+0000] {dag.py:3696} INFO - Setting next_dagrun for table_dag to 2024-09-20T00:00:00+00:00, run_after=2024-09-21T00:00:00+00:00
[2024-09-20T09:50:14.522+0000] {processor.py:179} INFO - Processing /opt/airflow/dags/table_dag.py took 0.370 seconds
[2024-09-20T09:50:45.520+0000] {processor.py:157} INFO - Started process (PID=6057) to work on /opt/airflow/dags/table_dag.py
[2024-09-20T09:50:45.522+0000] {processor.py:829} INFO - Processing file /opt/airflow/dags/table_dag.py for tasks to queue
[2024-09-20T09:50:45.524+0000] {logging_mixin.py:151} INFO - [2024-09-20T09:50:45.523+0000] {dagbag.py:539} INFO - Filling up the DagBag from /opt/airflow/dags/table_dag.py
[2024-09-20T09:50:45.802+0000] {processor.py:839} INFO - DAG(s) dict_keys(['table_dag']) retrieved from /opt/airflow/dags/table_dag.py
[2024-09-20T09:50:45.837+0000] {logging_mixin.py:151} INFO - [2024-09-20T09:50:45.837+0000] {dag.py:2915} INFO - Sync 1 DAGs
[2024-09-20T09:50:45.859+0000] {logging_mixin.py:151} INFO - [2024-09-20T09:50:45.859+0000] {dag.py:3696} INFO - Setting next_dagrun for table_dag to 2024-09-20T00:00:00+00:00, run_after=2024-09-21T00:00:00+00:00
[2024-09-20T09:50:45.871+0000] {processor.py:179} INFO - Processing /opt/airflow/dags/table_dag.py took 0.355 seconds
[2024-09-20T09:51:16.008+0000] {processor.py:157} INFO - Started process (PID=6102) to work on /opt/airflow/dags/table_dag.py
[2024-09-20T09:51:16.010+0000] {processor.py:829} INFO - Processing file /opt/airflow/dags/table_dag.py for tasks to queue
[2024-09-20T09:51:16.011+0000] {logging_mixin.py:151} INFO - [2024-09-20T09:51:16.010+0000] {dagbag.py:539} INFO - Filling up the DagBag from /opt/airflow/dags/table_dag.py
[2024-09-20T09:51:16.275+0000] {processor.py:839} INFO - DAG(s) dict_keys(['table_dag']) retrieved from /opt/airflow/dags/table_dag.py
[2024-09-20T09:51:16.308+0000] {logging_mixin.py:151} INFO - [2024-09-20T09:51:16.308+0000] {dag.py:2915} INFO - Sync 1 DAGs
[2024-09-20T09:51:16.323+0000] {logging_mixin.py:151} INFO - [2024-09-20T09:51:16.323+0000] {dag.py:3696} INFO - Setting next_dagrun for table_dag to 2024-09-20T00:00:00+00:00, run_after=2024-09-21T00:00:00+00:00
[2024-09-20T09:51:16.337+0000] {processor.py:179} INFO - Processing /opt/airflow/dags/table_dag.py took 0.342 seconds
[2024-09-20T09:51:46.480+0000] {processor.py:157} INFO - Started process (PID=6151) to work on /opt/airflow/dags/table_dag.py
[2024-09-20T09:51:46.487+0000] {processor.py:829} INFO - Processing file /opt/airflow/dags/table_dag.py for tasks to queue
[2024-09-20T09:51:46.494+0000] {logging_mixin.py:151} INFO - [2024-09-20T09:51:46.492+0000] {dagbag.py:539} INFO - Filling up the DagBag from /opt/airflow/dags/table_dag.py
[2024-09-20T09:51:46.835+0000] {processor.py:839} INFO - DAG(s) dict_keys(['table_dag']) retrieved from /opt/airflow/dags/table_dag.py
[2024-09-20T09:51:46.872+0000] {logging_mixin.py:151} INFO - [2024-09-20T09:51:46.871+0000] {dag.py:2915} INFO - Sync 1 DAGs
[2024-09-20T09:51:46.898+0000] {logging_mixin.py:151} INFO - [2024-09-20T09:51:46.898+0000] {dag.py:3696} INFO - Setting next_dagrun for table_dag to 2024-09-20T00:00:00+00:00, run_after=2024-09-21T00:00:00+00:00
[2024-09-20T09:51:46.914+0000] {processor.py:179} INFO - Processing /opt/airflow/dags/table_dag.py took 0.442 seconds
[2024-09-20T09:52:17.884+0000] {processor.py:157} INFO - Started process (PID=6197) to work on /opt/airflow/dags/table_dag.py
[2024-09-20T09:52:17.886+0000] {processor.py:829} INFO - Processing file /opt/airflow/dags/table_dag.py for tasks to queue
[2024-09-20T09:52:17.888+0000] {logging_mixin.py:151} INFO - [2024-09-20T09:52:17.888+0000] {dagbag.py:539} INFO - Filling up the DagBag from /opt/airflow/dags/table_dag.py
[2024-09-20T09:52:18.298+0000] {processor.py:839} INFO - DAG(s) dict_keys(['table_dag']) retrieved from /opt/airflow/dags/table_dag.py
[2024-09-20T09:52:18.418+0000] {logging_mixin.py:151} INFO - [2024-09-20T09:52:18.417+0000] {dag.py:2915} INFO - Sync 1 DAGs
[2024-09-20T09:52:18.471+0000] {logging_mixin.py:151} INFO - [2024-09-20T09:52:18.470+0000] {dag.py:3696} INFO - Setting next_dagrun for table_dag to 2024-09-20T00:00:00+00:00, run_after=2024-09-21T00:00:00+00:00
[2024-09-20T09:52:18.553+0000] {processor.py:179} INFO - Processing /opt/airflow/dags/table_dag.py took 0.674 seconds
[2024-09-20T09:52:48.846+0000] {processor.py:157} INFO - Started process (PID=6244) to work on /opt/airflow/dags/table_dag.py
[2024-09-20T09:52:48.853+0000] {processor.py:829} INFO - Processing file /opt/airflow/dags/table_dag.py for tasks to queue
[2024-09-20T09:52:48.858+0000] {logging_mixin.py:151} INFO - [2024-09-20T09:52:48.857+0000] {dagbag.py:539} INFO - Filling up the DagBag from /opt/airflow/dags/table_dag.py
[2024-09-20T09:52:49.137+0000] {processor.py:839} INFO - DAG(s) dict_keys(['table_dag']) retrieved from /opt/airflow/dags/table_dag.py
[2024-09-20T09:52:49.167+0000] {logging_mixin.py:151} INFO - [2024-09-20T09:52:49.167+0000] {dag.py:2915} INFO - Sync 1 DAGs
[2024-09-20T09:52:49.183+0000] {logging_mixin.py:151} INFO - [2024-09-20T09:52:49.183+0000] {dag.py:3696} INFO - Setting next_dagrun for table_dag to 2024-09-20T00:00:00+00:00, run_after=2024-09-21T00:00:00+00:00
[2024-09-20T09:52:49.211+0000] {processor.py:179} INFO - Processing /opt/airflow/dags/table_dag.py took 0.369 seconds
[2024-09-20T09:53:19.303+0000] {processor.py:157} INFO - Started process (PID=6288) to work on /opt/airflow/dags/table_dag.py
[2024-09-20T09:53:19.307+0000] {processor.py:829} INFO - Processing file /opt/airflow/dags/table_dag.py for tasks to queue
[2024-09-20T09:53:19.309+0000] {logging_mixin.py:151} INFO - [2024-09-20T09:53:19.308+0000] {dagbag.py:539} INFO - Filling up the DagBag from /opt/airflow/dags/table_dag.py
[2024-09-20T09:53:19.594+0000] {processor.py:839} INFO - DAG(s) dict_keys(['table_dag']) retrieved from /opt/airflow/dags/table_dag.py
[2024-09-20T09:53:19.620+0000] {logging_mixin.py:151} INFO - [2024-09-20T09:53:19.619+0000] {dag.py:2915} INFO - Sync 1 DAGs
[2024-09-20T09:53:19.637+0000] {logging_mixin.py:151} INFO - [2024-09-20T09:53:19.637+0000] {dag.py:3696} INFO - Setting next_dagrun for table_dag to 2024-09-20T00:00:00+00:00, run_after=2024-09-21T00:00:00+00:00
[2024-09-20T09:53:19.653+0000] {processor.py:179} INFO - Processing /opt/airflow/dags/table_dag.py took 0.362 seconds
[2024-09-20T09:53:49.965+0000] {processor.py:157} INFO - Started process (PID=6338) to work on /opt/airflow/dags/table_dag.py
[2024-09-20T09:53:49.969+0000] {processor.py:829} INFO - Processing file /opt/airflow/dags/table_dag.py for tasks to queue
[2024-09-20T09:53:49.971+0000] {logging_mixin.py:151} INFO - [2024-09-20T09:53:49.971+0000] {dagbag.py:539} INFO - Filling up the DagBag from /opt/airflow/dags/table_dag.py
[2024-09-20T09:53:50.279+0000] {processor.py:839} INFO - DAG(s) dict_keys(['table_dag']) retrieved from /opt/airflow/dags/table_dag.py
[2024-09-20T09:53:50.318+0000] {logging_mixin.py:151} INFO - [2024-09-20T09:53:50.317+0000] {dag.py:2915} INFO - Sync 1 DAGs
[2024-09-20T09:53:50.333+0000] {logging_mixin.py:151} INFO - [2024-09-20T09:53:50.333+0000] {dag.py:3696} INFO - Setting next_dagrun for table_dag to 2024-09-20T00:00:00+00:00, run_after=2024-09-21T00:00:00+00:00
[2024-09-20T09:53:50.347+0000] {processor.py:179} INFO - Processing /opt/airflow/dags/table_dag.py took 0.390 seconds
[2024-09-20T09:54:20.572+0000] {processor.py:157} INFO - Started process (PID=6385) to work on /opt/airflow/dags/table_dag.py
[2024-09-20T09:54:20.575+0000] {processor.py:829} INFO - Processing file /opt/airflow/dags/table_dag.py for tasks to queue
[2024-09-20T09:54:20.577+0000] {logging_mixin.py:151} INFO - [2024-09-20T09:54:20.576+0000] {dagbag.py:539} INFO - Filling up the DagBag from /opt/airflow/dags/table_dag.py
[2024-09-20T09:54:20.827+0000] {processor.py:839} INFO - DAG(s) dict_keys(['table_dag']) retrieved from /opt/airflow/dags/table_dag.py
[2024-09-20T09:54:20.854+0000] {logging_mixin.py:151} INFO - [2024-09-20T09:54:20.854+0000] {dag.py:2915} INFO - Sync 1 DAGs
[2024-09-20T09:54:20.872+0000] {logging_mixin.py:151} INFO - [2024-09-20T09:54:20.872+0000] {dag.py:3696} INFO - Setting next_dagrun for table_dag to 2024-09-20T00:00:00+00:00, run_after=2024-09-21T00:00:00+00:00
[2024-09-20T09:54:20.894+0000] {processor.py:179} INFO - Processing /opt/airflow/dags/table_dag.py took 0.327 seconds
[2024-09-20T09:54:51.803+0000] {processor.py:157} INFO - Started process (PID=6432) to work on /opt/airflow/dags/table_dag.py
[2024-09-20T09:54:51.806+0000] {processor.py:829} INFO - Processing file /opt/airflow/dags/table_dag.py for tasks to queue
[2024-09-20T09:54:51.807+0000] {logging_mixin.py:151} INFO - [2024-09-20T09:54:51.807+0000] {dagbag.py:539} INFO - Filling up the DagBag from /opt/airflow/dags/table_dag.py
[2024-09-20T09:54:52.048+0000] {processor.py:839} INFO - DAG(s) dict_keys(['table_dag']) retrieved from /opt/airflow/dags/table_dag.py
[2024-09-20T09:54:52.075+0000] {logging_mixin.py:151} INFO - [2024-09-20T09:54:52.074+0000] {dag.py:2915} INFO - Sync 1 DAGs
[2024-09-20T09:54:52.091+0000] {logging_mixin.py:151} INFO - [2024-09-20T09:54:52.091+0000] {dag.py:3696} INFO - Setting next_dagrun for table_dag to 2024-09-20T00:00:00+00:00, run_after=2024-09-21T00:00:00+00:00
[2024-09-20T09:54:52.104+0000] {processor.py:179} INFO - Processing /opt/airflow/dags/table_dag.py took 0.308 seconds
[2024-09-20T09:55:23.382+0000] {processor.py:157} INFO - Started process (PID=6479) to work on /opt/airflow/dags/table_dag.py
[2024-09-20T09:55:23.399+0000] {processor.py:829} INFO - Processing file /opt/airflow/dags/table_dag.py for tasks to queue
[2024-09-20T09:55:23.407+0000] {logging_mixin.py:151} INFO - [2024-09-20T09:55:23.407+0000] {dagbag.py:539} INFO - Filling up the DagBag from /opt/airflow/dags/table_dag.py
[2024-09-20T09:55:24.055+0000] {processor.py:839} INFO - DAG(s) dict_keys(['table_dag']) retrieved from /opt/airflow/dags/table_dag.py
[2024-09-20T09:55:24.118+0000] {logging_mixin.py:151} INFO - [2024-09-20T09:55:24.117+0000] {dag.py:2915} INFO - Sync 1 DAGs
[2024-09-20T09:55:24.157+0000] {logging_mixin.py:151} INFO - [2024-09-20T09:55:24.157+0000] {dag.py:3696} INFO - Setting next_dagrun for table_dag to 2024-09-20T00:00:00+00:00, run_after=2024-09-21T00:00:00+00:00
[2024-09-20T09:55:24.179+0000] {processor.py:179} INFO - Processing /opt/airflow/dags/table_dag.py took 0.826 seconds
[2024-09-20T09:55:54.998+0000] {processor.py:157} INFO - Started process (PID=6526) to work on /opt/airflow/dags/table_dag.py
[2024-09-20T09:55:55.000+0000] {processor.py:829} INFO - Processing file /opt/airflow/dags/table_dag.py for tasks to queue
[2024-09-20T09:55:55.003+0000] {logging_mixin.py:151} INFO - [2024-09-20T09:55:55.002+0000] {dagbag.py:539} INFO - Filling up the DagBag from /opt/airflow/dags/table_dag.py
[2024-09-20T09:55:55.343+0000] {processor.py:839} INFO - DAG(s) dict_keys(['table_dag']) retrieved from /opt/airflow/dags/table_dag.py
[2024-09-20T09:55:55.409+0000] {logging_mixin.py:151} INFO - [2024-09-20T09:55:55.407+0000] {dag.py:2915} INFO - Sync 1 DAGs
[2024-09-20T09:55:55.482+0000] {logging_mixin.py:151} INFO - [2024-09-20T09:55:55.482+0000] {dag.py:3696} INFO - Setting next_dagrun for table_dag to 2024-09-20T00:00:00+00:00, run_after=2024-09-21T00:00:00+00:00
[2024-09-20T09:55:55.513+0000] {processor.py:179} INFO - Processing /opt/airflow/dags/table_dag.py took 0.526 seconds
[2024-09-20T10:19:56.156+0000] {processor.py:157} INFO - Started process (PID=6567) to work on /opt/airflow/dags/table_dag.py
[2024-09-20T10:19:56.159+0000] {processor.py:829} INFO - Processing file /opt/airflow/dags/table_dag.py for tasks to queue
[2024-09-20T10:19:56.160+0000] {logging_mixin.py:151} INFO - [2024-09-20T10:19:56.159+0000] {dagbag.py:539} INFO - Filling up the DagBag from /opt/airflow/dags/table_dag.py
[2024-09-20T10:19:56.648+0000] {processor.py:839} INFO - DAG(s) dict_keys(['table_dag']) retrieved from /opt/airflow/dags/table_dag.py
[2024-09-20T10:19:56.709+0000] {logging_mixin.py:151} INFO - [2024-09-20T10:19:56.708+0000] {dag.py:2915} INFO - Sync 1 DAGs
[2024-09-20T10:19:56.736+0000] {logging_mixin.py:151} INFO - [2024-09-20T10:19:56.736+0000] {dag.py:3696} INFO - Setting next_dagrun for table_dag to 2024-09-20T00:00:00+00:00, run_after=2024-09-21T00:00:00+00:00
[2024-09-20T10:19:56.768+0000] {processor.py:179} INFO - Processing /opt/airflow/dags/table_dag.py took 0.616 seconds
[2024-09-20T11:11:23.873+0000] {processor.py:157} INFO - Started process (PID=6606) to work on /opt/airflow/dags/table_dag.py
[2024-09-20T11:11:23.877+0000] {processor.py:829} INFO - Processing file /opt/airflow/dags/table_dag.py for tasks to queue
[2024-09-20T11:11:23.879+0000] {logging_mixin.py:151} INFO - [2024-09-20T11:11:23.878+0000] {dagbag.py:539} INFO - Filling up the DagBag from /opt/airflow/dags/table_dag.py
[2024-09-20T11:11:24.243+0000] {processor.py:839} INFO - DAG(s) dict_keys(['table_dag']) retrieved from /opt/airflow/dags/table_dag.py
[2024-09-20T11:11:24.290+0000] {logging_mixin.py:151} INFO - [2024-09-20T11:11:24.289+0000] {dag.py:2915} INFO - Sync 1 DAGs
[2024-09-20T11:11:24.320+0000] {logging_mixin.py:151} INFO - [2024-09-20T11:11:24.320+0000] {dag.py:3696} INFO - Setting next_dagrun for table_dag to 2024-09-20T00:00:00+00:00, run_after=2024-09-21T00:00:00+00:00
[2024-09-20T11:11:24.348+0000] {processor.py:179} INFO - Processing /opt/airflow/dags/table_dag.py took 0.490 seconds
[2024-09-20T11:52:10.819+0000] {processor.py:157} INFO - Started process (PID=6651) to work on /opt/airflow/dags/table_dag.py
[2024-09-20T11:52:10.825+0000] {processor.py:829} INFO - Processing file /opt/airflow/dags/table_dag.py for tasks to queue
[2024-09-20T11:52:10.829+0000] {logging_mixin.py:151} INFO - [2024-09-20T11:52:10.827+0000] {dagbag.py:539} INFO - Filling up the DagBag from /opt/airflow/dags/table_dag.py
[2024-09-20T11:52:12.199+0000] {processor.py:839} INFO - DAG(s) dict_keys(['table_dag']) retrieved from /opt/airflow/dags/table_dag.py
[2024-09-20T11:52:12.318+0000] {logging_mixin.py:151} INFO - [2024-09-20T11:52:12.317+0000] {dag.py:2915} INFO - Sync 1 DAGs
[2024-09-20T11:52:12.355+0000] {logging_mixin.py:151} INFO - [2024-09-20T11:52:12.355+0000] {dag.py:3696} INFO - Setting next_dagrun for table_dag to 2024-09-20T00:00:00+00:00, run_after=2024-09-21T00:00:00+00:00
[2024-09-20T11:52:12.387+0000] {processor.py:179} INFO - Processing /opt/airflow/dags/table_dag.py took 1.578 seconds
[2024-09-20T12:13:22.526+0000] {processor.py:157} INFO - Started process (PID=6698) to work on /opt/airflow/dags/table_dag.py
[2024-09-20T12:13:22.528+0000] {processor.py:829} INFO - Processing file /opt/airflow/dags/table_dag.py for tasks to queue
[2024-09-20T12:13:22.534+0000] {logging_mixin.py:151} INFO - [2024-09-20T12:13:22.533+0000] {dagbag.py:539} INFO - Filling up the DagBag from /opt/airflow/dags/table_dag.py
[2024-09-20T12:13:22.882+0000] {processor.py:839} INFO - DAG(s) dict_keys(['table_dag']) retrieved from /opt/airflow/dags/table_dag.py
[2024-09-20T12:13:22.925+0000] {logging_mixin.py:151} INFO - [2024-09-20T12:13:22.925+0000] {dag.py:2915} INFO - Sync 1 DAGs
[2024-09-20T12:13:22.957+0000] {logging_mixin.py:151} INFO - [2024-09-20T12:13:22.957+0000] {dag.py:3696} INFO - Setting next_dagrun for table_dag to 2024-09-20T00:00:00+00:00, run_after=2024-09-21T00:00:00+00:00
[2024-09-20T12:13:22.976+0000] {processor.py:179} INFO - Processing /opt/airflow/dags/table_dag.py took 0.456 seconds
[2024-09-20T12:47:46.244+0000] {processor.py:157} INFO - Started process (PID=6747) to work on /opt/airflow/dags/table_dag.py
[2024-09-20T12:47:46.245+0000] {processor.py:829} INFO - Processing file /opt/airflow/dags/table_dag.py for tasks to queue
[2024-09-20T12:47:46.246+0000] {logging_mixin.py:151} INFO - [2024-09-20T12:47:46.246+0000] {dagbag.py:539} INFO - Filling up the DagBag from /opt/airflow/dags/table_dag.py
[2024-09-20T12:47:46.733+0000] {processor.py:839} INFO - DAG(s) dict_keys(['table_dag']) retrieved from /opt/airflow/dags/table_dag.py
[2024-09-20T12:47:46.850+0000] {logging_mixin.py:151} INFO - [2024-09-20T12:47:46.847+0000] {dag.py:2915} INFO - Sync 1 DAGs
[2024-09-20T12:47:46.926+0000] {logging_mixin.py:151} INFO - [2024-09-20T12:47:46.925+0000] {dag.py:3696} INFO - Setting next_dagrun for table_dag to 2024-09-20T00:00:00+00:00, run_after=2024-09-21T00:00:00+00:00
[2024-09-20T12:47:46.995+0000] {processor.py:179} INFO - Processing /opt/airflow/dags/table_dag.py took 0.763 seconds
[2024-09-20T13:24:25.997+0000] {processor.py:157} INFO - Started process (PID=6794) to work on /opt/airflow/dags/table_dag.py
[2024-09-20T13:24:26.003+0000] {processor.py:829} INFO - Processing file /opt/airflow/dags/table_dag.py for tasks to queue
[2024-09-20T13:24:26.005+0000] {logging_mixin.py:151} INFO - [2024-09-20T13:24:26.005+0000] {dagbag.py:539} INFO - Filling up the DagBag from /opt/airflow/dags/table_dag.py
[2024-09-20T13:24:26.494+0000] {processor.py:839} INFO - DAG(s) dict_keys(['table_dag']) retrieved from /opt/airflow/dags/table_dag.py
[2024-09-20T13:24:26.529+0000] {logging_mixin.py:151} INFO - [2024-09-20T13:24:26.529+0000] {dag.py:2915} INFO - Sync 1 DAGs
[2024-09-20T13:24:26.548+0000] {logging_mixin.py:151} INFO - [2024-09-20T13:24:26.548+0000] {dag.py:3696} INFO - Setting next_dagrun for table_dag to 2024-09-20T00:00:00+00:00, run_after=2024-09-21T00:00:00+00:00
[2024-09-20T13:24:26.570+0000] {processor.py:179} INFO - Processing /opt/airflow/dags/table_dag.py took 0.584 seconds
[2024-09-20T13:24:56.765+0000] {processor.py:157} INFO - Started process (PID=6840) to work on /opt/airflow/dags/table_dag.py
[2024-09-20T13:24:56.766+0000] {processor.py:829} INFO - Processing file /opt/airflow/dags/table_dag.py for tasks to queue
[2024-09-20T13:24:56.767+0000] {logging_mixin.py:151} INFO - [2024-09-20T13:24:56.767+0000] {dagbag.py:539} INFO - Filling up the DagBag from /opt/airflow/dags/table_dag.py
[2024-09-20T13:24:57.066+0000] {processor.py:839} INFO - DAG(s) dict_keys(['table_dag']) retrieved from /opt/airflow/dags/table_dag.py
[2024-09-20T13:24:57.106+0000] {logging_mixin.py:151} INFO - [2024-09-20T13:24:57.105+0000] {dag.py:2915} INFO - Sync 1 DAGs
[2024-09-20T13:24:57.130+0000] {logging_mixin.py:151} INFO - [2024-09-20T13:24:57.130+0000] {dag.py:3696} INFO - Setting next_dagrun for table_dag to 2024-09-20T00:00:00+00:00, run_after=2024-09-21T00:00:00+00:00
[2024-09-20T13:24:57.145+0000] {processor.py:179} INFO - Processing /opt/airflow/dags/table_dag.py took 0.384 seconds
[2024-09-20T13:25:27.235+0000] {processor.py:157} INFO - Started process (PID=6887) to work on /opt/airflow/dags/table_dag.py
[2024-09-20T13:25:27.239+0000] {processor.py:829} INFO - Processing file /opt/airflow/dags/table_dag.py for tasks to queue
[2024-09-20T13:25:27.240+0000] {logging_mixin.py:151} INFO - [2024-09-20T13:25:27.240+0000] {dagbag.py:539} INFO - Filling up the DagBag from /opt/airflow/dags/table_dag.py
[2024-09-20T13:25:27.509+0000] {processor.py:839} INFO - DAG(s) dict_keys(['table_dag']) retrieved from /opt/airflow/dags/table_dag.py
[2024-09-20T13:25:27.535+0000] {logging_mixin.py:151} INFO - [2024-09-20T13:25:27.535+0000] {dag.py:2915} INFO - Sync 1 DAGs
[2024-09-20T13:25:27.558+0000] {logging_mixin.py:151} INFO - [2024-09-20T13:25:27.557+0000] {dag.py:3696} INFO - Setting next_dagrun for table_dag to 2024-09-20T00:00:00+00:00, run_after=2024-09-21T00:00:00+00:00
[2024-09-20T13:25:27.585+0000] {processor.py:179} INFO - Processing /opt/airflow/dags/table_dag.py took 0.353 seconds
[2024-09-20T13:49:49.843+0000] {processor.py:157} INFO - Started process (PID=6935) to work on /opt/airflow/dags/table_dag.py
[2024-09-20T13:49:49.850+0000] {processor.py:829} INFO - Processing file /opt/airflow/dags/table_dag.py for tasks to queue
[2024-09-20T13:49:49.854+0000] {logging_mixin.py:151} INFO - [2024-09-20T13:49:49.853+0000] {dagbag.py:539} INFO - Filling up the DagBag from /opt/airflow/dags/table_dag.py
[2024-09-20T13:49:50.354+0000] {processor.py:839} INFO - DAG(s) dict_keys(['table_dag']) retrieved from /opt/airflow/dags/table_dag.py
[2024-09-20T13:49:50.401+0000] {logging_mixin.py:151} INFO - [2024-09-20T13:49:50.401+0000] {dag.py:2915} INFO - Sync 1 DAGs
[2024-09-20T13:49:50.424+0000] {logging_mixin.py:151} INFO - [2024-09-20T13:49:50.424+0000] {dag.py:3696} INFO - Setting next_dagrun for table_dag to 2024-09-20T00:00:00+00:00, run_after=2024-09-21T00:00:00+00:00
[2024-09-20T13:49:50.447+0000] {processor.py:179} INFO - Processing /opt/airflow/dags/table_dag.py took 0.633 seconds
[2024-09-20T13:55:42.621+0000] {processor.py:157} INFO - Started process (PID=6985) to work on /opt/airflow/dags/table_dag.py
[2024-09-20T13:55:42.630+0000] {processor.py:829} INFO - Processing file /opt/airflow/dags/table_dag.py for tasks to queue
[2024-09-20T13:55:42.633+0000] {logging_mixin.py:151} INFO - [2024-09-20T13:55:42.632+0000] {dagbag.py:539} INFO - Filling up the DagBag from /opt/airflow/dags/table_dag.py
[2024-09-20T13:55:43.952+0000] {processor.py:839} INFO - DAG(s) dict_keys(['table_dag']) retrieved from /opt/airflow/dags/table_dag.py
[2024-09-20T13:55:44.040+0000] {logging_mixin.py:151} INFO - [2024-09-20T13:55:44.039+0000] {dag.py:2915} INFO - Sync 1 DAGs
[2024-09-20T13:55:44.076+0000] {logging_mixin.py:151} INFO - [2024-09-20T13:55:44.076+0000] {dag.py:3696} INFO - Setting next_dagrun for table_dag to 2024-09-20T00:00:00+00:00, run_after=2024-09-21T00:00:00+00:00
[2024-09-20T13:55:44.121+0000] {processor.py:179} INFO - Processing /opt/airflow/dags/table_dag.py took 1.533 seconds
