[2024-09-20T00:48:21.215+0000] {processor.py:157} INFO - Started process (PID=3413) to work on /opt/airflow/dags/transaction_facts_generator.py
[2024-09-20T00:48:21.218+0000] {processor.py:829} INFO - Processing file /opt/airflow/dags/transaction_facts_generator.py for tasks to queue
[2024-09-20T00:48:21.223+0000] {logging_mixin.py:151} INFO - [2024-09-20T00:48:21.221+0000] {dagbag.py:539} INFO - Filling up the DagBag from /opt/airflow/dags/transaction_facts_generator.py
[2024-09-20T00:48:21.292+0000] {processor.py:839} INFO - DAG(s) dict_keys(['transaction_facts_generator']) retrieved from /opt/airflow/dags/transaction_facts_generator.py
[2024-09-20T00:48:21.448+0000] {logging_mixin.py:151} INFO - [2024-09-20T00:48:21.448+0000] {dag.py:2915} INFO - Sync 1 DAGs
[2024-09-20T00:48:21.581+0000] {logging_mixin.py:151} INFO - [2024-09-20T00:48:21.580+0000] {dag.py:3696} INFO - Setting next_dagrun for transaction_facts_generator to 2024-09-19T00:00:00+00:00, run_after=2024-09-20T00:00:00+00:00
[2024-09-20T00:48:21.800+0000] {processor.py:179} INFO - Processing /opt/airflow/dags/transaction_facts_generator.py took 0.611 seconds
[2024-09-20T02:26:48.511+0000] {processor.py:157} INFO - Started process (PID=3483) to work on /opt/airflow/dags/transaction_facts_generator.py
[2024-09-20T02:26:48.526+0000] {processor.py:829} INFO - Processing file /opt/airflow/dags/transaction_facts_generator.py for tasks to queue
[2024-09-20T02:26:48.536+0000] {logging_mixin.py:151} INFO - [2024-09-20T02:26:48.534+0000] {dagbag.py:539} INFO - Filling up the DagBag from /opt/airflow/dags/transaction_facts_generator.py
[2024-09-20T02:26:48.839+0000] {processor.py:839} INFO - DAG(s) dict_keys(['transaction_facts_generator']) retrieved from /opt/airflow/dags/transaction_facts_generator.py
[2024-09-20T02:26:49.069+0000] {logging_mixin.py:151} INFO - [2024-09-20T02:26:49.068+0000] {dag.py:2915} INFO - Sync 1 DAGs
[2024-09-20T02:26:49.122+0000] {logging_mixin.py:151} INFO - [2024-09-20T02:26:49.122+0000] {dag.py:3696} INFO - Setting next_dagrun for transaction_facts_generator to 2024-09-20T00:00:00+00:00, run_after=2024-09-21T00:00:00+00:00
[2024-09-20T02:26:49.168+0000] {processor.py:179} INFO - Processing /opt/airflow/dags/transaction_facts_generator.py took 0.726 seconds
[2024-09-20T03:15:46.654+0000] {processor.py:157} INFO - Started process (PID=3530) to work on /opt/airflow/dags/transaction_facts_generator.py
[2024-09-20T03:15:46.681+0000] {processor.py:829} INFO - Processing file /opt/airflow/dags/transaction_facts_generator.py for tasks to queue
[2024-09-20T03:15:46.695+0000] {logging_mixin.py:151} INFO - [2024-09-20T03:15:46.688+0000] {dagbag.py:539} INFO - Filling up the DagBag from /opt/airflow/dags/transaction_facts_generator.py
[2024-09-20T03:15:46.991+0000] {processor.py:839} INFO - DAG(s) dict_keys(['transaction_facts_generator']) retrieved from /opt/airflow/dags/transaction_facts_generator.py
[2024-09-20T03:15:47.209+0000] {logging_mixin.py:151} INFO - [2024-09-20T03:15:47.208+0000] {dag.py:2915} INFO - Sync 1 DAGs
[2024-09-20T03:15:47.362+0000] {logging_mixin.py:151} INFO - [2024-09-20T03:15:47.361+0000] {dag.py:3696} INFO - Setting next_dagrun for transaction_facts_generator to 2024-09-20T00:00:00+00:00, run_after=2024-09-21T00:00:00+00:00
[2024-09-20T03:15:47.462+0000] {processor.py:179} INFO - Processing /opt/airflow/dags/transaction_facts_generator.py took 0.976 seconds
[2024-09-20T03:38:07.346+0000] {processor.py:157} INFO - Started process (PID=3578) to work on /opt/airflow/dags/transaction_facts_generator.py
[2024-09-20T03:38:07.348+0000] {processor.py:829} INFO - Processing file /opt/airflow/dags/transaction_facts_generator.py for tasks to queue
[2024-09-20T03:38:07.354+0000] {logging_mixin.py:151} INFO - [2024-09-20T03:38:07.351+0000] {dagbag.py:539} INFO - Filling up the DagBag from /opt/airflow/dags/transaction_facts_generator.py
[2024-09-20T03:38:07.416+0000] {processor.py:839} INFO - DAG(s) dict_keys(['transaction_facts_generator']) retrieved from /opt/airflow/dags/transaction_facts_generator.py
[2024-09-20T03:38:07.670+0000] {logging_mixin.py:151} INFO - [2024-09-20T03:38:07.669+0000] {dag.py:2915} INFO - Sync 1 DAGs
[2024-09-20T03:38:07.779+0000] {logging_mixin.py:151} INFO - [2024-09-20T03:38:07.778+0000] {dag.py:3696} INFO - Setting next_dagrun for transaction_facts_generator to 2024-09-20T00:00:00+00:00, run_after=2024-09-21T00:00:00+00:00
[2024-09-20T03:38:07.836+0000] {processor.py:179} INFO - Processing /opt/airflow/dags/transaction_facts_generator.py took 0.500 seconds
[2024-09-20T04:12:43.879+0000] {processor.py:157} INFO - Started process (PID=3627) to work on /opt/airflow/dags/transaction_facts_generator.py
[2024-09-20T04:12:43.906+0000] {processor.py:829} INFO - Processing file /opt/airflow/dags/transaction_facts_generator.py for tasks to queue
[2024-09-20T04:12:43.914+0000] {logging_mixin.py:151} INFO - [2024-09-20T04:12:43.909+0000] {dagbag.py:539} INFO - Filling up the DagBag from /opt/airflow/dags/transaction_facts_generator.py
[2024-09-20T04:12:44.066+0000] {processor.py:839} INFO - DAG(s) dict_keys(['transaction_facts_generator']) retrieved from /opt/airflow/dags/transaction_facts_generator.py
[2024-09-20T04:12:44.258+0000] {logging_mixin.py:151} INFO - [2024-09-20T04:12:44.254+0000] {dag.py:2915} INFO - Sync 1 DAGs
[2024-09-20T04:12:44.322+0000] {logging_mixin.py:151} INFO - [2024-09-20T04:12:44.321+0000] {dag.py:3696} INFO - Setting next_dagrun for transaction_facts_generator to 2024-09-20T00:00:00+00:00, run_after=2024-09-21T00:00:00+00:00
[2024-09-20T04:12:44.409+0000] {processor.py:179} INFO - Processing /opt/airflow/dags/transaction_facts_generator.py took 0.589 seconds
[2024-09-20T05:20:18.093+0000] {processor.py:157} INFO - Started process (PID=3676) to work on /opt/airflow/dags/transaction_facts_generator.py
[2024-09-20T05:20:18.120+0000] {processor.py:829} INFO - Processing file /opt/airflow/dags/transaction_facts_generator.py for tasks to queue
[2024-09-20T05:20:18.151+0000] {logging_mixin.py:151} INFO - [2024-09-20T05:20:18.139+0000] {dagbag.py:539} INFO - Filling up the DagBag from /opt/airflow/dags/transaction_facts_generator.py
[2024-09-20T05:20:18.502+0000] {processor.py:839} INFO - DAG(s) dict_keys(['transaction_facts_generator']) retrieved from /opt/airflow/dags/transaction_facts_generator.py
[2024-09-20T05:20:19.146+0000] {logging_mixin.py:151} INFO - [2024-09-20T05:20:19.121+0000] {dag.py:2915} INFO - Sync 1 DAGs
[2024-09-20T05:20:19.650+0000] {logging_mixin.py:151} INFO - [2024-09-20T05:20:19.648+0000] {dag.py:3696} INFO - Setting next_dagrun for transaction_facts_generator to 2024-09-20T00:00:00+00:00, run_after=2024-09-21T00:00:00+00:00
[2024-09-20T05:20:19.770+0000] {processor.py:179} INFO - Processing /opt/airflow/dags/transaction_facts_generator.py took 1.829 seconds
[2024-09-20T05:55:00.296+0000] {processor.py:157} INFO - Started process (PID=3725) to work on /opt/airflow/dags/transaction_facts_generator.py
[2024-09-20T05:55:00.300+0000] {processor.py:829} INFO - Processing file /opt/airflow/dags/transaction_facts_generator.py for tasks to queue
[2024-09-20T05:55:00.303+0000] {logging_mixin.py:151} INFO - [2024-09-20T05:55:00.302+0000] {dagbag.py:539} INFO - Filling up the DagBag from /opt/airflow/dags/transaction_facts_generator.py
[2024-09-20T05:55:00.381+0000] {processor.py:839} INFO - DAG(s) dict_keys(['transaction_facts_generator']) retrieved from /opt/airflow/dags/transaction_facts_generator.py
[2024-09-20T05:55:00.498+0000] {logging_mixin.py:151} INFO - [2024-09-20T05:55:00.498+0000] {dag.py:2915} INFO - Sync 1 DAGs
[2024-09-20T05:55:00.554+0000] {logging_mixin.py:151} INFO - [2024-09-20T05:55:00.554+0000] {dag.py:3696} INFO - Setting next_dagrun for transaction_facts_generator to 2024-09-20T00:00:00+00:00, run_after=2024-09-21T00:00:00+00:00
[2024-09-20T05:55:00.627+0000] {processor.py:179} INFO - Processing /opt/airflow/dags/transaction_facts_generator.py took 0.376 seconds
[2024-09-20T06:50:00.791+0000] {processor.py:157} INFO - Started process (PID=3774) to work on /opt/airflow/dags/transaction_facts_generator.py
[2024-09-20T06:50:00.800+0000] {processor.py:829} INFO - Processing file /opt/airflow/dags/transaction_facts_generator.py for tasks to queue
[2024-09-20T06:50:00.812+0000] {logging_mixin.py:151} INFO - [2024-09-20T06:50:00.806+0000] {dagbag.py:539} INFO - Filling up the DagBag from /opt/airflow/dags/transaction_facts_generator.py
[2024-09-20T06:50:00.961+0000] {processor.py:839} INFO - DAG(s) dict_keys(['transaction_facts_generator']) retrieved from /opt/airflow/dags/transaction_facts_generator.py
[2024-09-20T06:50:01.214+0000] {logging_mixin.py:151} INFO - [2024-09-20T06:50:01.214+0000] {dag.py:2915} INFO - Sync 1 DAGs
[2024-09-20T06:50:01.335+0000] {logging_mixin.py:151} INFO - [2024-09-20T06:50:01.335+0000] {dag.py:3696} INFO - Setting next_dagrun for transaction_facts_generator to 2024-09-20T00:00:00+00:00, run_after=2024-09-21T00:00:00+00:00
[2024-09-20T06:50:01.416+0000] {processor.py:179} INFO - Processing /opt/airflow/dags/transaction_facts_generator.py took 0.665 seconds
[2024-09-20T06:56:18.566+0000] {processor.py:157} INFO - Started process (PID=3823) to work on /opt/airflow/dags/transaction_facts_generator.py
[2024-09-20T06:56:18.585+0000] {processor.py:829} INFO - Processing file /opt/airflow/dags/transaction_facts_generator.py for tasks to queue
[2024-09-20T06:56:18.617+0000] {logging_mixin.py:151} INFO - [2024-09-20T06:56:18.600+0000] {dagbag.py:539} INFO - Filling up the DagBag from /opt/airflow/dags/transaction_facts_generator.py
[2024-09-20T06:56:18.796+0000] {processor.py:839} INFO - DAG(s) dict_keys(['transaction_facts_generator']) retrieved from /opt/airflow/dags/transaction_facts_generator.py
[2024-09-20T06:56:19.010+0000] {logging_mixin.py:151} INFO - [2024-09-20T06:56:19.009+0000] {dag.py:2915} INFO - Sync 1 DAGs
[2024-09-20T06:56:19.086+0000] {logging_mixin.py:151} INFO - [2024-09-20T06:56:19.085+0000] {dag.py:3696} INFO - Setting next_dagrun for transaction_facts_generator to 2024-09-20T00:00:00+00:00, run_after=2024-09-21T00:00:00+00:00
[2024-09-20T06:56:19.139+0000] {processor.py:179} INFO - Processing /opt/airflow/dags/transaction_facts_generator.py took 0.616 seconds
[2024-09-20T06:56:49.718+0000] {processor.py:157} INFO - Started process (PID=3871) to work on /opt/airflow/dags/transaction_facts_generator.py
[2024-09-20T06:56:49.724+0000] {processor.py:829} INFO - Processing file /opt/airflow/dags/transaction_facts_generator.py for tasks to queue
[2024-09-20T06:56:49.730+0000] {logging_mixin.py:151} INFO - [2024-09-20T06:56:49.729+0000] {dagbag.py:539} INFO - Filling up the DagBag from /opt/airflow/dags/transaction_facts_generator.py
[2024-09-20T06:56:49.788+0000] {processor.py:839} INFO - DAG(s) dict_keys(['transaction_facts_generator']) retrieved from /opt/airflow/dags/transaction_facts_generator.py
[2024-09-20T06:56:49.863+0000] {logging_mixin.py:151} INFO - [2024-09-20T06:56:49.862+0000] {dag.py:2915} INFO - Sync 1 DAGs
[2024-09-20T06:56:49.898+0000] {logging_mixin.py:151} INFO - [2024-09-20T06:56:49.898+0000] {dag.py:3696} INFO - Setting next_dagrun for transaction_facts_generator to 2024-09-20T00:00:00+00:00, run_after=2024-09-21T00:00:00+00:00
[2024-09-20T06:56:49.952+0000] {processor.py:179} INFO - Processing /opt/airflow/dags/transaction_facts_generator.py took 0.258 seconds
[2024-09-20T06:57:20.557+0000] {processor.py:157} INFO - Started process (PID=3918) to work on /opt/airflow/dags/transaction_facts_generator.py
[2024-09-20T06:57:20.559+0000] {processor.py:829} INFO - Processing file /opt/airflow/dags/transaction_facts_generator.py for tasks to queue
[2024-09-20T06:57:20.560+0000] {logging_mixin.py:151} INFO - [2024-09-20T06:57:20.559+0000] {dagbag.py:539} INFO - Filling up the DagBag from /opt/airflow/dags/transaction_facts_generator.py
[2024-09-20T06:57:20.583+0000] {processor.py:839} INFO - DAG(s) dict_keys(['transaction_facts_generator']) retrieved from /opt/airflow/dags/transaction_facts_generator.py
[2024-09-20T06:57:20.623+0000] {logging_mixin.py:151} INFO - [2024-09-20T06:57:20.623+0000] {dag.py:2915} INFO - Sync 1 DAGs
[2024-09-20T06:57:20.668+0000] {logging_mixin.py:151} INFO - [2024-09-20T06:57:20.668+0000] {dag.py:3696} INFO - Setting next_dagrun for transaction_facts_generator to 2024-09-20T00:00:00+00:00, run_after=2024-09-21T00:00:00+00:00
[2024-09-20T06:57:20.697+0000] {processor.py:179} INFO - Processing /opt/airflow/dags/transaction_facts_generator.py took 0.155 seconds
[2024-09-20T06:57:51.538+0000] {processor.py:157} INFO - Started process (PID=3965) to work on /opt/airflow/dags/transaction_facts_generator.py
[2024-09-20T06:57:51.540+0000] {processor.py:829} INFO - Processing file /opt/airflow/dags/transaction_facts_generator.py for tasks to queue
[2024-09-20T06:57:51.543+0000] {logging_mixin.py:151} INFO - [2024-09-20T06:57:51.541+0000] {dagbag.py:539} INFO - Filling up the DagBag from /opt/airflow/dags/transaction_facts_generator.py
[2024-09-20T06:57:51.589+0000] {processor.py:839} INFO - DAG(s) dict_keys(['transaction_facts_generator']) retrieved from /opt/airflow/dags/transaction_facts_generator.py
[2024-09-20T06:57:51.664+0000] {logging_mixin.py:151} INFO - [2024-09-20T06:57:51.664+0000] {dag.py:2915} INFO - Sync 1 DAGs
[2024-09-20T06:57:51.687+0000] {logging_mixin.py:151} INFO - [2024-09-20T06:57:51.687+0000] {dag.py:3696} INFO - Setting next_dagrun for transaction_facts_generator to 2024-09-20T00:00:00+00:00, run_after=2024-09-21T00:00:00+00:00
[2024-09-20T06:57:51.713+0000] {processor.py:179} INFO - Processing /opt/airflow/dags/transaction_facts_generator.py took 0.186 seconds
[2024-09-20T06:58:22.440+0000] {processor.py:157} INFO - Started process (PID=4012) to work on /opt/airflow/dags/transaction_facts_generator.py
[2024-09-20T06:58:22.442+0000] {processor.py:829} INFO - Processing file /opt/airflow/dags/transaction_facts_generator.py for tasks to queue
[2024-09-20T06:58:22.443+0000] {logging_mixin.py:151} INFO - [2024-09-20T06:58:22.443+0000] {dagbag.py:539} INFO - Filling up the DagBag from /opt/airflow/dags/transaction_facts_generator.py
[2024-09-20T06:58:22.483+0000] {processor.py:839} INFO - DAG(s) dict_keys(['transaction_facts_generator']) retrieved from /opt/airflow/dags/transaction_facts_generator.py
[2024-09-20T06:58:22.570+0000] {logging_mixin.py:151} INFO - [2024-09-20T06:58:22.569+0000] {dag.py:2915} INFO - Sync 1 DAGs
[2024-09-20T06:58:22.627+0000] {logging_mixin.py:151} INFO - [2024-09-20T06:58:22.627+0000] {dag.py:3696} INFO - Setting next_dagrun for transaction_facts_generator to 2024-09-20T00:00:00+00:00, run_after=2024-09-21T00:00:00+00:00
[2024-09-20T06:58:22.647+0000] {processor.py:179} INFO - Processing /opt/airflow/dags/transaction_facts_generator.py took 0.217 seconds
[2024-09-20T06:58:53.161+0000] {processor.py:157} INFO - Started process (PID=4059) to work on /opt/airflow/dags/transaction_facts_generator.py
[2024-09-20T06:58:53.170+0000] {processor.py:829} INFO - Processing file /opt/airflow/dags/transaction_facts_generator.py for tasks to queue
[2024-09-20T06:58:53.174+0000] {logging_mixin.py:151} INFO - [2024-09-20T06:58:53.172+0000] {dagbag.py:539} INFO - Filling up the DagBag from /opt/airflow/dags/transaction_facts_generator.py
[2024-09-20T06:58:53.198+0000] {processor.py:839} INFO - DAG(s) dict_keys(['transaction_facts_generator']) retrieved from /opt/airflow/dags/transaction_facts_generator.py
[2024-09-20T06:58:53.253+0000] {logging_mixin.py:151} INFO - [2024-09-20T06:58:53.253+0000] {dag.py:2915} INFO - Sync 1 DAGs
[2024-09-20T06:58:53.274+0000] {logging_mixin.py:151} INFO - [2024-09-20T06:58:53.274+0000] {dag.py:3696} INFO - Setting next_dagrun for transaction_facts_generator to 2024-09-20T00:00:00+00:00, run_after=2024-09-21T00:00:00+00:00
[2024-09-20T06:58:53.293+0000] {processor.py:179} INFO - Processing /opt/airflow/dags/transaction_facts_generator.py took 0.145 seconds
[2024-09-20T06:59:23.797+0000] {processor.py:157} INFO - Started process (PID=4106) to work on /opt/airflow/dags/transaction_facts_generator.py
[2024-09-20T06:59:23.799+0000] {processor.py:829} INFO - Processing file /opt/airflow/dags/transaction_facts_generator.py for tasks to queue
[2024-09-20T06:59:23.800+0000] {logging_mixin.py:151} INFO - [2024-09-20T06:59:23.800+0000] {dagbag.py:539} INFO - Filling up the DagBag from /opt/airflow/dags/transaction_facts_generator.py
[2024-09-20T06:59:23.845+0000] {processor.py:839} INFO - DAG(s) dict_keys(['transaction_facts_generator']) retrieved from /opt/airflow/dags/transaction_facts_generator.py
[2024-09-20T06:59:23.932+0000] {logging_mixin.py:151} INFO - [2024-09-20T06:59:23.932+0000] {dag.py:2915} INFO - Sync 1 DAGs
[2024-09-20T06:59:24.048+0000] {logging_mixin.py:151} INFO - [2024-09-20T06:59:24.047+0000] {dag.py:3696} INFO - Setting next_dagrun for transaction_facts_generator to 2024-09-20T00:00:00+00:00, run_after=2024-09-21T00:00:00+00:00
[2024-09-20T06:59:24.091+0000] {processor.py:179} INFO - Processing /opt/airflow/dags/transaction_facts_generator.py took 0.303 seconds
[2024-09-20T06:59:54.508+0000] {processor.py:157} INFO - Started process (PID=4160) to work on /opt/airflow/dags/transaction_facts_generator.py
[2024-09-20T06:59:54.510+0000] {processor.py:829} INFO - Processing file /opt/airflow/dags/transaction_facts_generator.py for tasks to queue
[2024-09-20T06:59:54.511+0000] {logging_mixin.py:151} INFO - [2024-09-20T06:59:54.511+0000] {dagbag.py:539} INFO - Filling up the DagBag from /opt/airflow/dags/transaction_facts_generator.py
[2024-09-20T06:59:54.539+0000] {processor.py:839} INFO - DAG(s) dict_keys(['transaction_facts_generator']) retrieved from /opt/airflow/dags/transaction_facts_generator.py
[2024-09-20T06:59:54.583+0000] {logging_mixin.py:151} INFO - [2024-09-20T06:59:54.582+0000] {dag.py:2915} INFO - Sync 1 DAGs
[2024-09-20T06:59:54.601+0000] {logging_mixin.py:151} INFO - [2024-09-20T06:59:54.600+0000] {dag.py:3696} INFO - Setting next_dagrun for transaction_facts_generator to 2024-09-20T00:00:00+00:00, run_after=2024-09-21T00:00:00+00:00
[2024-09-20T06:59:54.618+0000] {processor.py:179} INFO - Processing /opt/airflow/dags/transaction_facts_generator.py took 0.121 seconds
[2024-09-20T07:00:25.025+0000] {processor.py:157} INFO - Started process (PID=4207) to work on /opt/airflow/dags/transaction_facts_generator.py
[2024-09-20T07:00:25.029+0000] {processor.py:829} INFO - Processing file /opt/airflow/dags/transaction_facts_generator.py for tasks to queue
[2024-09-20T07:00:25.031+0000] {logging_mixin.py:151} INFO - [2024-09-20T07:00:25.030+0000] {dagbag.py:539} INFO - Filling up the DagBag from /opt/airflow/dags/transaction_facts_generator.py
[2024-09-20T07:00:25.072+0000] {processor.py:839} INFO - DAG(s) dict_keys(['transaction_facts_generator']) retrieved from /opt/airflow/dags/transaction_facts_generator.py
[2024-09-20T07:00:25.113+0000] {logging_mixin.py:151} INFO - [2024-09-20T07:00:25.113+0000] {dag.py:2915} INFO - Sync 1 DAGs
[2024-09-20T07:00:25.135+0000] {logging_mixin.py:151} INFO - [2024-09-20T07:00:25.135+0000] {dag.py:3696} INFO - Setting next_dagrun for transaction_facts_generator to 2024-09-20T00:00:00+00:00, run_after=2024-09-21T00:00:00+00:00
[2024-09-20T07:00:25.161+0000] {processor.py:179} INFO - Processing /opt/airflow/dags/transaction_facts_generator.py took 0.163 seconds
[2024-09-20T07:00:55.925+0000] {processor.py:157} INFO - Started process (PID=4253) to work on /opt/airflow/dags/transaction_facts_generator.py
[2024-09-20T07:00:55.950+0000] {processor.py:829} INFO - Processing file /opt/airflow/dags/transaction_facts_generator.py for tasks to queue
[2024-09-20T07:00:55.991+0000] {logging_mixin.py:151} INFO - [2024-09-20T07:00:55.972+0000] {dagbag.py:539} INFO - Filling up the DagBag from /opt/airflow/dags/transaction_facts_generator.py
[2024-09-20T07:00:56.233+0000] {processor.py:839} INFO - DAG(s) dict_keys(['transaction_facts_generator']) retrieved from /opt/airflow/dags/transaction_facts_generator.py
[2024-09-20T07:00:56.562+0000] {logging_mixin.py:151} INFO - [2024-09-20T07:00:56.560+0000] {dag.py:2915} INFO - Sync 1 DAGs
[2024-09-20T07:00:56.604+0000] {logging_mixin.py:151} INFO - [2024-09-20T07:00:56.603+0000] {dag.py:3696} INFO - Setting next_dagrun for transaction_facts_generator to 2024-09-20T00:00:00+00:00, run_after=2024-09-21T00:00:00+00:00
[2024-09-20T07:00:56.641+0000] {processor.py:179} INFO - Processing /opt/airflow/dags/transaction_facts_generator.py took 0.751 seconds
[2024-09-20T07:01:27.430+0000] {processor.py:157} INFO - Started process (PID=4300) to work on /opt/airflow/dags/transaction_facts_generator.py
[2024-09-20T07:01:27.432+0000] {processor.py:829} INFO - Processing file /opt/airflow/dags/transaction_facts_generator.py for tasks to queue
[2024-09-20T07:01:27.435+0000] {logging_mixin.py:151} INFO - [2024-09-20T07:01:27.434+0000] {dagbag.py:539} INFO - Filling up the DagBag from /opt/airflow/dags/transaction_facts_generator.py
[2024-09-20T07:01:27.482+0000] {processor.py:839} INFO - DAG(s) dict_keys(['transaction_facts_generator']) retrieved from /opt/airflow/dags/transaction_facts_generator.py
[2024-09-20T07:01:27.527+0000] {logging_mixin.py:151} INFO - [2024-09-20T07:01:27.526+0000] {dag.py:2915} INFO - Sync 1 DAGs
[2024-09-20T07:01:27.565+0000] {logging_mixin.py:151} INFO - [2024-09-20T07:01:27.565+0000] {dag.py:3696} INFO - Setting next_dagrun for transaction_facts_generator to 2024-09-20T00:00:00+00:00, run_after=2024-09-21T00:00:00+00:00
[2024-09-20T07:01:27.581+0000] {processor.py:179} INFO - Processing /opt/airflow/dags/transaction_facts_generator.py took 0.162 seconds
[2024-09-20T07:01:57.910+0000] {processor.py:157} INFO - Started process (PID=4347) to work on /opt/airflow/dags/transaction_facts_generator.py
[2024-09-20T07:01:57.912+0000] {processor.py:829} INFO - Processing file /opt/airflow/dags/transaction_facts_generator.py for tasks to queue
[2024-09-20T07:01:57.913+0000] {logging_mixin.py:151} INFO - [2024-09-20T07:01:57.912+0000] {dagbag.py:539} INFO - Filling up the DagBag from /opt/airflow/dags/transaction_facts_generator.py
[2024-09-20T07:01:57.947+0000] {processor.py:839} INFO - DAG(s) dict_keys(['transaction_facts_generator']) retrieved from /opt/airflow/dags/transaction_facts_generator.py
[2024-09-20T07:01:58.001+0000] {logging_mixin.py:151} INFO - [2024-09-20T07:01:58.001+0000] {dag.py:2915} INFO - Sync 1 DAGs
[2024-09-20T07:01:58.035+0000] {logging_mixin.py:151} INFO - [2024-09-20T07:01:58.035+0000] {dag.py:3696} INFO - Setting next_dagrun for transaction_facts_generator to 2024-09-20T00:00:00+00:00, run_after=2024-09-21T00:00:00+00:00
[2024-09-20T07:01:58.074+0000] {processor.py:179} INFO - Processing /opt/airflow/dags/transaction_facts_generator.py took 0.174 seconds
[2024-09-20T07:02:28.359+0000] {processor.py:157} INFO - Started process (PID=4394) to work on /opt/airflow/dags/transaction_facts_generator.py
[2024-09-20T07:02:28.361+0000] {processor.py:829} INFO - Processing file /opt/airflow/dags/transaction_facts_generator.py for tasks to queue
[2024-09-20T07:02:28.363+0000] {logging_mixin.py:151} INFO - [2024-09-20T07:02:28.362+0000] {dagbag.py:539} INFO - Filling up the DagBag from /opt/airflow/dags/transaction_facts_generator.py
[2024-09-20T07:02:28.391+0000] {processor.py:839} INFO - DAG(s) dict_keys(['transaction_facts_generator']) retrieved from /opt/airflow/dags/transaction_facts_generator.py
[2024-09-20T07:02:28.456+0000] {logging_mixin.py:151} INFO - [2024-09-20T07:02:28.456+0000] {dag.py:2915} INFO - Sync 1 DAGs
[2024-09-20T07:02:28.476+0000] {logging_mixin.py:151} INFO - [2024-09-20T07:02:28.476+0000] {dag.py:3696} INFO - Setting next_dagrun for transaction_facts_generator to 2024-09-20T00:00:00+00:00, run_after=2024-09-21T00:00:00+00:00
[2024-09-20T07:02:28.492+0000] {processor.py:179} INFO - Processing /opt/airflow/dags/transaction_facts_generator.py took 0.144 seconds
[2024-09-20T07:02:58.612+0000] {processor.py:157} INFO - Started process (PID=4441) to work on /opt/airflow/dags/transaction_facts_generator.py
[2024-09-20T07:02:58.615+0000] {processor.py:829} INFO - Processing file /opt/airflow/dags/transaction_facts_generator.py for tasks to queue
[2024-09-20T07:02:58.617+0000] {logging_mixin.py:151} INFO - [2024-09-20T07:02:58.616+0000] {dagbag.py:539} INFO - Filling up the DagBag from /opt/airflow/dags/transaction_facts_generator.py
[2024-09-20T07:02:58.641+0000] {processor.py:839} INFO - DAG(s) dict_keys(['transaction_facts_generator']) retrieved from /opt/airflow/dags/transaction_facts_generator.py
[2024-09-20T07:02:58.691+0000] {logging_mixin.py:151} INFO - [2024-09-20T07:02:58.690+0000] {dag.py:2915} INFO - Sync 1 DAGs
[2024-09-20T07:02:58.710+0000] {logging_mixin.py:151} INFO - [2024-09-20T07:02:58.710+0000] {dag.py:3696} INFO - Setting next_dagrun for transaction_facts_generator to 2024-09-20T00:00:00+00:00, run_after=2024-09-21T00:00:00+00:00
[2024-09-20T07:02:58.725+0000] {processor.py:179} INFO - Processing /opt/airflow/dags/transaction_facts_generator.py took 0.139 seconds
[2024-09-20T07:03:28.891+0000] {processor.py:157} INFO - Started process (PID=4488) to work on /opt/airflow/dags/transaction_facts_generator.py
[2024-09-20T07:03:28.894+0000] {processor.py:829} INFO - Processing file /opt/airflow/dags/transaction_facts_generator.py for tasks to queue
[2024-09-20T07:03:28.897+0000] {logging_mixin.py:151} INFO - [2024-09-20T07:03:28.896+0000] {dagbag.py:539} INFO - Filling up the DagBag from /opt/airflow/dags/transaction_facts_generator.py
[2024-09-20T07:03:28.934+0000] {processor.py:839} INFO - DAG(s) dict_keys(['transaction_facts_generator']) retrieved from /opt/airflow/dags/transaction_facts_generator.py
[2024-09-20T07:03:28.991+0000] {logging_mixin.py:151} INFO - [2024-09-20T07:03:28.991+0000] {dag.py:2915} INFO - Sync 1 DAGs
[2024-09-20T07:03:29.015+0000] {logging_mixin.py:151} INFO - [2024-09-20T07:03:29.015+0000] {dag.py:3696} INFO - Setting next_dagrun for transaction_facts_generator to 2024-09-20T00:00:00+00:00, run_after=2024-09-21T00:00:00+00:00
[2024-09-20T07:03:29.033+0000] {processor.py:179} INFO - Processing /opt/airflow/dags/transaction_facts_generator.py took 0.159 seconds
[2024-09-20T07:03:59.519+0000] {processor.py:157} INFO - Started process (PID=4534) to work on /opt/airflow/dags/transaction_facts_generator.py
[2024-09-20T07:03:59.521+0000] {processor.py:829} INFO - Processing file /opt/airflow/dags/transaction_facts_generator.py for tasks to queue
[2024-09-20T07:03:59.522+0000] {logging_mixin.py:151} INFO - [2024-09-20T07:03:59.522+0000] {dagbag.py:539} INFO - Filling up the DagBag from /opt/airflow/dags/transaction_facts_generator.py
[2024-09-20T07:03:59.572+0000] {processor.py:839} INFO - DAG(s) dict_keys(['transaction_facts_generator']) retrieved from /opt/airflow/dags/transaction_facts_generator.py
[2024-09-20T07:03:59.624+0000] {logging_mixin.py:151} INFO - [2024-09-20T07:03:59.624+0000] {dag.py:2915} INFO - Sync 1 DAGs
[2024-09-20T07:03:59.646+0000] {logging_mixin.py:151} INFO - [2024-09-20T07:03:59.646+0000] {dag.py:3696} INFO - Setting next_dagrun for transaction_facts_generator to 2024-09-20T00:00:00+00:00, run_after=2024-09-21T00:00:00+00:00
[2024-09-20T07:03:59.663+0000] {processor.py:179} INFO - Processing /opt/airflow/dags/transaction_facts_generator.py took 0.154 seconds
[2024-09-20T07:04:29.861+0000] {processor.py:157} INFO - Started process (PID=4581) to work on /opt/airflow/dags/transaction_facts_generator.py
[2024-09-20T07:04:29.868+0000] {processor.py:829} INFO - Processing file /opt/airflow/dags/transaction_facts_generator.py for tasks to queue
[2024-09-20T07:04:29.873+0000] {logging_mixin.py:151} INFO - [2024-09-20T07:04:29.871+0000] {dagbag.py:539} INFO - Filling up the DagBag from /opt/airflow/dags/transaction_facts_generator.py
[2024-09-20T07:04:29.903+0000] {processor.py:839} INFO - DAG(s) dict_keys(['transaction_facts_generator']) retrieved from /opt/airflow/dags/transaction_facts_generator.py
[2024-09-20T07:04:29.948+0000] {logging_mixin.py:151} INFO - [2024-09-20T07:04:29.948+0000] {dag.py:2915} INFO - Sync 1 DAGs
[2024-09-20T07:04:29.966+0000] {logging_mixin.py:151} INFO - [2024-09-20T07:04:29.966+0000] {dag.py:3696} INFO - Setting next_dagrun for transaction_facts_generator to 2024-09-20T00:00:00+00:00, run_after=2024-09-21T00:00:00+00:00
[2024-09-20T07:04:29.981+0000] {processor.py:179} INFO - Processing /opt/airflow/dags/transaction_facts_generator.py took 0.142 seconds
[2024-09-20T07:05:00.158+0000] {processor.py:157} INFO - Started process (PID=4628) to work on /opt/airflow/dags/transaction_facts_generator.py
[2024-09-20T07:05:00.160+0000] {processor.py:829} INFO - Processing file /opt/airflow/dags/transaction_facts_generator.py for tasks to queue
[2024-09-20T07:05:00.162+0000] {logging_mixin.py:151} INFO - [2024-09-20T07:05:00.161+0000] {dagbag.py:539} INFO - Filling up the DagBag from /opt/airflow/dags/transaction_facts_generator.py
[2024-09-20T07:05:00.214+0000] {processor.py:839} INFO - DAG(s) dict_keys(['transaction_facts_generator']) retrieved from /opt/airflow/dags/transaction_facts_generator.py
[2024-09-20T07:05:00.254+0000] {logging_mixin.py:151} INFO - [2024-09-20T07:05:00.254+0000] {dag.py:2915} INFO - Sync 1 DAGs
[2024-09-20T07:05:00.271+0000] {logging_mixin.py:151} INFO - [2024-09-20T07:05:00.271+0000] {dag.py:3696} INFO - Setting next_dagrun for transaction_facts_generator to 2024-09-20T00:00:00+00:00, run_after=2024-09-21T00:00:00+00:00
[2024-09-20T07:05:00.292+0000] {processor.py:179} INFO - Processing /opt/airflow/dags/transaction_facts_generator.py took 0.143 seconds
[2024-09-20T07:05:30.580+0000] {processor.py:157} INFO - Started process (PID=4675) to work on /opt/airflow/dags/transaction_facts_generator.py
[2024-09-20T07:05:30.582+0000] {processor.py:829} INFO - Processing file /opt/airflow/dags/transaction_facts_generator.py for tasks to queue
[2024-09-20T07:05:30.584+0000] {logging_mixin.py:151} INFO - [2024-09-20T07:05:30.583+0000] {dagbag.py:539} INFO - Filling up the DagBag from /opt/airflow/dags/transaction_facts_generator.py
[2024-09-20T07:05:30.605+0000] {processor.py:839} INFO - DAG(s) dict_keys(['transaction_facts_generator']) retrieved from /opt/airflow/dags/transaction_facts_generator.py
[2024-09-20T07:05:30.666+0000] {logging_mixin.py:151} INFO - [2024-09-20T07:05:30.665+0000] {dag.py:2915} INFO - Sync 1 DAGs
[2024-09-20T07:05:30.704+0000] {logging_mixin.py:151} INFO - [2024-09-20T07:05:30.704+0000] {dag.py:3696} INFO - Setting next_dagrun for transaction_facts_generator to 2024-09-20T00:00:00+00:00, run_after=2024-09-21T00:00:00+00:00
[2024-09-20T07:05:30.728+0000] {processor.py:179} INFO - Processing /opt/airflow/dags/transaction_facts_generator.py took 0.177 seconds
[2024-09-20T07:06:01.272+0000] {processor.py:157} INFO - Started process (PID=4722) to work on /opt/airflow/dags/transaction_facts_generator.py
[2024-09-20T07:06:01.275+0000] {processor.py:829} INFO - Processing file /opt/airflow/dags/transaction_facts_generator.py for tasks to queue
[2024-09-20T07:06:01.277+0000] {logging_mixin.py:151} INFO - [2024-09-20T07:06:01.277+0000] {dagbag.py:539} INFO - Filling up the DagBag from /opt/airflow/dags/transaction_facts_generator.py
[2024-09-20T07:06:01.300+0000] {processor.py:839} INFO - DAG(s) dict_keys(['transaction_facts_generator']) retrieved from /opt/airflow/dags/transaction_facts_generator.py
[2024-09-20T07:06:01.348+0000] {logging_mixin.py:151} INFO - [2024-09-20T07:06:01.348+0000] {dag.py:2915} INFO - Sync 1 DAGs
[2024-09-20T07:06:01.366+0000] {logging_mixin.py:151} INFO - [2024-09-20T07:06:01.366+0000] {dag.py:3696} INFO - Setting next_dagrun for transaction_facts_generator to 2024-09-20T00:00:00+00:00, run_after=2024-09-21T00:00:00+00:00
[2024-09-20T07:06:01.382+0000] {processor.py:179} INFO - Processing /opt/airflow/dags/transaction_facts_generator.py took 0.131 seconds
[2024-09-20T07:06:31.932+0000] {processor.py:157} INFO - Started process (PID=4768) to work on /opt/airflow/dags/transaction_facts_generator.py
[2024-09-20T07:06:31.933+0000] {processor.py:829} INFO - Processing file /opt/airflow/dags/transaction_facts_generator.py for tasks to queue
[2024-09-20T07:06:31.934+0000] {logging_mixin.py:151} INFO - [2024-09-20T07:06:31.934+0000] {dagbag.py:539} INFO - Filling up the DagBag from /opt/airflow/dags/transaction_facts_generator.py
[2024-09-20T07:06:31.975+0000] {processor.py:839} INFO - DAG(s) dict_keys(['transaction_facts_generator']) retrieved from /opt/airflow/dags/transaction_facts_generator.py
[2024-09-20T07:06:32.032+0000] {logging_mixin.py:151} INFO - [2024-09-20T07:06:32.032+0000] {dag.py:2915} INFO - Sync 1 DAGs
[2024-09-20T07:06:32.050+0000] {logging_mixin.py:151} INFO - [2024-09-20T07:06:32.050+0000] {dag.py:3696} INFO - Setting next_dagrun for transaction_facts_generator to 2024-09-20T00:00:00+00:00, run_after=2024-09-21T00:00:00+00:00
[2024-09-20T07:06:32.069+0000] {processor.py:179} INFO - Processing /opt/airflow/dags/transaction_facts_generator.py took 0.160 seconds
[2024-09-20T07:07:02.550+0000] {processor.py:157} INFO - Started process (PID=4815) to work on /opt/airflow/dags/transaction_facts_generator.py
[2024-09-20T07:07:02.552+0000] {processor.py:829} INFO - Processing file /opt/airflow/dags/transaction_facts_generator.py for tasks to queue
[2024-09-20T07:07:02.555+0000] {logging_mixin.py:151} INFO - [2024-09-20T07:07:02.554+0000] {dagbag.py:539} INFO - Filling up the DagBag from /opt/airflow/dags/transaction_facts_generator.py
[2024-09-20T07:07:02.599+0000] {processor.py:839} INFO - DAG(s) dict_keys(['transaction_facts_generator']) retrieved from /opt/airflow/dags/transaction_facts_generator.py
[2024-09-20T07:07:02.632+0000] {logging_mixin.py:151} INFO - [2024-09-20T07:07:02.632+0000] {dag.py:2915} INFO - Sync 1 DAGs
[2024-09-20T07:07:02.664+0000] {logging_mixin.py:151} INFO - [2024-09-20T07:07:02.664+0000] {dag.py:3696} INFO - Setting next_dagrun for transaction_facts_generator to 2024-09-20T00:00:00+00:00, run_after=2024-09-21T00:00:00+00:00
[2024-09-20T07:07:02.684+0000] {processor.py:179} INFO - Processing /opt/airflow/dags/transaction_facts_generator.py took 0.145 seconds
[2024-09-20T07:07:33.238+0000] {processor.py:157} INFO - Started process (PID=4862) to work on /opt/airflow/dags/transaction_facts_generator.py
[2024-09-20T07:07:33.240+0000] {processor.py:829} INFO - Processing file /opt/airflow/dags/transaction_facts_generator.py for tasks to queue
[2024-09-20T07:07:33.246+0000] {logging_mixin.py:151} INFO - [2024-09-20T07:07:33.243+0000] {dagbag.py:539} INFO - Filling up the DagBag from /opt/airflow/dags/transaction_facts_generator.py
[2024-09-20T07:07:33.290+0000] {processor.py:839} INFO - DAG(s) dict_keys(['transaction_facts_generator']) retrieved from /opt/airflow/dags/transaction_facts_generator.py
[2024-09-20T07:07:33.324+0000] {logging_mixin.py:151} INFO - [2024-09-20T07:07:33.324+0000] {dag.py:2915} INFO - Sync 1 DAGs
[2024-09-20T07:07:33.358+0000] {logging_mixin.py:151} INFO - [2024-09-20T07:07:33.358+0000] {dag.py:3696} INFO - Setting next_dagrun for transaction_facts_generator to 2024-09-20T00:00:00+00:00, run_after=2024-09-21T00:00:00+00:00
[2024-09-20T07:07:33.375+0000] {processor.py:179} INFO - Processing /opt/airflow/dags/transaction_facts_generator.py took 0.146 seconds
[2024-09-20T07:08:03.844+0000] {processor.py:157} INFO - Started process (PID=4909) to work on /opt/airflow/dags/transaction_facts_generator.py
[2024-09-20T07:08:03.846+0000] {processor.py:829} INFO - Processing file /opt/airflow/dags/transaction_facts_generator.py for tasks to queue
[2024-09-20T07:08:03.847+0000] {logging_mixin.py:151} INFO - [2024-09-20T07:08:03.847+0000] {dagbag.py:539} INFO - Filling up the DagBag from /opt/airflow/dags/transaction_facts_generator.py
[2024-09-20T07:08:03.885+0000] {processor.py:839} INFO - DAG(s) dict_keys(['transaction_facts_generator']) retrieved from /opt/airflow/dags/transaction_facts_generator.py
[2024-09-20T07:08:03.921+0000] {logging_mixin.py:151} INFO - [2024-09-20T07:08:03.921+0000] {dag.py:2915} INFO - Sync 1 DAGs
[2024-09-20T07:08:03.942+0000] {logging_mixin.py:151} INFO - [2024-09-20T07:08:03.942+0000] {dag.py:3696} INFO - Setting next_dagrun for transaction_facts_generator to 2024-09-20T00:00:00+00:00, run_after=2024-09-21T00:00:00+00:00
[2024-09-20T07:08:03.967+0000] {processor.py:179} INFO - Processing /opt/airflow/dags/transaction_facts_generator.py took 0.131 seconds
[2024-09-20T07:54:52.358+0000] {processor.py:157} INFO - Started process (PID=4949) to work on /opt/airflow/dags/transaction_facts_generator.py
[2024-09-20T07:54:52.359+0000] {processor.py:829} INFO - Processing file /opt/airflow/dags/transaction_facts_generator.py for tasks to queue
[2024-09-20T07:54:52.362+0000] {logging_mixin.py:151} INFO - [2024-09-20T07:54:52.360+0000] {dagbag.py:539} INFO - Filling up the DagBag from /opt/airflow/dags/transaction_facts_generator.py
[2024-09-20T07:54:52.397+0000] {processor.py:839} INFO - DAG(s) dict_keys(['transaction_facts_generator']) retrieved from /opt/airflow/dags/transaction_facts_generator.py
[2024-09-20T07:54:52.444+0000] {logging_mixin.py:151} INFO - [2024-09-20T07:54:52.444+0000] {dag.py:2915} INFO - Sync 1 DAGs
[2024-09-20T07:54:52.465+0000] {logging_mixin.py:151} INFO - [2024-09-20T07:54:52.464+0000] {dag.py:3696} INFO - Setting next_dagrun for transaction_facts_generator to 2024-09-20T00:00:00+00:00, run_after=2024-09-21T00:00:00+00:00
[2024-09-20T07:54:52.487+0000] {processor.py:179} INFO - Processing /opt/airflow/dags/transaction_facts_generator.py took 0.139 seconds
[2024-09-20T08:09:03.487+0000] {processor.py:157} INFO - Started process (PID=5000) to work on /opt/airflow/dags/transaction_facts_generator.py
[2024-09-20T08:09:03.490+0000] {processor.py:829} INFO - Processing file /opt/airflow/dags/transaction_facts_generator.py for tasks to queue
[2024-09-20T08:09:03.496+0000] {logging_mixin.py:151} INFO - [2024-09-20T08:09:03.492+0000] {dagbag.py:539} INFO - Filling up the DagBag from /opt/airflow/dags/transaction_facts_generator.py
[2024-09-20T08:09:03.651+0000] {processor.py:839} INFO - DAG(s) dict_keys(['transaction_facts_generator']) retrieved from /opt/airflow/dags/transaction_facts_generator.py
[2024-09-20T08:09:03.940+0000] {logging_mixin.py:151} INFO - [2024-09-20T08:09:03.939+0000] {dag.py:2915} INFO - Sync 1 DAGs
[2024-09-20T08:09:03.988+0000] {logging_mixin.py:151} INFO - [2024-09-20T08:09:03.988+0000] {dag.py:3696} INFO - Setting next_dagrun for transaction_facts_generator to 2024-09-20T00:00:00+00:00, run_after=2024-09-21T00:00:00+00:00
[2024-09-20T08:09:04.014+0000] {processor.py:179} INFO - Processing /opt/airflow/dags/transaction_facts_generator.py took 0.542 seconds
[2024-09-20T08:41:06.050+0000] {processor.py:157} INFO - Started process (PID=5047) to work on /opt/airflow/dags/transaction_facts_generator.py
[2024-09-20T08:41:06.054+0000] {processor.py:829} INFO - Processing file /opt/airflow/dags/transaction_facts_generator.py for tasks to queue
[2024-09-20T08:41:06.064+0000] {logging_mixin.py:151} INFO - [2024-09-20T08:41:06.059+0000] {dagbag.py:539} INFO - Filling up the DagBag from /opt/airflow/dags/transaction_facts_generator.py
[2024-09-20T08:41:06.164+0000] {processor.py:839} INFO - DAG(s) dict_keys(['transaction_facts_generator']) retrieved from /opt/airflow/dags/transaction_facts_generator.py
[2024-09-20T08:41:06.327+0000] {logging_mixin.py:151} INFO - [2024-09-20T08:41:06.327+0000] {dag.py:2915} INFO - Sync 1 DAGs
[2024-09-20T08:41:06.424+0000] {logging_mixin.py:151} INFO - [2024-09-20T08:41:06.424+0000] {dag.py:3696} INFO - Setting next_dagrun for transaction_facts_generator to 2024-09-20T00:00:00+00:00, run_after=2024-09-21T00:00:00+00:00
[2024-09-20T08:41:06.453+0000] {processor.py:179} INFO - Processing /opt/airflow/dags/transaction_facts_generator.py took 0.429 seconds
[2024-09-20T09:16:00.971+0000] {processor.py:157} INFO - Started process (PID=5095) to work on /opt/airflow/dags/transaction_facts_generator.py
[2024-09-20T09:16:00.976+0000] {processor.py:829} INFO - Processing file /opt/airflow/dags/transaction_facts_generator.py for tasks to queue
[2024-09-20T09:16:00.982+0000] {logging_mixin.py:151} INFO - [2024-09-20T09:16:00.980+0000] {dagbag.py:539} INFO - Filling up the DagBag from /opt/airflow/dags/transaction_facts_generator.py
[2024-09-20T09:16:01.064+0000] {processor.py:839} INFO - DAG(s) dict_keys(['transaction_facts_generator']) retrieved from /opt/airflow/dags/transaction_facts_generator.py
[2024-09-20T09:16:01.241+0000] {logging_mixin.py:151} INFO - [2024-09-20T09:16:01.241+0000] {dag.py:2915} INFO - Sync 1 DAGs
[2024-09-20T09:16:01.330+0000] {logging_mixin.py:151} INFO - [2024-09-20T09:16:01.329+0000] {dag.py:3696} INFO - Setting next_dagrun for transaction_facts_generator to 2024-09-20T00:00:00+00:00, run_after=2024-09-21T00:00:00+00:00
[2024-09-20T09:16:01.378+0000] {processor.py:179} INFO - Processing /opt/airflow/dags/transaction_facts_generator.py took 0.443 seconds
[2024-09-20T09:22:38.420+0000] {processor.py:157} INFO - Started process (PID=5142) to work on /opt/airflow/dags/transaction_facts_generator.py
[2024-09-20T09:22:38.426+0000] {processor.py:829} INFO - Processing file /opt/airflow/dags/transaction_facts_generator.py for tasks to queue
[2024-09-20T09:22:38.433+0000] {logging_mixin.py:151} INFO - [2024-09-20T09:22:38.431+0000] {dagbag.py:539} INFO - Filling up the DagBag from /opt/airflow/dags/transaction_facts_generator.py
[2024-09-20T09:22:38.494+0000] {processor.py:839} INFO - DAG(s) dict_keys(['transaction_facts_generator']) retrieved from /opt/airflow/dags/transaction_facts_generator.py
[2024-09-20T09:22:38.657+0000] {logging_mixin.py:151} INFO - [2024-09-20T09:22:38.657+0000] {dag.py:2915} INFO - Sync 1 DAGs
[2024-09-20T09:22:38.770+0000] {logging_mixin.py:151} INFO - [2024-09-20T09:22:38.769+0000] {dag.py:3696} INFO - Setting next_dagrun for transaction_facts_generator to 2024-09-20T00:00:00+00:00, run_after=2024-09-21T00:00:00+00:00
[2024-09-20T09:22:38.831+0000] {processor.py:179} INFO - Processing /opt/airflow/dags/transaction_facts_generator.py took 0.436 seconds
[2024-09-20T09:41:26.651+0000] {processor.py:157} INFO - Started process (PID=5191) to work on /opt/airflow/dags/transaction_facts_generator.py
[2024-09-20T09:41:26.662+0000] {processor.py:829} INFO - Processing file /opt/airflow/dags/transaction_facts_generator.py for tasks to queue
[2024-09-20T09:41:26.672+0000] {logging_mixin.py:151} INFO - [2024-09-20T09:41:26.666+0000] {dagbag.py:539} INFO - Filling up the DagBag from /opt/airflow/dags/transaction_facts_generator.py
[2024-09-20T09:41:26.766+0000] {processor.py:839} INFO - DAG(s) dict_keys(['transaction_facts_generator']) retrieved from /opt/airflow/dags/transaction_facts_generator.py
[2024-09-20T09:41:26.922+0000] {logging_mixin.py:151} INFO - [2024-09-20T09:41:26.919+0000] {dag.py:2915} INFO - Sync 1 DAGs
[2024-09-20T09:41:26.994+0000] {logging_mixin.py:151} INFO - [2024-09-20T09:41:26.993+0000] {dag.py:3696} INFO - Setting next_dagrun for transaction_facts_generator to 2024-09-20T00:00:00+00:00, run_after=2024-09-21T00:00:00+00:00
[2024-09-20T09:41:27.066+0000] {processor.py:179} INFO - Processing /opt/airflow/dags/transaction_facts_generator.py took 0.451 seconds
[2024-09-20T09:41:57.238+0000] {processor.py:157} INFO - Started process (PID=5241) to work on /opt/airflow/dags/transaction_facts_generator.py
[2024-09-20T09:41:57.241+0000] {processor.py:829} INFO - Processing file /opt/airflow/dags/transaction_facts_generator.py for tasks to queue
[2024-09-20T09:41:57.245+0000] {logging_mixin.py:151} INFO - [2024-09-20T09:41:57.244+0000] {dagbag.py:539} INFO - Filling up the DagBag from /opt/airflow/dags/transaction_facts_generator.py
[2024-09-20T09:41:57.294+0000] {processor.py:839} INFO - DAG(s) dict_keys(['transaction_facts_generator']) retrieved from /opt/airflow/dags/transaction_facts_generator.py
[2024-09-20T09:41:57.349+0000] {logging_mixin.py:151} INFO - [2024-09-20T09:41:57.349+0000] {dag.py:2915} INFO - Sync 1 DAGs
[2024-09-20T09:41:57.372+0000] {logging_mixin.py:151} INFO - [2024-09-20T09:41:57.371+0000] {dag.py:3696} INFO - Setting next_dagrun for transaction_facts_generator to 2024-09-20T00:00:00+00:00, run_after=2024-09-21T00:00:00+00:00
[2024-09-20T09:41:57.392+0000] {processor.py:179} INFO - Processing /opt/airflow/dags/transaction_facts_generator.py took 0.166 seconds
[2024-09-20T09:42:28.384+0000] {processor.py:157} INFO - Started process (PID=5285) to work on /opt/airflow/dags/transaction_facts_generator.py
[2024-09-20T09:42:28.386+0000] {processor.py:829} INFO - Processing file /opt/airflow/dags/transaction_facts_generator.py for tasks to queue
[2024-09-20T09:42:28.388+0000] {logging_mixin.py:151} INFO - [2024-09-20T09:42:28.387+0000] {dagbag.py:539} INFO - Filling up the DagBag from /opt/airflow/dags/transaction_facts_generator.py
[2024-09-20T09:42:28.441+0000] {processor.py:839} INFO - DAG(s) dict_keys(['transaction_facts_generator']) retrieved from /opt/airflow/dags/transaction_facts_generator.py
[2024-09-20T09:42:28.509+0000] {logging_mixin.py:151} INFO - [2024-09-20T09:42:28.508+0000] {dag.py:2915} INFO - Sync 1 DAGs
[2024-09-20T09:42:28.536+0000] {logging_mixin.py:151} INFO - [2024-09-20T09:42:28.536+0000] {dag.py:3696} INFO - Setting next_dagrun for transaction_facts_generator to 2024-09-20T00:00:00+00:00, run_after=2024-09-21T00:00:00+00:00
[2024-09-20T09:42:28.568+0000] {processor.py:179} INFO - Processing /opt/airflow/dags/transaction_facts_generator.py took 0.198 seconds
[2024-09-20T09:42:58.686+0000] {processor.py:157} INFO - Started process (PID=5332) to work on /opt/airflow/dags/transaction_facts_generator.py
[2024-09-20T09:42:58.690+0000] {processor.py:829} INFO - Processing file /opt/airflow/dags/transaction_facts_generator.py for tasks to queue
[2024-09-20T09:42:58.693+0000] {logging_mixin.py:151} INFO - [2024-09-20T09:42:58.693+0000] {dagbag.py:539} INFO - Filling up the DagBag from /opt/airflow/dags/transaction_facts_generator.py
[2024-09-20T09:42:58.720+0000] {processor.py:839} INFO - DAG(s) dict_keys(['transaction_facts_generator']) retrieved from /opt/airflow/dags/transaction_facts_generator.py
[2024-09-20T09:42:58.786+0000] {logging_mixin.py:151} INFO - [2024-09-20T09:42:58.785+0000] {dag.py:2915} INFO - Sync 1 DAGs
[2024-09-20T09:42:58.816+0000] {logging_mixin.py:151} INFO - [2024-09-20T09:42:58.816+0000] {dag.py:3696} INFO - Setting next_dagrun for transaction_facts_generator to 2024-09-20T00:00:00+00:00, run_after=2024-09-21T00:00:00+00:00
[2024-09-20T09:42:58.837+0000] {processor.py:179} INFO - Processing /opt/airflow/dags/transaction_facts_generator.py took 0.170 seconds
[2024-09-20T09:43:29.278+0000] {processor.py:157} INFO - Started process (PID=5379) to work on /opt/airflow/dags/transaction_facts_generator.py
[2024-09-20T09:43:29.279+0000] {processor.py:829} INFO - Processing file /opt/airflow/dags/transaction_facts_generator.py for tasks to queue
[2024-09-20T09:43:29.281+0000] {logging_mixin.py:151} INFO - [2024-09-20T09:43:29.280+0000] {dagbag.py:539} INFO - Filling up the DagBag from /opt/airflow/dags/transaction_facts_generator.py
[2024-09-20T09:43:29.311+0000] {processor.py:839} INFO - DAG(s) dict_keys(['transaction_facts_generator']) retrieved from /opt/airflow/dags/transaction_facts_generator.py
[2024-09-20T09:43:29.372+0000] {logging_mixin.py:151} INFO - [2024-09-20T09:43:29.372+0000] {dag.py:2915} INFO - Sync 1 DAGs
[2024-09-20T09:43:29.416+0000] {logging_mixin.py:151} INFO - [2024-09-20T09:43:29.416+0000] {dag.py:3696} INFO - Setting next_dagrun for transaction_facts_generator to 2024-09-20T00:00:00+00:00, run_after=2024-09-21T00:00:00+00:00
[2024-09-20T09:43:29.440+0000] {processor.py:179} INFO - Processing /opt/airflow/dags/transaction_facts_generator.py took 0.170 seconds
[2024-09-20T09:43:59.816+0000] {processor.py:157} INFO - Started process (PID=5426) to work on /opt/airflow/dags/transaction_facts_generator.py
[2024-09-20T09:43:59.818+0000] {processor.py:829} INFO - Processing file /opt/airflow/dags/transaction_facts_generator.py for tasks to queue
[2024-09-20T09:43:59.820+0000] {logging_mixin.py:151} INFO - [2024-09-20T09:43:59.819+0000] {dagbag.py:539} INFO - Filling up the DagBag from /opt/airflow/dags/transaction_facts_generator.py
[2024-09-20T09:43:59.864+0000] {processor.py:839} INFO - DAG(s) dict_keys(['transaction_facts_generator']) retrieved from /opt/airflow/dags/transaction_facts_generator.py
[2024-09-20T09:43:59.941+0000] {logging_mixin.py:151} INFO - [2024-09-20T09:43:59.941+0000] {dag.py:2915} INFO - Sync 1 DAGs
[2024-09-20T09:43:59.976+0000] {logging_mixin.py:151} INFO - [2024-09-20T09:43:59.976+0000] {dag.py:3696} INFO - Setting next_dagrun for transaction_facts_generator to 2024-09-20T00:00:00+00:00, run_after=2024-09-21T00:00:00+00:00
[2024-09-20T09:44:00.032+0000] {processor.py:179} INFO - Processing /opt/airflow/dags/transaction_facts_generator.py took 0.226 seconds
[2024-09-20T09:44:30.556+0000] {processor.py:157} INFO - Started process (PID=5473) to work on /opt/airflow/dags/transaction_facts_generator.py
[2024-09-20T09:44:30.560+0000] {processor.py:829} INFO - Processing file /opt/airflow/dags/transaction_facts_generator.py for tasks to queue
[2024-09-20T09:44:30.561+0000] {logging_mixin.py:151} INFO - [2024-09-20T09:44:30.561+0000] {dagbag.py:539} INFO - Filling up the DagBag from /opt/airflow/dags/transaction_facts_generator.py
[2024-09-20T09:44:30.605+0000] {processor.py:839} INFO - DAG(s) dict_keys(['transaction_facts_generator']) retrieved from /opt/airflow/dags/transaction_facts_generator.py
[2024-09-20T09:44:30.668+0000] {logging_mixin.py:151} INFO - [2024-09-20T09:44:30.668+0000] {dag.py:2915} INFO - Sync 1 DAGs
[2024-09-20T09:44:30.703+0000] {logging_mixin.py:151} INFO - [2024-09-20T09:44:30.702+0000] {dag.py:3696} INFO - Setting next_dagrun for transaction_facts_generator to 2024-09-20T00:00:00+00:00, run_after=2024-09-21T00:00:00+00:00
[2024-09-20T09:44:30.722+0000] {processor.py:179} INFO - Processing /opt/airflow/dags/transaction_facts_generator.py took 0.186 seconds
[2024-09-20T09:45:01.213+0000] {processor.py:157} INFO - Started process (PID=5520) to work on /opt/airflow/dags/transaction_facts_generator.py
[2024-09-20T09:45:01.214+0000] {processor.py:829} INFO - Processing file /opt/airflow/dags/transaction_facts_generator.py for tasks to queue
[2024-09-20T09:45:01.216+0000] {logging_mixin.py:151} INFO - [2024-09-20T09:45:01.215+0000] {dagbag.py:539} INFO - Filling up the DagBag from /opt/airflow/dags/transaction_facts_generator.py
[2024-09-20T09:45:01.256+0000] {processor.py:839} INFO - DAG(s) dict_keys(['transaction_facts_generator']) retrieved from /opt/airflow/dags/transaction_facts_generator.py
[2024-09-20T09:45:01.295+0000] {logging_mixin.py:151} INFO - [2024-09-20T09:45:01.295+0000] {dag.py:2915} INFO - Sync 1 DAGs
[2024-09-20T09:45:01.326+0000] {logging_mixin.py:151} INFO - [2024-09-20T09:45:01.325+0000] {dag.py:3696} INFO - Setting next_dagrun for transaction_facts_generator to 2024-09-20T00:00:00+00:00, run_after=2024-09-21T00:00:00+00:00
[2024-09-20T09:45:01.343+0000] {processor.py:179} INFO - Processing /opt/airflow/dags/transaction_facts_generator.py took 0.138 seconds
[2024-09-20T09:45:31.762+0000] {processor.py:157} INFO - Started process (PID=5567) to work on /opt/airflow/dags/transaction_facts_generator.py
[2024-09-20T09:45:31.764+0000] {processor.py:829} INFO - Processing file /opt/airflow/dags/transaction_facts_generator.py for tasks to queue
[2024-09-20T09:45:31.766+0000] {logging_mixin.py:151} INFO - [2024-09-20T09:45:31.765+0000] {dagbag.py:539} INFO - Filling up the DagBag from /opt/airflow/dags/transaction_facts_generator.py
[2024-09-20T09:45:31.794+0000] {processor.py:839} INFO - DAG(s) dict_keys(['transaction_facts_generator']) retrieved from /opt/airflow/dags/transaction_facts_generator.py
[2024-09-20T09:45:31.834+0000] {logging_mixin.py:151} INFO - [2024-09-20T09:45:31.833+0000] {dag.py:2915} INFO - Sync 1 DAGs
[2024-09-20T09:45:31.853+0000] {logging_mixin.py:151} INFO - [2024-09-20T09:45:31.853+0000] {dag.py:3696} INFO - Setting next_dagrun for transaction_facts_generator to 2024-09-20T00:00:00+00:00, run_after=2024-09-21T00:00:00+00:00
[2024-09-20T09:45:31.868+0000] {processor.py:179} INFO - Processing /opt/airflow/dags/transaction_facts_generator.py took 0.113 seconds
[2024-09-20T09:46:02.408+0000] {processor.py:157} INFO - Started process (PID=5614) to work on /opt/airflow/dags/transaction_facts_generator.py
[2024-09-20T09:46:02.410+0000] {processor.py:829} INFO - Processing file /opt/airflow/dags/transaction_facts_generator.py for tasks to queue
[2024-09-20T09:46:02.412+0000] {logging_mixin.py:151} INFO - [2024-09-20T09:46:02.411+0000] {dagbag.py:539} INFO - Filling up the DagBag from /opt/airflow/dags/transaction_facts_generator.py
[2024-09-20T09:46:02.462+0000] {processor.py:839} INFO - DAG(s) dict_keys(['transaction_facts_generator']) retrieved from /opt/airflow/dags/transaction_facts_generator.py
[2024-09-20T09:46:02.519+0000] {logging_mixin.py:151} INFO - [2024-09-20T09:46:02.518+0000] {dag.py:2915} INFO - Sync 1 DAGs
[2024-09-20T09:46:02.549+0000] {logging_mixin.py:151} INFO - [2024-09-20T09:46:02.549+0000] {dag.py:3696} INFO - Setting next_dagrun for transaction_facts_generator to 2024-09-20T00:00:00+00:00, run_after=2024-09-21T00:00:00+00:00
[2024-09-20T09:46:02.573+0000] {processor.py:179} INFO - Processing /opt/airflow/dags/transaction_facts_generator.py took 0.176 seconds
[2024-09-20T09:46:32.722+0000] {processor.py:157} INFO - Started process (PID=5661) to work on /opt/airflow/dags/transaction_facts_generator.py
[2024-09-20T09:46:32.724+0000] {processor.py:829} INFO - Processing file /opt/airflow/dags/transaction_facts_generator.py for tasks to queue
[2024-09-20T09:46:32.727+0000] {logging_mixin.py:151} INFO - [2024-09-20T09:46:32.726+0000] {dagbag.py:539} INFO - Filling up the DagBag from /opt/airflow/dags/transaction_facts_generator.py
[2024-09-20T09:46:32.754+0000] {processor.py:839} INFO - DAG(s) dict_keys(['transaction_facts_generator']) retrieved from /opt/airflow/dags/transaction_facts_generator.py
[2024-09-20T09:46:32.811+0000] {logging_mixin.py:151} INFO - [2024-09-20T09:46:32.811+0000] {dag.py:2915} INFO - Sync 1 DAGs
[2024-09-20T09:46:32.830+0000] {logging_mixin.py:151} INFO - [2024-09-20T09:46:32.830+0000] {dag.py:3696} INFO - Setting next_dagrun for transaction_facts_generator to 2024-09-20T00:00:00+00:00, run_after=2024-09-21T00:00:00+00:00
[2024-09-20T09:46:32.846+0000] {processor.py:179} INFO - Processing /opt/airflow/dags/transaction_facts_generator.py took 0.153 seconds
[2024-09-20T09:47:03.481+0000] {processor.py:157} INFO - Started process (PID=5708) to work on /opt/airflow/dags/transaction_facts_generator.py
[2024-09-20T09:47:03.483+0000] {processor.py:829} INFO - Processing file /opt/airflow/dags/transaction_facts_generator.py for tasks to queue
[2024-09-20T09:47:03.485+0000] {logging_mixin.py:151} INFO - [2024-09-20T09:47:03.484+0000] {dagbag.py:539} INFO - Filling up the DagBag from /opt/airflow/dags/transaction_facts_generator.py
[2024-09-20T09:47:03.506+0000] {processor.py:839} INFO - DAG(s) dict_keys(['transaction_facts_generator']) retrieved from /opt/airflow/dags/transaction_facts_generator.py
[2024-09-20T09:47:03.562+0000] {logging_mixin.py:151} INFO - [2024-09-20T09:47:03.562+0000] {dag.py:2915} INFO - Sync 1 DAGs
[2024-09-20T09:47:03.580+0000] {logging_mixin.py:151} INFO - [2024-09-20T09:47:03.580+0000] {dag.py:3696} INFO - Setting next_dagrun for transaction_facts_generator to 2024-09-20T00:00:00+00:00, run_after=2024-09-21T00:00:00+00:00
[2024-09-20T09:47:03.600+0000] {processor.py:179} INFO - Processing /opt/airflow/dags/transaction_facts_generator.py took 0.135 seconds
[2024-09-20T09:47:34.559+0000] {processor.py:157} INFO - Started process (PID=5755) to work on /opt/airflow/dags/transaction_facts_generator.py
[2024-09-20T09:47:34.562+0000] {processor.py:829} INFO - Processing file /opt/airflow/dags/transaction_facts_generator.py for tasks to queue
[2024-09-20T09:47:34.563+0000] {logging_mixin.py:151} INFO - [2024-09-20T09:47:34.562+0000] {dagbag.py:539} INFO - Filling up the DagBag from /opt/airflow/dags/transaction_facts_generator.py
[2024-09-20T09:47:34.594+0000] {processor.py:839} INFO - DAG(s) dict_keys(['transaction_facts_generator']) retrieved from /opt/airflow/dags/transaction_facts_generator.py
[2024-09-20T09:47:34.627+0000] {logging_mixin.py:151} INFO - [2024-09-20T09:47:34.627+0000] {dag.py:2915} INFO - Sync 1 DAGs
[2024-09-20T09:47:34.646+0000] {logging_mixin.py:151} INFO - [2024-09-20T09:47:34.646+0000] {dag.py:3696} INFO - Setting next_dagrun for transaction_facts_generator to 2024-09-20T00:00:00+00:00, run_after=2024-09-21T00:00:00+00:00
[2024-09-20T09:47:34.660+0000] {processor.py:179} INFO - Processing /opt/airflow/dags/transaction_facts_generator.py took 0.109 seconds
[2024-09-20T09:48:05.055+0000] {processor.py:157} INFO - Started process (PID=5802) to work on /opt/airflow/dags/transaction_facts_generator.py
[2024-09-20T09:48:05.057+0000] {processor.py:829} INFO - Processing file /opt/airflow/dags/transaction_facts_generator.py for tasks to queue
[2024-09-20T09:48:05.059+0000] {logging_mixin.py:151} INFO - [2024-09-20T09:48:05.058+0000] {dagbag.py:539} INFO - Filling up the DagBag from /opt/airflow/dags/transaction_facts_generator.py
[2024-09-20T09:48:05.108+0000] {processor.py:839} INFO - DAG(s) dict_keys(['transaction_facts_generator']) retrieved from /opt/airflow/dags/transaction_facts_generator.py
[2024-09-20T09:48:05.160+0000] {logging_mixin.py:151} INFO - [2024-09-20T09:48:05.160+0000] {dag.py:2915} INFO - Sync 1 DAGs
[2024-09-20T09:48:05.178+0000] {logging_mixin.py:151} INFO - [2024-09-20T09:48:05.178+0000] {dag.py:3696} INFO - Setting next_dagrun for transaction_facts_generator to 2024-09-20T00:00:00+00:00, run_after=2024-09-21T00:00:00+00:00
[2024-09-20T09:48:05.194+0000] {processor.py:179} INFO - Processing /opt/airflow/dags/transaction_facts_generator.py took 0.146 seconds
[2024-09-20T09:48:35.581+0000] {processor.py:157} INFO - Started process (PID=5849) to work on /opt/airflow/dags/transaction_facts_generator.py
[2024-09-20T09:48:35.583+0000] {processor.py:829} INFO - Processing file /opt/airflow/dags/transaction_facts_generator.py for tasks to queue
[2024-09-20T09:48:35.584+0000] {logging_mixin.py:151} INFO - [2024-09-20T09:48:35.584+0000] {dagbag.py:539} INFO - Filling up the DagBag from /opt/airflow/dags/transaction_facts_generator.py
[2024-09-20T09:48:35.607+0000] {processor.py:839} INFO - DAG(s) dict_keys(['transaction_facts_generator']) retrieved from /opt/airflow/dags/transaction_facts_generator.py
[2024-09-20T09:48:35.658+0000] {logging_mixin.py:151} INFO - [2024-09-20T09:48:35.658+0000] {dag.py:2915} INFO - Sync 1 DAGs
[2024-09-20T09:48:35.675+0000] {logging_mixin.py:151} INFO - [2024-09-20T09:48:35.675+0000] {dag.py:3696} INFO - Setting next_dagrun for transaction_facts_generator to 2024-09-20T00:00:00+00:00, run_after=2024-09-21T00:00:00+00:00
[2024-09-20T09:48:35.699+0000] {processor.py:179} INFO - Processing /opt/airflow/dags/transaction_facts_generator.py took 0.127 seconds
[2024-09-20T09:49:06.212+0000] {processor.py:157} INFO - Started process (PID=5896) to work on /opt/airflow/dags/transaction_facts_generator.py
[2024-09-20T09:49:06.218+0000] {processor.py:829} INFO - Processing file /opt/airflow/dags/transaction_facts_generator.py for tasks to queue
[2024-09-20T09:49:06.219+0000] {logging_mixin.py:151} INFO - [2024-09-20T09:49:06.218+0000] {dagbag.py:539} INFO - Filling up the DagBag from /opt/airflow/dags/transaction_facts_generator.py
[2024-09-20T09:49:06.245+0000] {processor.py:839} INFO - DAG(s) dict_keys(['transaction_facts_generator']) retrieved from /opt/airflow/dags/transaction_facts_generator.py
[2024-09-20T09:49:06.295+0000] {logging_mixin.py:151} INFO - [2024-09-20T09:49:06.295+0000] {dag.py:2915} INFO - Sync 1 DAGs
[2024-09-20T09:49:06.314+0000] {logging_mixin.py:151} INFO - [2024-09-20T09:49:06.314+0000] {dag.py:3696} INFO - Setting next_dagrun for transaction_facts_generator to 2024-09-20T00:00:00+00:00, run_after=2024-09-21T00:00:00+00:00
[2024-09-20T09:49:06.329+0000] {processor.py:179} INFO - Processing /opt/airflow/dags/transaction_facts_generator.py took 0.138 seconds
[2024-09-20T09:49:36.744+0000] {processor.py:157} INFO - Started process (PID=5943) to work on /opt/airflow/dags/transaction_facts_generator.py
[2024-09-20T09:49:36.746+0000] {processor.py:829} INFO - Processing file /opt/airflow/dags/transaction_facts_generator.py for tasks to queue
[2024-09-20T09:49:36.748+0000] {logging_mixin.py:151} INFO - [2024-09-20T09:49:36.748+0000] {dagbag.py:539} INFO - Filling up the DagBag from /opt/airflow/dags/transaction_facts_generator.py
[2024-09-20T09:49:36.773+0000] {processor.py:839} INFO - DAG(s) dict_keys(['transaction_facts_generator']) retrieved from /opt/airflow/dags/transaction_facts_generator.py
[2024-09-20T09:49:36.835+0000] {logging_mixin.py:151} INFO - [2024-09-20T09:49:36.834+0000] {dag.py:2915} INFO - Sync 1 DAGs
[2024-09-20T09:49:36.854+0000] {logging_mixin.py:151} INFO - [2024-09-20T09:49:36.854+0000] {dag.py:3696} INFO - Setting next_dagrun for transaction_facts_generator to 2024-09-20T00:00:00+00:00, run_after=2024-09-21T00:00:00+00:00
[2024-09-20T09:49:36.876+0000] {processor.py:179} INFO - Processing /opt/airflow/dags/transaction_facts_generator.py took 0.140 seconds
[2024-09-20T09:50:07.046+0000] {processor.py:157} INFO - Started process (PID=5990) to work on /opt/airflow/dags/transaction_facts_generator.py
[2024-09-20T09:50:07.051+0000] {processor.py:829} INFO - Processing file /opt/airflow/dags/transaction_facts_generator.py for tasks to queue
[2024-09-20T09:50:07.055+0000] {logging_mixin.py:151} INFO - [2024-09-20T09:50:07.054+0000] {dagbag.py:539} INFO - Filling up the DagBag from /opt/airflow/dags/transaction_facts_generator.py
[2024-09-20T09:50:07.076+0000] {processor.py:839} INFO - DAG(s) dict_keys(['transaction_facts_generator']) retrieved from /opt/airflow/dags/transaction_facts_generator.py
[2024-09-20T09:50:07.123+0000] {logging_mixin.py:151} INFO - [2024-09-20T09:50:07.123+0000] {dag.py:2915} INFO - Sync 1 DAGs
[2024-09-20T09:50:07.162+0000] {logging_mixin.py:151} INFO - [2024-09-20T09:50:07.161+0000] {dag.py:3696} INFO - Setting next_dagrun for transaction_facts_generator to 2024-09-20T00:00:00+00:00, run_after=2024-09-21T00:00:00+00:00
[2024-09-20T09:50:07.183+0000] {processor.py:179} INFO - Processing /opt/airflow/dags/transaction_facts_generator.py took 0.156 seconds
[2024-09-20T09:50:37.298+0000] {processor.py:157} INFO - Started process (PID=6037) to work on /opt/airflow/dags/transaction_facts_generator.py
[2024-09-20T09:50:37.300+0000] {processor.py:829} INFO - Processing file /opt/airflow/dags/transaction_facts_generator.py for tasks to queue
[2024-09-20T09:50:37.301+0000] {logging_mixin.py:151} INFO - [2024-09-20T09:50:37.301+0000] {dagbag.py:539} INFO - Filling up the DagBag from /opt/airflow/dags/transaction_facts_generator.py
[2024-09-20T09:50:37.323+0000] {processor.py:839} INFO - DAG(s) dict_keys(['transaction_facts_generator']) retrieved from /opt/airflow/dags/transaction_facts_generator.py
[2024-09-20T09:50:37.372+0000] {logging_mixin.py:151} INFO - [2024-09-20T09:50:37.372+0000] {dag.py:2915} INFO - Sync 1 DAGs
[2024-09-20T09:50:37.393+0000] {logging_mixin.py:151} INFO - [2024-09-20T09:50:37.392+0000] {dag.py:3696} INFO - Setting next_dagrun for transaction_facts_generator to 2024-09-20T00:00:00+00:00, run_after=2024-09-21T00:00:00+00:00
[2024-09-20T09:50:37.411+0000] {processor.py:179} INFO - Processing /opt/airflow/dags/transaction_facts_generator.py took 0.121 seconds
[2024-09-20T09:51:07.716+0000] {processor.py:157} INFO - Started process (PID=6084) to work on /opt/airflow/dags/transaction_facts_generator.py
[2024-09-20T09:51:07.717+0000] {processor.py:829} INFO - Processing file /opt/airflow/dags/transaction_facts_generator.py for tasks to queue
[2024-09-20T09:51:07.718+0000] {logging_mixin.py:151} INFO - [2024-09-20T09:51:07.718+0000] {dagbag.py:539} INFO - Filling up the DagBag from /opt/airflow/dags/transaction_facts_generator.py
[2024-09-20T09:51:07.745+0000] {processor.py:839} INFO - DAG(s) dict_keys(['transaction_facts_generator']) retrieved from /opt/airflow/dags/transaction_facts_generator.py
[2024-09-20T09:51:07.782+0000] {logging_mixin.py:151} INFO - [2024-09-20T09:51:07.782+0000] {dag.py:2915} INFO - Sync 1 DAGs
[2024-09-20T09:51:07.800+0000] {logging_mixin.py:151} INFO - [2024-09-20T09:51:07.800+0000] {dag.py:3696} INFO - Setting next_dagrun for transaction_facts_generator to 2024-09-20T00:00:00+00:00, run_after=2024-09-21T00:00:00+00:00
[2024-09-20T09:51:07.814+0000] {processor.py:179} INFO - Processing /opt/airflow/dags/transaction_facts_generator.py took 0.106 seconds
[2024-09-20T09:51:38.268+0000] {processor.py:157} INFO - Started process (PID=6131) to work on /opt/airflow/dags/transaction_facts_generator.py
[2024-09-20T09:51:38.271+0000] {processor.py:829} INFO - Processing file /opt/airflow/dags/transaction_facts_generator.py for tasks to queue
[2024-09-20T09:51:38.273+0000] {logging_mixin.py:151} INFO - [2024-09-20T09:51:38.273+0000] {dagbag.py:539} INFO - Filling up the DagBag from /opt/airflow/dags/transaction_facts_generator.py
[2024-09-20T09:51:38.323+0000] {processor.py:839} INFO - DAG(s) dict_keys(['transaction_facts_generator']) retrieved from /opt/airflow/dags/transaction_facts_generator.py
[2024-09-20T09:51:38.381+0000] {logging_mixin.py:151} INFO - [2024-09-20T09:51:38.381+0000] {dag.py:2915} INFO - Sync 1 DAGs
[2024-09-20T09:51:38.399+0000] {logging_mixin.py:151} INFO - [2024-09-20T09:51:38.399+0000] {dag.py:3696} INFO - Setting next_dagrun for transaction_facts_generator to 2024-09-20T00:00:00+00:00, run_after=2024-09-21T00:00:00+00:00
[2024-09-20T09:51:38.417+0000] {processor.py:179} INFO - Processing /opt/airflow/dags/transaction_facts_generator.py took 0.166 seconds
[2024-09-20T09:52:08.651+0000] {processor.py:157} INFO - Started process (PID=6178) to work on /opt/airflow/dags/transaction_facts_generator.py
[2024-09-20T09:52:08.653+0000] {processor.py:829} INFO - Processing file /opt/airflow/dags/transaction_facts_generator.py for tasks to queue
[2024-09-20T09:52:08.654+0000] {logging_mixin.py:151} INFO - [2024-09-20T09:52:08.653+0000] {dagbag.py:539} INFO - Filling up the DagBag from /opt/airflow/dags/transaction_facts_generator.py
[2024-09-20T09:52:08.692+0000] {processor.py:839} INFO - DAG(s) dict_keys(['transaction_facts_generator']) retrieved from /opt/airflow/dags/transaction_facts_generator.py
[2024-09-20T09:52:08.737+0000] {logging_mixin.py:151} INFO - [2024-09-20T09:52:08.737+0000] {dag.py:2915} INFO - Sync 1 DAGs
[2024-09-20T09:52:08.761+0000] {logging_mixin.py:151} INFO - [2024-09-20T09:52:08.761+0000] {dag.py:3696} INFO - Setting next_dagrun for transaction_facts_generator to 2024-09-20T00:00:00+00:00, run_after=2024-09-21T00:00:00+00:00
[2024-09-20T09:52:08.778+0000] {processor.py:179} INFO - Processing /opt/airflow/dags/transaction_facts_generator.py took 0.137 seconds
[2024-09-20T09:52:39.612+0000] {processor.py:157} INFO - Started process (PID=6231) to work on /opt/airflow/dags/transaction_facts_generator.py
[2024-09-20T09:52:39.615+0000] {processor.py:829} INFO - Processing file /opt/airflow/dags/transaction_facts_generator.py for tasks to queue
[2024-09-20T09:52:39.616+0000] {logging_mixin.py:151} INFO - [2024-09-20T09:52:39.616+0000] {dagbag.py:539} INFO - Filling up the DagBag from /opt/airflow/dags/transaction_facts_generator.py
[2024-09-20T09:52:39.635+0000] {processor.py:839} INFO - DAG(s) dict_keys(['transaction_facts_generator']) retrieved from /opt/airflow/dags/transaction_facts_generator.py
[2024-09-20T09:52:39.678+0000] {logging_mixin.py:151} INFO - [2024-09-20T09:52:39.678+0000] {dag.py:2915} INFO - Sync 1 DAGs
[2024-09-20T09:52:39.693+0000] {logging_mixin.py:151} INFO - [2024-09-20T09:52:39.693+0000] {dag.py:3696} INFO - Setting next_dagrun for transaction_facts_generator to 2024-09-20T00:00:00+00:00, run_after=2024-09-21T00:00:00+00:00
[2024-09-20T09:52:39.708+0000] {processor.py:179} INFO - Processing /opt/airflow/dags/transaction_facts_generator.py took 0.102 seconds
[2024-09-20T09:53:10.000+0000] {processor.py:157} INFO - Started process (PID=6278) to work on /opt/airflow/dags/transaction_facts_generator.py
[2024-09-20T09:53:10.001+0000] {processor.py:829} INFO - Processing file /opt/airflow/dags/transaction_facts_generator.py for tasks to queue
[2024-09-20T09:53:10.003+0000] {logging_mixin.py:151} INFO - [2024-09-20T09:53:10.003+0000] {dagbag.py:539} INFO - Filling up the DagBag from /opt/airflow/dags/transaction_facts_generator.py
[2024-09-20T09:53:10.021+0000] {processor.py:839} INFO - DAG(s) dict_keys(['transaction_facts_generator']) retrieved from /opt/airflow/dags/transaction_facts_generator.py
[2024-09-20T09:53:10.070+0000] {logging_mixin.py:151} INFO - [2024-09-20T09:53:10.070+0000] {dag.py:2915} INFO - Sync 1 DAGs
[2024-09-20T09:53:10.086+0000] {logging_mixin.py:151} INFO - [2024-09-20T09:53:10.086+0000] {dag.py:3696} INFO - Setting next_dagrun for transaction_facts_generator to 2024-09-20T00:00:00+00:00, run_after=2024-09-21T00:00:00+00:00
[2024-09-20T09:53:10.102+0000] {processor.py:179} INFO - Processing /opt/airflow/dags/transaction_facts_generator.py took 0.111 seconds
[2024-09-20T09:53:40.727+0000] {processor.py:157} INFO - Started process (PID=6325) to work on /opt/airflow/dags/transaction_facts_generator.py
[2024-09-20T09:53:40.734+0000] {processor.py:829} INFO - Processing file /opt/airflow/dags/transaction_facts_generator.py for tasks to queue
[2024-09-20T09:53:40.740+0000] {logging_mixin.py:151} INFO - [2024-09-20T09:53:40.739+0000] {dagbag.py:539} INFO - Filling up the DagBag from /opt/airflow/dags/transaction_facts_generator.py
[2024-09-20T09:53:40.760+0000] {processor.py:839} INFO - DAG(s) dict_keys(['transaction_facts_generator']) retrieved from /opt/airflow/dags/transaction_facts_generator.py
[2024-09-20T09:53:40.809+0000] {logging_mixin.py:151} INFO - [2024-09-20T09:53:40.809+0000] {dag.py:2915} INFO - Sync 1 DAGs
[2024-09-20T09:53:40.827+0000] {logging_mixin.py:151} INFO - [2024-09-20T09:53:40.827+0000] {dag.py:3696} INFO - Setting next_dagrun for transaction_facts_generator to 2024-09-20T00:00:00+00:00, run_after=2024-09-21T00:00:00+00:00
[2024-09-20T09:53:40.841+0000] {processor.py:179} INFO - Processing /opt/airflow/dags/transaction_facts_generator.py took 0.139 seconds
[2024-09-20T09:54:11.238+0000] {processor.py:157} INFO - Started process (PID=6372) to work on /opt/airflow/dags/transaction_facts_generator.py
[2024-09-20T09:54:11.240+0000] {processor.py:829} INFO - Processing file /opt/airflow/dags/transaction_facts_generator.py for tasks to queue
[2024-09-20T09:54:11.250+0000] {logging_mixin.py:151} INFO - [2024-09-20T09:54:11.245+0000] {dagbag.py:539} INFO - Filling up the DagBag from /opt/airflow/dags/transaction_facts_generator.py
[2024-09-20T09:54:11.281+0000] {processor.py:839} INFO - DAG(s) dict_keys(['transaction_facts_generator']) retrieved from /opt/airflow/dags/transaction_facts_generator.py
[2024-09-20T09:54:11.322+0000] {logging_mixin.py:151} INFO - [2024-09-20T09:54:11.322+0000] {dag.py:2915} INFO - Sync 1 DAGs
[2024-09-20T09:54:11.347+0000] {logging_mixin.py:151} INFO - [2024-09-20T09:54:11.347+0000] {dag.py:3696} INFO - Setting next_dagrun for transaction_facts_generator to 2024-09-20T00:00:00+00:00, run_after=2024-09-21T00:00:00+00:00
[2024-09-20T09:54:11.362+0000] {processor.py:179} INFO - Processing /opt/airflow/dags/transaction_facts_generator.py took 0.135 seconds
[2024-09-20T09:54:41.608+0000] {processor.py:157} INFO - Started process (PID=6419) to work on /opt/airflow/dags/transaction_facts_generator.py
[2024-09-20T09:54:41.609+0000] {processor.py:829} INFO - Processing file /opt/airflow/dags/transaction_facts_generator.py for tasks to queue
[2024-09-20T09:54:41.611+0000] {logging_mixin.py:151} INFO - [2024-09-20T09:54:41.610+0000] {dagbag.py:539} INFO - Filling up the DagBag from /opt/airflow/dags/transaction_facts_generator.py
[2024-09-20T09:54:41.649+0000] {processor.py:839} INFO - DAG(s) dict_keys(['transaction_facts_generator']) retrieved from /opt/airflow/dags/transaction_facts_generator.py
[2024-09-20T09:54:41.693+0000] {logging_mixin.py:151} INFO - [2024-09-20T09:54:41.693+0000] {dag.py:2915} INFO - Sync 1 DAGs
[2024-09-20T09:54:41.710+0000] {logging_mixin.py:151} INFO - [2024-09-20T09:54:41.710+0000] {dag.py:3696} INFO - Setting next_dagrun for transaction_facts_generator to 2024-09-20T00:00:00+00:00, run_after=2024-09-21T00:00:00+00:00
[2024-09-20T09:54:41.724+0000] {processor.py:179} INFO - Processing /opt/airflow/dags/transaction_facts_generator.py took 0.126 seconds
[2024-09-20T09:55:12.800+0000] {processor.py:157} INFO - Started process (PID=6466) to work on /opt/airflow/dags/transaction_facts_generator.py
[2024-09-20T09:55:12.806+0000] {processor.py:829} INFO - Processing file /opt/airflow/dags/transaction_facts_generator.py for tasks to queue
[2024-09-20T09:55:12.809+0000] {logging_mixin.py:151} INFO - [2024-09-20T09:55:12.808+0000] {dagbag.py:539} INFO - Filling up the DagBag from /opt/airflow/dags/transaction_facts_generator.py
[2024-09-20T09:55:12.829+0000] {processor.py:839} INFO - DAG(s) dict_keys(['transaction_facts_generator']) retrieved from /opt/airflow/dags/transaction_facts_generator.py
[2024-09-20T09:55:12.881+0000] {logging_mixin.py:151} INFO - [2024-09-20T09:55:12.881+0000] {dag.py:2915} INFO - Sync 1 DAGs
[2024-09-20T09:55:12.899+0000] {logging_mixin.py:151} INFO - [2024-09-20T09:55:12.899+0000] {dag.py:3696} INFO - Setting next_dagrun for transaction_facts_generator to 2024-09-20T00:00:00+00:00, run_after=2024-09-21T00:00:00+00:00
[2024-09-20T09:55:12.914+0000] {processor.py:179} INFO - Processing /opt/airflow/dags/transaction_facts_generator.py took 0.140 seconds
[2024-09-20T09:55:43.620+0000] {processor.py:157} INFO - Started process (PID=6513) to work on /opt/airflow/dags/transaction_facts_generator.py
[2024-09-20T09:55:43.622+0000] {processor.py:829} INFO - Processing file /opt/airflow/dags/transaction_facts_generator.py for tasks to queue
[2024-09-20T09:55:43.624+0000] {logging_mixin.py:151} INFO - [2024-09-20T09:55:43.623+0000] {dagbag.py:539} INFO - Filling up the DagBag from /opt/airflow/dags/transaction_facts_generator.py
[2024-09-20T09:55:43.692+0000] {processor.py:839} INFO - DAG(s) dict_keys(['transaction_facts_generator']) retrieved from /opt/airflow/dags/transaction_facts_generator.py
[2024-09-20T09:55:43.739+0000] {logging_mixin.py:151} INFO - [2024-09-20T09:55:43.739+0000] {dag.py:2915} INFO - Sync 1 DAGs
[2024-09-20T09:55:43.759+0000] {logging_mixin.py:151} INFO - [2024-09-20T09:55:43.759+0000] {dag.py:3696} INFO - Setting next_dagrun for transaction_facts_generator to 2024-09-20T00:00:00+00:00, run_after=2024-09-21T00:00:00+00:00
[2024-09-20T09:55:43.780+0000] {processor.py:179} INFO - Processing /opt/airflow/dags/transaction_facts_generator.py took 0.171 seconds
[2024-09-20T10:19:55.871+0000] {processor.py:157} INFO - Started process (PID=6554) to work on /opt/airflow/dags/transaction_facts_generator.py
[2024-09-20T10:19:55.875+0000] {processor.py:829} INFO - Processing file /opt/airflow/dags/transaction_facts_generator.py for tasks to queue
[2024-09-20T10:19:55.877+0000] {logging_mixin.py:151} INFO - [2024-09-20T10:19:55.877+0000] {dagbag.py:539} INFO - Filling up the DagBag from /opt/airflow/dags/transaction_facts_generator.py
[2024-09-20T10:19:55.933+0000] {processor.py:839} INFO - DAG(s) dict_keys(['transaction_facts_generator']) retrieved from /opt/airflow/dags/transaction_facts_generator.py
[2024-09-20T10:19:55.996+0000] {logging_mixin.py:151} INFO - [2024-09-20T10:19:55.996+0000] {dag.py:2915} INFO - Sync 1 DAGs
[2024-09-20T10:19:56.037+0000] {logging_mixin.py:151} INFO - [2024-09-20T10:19:56.037+0000] {dag.py:3696} INFO - Setting next_dagrun for transaction_facts_generator to 2024-09-20T00:00:00+00:00, run_after=2024-09-21T00:00:00+00:00
[2024-09-20T10:19:56.059+0000] {processor.py:179} INFO - Processing /opt/airflow/dags/transaction_facts_generator.py took 0.203 seconds
[2024-09-20T11:11:23.008+0000] {processor.py:157} INFO - Started process (PID=6590) to work on /opt/airflow/dags/transaction_facts_generator.py
[2024-09-20T11:11:23.011+0000] {processor.py:829} INFO - Processing file /opt/airflow/dags/transaction_facts_generator.py for tasks to queue
[2024-09-20T11:11:23.014+0000] {logging_mixin.py:151} INFO - [2024-09-20T11:11:23.013+0000] {dagbag.py:539} INFO - Filling up the DagBag from /opt/airflow/dags/transaction_facts_generator.py
[2024-09-20T11:11:23.075+0000] {processor.py:839} INFO - DAG(s) dict_keys(['transaction_facts_generator']) retrieved from /opt/airflow/dags/transaction_facts_generator.py
[2024-09-20T11:11:23.162+0000] {logging_mixin.py:151} INFO - [2024-09-20T11:11:23.162+0000] {dag.py:2915} INFO - Sync 1 DAGs
[2024-09-20T11:11:23.211+0000] {logging_mixin.py:151} INFO - [2024-09-20T11:11:23.210+0000] {dag.py:3696} INFO - Setting next_dagrun for transaction_facts_generator to 2024-09-20T00:00:00+00:00, run_after=2024-09-21T00:00:00+00:00
[2024-09-20T11:11:23.274+0000] {processor.py:179} INFO - Processing /opt/airflow/dags/transaction_facts_generator.py took 0.327 seconds
[2024-09-20T11:52:09.551+0000] {processor.py:157} INFO - Started process (PID=6637) to work on /opt/airflow/dags/transaction_facts_generator.py
[2024-09-20T11:52:09.553+0000] {processor.py:829} INFO - Processing file /opt/airflow/dags/transaction_facts_generator.py for tasks to queue
[2024-09-20T11:52:09.554+0000] {logging_mixin.py:151} INFO - [2024-09-20T11:52:09.554+0000] {dagbag.py:539} INFO - Filling up the DagBag from /opt/airflow/dags/transaction_facts_generator.py
[2024-09-20T11:52:09.589+0000] {processor.py:839} INFO - DAG(s) dict_keys(['transaction_facts_generator']) retrieved from /opt/airflow/dags/transaction_facts_generator.py
[2024-09-20T11:52:09.644+0000] {logging_mixin.py:151} INFO - [2024-09-20T11:52:09.644+0000] {dag.py:2915} INFO - Sync 1 DAGs
[2024-09-20T11:52:09.684+0000] {logging_mixin.py:151} INFO - [2024-09-20T11:52:09.684+0000] {dag.py:3696} INFO - Setting next_dagrun for transaction_facts_generator to 2024-09-20T00:00:00+00:00, run_after=2024-09-21T00:00:00+00:00
[2024-09-20T11:52:09.712+0000] {processor.py:179} INFO - Processing /opt/airflow/dags/transaction_facts_generator.py took 0.168 seconds
[2024-09-20T12:13:21.461+0000] {processor.py:157} INFO - Started process (PID=6684) to work on /opt/airflow/dags/transaction_facts_generator.py
[2024-09-20T12:13:21.466+0000] {processor.py:829} INFO - Processing file /opt/airflow/dags/transaction_facts_generator.py for tasks to queue
[2024-09-20T12:13:21.473+0000] {logging_mixin.py:151} INFO - [2024-09-20T12:13:21.469+0000] {dagbag.py:539} INFO - Filling up the DagBag from /opt/airflow/dags/transaction_facts_generator.py
[2024-09-20T12:13:21.561+0000] {processor.py:839} INFO - DAG(s) dict_keys(['transaction_facts_generator']) retrieved from /opt/airflow/dags/transaction_facts_generator.py
[2024-09-20T12:13:21.771+0000] {logging_mixin.py:151} INFO - [2024-09-20T12:13:21.766+0000] {dag.py:2915} INFO - Sync 1 DAGs
[2024-09-20T12:13:21.960+0000] {logging_mixin.py:151} INFO - [2024-09-20T12:13:21.957+0000] {dag.py:3696} INFO - Setting next_dagrun for transaction_facts_generator to 2024-09-20T00:00:00+00:00, run_after=2024-09-21T00:00:00+00:00
[2024-09-20T12:13:22.047+0000] {processor.py:179} INFO - Processing /opt/airflow/dags/transaction_facts_generator.py took 0.600 seconds
[2024-09-20T12:47:45.763+0000] {processor.py:157} INFO - Started process (PID=6731) to work on /opt/airflow/dags/transaction_facts_generator.py
[2024-09-20T12:47:45.765+0000] {processor.py:829} INFO - Processing file /opt/airflow/dags/transaction_facts_generator.py for tasks to queue
[2024-09-20T12:47:45.767+0000] {logging_mixin.py:151} INFO - [2024-09-20T12:47:45.766+0000] {dagbag.py:539} INFO - Filling up the DagBag from /opt/airflow/dags/transaction_facts_generator.py
[2024-09-20T12:47:45.801+0000] {processor.py:839} INFO - DAG(s) dict_keys(['transaction_facts_generator']) retrieved from /opt/airflow/dags/transaction_facts_generator.py
[2024-09-20T12:47:45.860+0000] {logging_mixin.py:151} INFO - [2024-09-20T12:47:45.859+0000] {dag.py:2915} INFO - Sync 1 DAGs
[2024-09-20T12:47:45.890+0000] {logging_mixin.py:151} INFO - [2024-09-20T12:47:45.890+0000] {dag.py:3696} INFO - Setting next_dagrun for transaction_facts_generator to 2024-09-20T00:00:00+00:00, run_after=2024-09-21T00:00:00+00:00
[2024-09-20T12:47:45.910+0000] {processor.py:179} INFO - Processing /opt/airflow/dags/transaction_facts_generator.py took 0.164 seconds
[2024-09-20T13:24:24.869+0000] {processor.py:157} INFO - Started process (PID=6780) to work on /opt/airflow/dags/transaction_facts_generator.py
[2024-09-20T13:24:24.871+0000] {processor.py:829} INFO - Processing file /opt/airflow/dags/transaction_facts_generator.py for tasks to queue
[2024-09-20T13:24:24.873+0000] {logging_mixin.py:151} INFO - [2024-09-20T13:24:24.872+0000] {dagbag.py:539} INFO - Filling up the DagBag from /opt/airflow/dags/transaction_facts_generator.py
[2024-09-20T13:24:24.909+0000] {processor.py:839} INFO - DAG(s) dict_keys(['transaction_facts_generator']) retrieved from /opt/airflow/dags/transaction_facts_generator.py
[2024-09-20T13:24:24.948+0000] {logging_mixin.py:151} INFO - [2024-09-20T13:24:24.947+0000] {dag.py:2915} INFO - Sync 1 DAGs
[2024-09-20T13:24:24.980+0000] {logging_mixin.py:151} INFO - [2024-09-20T13:24:24.980+0000] {dag.py:3696} INFO - Setting next_dagrun for transaction_facts_generator to 2024-09-20T00:00:00+00:00, run_after=2024-09-21T00:00:00+00:00
[2024-09-20T13:24:24.999+0000] {processor.py:179} INFO - Processing /opt/airflow/dags/transaction_facts_generator.py took 0.138 seconds
[2024-09-20T13:24:55.731+0000] {processor.py:157} INFO - Started process (PID=6827) to work on /opt/airflow/dags/transaction_facts_generator.py
[2024-09-20T13:24:55.733+0000] {processor.py:829} INFO - Processing file /opt/airflow/dags/transaction_facts_generator.py for tasks to queue
[2024-09-20T13:24:55.735+0000] {logging_mixin.py:151} INFO - [2024-09-20T13:24:55.734+0000] {dagbag.py:539} INFO - Filling up the DagBag from /opt/airflow/dags/transaction_facts_generator.py
[2024-09-20T13:24:55.766+0000] {processor.py:839} INFO - DAG(s) dict_keys(['transaction_facts_generator']) retrieved from /opt/airflow/dags/transaction_facts_generator.py
[2024-09-20T13:24:55.821+0000] {logging_mixin.py:151} INFO - [2024-09-20T13:24:55.821+0000] {dag.py:2915} INFO - Sync 1 DAGs
[2024-09-20T13:24:55.855+0000] {logging_mixin.py:151} INFO - [2024-09-20T13:24:55.855+0000] {dag.py:3696} INFO - Setting next_dagrun for transaction_facts_generator to 2024-09-20T00:00:00+00:00, run_after=2024-09-21T00:00:00+00:00
[2024-09-20T13:24:55.869+0000] {processor.py:179} INFO - Processing /opt/airflow/dags/transaction_facts_generator.py took 0.146 seconds
[2024-09-20T13:25:26.182+0000] {processor.py:157} INFO - Started process (PID=6874) to work on /opt/airflow/dags/transaction_facts_generator.py
[2024-09-20T13:25:26.188+0000] {processor.py:829} INFO - Processing file /opt/airflow/dags/transaction_facts_generator.py for tasks to queue
[2024-09-20T13:25:26.190+0000] {logging_mixin.py:151} INFO - [2024-09-20T13:25:26.190+0000] {dagbag.py:539} INFO - Filling up the DagBag from /opt/airflow/dags/transaction_facts_generator.py
[2024-09-20T13:25:26.216+0000] {processor.py:839} INFO - DAG(s) dict_keys(['transaction_facts_generator']) retrieved from /opt/airflow/dags/transaction_facts_generator.py
[2024-09-20T13:25:26.281+0000] {logging_mixin.py:151} INFO - [2024-09-20T13:25:26.281+0000] {dag.py:2915} INFO - Sync 1 DAGs
[2024-09-20T13:25:26.304+0000] {logging_mixin.py:151} INFO - [2024-09-20T13:25:26.304+0000] {dag.py:3696} INFO - Setting next_dagrun for transaction_facts_generator to 2024-09-20T00:00:00+00:00, run_after=2024-09-21T00:00:00+00:00
[2024-09-20T13:25:26.328+0000] {processor.py:179} INFO - Processing /opt/airflow/dags/transaction_facts_generator.py took 0.171 seconds
[2024-09-20T13:49:49.235+0000] {processor.py:157} INFO - Started process (PID=6922) to work on /opt/airflow/dags/transaction_facts_generator.py
[2024-09-20T13:49:49.239+0000] {processor.py:829} INFO - Processing file /opt/airflow/dags/transaction_facts_generator.py for tasks to queue
[2024-09-20T13:49:49.246+0000] {logging_mixin.py:151} INFO - [2024-09-20T13:49:49.243+0000] {dagbag.py:539} INFO - Filling up the DagBag from /opt/airflow/dags/transaction_facts_generator.py
[2024-09-20T13:49:49.345+0000] {processor.py:839} INFO - DAG(s) dict_keys(['transaction_facts_generator']) retrieved from /opt/airflow/dags/transaction_facts_generator.py
[2024-09-20T13:49:49.537+0000] {logging_mixin.py:151} INFO - [2024-09-20T13:49:49.530+0000] {dag.py:2915} INFO - Sync 1 DAGs
[2024-09-20T13:49:49.605+0000] {logging_mixin.py:151} INFO - [2024-09-20T13:49:49.605+0000] {dag.py:3696} INFO - Setting next_dagrun for transaction_facts_generator to 2024-09-20T00:00:00+00:00, run_after=2024-09-21T00:00:00+00:00
[2024-09-20T13:49:49.671+0000] {processor.py:179} INFO - Processing /opt/airflow/dags/transaction_facts_generator.py took 0.473 seconds
[2024-09-20T13:55:41.798+0000] {processor.py:157} INFO - Started process (PID=6969) to work on /opt/airflow/dags/transaction_facts_generator.py
[2024-09-20T13:55:41.800+0000] {processor.py:829} INFO - Processing file /opt/airflow/dags/transaction_facts_generator.py for tasks to queue
[2024-09-20T13:55:41.802+0000] {logging_mixin.py:151} INFO - [2024-09-20T13:55:41.801+0000] {dagbag.py:539} INFO - Filling up the DagBag from /opt/airflow/dags/transaction_facts_generator.py
[2024-09-20T13:55:41.832+0000] {processor.py:839} INFO - DAG(s) dict_keys(['transaction_facts_generator']) retrieved from /opt/airflow/dags/transaction_facts_generator.py
[2024-09-20T13:55:41.882+0000] {logging_mixin.py:151} INFO - [2024-09-20T13:55:41.882+0000] {dag.py:2915} INFO - Sync 1 DAGs
[2024-09-20T13:55:41.916+0000] {logging_mixin.py:151} INFO - [2024-09-20T13:55:41.916+0000] {dag.py:3696} INFO - Setting next_dagrun for transaction_facts_generator to 2024-09-20T00:00:00+00:00, run_after=2024-09-21T00:00:00+00:00
[2024-09-20T13:55:41.942+0000] {processor.py:179} INFO - Processing /opt/airflow/dags/transaction_facts_generator.py took 0.154 seconds
