[2024-09-19T18:56:04.725+0000] {taskinstance.py:1157} INFO - Dependencies all met for dep_context=non-requeueable deps ti=<TaskInstance: dimension_batch_ingestion.ingest_customer_dim manual__2024-09-19T18:55:59.606453+00:00 [queued]>
[2024-09-19T18:56:04.778+0000] {taskinstance.py:1157} INFO - Dependencies all met for dep_context=requeueable deps ti=<TaskInstance: dimension_batch_ingestion.ingest_customer_dim manual__2024-09-19T18:55:59.606453+00:00 [queued]>
[2024-09-19T18:56:04.779+0000] {taskinstance.py:1359} INFO - Starting attempt 1 of 1
[2024-09-19T18:56:04.837+0000] {taskinstance.py:1380} INFO - Executing <Task(BashOperator): ingest_customer_dim> on 2024-09-19 18:55:59.606453+00:00
[2024-09-19T18:56:04.877+0000] {standard_task_runner.py:57} INFO - Started process 290 to run task
[2024-09-19T18:56:04.906+0000] {standard_task_runner.py:84} INFO - Running: ['***', 'tasks', 'run', 'dimension_batch_ingestion', 'ingest_customer_dim', 'manual__2024-09-19T18:55:59.606453+00:00', '--job-id', '62', '--raw', '--subdir', 'DAGS_FOLDER/loader_dag.py', '--cfg-path', '/tmp/tmpp2jitfnm']
[2024-09-19T18:56:04.925+0000] {standard_task_runner.py:85} INFO - Job 62: Subtask ingest_customer_dim
[2024-09-19T18:56:05.496+0000] {task_command.py:415} INFO - Running <TaskInstance: dimension_batch_ingestion.ingest_customer_dim manual__2024-09-19T18:55:59.606453+00:00 [running]> on host 48913e9acee9
[2024-09-19T18:56:05.999+0000] {taskinstance.py:1660} INFO - Exporting env vars: AIRFLOW_CTX_DAG_OWNER='codewithyu' AIRFLOW_CTX_DAG_ID='dimension_batch_ingestion' AIRFLOW_CTX_TASK_ID='ingest_customer_dim' AIRFLOW_CTX_EXECUTION_DATE='2024-09-19T18:55:59.606453+00:00' AIRFLOW_CTX_TRY_NUMBER='1' AIRFLOW_CTX_DAG_RUN_ID='manual__2024-09-19T18:55:59.606453+00:00'
[2024-09-19T18:56:06.042+0000] {subprocess.py:63} INFO - Tmp dir root location: /tmp
[2024-09-19T18:56:06.053+0000] {subprocess.py:75} INFO - Running command: ['/bin/bash', '-c', 'curl -X POST -F file=@/opt/***/customer_dim_large_data.csv -H "Content-Type: multipart/form-data" "http://pinot-controller:9000/ingestFromFile?tableNameWithType=customer_dim_OFFLINE&batchConfigMapStr=%7B%22inputFormat%22%3A%22csv%22%2C%22recordReader.prop.delimiter%22%3A%22%2C%22%7D"']
[2024-09-19T18:56:06.196+0000] {subprocess.py:86} INFO - Output:
[2024-09-19T18:56:06.607+0000] {subprocess.py:93} INFO -   % Total    % Received % Xferd  Average Speed   Time    Time     Time  Current
[2024-09-19T18:56:06.615+0000] {subprocess.py:93} INFO -                                  Dload  Upload   Total   Spent    Left  Speed
[2024-09-19T18:56:19.789+0000] {subprocess.py:93} INFO -   0     0    0     0    0     0      0      0 --:--:-- --:--:-- --:--:--     0100  8465    0     0  100  8465      0   6932  0:00:01  0:00:01 --:--:--  6949100  8465    0     0  100  8465      0   3809  0:00:02  0:00:02 --:--:--  3813100  8465    0     0  100  8465      0   2623  0:00:03  0:00:03 --:--:--  2625100  8465    0     0  100  8465      0   1999  0:00:04  0:00:04 --:--:--  2000100  8465    0     0  100  8465      0   1616  0:00:05  0:00:05 --:--:--  1617100  8465    0     0  100  8465      0   1356  0:00:06  0:00:06 --:--:--     0100  8465    0     0  100  8465      0   1166  0:00:07  0:00:07 --:--:--     0100  8465    0     0  100  8465      0   1024  0:00:08  0:00:08 --:--:--     0100  8465    0     0  100  8465      0    913  0:00:09  0:00:09 --:--:--     0100  8465    0     0  100  8465      0    824  0:00:10  0:00:10 --:--:--     0100  8465    0     0  100  8465      0    750  0:00:11  0:00:11 --:--:--     0100  8465    0     0  100  8465      0    689  0:00:12  0:00:12 --:--:--     0100  8576  100   111  100  8465      8    642  0:00:13  0:00:13 --:--:--    22100  8576  100   111  100  8465      8    642  0:00:13  0:00:13 --:--:--    28
[2024-09-19T18:56:19.821+0000] {subprocess.py:93} INFO - {"status":"Successfully ingested file into table: customer_dim_OFFLINE as segment: customer_dim_1726772168834"}
[2024-09-19T18:56:19.823+0000] {subprocess.py:97} INFO - Command exited with return code 0
[2024-09-19T18:56:20.077+0000] {taskinstance.py:1398} INFO - Marking task as SUCCESS. dag_id=dimension_batch_ingestion, task_id=ingest_customer_dim, execution_date=20240919T185559, start_date=20240919T185604, end_date=20240919T185620
[2024-09-19T18:56:20.221+0000] {local_task_job_runner.py:228} INFO - Task exited with return code 0
[2024-09-19T18:56:20.393+0000] {taskinstance.py:2776} INFO - 0 downstream tasks scheduled from follow-on schedule check
