[2024-09-19T18:06:56.733+0000] {taskinstance.py:1157} INFO - Dependencies all met for dep_context=non-requeueable deps ti=<TaskInstance: transaction_facts_generator.generate_txn_fact_data scheduled__2024-09-18T00:00:00+00:00 [queued]>
[2024-09-19T18:06:57.283+0000] {taskinstance.py:1157} INFO - Dependencies all met for dep_context=requeueable deps ti=<TaskInstance: transaction_facts_generator.generate_txn_fact_data scheduled__2024-09-18T00:00:00+00:00 [queued]>
[2024-09-19T18:06:57.312+0000] {taskinstance.py:1359} INFO - Starting attempt 1 of 1
[2024-09-19T18:06:58.428+0000] {taskinstance.py:1380} INFO - Executing <Task(KafkaProduceOperator): generate_txn_fact_data> on 2024-09-18 00:00:00+00:00
[2024-09-19T18:06:58.870+0000] {standard_task_runner.py:57} INFO - Started process 329 to run task
[2024-09-19T18:06:59.836+0000] {standard_task_runner.py:84} INFO - Running: ['***', 'tasks', 'run', 'transaction_facts_generator', 'generate_txn_fact_data', 'scheduled__2024-09-18T00:00:00+00:00', '--job-id', '17', '--raw', '--subdir', 'DAGS_FOLDER/transaction_facts_generator.py', '--cfg-path', '/tmp/tmpmps7_20v']
[2024-09-19T18:07:00.088+0000] {standard_task_runner.py:85} INFO - Job 17: Subtask generate_txn_fact_data
[2024-09-19T18:07:07.509+0000] {task_command.py:415} INFO - Running <TaskInstance: transaction_facts_generator.generate_txn_fact_data scheduled__2024-09-18T00:00:00+00:00 [running]> on host 035d47951d03
[2024-09-19T18:07:11.850+0000] {taskinstance.py:1660} INFO - Exporting env vars: AIRFLOW_CTX_DAG_OWNER='codewithyu' AIRFLOW_CTX_DAG_ID='transaction_facts_generator' AIRFLOW_CTX_TASK_ID='generate_txn_fact_data' AIRFLOW_CTX_EXECUTION_DATE='2024-09-18T00:00:00+00:00' AIRFLOW_CTX_TRY_NUMBER='1' AIRFLOW_CTX_DAG_RUN_ID='scheduled__2024-09-18T00:00:00+00:00'
[2024-09-19T18:07:12.229+0000] {conn.py:380} INFO - <BrokerConnection node_id=bootstrap-0 host=kafka_broker:9092 <connecting> [IPv4 ('172.18.0.4', 9092)]>: connecting to kafka_broker:9092 [('172.18.0.4', 9092) IPv4]
[2024-09-19T18:07:12.280+0000] {conn.py:1205} INFO - Probing node bootstrap-0 broker version
[2024-09-19T18:07:12.312+0000] {conn.py:410} INFO - <BrokerConnection node_id=bootstrap-0 host=kafka_broker:9092 <connecting> [IPv4 ('172.18.0.4', 9092)]>: Connection complete.
[2024-09-19T18:07:12.506+0000] {conn.py:1267} INFO - Broker version identified as 2.5.0
[2024-09-19T18:07:12.549+0000] {conn.py:1268} INFO - Set configuration api_version=(2, 5, 0) to skip auto check_version requests on startup
[2024-09-19T18:07:12.701+0000] {conn.py:380} INFO - <BrokerConnection node_id=0 host=kafka_broker:9092 <connecting> [IPv4 ('172.18.0.4', 9092)]>: connecting to kafka_broker:9092 [('172.18.0.4', 9092) IPv4]
[2024-09-19T18:07:12.699+0000] {kafka_operator.py:61} INFO - Sent transaction: {'transaction_id': 'T000001', 'transaction_date': 1715450832640, 'account_id': 'A00069', 'customer_id': 'C00065', 'transaction_type': 'Credit', 'currency': 'GBP', 'branch_id': 'B00027', 'transaction_amount': 2959.09, 'exchange_rate': 1.4571}
[2024-09-19T18:07:12.714+0000] {kafka_operator.py:61} INFO - Sent transaction: {'transaction_id': 'T000002', 'transaction_date': 1709921232713, 'account_id': 'A00059', 'customer_id': 'C00037', 'transaction_type': 'Transfer', 'currency': 'GBP', 'branch_id': 'B00029', 'transaction_amount': 3684.88, 'exchange_rate': 1.4407}
[2024-09-19T18:07:12.715+0000] {conn.py:410} INFO - <BrokerConnection node_id=0 host=kafka_broker:9092 <connecting> [IPv4 ('172.18.0.4', 9092)]>: Connection complete.
[2024-09-19T18:07:12.729+0000] {conn.py:919} INFO - <BrokerConnection node_id=bootstrap-0 host=kafka_broker:9092 <connected> [IPv4 ('172.18.0.4', 9092)]>: Closing connection. 
[2024-09-19T18:07:12.719+0000] {kafka_operator.py:61} INFO - Sent transaction: {'transaction_id': 'T000003', 'transaction_date': 1700503632716, 'account_id': 'A00083', 'customer_id': 'C00025', 'transaction_type': 'Debit', 'currency': 'USD', 'branch_id': 'B00067', 'transaction_amount': 5412.04, 'exchange_rate': 0.8052}
[2024-09-19T18:07:12.736+0000] {kafka_operator.py:61} INFO - Sent transaction: {'transaction_id': 'T000004', 'transaction_date': 1700762832735, 'account_id': 'A00034', 'customer_id': 'C00001', 'transaction_type': 'Deposit', 'currency': 'EUR', 'branch_id': 'B00054', 'transaction_amount': 5331.73, 'exchange_rate': 1.0539}
[2024-09-19T18:07:12.752+0000] {kafka_operator.py:61} INFO - Sent transaction: {'transaction_id': 'T000005', 'transaction_date': 1718734032750, 'account_id': 'A00011', 'customer_id': 'C00084', 'transaction_type': 'Withdrawal', 'currency': 'USD', 'branch_id': 'B00069', 'transaction_amount': 5172.52, 'exchange_rate': 0.5287}
[2024-09-19T18:07:12.778+0000] {kafka_operator.py:61} INFO - Sent transaction: {'transaction_id': 'T000006', 'transaction_date': 1695319632775, 'account_id': 'A00081', 'customer_id': 'C00048', 'transaction_type': 'Transfer', 'currency': 'GBP', 'branch_id': 'B00073', 'transaction_amount': 8726.77, 'exchange_rate': 1.3017}
[2024-09-19T18:07:12.797+0000] {kafka_operator.py:61} INFO - Sent transaction: {'transaction_id': 'T000007', 'transaction_date': 1698084432796, 'account_id': 'A00054', 'customer_id': 'C00052', 'transaction_type': 'Transfer', 'currency': 'GBP', 'branch_id': 'B00016', 'transaction_amount': 2652.66, 'exchange_rate': 0.9921}
[2024-09-19T18:07:12.812+0000] {kafka_operator.py:61} INFO - Sent transaction: {'transaction_id': 'T000008', 'transaction_date': 1698257232810, 'account_id': 'A00100', 'customer_id': 'C00021', 'transaction_type': 'Withdrawal', 'currency': 'GBP', 'branch_id': 'B00047', 'transaction_amount': 3407.98, 'exchange_rate': 1.1851}
[2024-09-19T18:07:12.825+0000] {kafka_operator.py:61} INFO - Sent transaction: {'transaction_id': 'T000009', 'transaction_date': 1705169232825, 'account_id': 'A00028', 'customer_id': 'C00078', 'transaction_type': 'Deposit', 'currency': 'GBP', 'branch_id': 'B00016', 'transaction_amount': 8163.69, 'exchange_rate': 1.0022}
[2024-09-19T18:07:12.849+0000] {kafka_operator.py:61} INFO - Sent transaction: {'transaction_id': 'T000010', 'transaction_date': 1710958032849, 'account_id': 'A00048', 'customer_id': 'C00017', 'transaction_type': 'Credit', 'currency': 'USD', 'branch_id': 'B00022', 'transaction_amount': 2926.54, 'exchange_rate': 1.3453}
[2024-09-19T18:07:12.852+0000] {kafka_operator.py:61} INFO - Sent transaction: {'transaction_id': 'T000011', 'transaction_date': 1720894032851, 'account_id': 'A00044', 'customer_id': 'C00079', 'transaction_type': 'Credit', 'currency': 'EUR', 'branch_id': 'B00083', 'transaction_amount': 5513.16, 'exchange_rate': 0.5363}
[2024-09-19T18:07:12.880+0000] {kafka_operator.py:61} INFO - Sent transaction: {'transaction_id': 'T000012', 'transaction_date': 1723572432880, 'account_id': 'A00070', 'customer_id': 'C00032', 'transaction_type': 'Credit', 'currency': 'USD', 'branch_id': 'B00064', 'transaction_amount': 3467.74, 'exchange_rate': 0.7363}
[2024-09-19T18:07:12.886+0000] {kafka_operator.py:61} INFO - Sent transaction: {'transaction_id': 'T000013', 'transaction_date': 1722622032884, 'account_id': 'A00011', 'customer_id': 'C00076', 'transaction_type': 'Withdrawal', 'currency': 'USD', 'branch_id': 'B00050', 'transaction_amount': 7535.49, 'exchange_rate': 0.9875}
[2024-09-19T18:07:12.892+0000] {kafka_operator.py:61} INFO - Sent transaction: {'transaction_id': 'T000014', 'transaction_date': 1724522832892, 'account_id': 'A00081', 'customer_id': 'C00020', 'transaction_type': 'Transfer', 'currency': 'GBP', 'branch_id': 'B00065', 'transaction_amount': 9206.15, 'exchange_rate': 0.9125}
[2024-09-19T18:07:12.893+0000] {kafka_operator.py:61} INFO - Sent transaction: {'transaction_id': 'T000015', 'transaction_date': 1719425232893, 'account_id': 'A00023', 'customer_id': 'C00027', 'transaction_type': 'Withdrawal', 'currency': 'USD', 'branch_id': 'B00001', 'transaction_amount': 5554.16, 'exchange_rate': 0.7158}
[2024-09-19T18:07:12.930+0000] {kafka_operator.py:61} INFO - Sent transaction: {'transaction_id': 'T000016', 'transaction_date': 1705860432916, 'account_id': 'A00015', 'customer_id': 'C00001', 'transaction_type': 'Debit', 'currency': 'GBP', 'branch_id': 'B00050', 'transaction_amount': 6178.72, 'exchange_rate': 1.1733}
[2024-09-19T18:07:12.942+0000] {kafka_operator.py:61} INFO - Sent transaction: {'transaction_id': 'T000017', 'transaction_date': 1721758032942, 'account_id': 'A00010', 'customer_id': 'C00087', 'transaction_type': 'Deposit', 'currency': 'USD', 'branch_id': 'B00057', 'transaction_amount': 3694.9, 'exchange_rate': 0.7349}
[2024-09-19T18:07:12.959+0000] {kafka_operator.py:61} INFO - Sent transaction: {'transaction_id': 'T000018', 'transaction_date': 1714241232953, 'account_id': 'A00058', 'customer_id': 'C00067', 'transaction_type': 'Deposit', 'currency': 'USD', 'branch_id': 'B00016', 'transaction_amount': 1924.9, 'exchange_rate': 1.465}
[2024-09-19T18:07:12.973+0000] {kafka_operator.py:61} INFO - Sent transaction: {'transaction_id': 'T000019', 'transaction_date': 1695838032972, 'account_id': 'A00050', 'customer_id': 'C00091', 'transaction_type': 'Transfer', 'currency': 'EUR', 'branch_id': 'B00085', 'transaction_amount': 9101.67, 'exchange_rate': 0.9837}
[2024-09-19T18:07:13.000+0000] {kafka_operator.py:61} INFO - Sent transaction: {'transaction_id': 'T000020', 'transaction_date': 1710871632987, 'account_id': 'A00004', 'customer_id': 'C00039', 'transaction_type': 'Transfer', 'currency': 'GBP', 'branch_id': 'B00033', 'transaction_amount': 6887.15, 'exchange_rate': 0.883}
[2024-09-19T18:07:13.012+0000] {kafka_operator.py:61} INFO - Sent transaction: {'transaction_id': 'T000021', 'transaction_date': 1721066833005, 'account_id': 'A00091', 'customer_id': 'C00065', 'transaction_type': 'Debit', 'currency': 'EUR', 'branch_id': 'B00073', 'transaction_amount': 4590.98, 'exchange_rate': 0.9272}
[2024-09-19T18:07:13.019+0000] {kafka_operator.py:61} INFO - Sent transaction: {'transaction_id': 'T000022', 'transaction_date': 1704391633017, 'account_id': 'A00062', 'customer_id': 'C00002', 'transaction_type': 'Transfer', 'currency': 'GBP', 'branch_id': 'B00054', 'transaction_amount': 2353.12, 'exchange_rate': 0.7275}
[2024-09-19T18:07:13.062+0000] {kafka_operator.py:61} INFO - Sent transaction: {'transaction_id': 'T000023', 'transaction_date': 1695665233028, 'account_id': 'A00038', 'customer_id': 'C00048', 'transaction_type': 'Deposit', 'currency': 'EUR', 'branch_id': 'B00059', 'transaction_amount': 2416.29, 'exchange_rate': 1.4348}
[2024-09-19T18:07:13.064+0000] {kafka_operator.py:61} INFO - Sent transaction: {'transaction_id': 'T000024', 'transaction_date': 1695233233063, 'account_id': 'A00099', 'customer_id': 'C00037', 'transaction_type': 'Deposit', 'currency': 'GBP', 'branch_id': 'B00029', 'transaction_amount': 8567.24, 'exchange_rate': 0.5766}
[2024-09-19T18:07:13.072+0000] {kafka_operator.py:61} INFO - Sent transaction: {'transaction_id': 'T000025', 'transaction_date': 1723918033071, 'account_id': 'A00051', 'customer_id': 'C00052', 'transaction_type': 'Deposit', 'currency': 'EUR', 'branch_id': 'B00050', 'transaction_amount': 2820.55, 'exchange_rate': 1.3531}
[2024-09-19T18:07:13.101+0000] {kafka_operator.py:61} INFO - Sent transaction: {'transaction_id': 'T000026', 'transaction_date': 1702404433092, 'account_id': 'A00096', 'customer_id': 'C00032', 'transaction_type': 'Withdrawal', 'currency': 'GBP', 'branch_id': 'B00024', 'transaction_amount': 4917.64, 'exchange_rate': 0.8719}
[2024-09-19T18:07:13.120+0000] {kafka_operator.py:61} INFO - Sent transaction: {'transaction_id': 'T000027', 'transaction_date': 1707070033110, 'account_id': 'A00018', 'customer_id': 'C00019', 'transaction_type': 'Transfer', 'currency': 'EUR', 'branch_id': 'B00088', 'transaction_amount': 9063.46, 'exchange_rate': 0.5158}
[2024-09-19T18:07:13.131+0000] {kafka_operator.py:61} INFO - Sent transaction: {'transaction_id': 'T000028', 'transaction_date': 1707415633131, 'account_id': 'A00015', 'customer_id': 'C00058', 'transaction_type': 'Debit', 'currency': 'EUR', 'branch_id': 'B00032', 'transaction_amount': 6024.14, 'exchange_rate': 1.0836}
[2024-09-19T18:07:13.147+0000] {kafka_operator.py:61} INFO - Sent transaction: {'transaction_id': 'T000029', 'transaction_date': 1714759633146, 'account_id': 'A00019', 'customer_id': 'C00089', 'transaction_type': 'Deposit', 'currency': 'USD', 'branch_id': 'B00073', 'transaction_amount': 4019.34, 'exchange_rate': 1.2552}
[2024-09-19T18:07:13.164+0000] {kafka_operator.py:61} INFO - Sent transaction: {'transaction_id': 'T000030', 'transaction_date': 1705169233164, 'account_id': 'A00013', 'customer_id': 'C00027', 'transaction_type': 'Credit', 'currency': 'GBP', 'branch_id': 'B00033', 'transaction_amount': 9899.35, 'exchange_rate': 1.3268}
[2024-09-19T18:07:13.183+0000] {kafka_operator.py:61} INFO - Sent transaction: {'transaction_id': 'T000031', 'transaction_date': 1723572433178, 'account_id': 'A00098', 'customer_id': 'C00025', 'transaction_type': 'Deposit', 'currency': 'EUR', 'branch_id': 'B00029', 'transaction_amount': 3061.25, 'exchange_rate': 0.783}
[2024-09-19T18:07:13.197+0000] {kafka_operator.py:61} INFO - Sent transaction: {'transaction_id': 'T000032', 'transaction_date': 1702231633196, 'account_id': 'A00081', 'customer_id': 'C00036', 'transaction_type': 'Transfer', 'currency': 'EUR', 'branch_id': 'B00050', 'transaction_amount': 4433.43, 'exchange_rate': 1.3317}
[2024-09-19T18:07:13.216+0000] {kafka_operator.py:61} INFO - Sent transaction: {'transaction_id': 'T000033', 'transaction_date': 1720548433215, 'account_id': 'A00016', 'customer_id': 'C00085', 'transaction_type': 'Deposit', 'currency': 'EUR', 'branch_id': 'B00020', 'transaction_amount': 2298.12, 'exchange_rate': 1.1404}
[2024-09-19T18:07:13.222+0000] {kafka_operator.py:61} INFO - Sent transaction: {'transaction_id': 'T000034', 'transaction_date': 1716142033222, 'account_id': 'A00043', 'customer_id': 'C00032', 'transaction_type': 'Deposit', 'currency': 'EUR', 'branch_id': 'B00046', 'transaction_amount': 7301.99, 'exchange_rate': 0.8844}
[2024-09-19T18:07:13.239+0000] {kafka_operator.py:61} INFO - Sent transaction: {'transaction_id': 'T000035', 'transaction_date': 1719598033233, 'account_id': 'A00005', 'customer_id': 'C00075', 'transaction_type': 'Credit', 'currency': 'USD', 'branch_id': 'B00098', 'transaction_amount': 1430.12, 'exchange_rate': 1.3278}
[2024-09-19T18:07:13.251+0000] {kafka_operator.py:61} INFO - Sent transaction: {'transaction_id': 'T000036', 'transaction_date': 1720721233251, 'account_id': 'A00013', 'customer_id': 'C00092', 'transaction_type': 'Debit', 'currency': 'GBP', 'branch_id': 'B00099', 'transaction_amount': 5980.16, 'exchange_rate': 0.8426}
[2024-09-19T18:07:13.257+0000] {kafka_operator.py:61} INFO - Sent transaction: {'transaction_id': 'T000037', 'transaction_date': 1695751633257, 'account_id': 'A00008', 'customer_id': 'C00012', 'transaction_type': 'Withdrawal', 'currency': 'USD', 'branch_id': 'B00035', 'transaction_amount': 2960.62, 'exchange_rate': 1.2036}
[2024-09-19T18:07:13.263+0000] {kafka_operator.py:61} INFO - Sent transaction: {'transaction_id': 'T000038', 'transaction_date': 1716228433263, 'account_id': 'A00042', 'customer_id': 'C00072', 'transaction_type': 'Credit', 'currency': 'EUR', 'branch_id': 'B00022', 'transaction_amount': 4869.46, 'exchange_rate': 0.9226}
[2024-09-19T18:07:13.275+0000] {kafka_operator.py:61} INFO - Sent transaction: {'transaction_id': 'T000039', 'transaction_date': 1702231633274, 'account_id': 'A00010', 'customer_id': 'C00056', 'transaction_type': 'Withdrawal', 'currency': 'GBP', 'branch_id': 'B00016', 'transaction_amount': 7061.37, 'exchange_rate': 0.8992}
[2024-09-19T18:07:13.286+0000] {kafka_operator.py:61} INFO - Sent transaction: {'transaction_id': 'T000040', 'transaction_date': 1712599633286, 'account_id': 'A00096', 'customer_id': 'C00073', 'transaction_type': 'Transfer', 'currency': 'EUR', 'branch_id': 'B00028', 'transaction_amount': 3213.29, 'exchange_rate': 0.8759}
[2024-09-19T18:07:13.311+0000] {kafka_operator.py:61} INFO - Sent transaction: {'transaction_id': 'T000041', 'transaction_date': 1710698833310, 'account_id': 'A00026', 'customer_id': 'C00080', 'transaction_type': 'Transfer', 'currency': 'EUR', 'branch_id': 'B00067', 'transaction_amount': 3222.36, 'exchange_rate': 0.5339}
[2024-09-19T18:07:13.324+0000] {kafka_operator.py:61} INFO - Sent transaction: {'transaction_id': 'T000042', 'transaction_date': 1725991633323, 'account_id': 'A00010', 'customer_id': 'C00080', 'transaction_type': 'Transfer', 'currency': 'EUR', 'branch_id': 'B00043', 'transaction_amount': 9749.44, 'exchange_rate': 0.6489}
[2024-09-19T18:07:13.352+0000] {kafka_operator.py:61} INFO - Sent transaction: {'transaction_id': 'T000043', 'transaction_date': 1698602833352, 'account_id': 'A00011', 'customer_id': 'C00029', 'transaction_type': 'Withdrawal', 'currency': 'USD', 'branch_id': 'B00078', 'transaction_amount': 2813.8, 'exchange_rate': 0.8438}
[2024-09-19T18:07:13.357+0000] {kafka_operator.py:61} INFO - Sent transaction: {'transaction_id': 'T000044', 'transaction_date': 1716228433356, 'account_id': 'A00008', 'customer_id': 'C00063', 'transaction_type': 'Deposit', 'currency': 'GBP', 'branch_id': 'B00096', 'transaction_amount': 6338.29, 'exchange_rate': 1.2179}
[2024-09-19T18:07:13.378+0000] {kafka_operator.py:61} INFO - Sent transaction: {'transaction_id': 'T000045', 'transaction_date': 1718993233377, 'account_id': 'A00097', 'customer_id': 'C00086', 'transaction_type': 'Debit', 'currency': 'EUR', 'branch_id': 'B00003', 'transaction_amount': 8151.84, 'exchange_rate': 0.9365}
[2024-09-19T18:07:13.381+0000] {kafka_operator.py:61} INFO - Sent transaction: {'transaction_id': 'T000046', 'transaction_date': 1706897233381, 'account_id': 'A00023', 'customer_id': 'C00010', 'transaction_type': 'Credit', 'currency': 'EUR', 'branch_id': 'B00042', 'transaction_amount': 6693.08, 'exchange_rate': 1.3509}
[2024-09-19T18:07:13.382+0000] {kafka_operator.py:61} INFO - Sent transaction: {'transaction_id': 'T000047', 'transaction_date': 1711908433382, 'account_id': 'A00091', 'customer_id': 'C00078', 'transaction_type': 'Credit', 'currency': 'USD', 'branch_id': 'B00052', 'transaction_amount': 8479.6, 'exchange_rate': 1.2115}
[2024-09-19T18:07:13.385+0000] {kafka_operator.py:61} INFO - Sent transaction: {'transaction_id': 'T000048', 'transaction_date': 1703095633385, 'account_id': 'A00083', 'customer_id': 'C00042', 'transaction_type': 'Credit', 'currency': 'EUR', 'branch_id': 'B00064', 'transaction_amount': 8545.1, 'exchange_rate': 1.0623}
[2024-09-19T18:07:13.386+0000] {kafka_operator.py:61} INFO - Sent transaction: {'transaction_id': 'T000049', 'transaction_date': 1716401233386, 'account_id': 'A00034', 'customer_id': 'C00035', 'transaction_type': 'Credit', 'currency': 'USD', 'branch_id': 'B00022', 'transaction_amount': 3032.66, 'exchange_rate': 1.1501}
[2024-09-19T18:07:13.409+0000] {kafka_operator.py:61} INFO - Sent transaction: {'transaction_id': 'T000050', 'transaction_date': 1715105233408, 'account_id': 'A00010', 'customer_id': 'C00087', 'transaction_type': 'Transfer', 'currency': 'USD', 'branch_id': 'B00019', 'transaction_amount': 4391.69, 'exchange_rate': 0.6026}
[2024-09-19T18:07:13.416+0000] {kafka_operator.py:61} INFO - Sent transaction: {'transaction_id': 'T000051', 'transaction_date': 1706638033415, 'account_id': 'A00025', 'customer_id': 'C00029', 'transaction_type': 'Debit', 'currency': 'USD', 'branch_id': 'B00020', 'transaction_amount': 7555.13, 'exchange_rate': 1.2049}
[2024-09-19T18:07:13.418+0000] {kafka_operator.py:61} INFO - Sent transaction: {'transaction_id': 'T000052', 'transaction_date': 1716142033417, 'account_id': 'A00053', 'customer_id': 'C00069', 'transaction_type': 'Deposit', 'currency': 'EUR', 'branch_id': 'B00029', 'transaction_amount': 4840.31, 'exchange_rate': 1.4183}
[2024-09-19T18:07:13.426+0000] {kafka_operator.py:61} INFO - Sent transaction: {'transaction_id': 'T000053', 'transaction_date': 1713895633426, 'account_id': 'A00096', 'customer_id': 'C00049', 'transaction_type': 'Credit', 'currency': 'GBP', 'branch_id': 'B00028', 'transaction_amount': 2252.1, 'exchange_rate': 1.4463}
[2024-09-19T18:07:13.432+0000] {kafka_operator.py:61} INFO - Sent transaction: {'transaction_id': 'T000054', 'transaction_date': 1701713233431, 'account_id': 'A00043', 'customer_id': 'C00029', 'transaction_type': 'Withdrawal', 'currency': 'USD', 'branch_id': 'B00044', 'transaction_amount': 1538.78, 'exchange_rate': 1.4134}
[2024-09-19T18:07:13.472+0000] {kafka_operator.py:61} INFO - Sent transaction: {'transaction_id': 'T000055', 'transaction_date': 1699898833469, 'account_id': 'A00076', 'customer_id': 'C00026', 'transaction_type': 'Debit', 'currency': 'EUR', 'branch_id': 'B00063', 'transaction_amount': 4113.15, 'exchange_rate': 1.2339}
[2024-09-19T18:07:13.480+0000] {kafka_operator.py:61} INFO - Sent transaction: {'transaction_id': 'T000056', 'transaction_date': 1713204433479, 'account_id': 'A00069', 'customer_id': 'C00089', 'transaction_type': 'Debit', 'currency': 'USD', 'branch_id': 'B00095', 'transaction_amount': 6082.38, 'exchange_rate': 0.9712}
[2024-09-19T18:07:13.484+0000] {kafka_operator.py:61} INFO - Sent transaction: {'transaction_id': 'T000057', 'transaction_date': 1713290833484, 'account_id': 'A00046', 'customer_id': 'C00088', 'transaction_type': 'Deposit', 'currency': 'EUR', 'branch_id': 'B00050', 'transaction_amount': 7132.55, 'exchange_rate': 1.0784}
[2024-09-19T18:07:13.486+0000] {kafka_operator.py:61} INFO - Sent transaction: {'transaction_id': 'T000058', 'transaction_date': 1695406033486, 'account_id': 'A00096', 'customer_id': 'C00027', 'transaction_type': 'Credit', 'currency': 'USD', 'branch_id': 'B00001', 'transaction_amount': 6221.81, 'exchange_rate': 0.5367}
[2024-09-19T18:07:13.493+0000] {kafka_operator.py:61} INFO - Sent transaction: {'transaction_id': 'T000059', 'transaction_date': 1725559633493, 'account_id': 'A00004', 'customer_id': 'C00041', 'transaction_type': 'Credit', 'currency': 'GBP', 'branch_id': 'B00074', 'transaction_amount': 9406.82, 'exchange_rate': 0.5256}
[2024-09-19T18:07:13.510+0000] {kafka_operator.py:61} INFO - Sent transaction: {'transaction_id': 'T000060', 'transaction_date': 1719425233506, 'account_id': 'A00005', 'customer_id': 'C00018', 'transaction_type': 'Debit', 'currency': 'EUR', 'branch_id': 'B00079', 'transaction_amount': 956.13, 'exchange_rate': 1.2629}
[2024-09-19T18:07:13.533+0000] {kafka_operator.py:61} INFO - Sent transaction: {'transaction_id': 'T000061', 'transaction_date': 1717870033521, 'account_id': 'A00052', 'customer_id': 'C00080', 'transaction_type': 'Deposit', 'currency': 'USD', 'branch_id': 'B00079', 'transaction_amount': 8949.69, 'exchange_rate': 0.7715}
[2024-09-19T18:07:13.534+0000] {kafka_operator.py:61} INFO - Sent transaction: {'transaction_id': 'T000062', 'transaction_date': 1706638033534, 'account_id': 'A00052', 'customer_id': 'C00011', 'transaction_type': 'Withdrawal', 'currency': 'EUR', 'branch_id': 'B00094', 'transaction_amount': 6588.83, 'exchange_rate': 1.4886}
[2024-09-19T18:07:13.537+0000] {kafka_operator.py:61} INFO - Sent transaction: {'transaction_id': 'T000063', 'transaction_date': 1710785233536, 'account_id': 'A00002', 'customer_id': 'C00049', 'transaction_type': 'Debit', 'currency': 'GBP', 'branch_id': 'B00057', 'transaction_amount': 4509.81, 'exchange_rate': 0.8986}
[2024-09-19T18:07:13.549+0000] {kafka_operator.py:61} INFO - Sent transaction: {'transaction_id': 'T000064', 'transaction_date': 1703959633548, 'account_id': 'A00049', 'customer_id': 'C00084', 'transaction_type': 'Credit', 'currency': 'EUR', 'branch_id': 'B00056', 'transaction_amount': 6435.6, 'exchange_rate': 0.655}
[2024-09-19T18:07:13.563+0000] {kafka_operator.py:61} INFO - Sent transaction: {'transaction_id': 'T000065', 'transaction_date': 1726337233562, 'account_id': 'A00028', 'customer_id': 'C00098', 'transaction_type': 'Withdrawal', 'currency': 'USD', 'branch_id': 'B00064', 'transaction_amount': 6208.88, 'exchange_rate': 0.6261}
[2024-09-19T18:07:13.571+0000] {kafka_operator.py:61} INFO - Sent transaction: {'transaction_id': 'T000066', 'transaction_date': 1695751633569, 'account_id': 'A00067', 'customer_id': 'C00028', 'transaction_type': 'Debit', 'currency': 'EUR', 'branch_id': 'B00089', 'transaction_amount': 4561.87, 'exchange_rate': 0.8047}
[2024-09-19T18:07:13.576+0000] {kafka_operator.py:61} INFO - Sent transaction: {'transaction_id': 'T000067', 'transaction_date': 1698689233576, 'account_id': 'A00037', 'customer_id': 'C00090', 'transaction_type': 'Credit', 'currency': 'GBP', 'branch_id': 'B00003', 'transaction_amount': 2096.02, 'exchange_rate': 0.5273}
[2024-09-19T18:07:13.592+0000] {kafka_operator.py:61} INFO - Sent transaction: {'transaction_id': 'T000068', 'transaction_date': 1711735633592, 'account_id': 'A00053', 'customer_id': 'C00012', 'transaction_type': 'Deposit', 'currency': 'GBP', 'branch_id': 'B00040', 'transaction_amount': 2598.47, 'exchange_rate': 0.8178}
[2024-09-19T18:07:13.595+0000] {kafka_operator.py:61} INFO - Sent transaction: {'transaction_id': 'T000069', 'transaction_date': 1713722833595, 'account_id': 'A00078', 'customer_id': 'C00024', 'transaction_type': 'Deposit', 'currency': 'USD', 'branch_id': 'B00029', 'transaction_amount': 8533.05, 'exchange_rate': 0.9273}
[2024-09-19T18:07:13.596+0000] {kafka_operator.py:61} INFO - Sent transaction: {'transaction_id': 'T000070', 'transaction_date': 1716314833596, 'account_id': 'A00098', 'customer_id': 'C00071', 'transaction_type': 'Credit', 'currency': 'EUR', 'branch_id': 'B00062', 'transaction_amount': 2729.0, 'exchange_rate': 1.0726}
[2024-09-19T18:07:13.598+0000] {kafka_operator.py:61} INFO - Sent transaction: {'transaction_id': 'T000071', 'transaction_date': 1718993233597, 'account_id': 'A00063', 'customer_id': 'C00089', 'transaction_type': 'Withdrawal', 'currency': 'GBP', 'branch_id': 'B00056', 'transaction_amount': 4966.12, 'exchange_rate': 1.4604}
[2024-09-19T18:07:13.599+0000] {kafka_operator.py:61} INFO - Sent transaction: {'transaction_id': 'T000072', 'transaction_date': 1697998033599, 'account_id': 'A00043', 'customer_id': 'C00026', 'transaction_type': 'Transfer', 'currency': 'USD', 'branch_id': 'B00075', 'transaction_amount': 4971.69, 'exchange_rate': 1.268}
[2024-09-19T18:07:13.599+0000] {kafka_operator.py:61} INFO - Sent transaction: {'transaction_id': 'T000073', 'transaction_date': 1715018833599, 'account_id': 'A00058', 'customer_id': 'C00081', 'transaction_type': 'Transfer', 'currency': 'USD', 'branch_id': 'B00020', 'transaction_amount': 4578.07, 'exchange_rate': 1.3735}
[2024-09-19T18:07:13.602+0000] {kafka_operator.py:61} INFO - Sent transaction: {'transaction_id': 'T000074', 'transaction_date': 1701194833601, 'account_id': 'A00076', 'customer_id': 'C00059', 'transaction_type': 'Withdrawal', 'currency': 'GBP', 'branch_id': 'B00028', 'transaction_amount': 5252.68, 'exchange_rate': 1.2502}
[2024-09-19T18:07:13.608+0000] {kafka_operator.py:61} INFO - Sent transaction: {'transaction_id': 'T000075', 'transaction_date': 1703873233607, 'account_id': 'A00036', 'customer_id': 'C00013', 'transaction_type': 'Debit', 'currency': 'EUR', 'branch_id': 'B00057', 'transaction_amount': 6947.62, 'exchange_rate': 0.6326}
[2024-09-19T18:07:13.615+0000] {kafka_operator.py:61} INFO - Sent transaction: {'transaction_id': 'T000076', 'transaction_date': 1704737233614, 'account_id': 'A00007', 'customer_id': 'C00068', 'transaction_type': 'Withdrawal', 'currency': 'USD', 'branch_id': 'B00068', 'transaction_amount': 1826.46, 'exchange_rate': 1.2081}
[2024-09-19T18:07:13.623+0000] {kafka_operator.py:61} INFO - Sent transaction: {'transaction_id': 'T000077', 'transaction_date': 1705255633623, 'account_id': 'A00010', 'customer_id': 'C00078', 'transaction_type': 'Withdrawal', 'currency': 'GBP', 'branch_id': 'B00040', 'transaction_amount': 8623.89, 'exchange_rate': 0.558}
[2024-09-19T18:07:13.624+0000] {kafka_operator.py:61} INFO - Sent transaction: {'transaction_id': 'T000078', 'transaction_date': 1700849233624, 'account_id': 'A00019', 'customer_id': 'C00098', 'transaction_type': 'Transfer', 'currency': 'GBP', 'branch_id': 'B00023', 'transaction_amount': 278.11, 'exchange_rate': 1.3283}
[2024-09-19T18:07:13.625+0000] {kafka_operator.py:61} INFO - Sent transaction: {'transaction_id': 'T000079', 'transaction_date': 1724954833624, 'account_id': 'A00063', 'customer_id': 'C00063', 'transaction_type': 'Debit', 'currency': 'EUR', 'branch_id': 'B00016', 'transaction_amount': 5428.27, 'exchange_rate': 0.96}
[2024-09-19T18:07:13.630+0000] {kafka_operator.py:61} INFO - Sent transaction: {'transaction_id': 'T000080', 'transaction_date': 1716314833630, 'account_id': 'A00096', 'customer_id': 'C00084', 'transaction_type': 'Withdrawal', 'currency': 'EUR', 'branch_id': 'B00014', 'transaction_amount': 9025.65, 'exchange_rate': 1.2231}
[2024-09-19T18:07:13.631+0000] {kafka_operator.py:61} INFO - Sent transaction: {'transaction_id': 'T000081', 'transaction_date': 1710871633631, 'account_id': 'A00026', 'customer_id': 'C00094', 'transaction_type': 'Withdrawal', 'currency': 'GBP', 'branch_id': 'B00003', 'transaction_amount': 1856.56, 'exchange_rate': 0.6312}
[2024-09-19T18:07:13.631+0000] {kafka_operator.py:61} INFO - Sent transaction: {'transaction_id': 'T000082', 'transaction_date': 1706551633631, 'account_id': 'A00028', 'customer_id': 'C00005', 'transaction_type': 'Withdrawal', 'currency': 'GBP', 'branch_id': 'B00057', 'transaction_amount': 9590.15, 'exchange_rate': 0.5502}
[2024-09-19T18:07:13.632+0000] {kafka_operator.py:61} INFO - Sent transaction: {'transaction_id': 'T000083', 'transaction_date': 1705774033632, 'account_id': 'A00084', 'customer_id': 'C00042', 'transaction_type': 'Withdrawal', 'currency': 'EUR', 'branch_id': 'B00020', 'transaction_amount': 6912.59, 'exchange_rate': 0.9256}
[2024-09-19T18:07:13.639+0000] {kafka_operator.py:61} INFO - Sent transaction: {'transaction_id': 'T000084', 'transaction_date': 1698516433638, 'account_id': 'A00035', 'customer_id': 'C00074', 'transaction_type': 'Transfer', 'currency': 'EUR', 'branch_id': 'B00029', 'transaction_amount': 5135.16, 'exchange_rate': 1.1596}
[2024-09-19T18:07:13.649+0000] {kafka_operator.py:61} INFO - Sent transaction: {'transaction_id': 'T000085', 'transaction_date': 1707674833648, 'account_id': 'A00064', 'customer_id': 'C00019', 'transaction_type': 'Debit', 'currency': 'USD', 'branch_id': 'B00032', 'transaction_amount': 6430.4, 'exchange_rate': 0.9263}
[2024-09-19T18:07:13.659+0000] {kafka_operator.py:61} INFO - Sent transaction: {'transaction_id': 'T000086', 'transaction_date': 1722017233657, 'account_id': 'A00095', 'customer_id': 'C00025', 'transaction_type': 'Transfer', 'currency': 'USD', 'branch_id': 'B00068', 'transaction_amount': 3949.35, 'exchange_rate': 0.7979}
[2024-09-19T18:07:13.666+0000] {kafka_operator.py:61} INFO - Sent transaction: {'transaction_id': 'T000087', 'transaction_date': 1716055633662, 'account_id': 'A00099', 'customer_id': 'C00082', 'transaction_type': 'Deposit', 'currency': 'USD', 'branch_id': 'B00064', 'transaction_amount': 1601.86, 'exchange_rate': 0.5236}
[2024-09-19T18:07:13.668+0000] {kafka_operator.py:61} INFO - Sent transaction: {'transaction_id': 'T000088', 'transaction_date': 1726596433667, 'account_id': 'A00059', 'customer_id': 'C00090', 'transaction_type': 'Credit', 'currency': 'USD', 'branch_id': 'B00049', 'transaction_amount': 2375.77, 'exchange_rate': 0.8043}
[2024-09-19T18:07:13.669+0000] {kafka_operator.py:61} INFO - Sent transaction: {'transaction_id': 'T000089', 'transaction_date': 1722622033668, 'account_id': 'A00039', 'customer_id': 'C00027', 'transaction_type': 'Credit', 'currency': 'USD', 'branch_id': 'B00034', 'transaction_amount': 6291.37, 'exchange_rate': 1.1305}
[2024-09-19T18:07:13.682+0000] {kafka_operator.py:61} INFO - Sent transaction: {'transaction_id': 'T000090', 'transaction_date': 1700762833681, 'account_id': 'A00100', 'customer_id': 'C00100', 'transaction_type': 'Withdrawal', 'currency': 'EUR', 'branch_id': 'B00088', 'transaction_amount': 4712.19, 'exchange_rate': 1.3842}
[2024-09-19T18:07:13.686+0000] {kafka_operator.py:61} INFO - Sent transaction: {'transaction_id': 'T000091', 'transaction_date': 1700503633685, 'account_id': 'A00068', 'customer_id': 'C00081', 'transaction_type': 'Withdrawal', 'currency': 'GBP', 'branch_id': 'B00026', 'transaction_amount': 9499.32, 'exchange_rate': 1.0983}
[2024-09-19T18:07:13.691+0000] {kafka_operator.py:61} INFO - Sent transaction: {'transaction_id': 'T000092', 'transaction_date': 1719857233690, 'account_id': 'A00086', 'customer_id': 'C00047', 'transaction_type': 'Transfer', 'currency': 'USD', 'branch_id': 'B00020', 'transaction_amount': 6100.35, 'exchange_rate': 0.6646}
[2024-09-19T18:07:13.693+0000] {kafka_operator.py:61} INFO - Sent transaction: {'transaction_id': 'T000093', 'transaction_date': 1701022033693, 'account_id': 'A00045', 'customer_id': 'C00074', 'transaction_type': 'Deposit', 'currency': 'EUR', 'branch_id': 'B00041', 'transaction_amount': 4447.83, 'exchange_rate': 0.677}
[2024-09-19T18:07:13.702+0000] {kafka_operator.py:61} INFO - Sent transaction: {'transaction_id': 'T000094', 'transaction_date': 1708711633701, 'account_id': 'A00054', 'customer_id': 'C00031', 'transaction_type': 'Credit', 'currency': 'EUR', 'branch_id': 'B00057', 'transaction_amount': 7605.67, 'exchange_rate': 0.8188}
[2024-09-19T18:07:13.703+0000] {kafka_operator.py:61} INFO - Sent transaction: {'transaction_id': 'T000095', 'transaction_date': 1705169233702, 'account_id': 'A00032', 'customer_id': 'C00060', 'transaction_type': 'Credit', 'currency': 'EUR', 'branch_id': 'B00023', 'transaction_amount': 6721.55, 'exchange_rate': 0.5242}
[2024-09-19T18:07:13.704+0000] {kafka_operator.py:61} INFO - Sent transaction: {'transaction_id': 'T000096', 'transaction_date': 1697479633704, 'account_id': 'A00034', 'customer_id': 'C00028', 'transaction_type': 'Deposit', 'currency': 'GBP', 'branch_id': 'B00034', 'transaction_amount': 7508.29, 'exchange_rate': 0.9579}
[2024-09-19T18:07:13.706+0000] {kafka_operator.py:61} INFO - Sent transaction: {'transaction_id': 'T000097', 'transaction_date': 1704391633706, 'account_id': 'A00049', 'customer_id': 'C00025', 'transaction_type': 'Debit', 'currency': 'GBP', 'branch_id': 'B00074', 'transaction_amount': 5230.96, 'exchange_rate': 1.1835}
[2024-09-19T18:07:13.707+0000] {kafka_operator.py:61} INFO - Sent transaction: {'transaction_id': 'T000098', 'transaction_date': 1702663633707, 'account_id': 'A00042', 'customer_id': 'C00019', 'transaction_type': 'Transfer', 'currency': 'USD', 'branch_id': 'B00062', 'transaction_amount': 2130.88, 'exchange_rate': 0.6619}
[2024-09-19T18:07:13.708+0000] {kafka_operator.py:61} INFO - Sent transaction: {'transaction_id': 'T000099', 'transaction_date': 1715450833708, 'account_id': 'A00036', 'customer_id': 'C00022', 'transaction_type': 'Debit', 'currency': 'GBP', 'branch_id': 'B00006', 'transaction_amount': 1586.77, 'exchange_rate': 0.9628}
[2024-09-19T18:07:13.711+0000] {kafka_operator.py:61} INFO - Sent transaction: {'transaction_id': 'T000100', 'transaction_date': 1705774033711, 'account_id': 'A00079', 'customer_id': 'C00078', 'transaction_type': 'Withdrawal', 'currency': 'GBP', 'branch_id': 'B00049', 'transaction_amount': 6701.54, 'exchange_rate': 1.0573}
[2024-09-19T18:07:13.715+0000] {kafka_operator.py:64} INFO - 100 transaction records has been sent to kafka topic transaction_facts!
[2024-09-19T18:07:13.741+0000] {conn.py:919} INFO - <BrokerConnection node_id=0 host=kafka_broker:9092 <connected> [IPv4 ('172.18.0.4', 9092)]>: Closing connection. 
[2024-09-19T18:07:14.685+0000] {taskinstance.py:1398} INFO - Marking task as SUCCESS. dag_id=transaction_facts_generator, task_id=generate_txn_fact_data, execution_date=20240918T000000, start_date=20240919T180656, end_date=20240919T180714
[2024-09-19T18:07:15.423+0000] {local_task_job_runner.py:228} INFO - Task exited with return code 0
[2024-09-19T18:07:15.745+0000] {taskinstance.py:2776} INFO - 0 downstream tasks scheduled from follow-on schedule check
