[2024-09-19T18:56:04.727+0000] {taskinstance.py:1157} INFO - Dependencies all met for dep_context=non-requeueable deps ti=<TaskInstance: dimension_batch_ingestion.ingest_account_dim manual__2024-09-19T18:55:59.606453+00:00 [queued]>
[2024-09-19T18:56:04.772+0000] {taskinstance.py:1157} INFO - Dependencies all met for dep_context=requeueable deps ti=<TaskInstance: dimension_batch_ingestion.ingest_account_dim manual__2024-09-19T18:55:59.606453+00:00 [queued]>
[2024-09-19T18:56:04.773+0000] {taskinstance.py:1359} INFO - Starting attempt 1 of 1
[2024-09-19T18:56:04.841+0000] {taskinstance.py:1380} INFO - Executing <Task(BashOperator): ingest_account_dim> on 2024-09-19 18:55:59.606453+00:00
[2024-09-19T18:56:04.881+0000] {standard_task_runner.py:57} INFO - Started process 289 to run task
[2024-09-19T18:56:04.915+0000] {standard_task_runner.py:84} INFO - Running: ['***', 'tasks', 'run', 'dimension_batch_ingestion', 'ingest_account_dim', 'manual__2024-09-19T18:55:59.606453+00:00', '--job-id', '63', '--raw', '--subdir', 'DAGS_FOLDER/loader_dag.py', '--cfg-path', '/tmp/tmpppktmzop']
[2024-09-19T18:56:04.956+0000] {standard_task_runner.py:85} INFO - Job 63: Subtask ingest_account_dim
[2024-09-19T18:56:05.503+0000] {task_command.py:415} INFO - Running <TaskInstance: dimension_batch_ingestion.ingest_account_dim manual__2024-09-19T18:55:59.606453+00:00 [running]> on host 48913e9acee9
[2024-09-19T18:56:06.158+0000] {taskinstance.py:1660} INFO - Exporting env vars: AIRFLOW_CTX_DAG_OWNER='codewithyu' AIRFLOW_CTX_DAG_ID='dimension_batch_ingestion' AIRFLOW_CTX_TASK_ID='ingest_account_dim' AIRFLOW_CTX_EXECUTION_DATE='2024-09-19T18:55:59.606453+00:00' AIRFLOW_CTX_TRY_NUMBER='1' AIRFLOW_CTX_DAG_RUN_ID='manual__2024-09-19T18:55:59.606453+00:00'
[2024-09-19T18:56:06.193+0000] {subprocess.py:63} INFO - Tmp dir root location: /tmp
[2024-09-19T18:56:06.196+0000] {subprocess.py:75} INFO - Running command: ['/bin/bash', '-c', 'curl -X POST -F file=@/opt/***/account_dim_large_data.csv -H "Content-Type: multipart/form-data" "http://pinot-controller:9000/ingestFromFile?tableNameWithType=account_dim_OFFLINE&batchConfigMapStr=%7B%22inputFormat%22%3A%22csv%22%2C%22recordReader.prop.delimiter%22%3A%22%2C%22%7D"']
[2024-09-19T18:56:06.219+0000] {subprocess.py:86} INFO - Output:
[2024-09-19T18:56:06.604+0000] {subprocess.py:93} INFO -   % Total    % Received % Xferd  Average Speed   Time    Time     Time  Current
[2024-09-19T18:56:06.609+0000] {subprocess.py:93} INFO -                                  Dload  Upload   Total   Spent    Left  Speed
[2024-09-19T18:56:19.674+0000] {subprocess.py:93} INFO -   0     0    0     0    0     0      0      0 --:--:-- --:--:-- --:--:--     0100  2846    0     0  100  2846      0   2325  0:00:01  0:00:01 --:--:--  2332100  2846    0     0  100  2846      0   1277  0:00:02  0:00:02 --:--:--  1280100  2846    0     0  100  2846      0    877  0:00:03  0:00:03 --:--:--   878100  2846    0     0  100  2846      0    670  0:00:04  0:00:04 --:--:--   671100  2846    0     0  100  2846      0    542  0:00:05  0:00:05 --:--:--   542100  2846    0     0  100  2846      0    455  0:00:06  0:00:06 --:--:--     0100  2846    0     0  100  2846      0    392  0:00:07  0:00:07 --:--:--     0100  2846    0     0  100  2846      0    344  0:00:08  0:00:08 --:--:--     0100  2846    0     0  100  2846      0    306  0:00:09  0:00:09 --:--:--     0100  2846    0     0  100  2846      0    276  0:00:10  0:00:10 --:--:--     0100  2846    0     0  100  2846      0    251  0:00:11  0:00:11 --:--:--     0100  2846    0     0  100  2846      0    231  0:00:12  0:00:12 --:--:--     0100  2955  100   109  100  2846      8    217  0:00:13  0:00:13 --:--:--    22100  2955  100   109  100  2846      8    217  0:00:13  0:00:13 --:--:--    28
[2024-09-19T18:56:19.691+0000] {subprocess.py:93} INFO - {"status":"Successfully ingested file into table: account_dim_OFFLINE as segment: account_dim_1726772168833"}
[2024-09-19T18:56:19.692+0000] {subprocess.py:97} INFO - Command exited with return code 0
[2024-09-19T18:56:20.048+0000] {taskinstance.py:1398} INFO - Marking task as SUCCESS. dag_id=dimension_batch_ingestion, task_id=ingest_account_dim, execution_date=20240919T185559, start_date=20240919T185604, end_date=20240919T185620
[2024-09-19T18:56:20.262+0000] {local_task_job_runner.py:228} INFO - Task exited with return code 0
[2024-09-19T18:56:20.449+0000] {taskinstance.py:2776} INFO - 0 downstream tasks scheduled from follow-on schedule check
