[2024-09-19T19:04:16.495+0000] {taskinstance.py:1157} INFO - Dependencies all met for dep_context=non-requeueable deps ti=<TaskInstance: dimension_batch_ingestion.ingest_branch_dim manual__2024-09-19T19:04:11.940044+00:00 [queued]>
[2024-09-19T19:04:16.520+0000] {taskinstance.py:1157} INFO - Dependencies all met for dep_context=requeueable deps ti=<TaskInstance: dimension_batch_ingestion.ingest_branch_dim manual__2024-09-19T19:04:11.940044+00:00 [queued]>
[2024-09-19T19:04:16.522+0000] {taskinstance.py:1359} INFO - Starting attempt 1 of 1
[2024-09-19T19:04:16.559+0000] {taskinstance.py:1380} INFO - Executing <Task(BashOperator): ingest_branch_dim> on 2024-09-19 19:04:11.940044+00:00
[2024-09-19T19:04:16.595+0000] {standard_task_runner.py:57} INFO - Started process 1066 to run task
[2024-09-19T19:04:16.637+0000] {standard_task_runner.py:84} INFO - Running: ['***', 'tasks', 'run', 'dimension_batch_ingestion', 'ingest_branch_dim', 'manual__2024-09-19T19:04:11.940044+00:00', '--job-id', '66', '--raw', '--subdir', 'DAGS_FOLDER/loader_dag.py', '--cfg-path', '/tmp/tmp216xe42_']
[2024-09-19T19:04:16.647+0000] {standard_task_runner.py:85} INFO - Job 66: Subtask ingest_branch_dim
[2024-09-19T19:04:16.826+0000] {task_command.py:415} INFO - Running <TaskInstance: dimension_batch_ingestion.ingest_branch_dim manual__2024-09-19T19:04:11.940044+00:00 [running]> on host 48913e9acee9
[2024-09-19T19:04:17.567+0000] {taskinstance.py:1660} INFO - Exporting env vars: AIRFLOW_CTX_DAG_OWNER='codewithyu' AIRFLOW_CTX_DAG_ID='dimension_batch_ingestion' AIRFLOW_CTX_TASK_ID='ingest_branch_dim' AIRFLOW_CTX_EXECUTION_DATE='2024-09-19T19:04:11.940044+00:00' AIRFLOW_CTX_TRY_NUMBER='1' AIRFLOW_CTX_DAG_RUN_ID='manual__2024-09-19T19:04:11.940044+00:00'
[2024-09-19T19:04:17.583+0000] {subprocess.py:63} INFO - Tmp dir root location: /tmp
[2024-09-19T19:04:17.589+0000] {subprocess.py:75} INFO - Running command: ['/bin/bash', '-c', 'curl -X POST -F file=@/opt/***/branch_dim_large_data.csv -H "Content-Type: multipart/form-data" "http://pinot-controller:9000/ingestFromFile?tableNameWithType=branch_dim_OFFLINE&batchConfigMapStr=%7B%22inputFormat%22%3A%22csv%22%2C%22recordReader.prop.delimiter%22%3A%22%2C%22%7D"']
[2024-09-19T19:04:17.683+0000] {subprocess.py:86} INFO - Output:
[2024-09-19T19:04:17.782+0000] {subprocess.py:93} INFO -   % Total    % Received % Xferd  Average Speed   Time    Time     Time  Current
[2024-09-19T19:04:17.786+0000] {subprocess.py:93} INFO -                                  Dload  Upload   Total   Spent    Left  Speed
[2024-09-19T19:04:19.457+0000] {subprocess.py:93} INFO -   0     0    0     0    0     0      0      0 --:--:-- --:--:-- --:--:--     0100  3863    0     0  100  3863      0   3150  0:00:01  0:00:01 --:--:--  3153100  3970  100   107  100  3863     64   2313  0:00:01  0:00:01 --:--:--  2375100  3970  100   107  100  3863     64   2311  0:00:01  0:00:01 --:--:--  2375
[2024-09-19T19:04:19.532+0000] {subprocess.py:93} INFO - {"status":"Successfully ingested file into table: branch_dim_OFFLINE as segment: branch_dim_1726772658550"}
[2024-09-19T19:04:19.547+0000] {subprocess.py:97} INFO - Command exited with return code 0
[2024-09-19T19:04:20.008+0000] {taskinstance.py:1398} INFO - Marking task as SUCCESS. dag_id=dimension_batch_ingestion, task_id=ingest_branch_dim, execution_date=20240919T190411, start_date=20240919T190416, end_date=20240919T190420
[2024-09-19T19:04:20.132+0000] {local_task_job_runner.py:228} INFO - Task exited with return code 0
[2024-09-19T19:04:20.352+0000] {taskinstance.py:2776} INFO - 0 downstream tasks scheduled from follow-on schedule check
