[2024-09-19T18:33:10.439+0000] {taskinstance.py:1157} INFO - Dependencies all met for dep_context=non-requeueable deps ti=<TaskInstance: dimension_batch_ingestion.ingest_customer_dim scheduled__2024-09-18T00:00:00+00:00 [queued]>
[2024-09-19T18:33:10.465+0000] {taskinstance.py:1157} INFO - Dependencies all met for dep_context=requeueable deps ti=<TaskInstance: dimension_batch_ingestion.ingest_customer_dim scheduled__2024-09-18T00:00:00+00:00 [queued]>
[2024-09-19T18:33:10.465+0000] {taskinstance.py:1359} INFO - Starting attempt 1 of 1
[2024-09-19T18:33:10.531+0000] {taskinstance.py:1380} INFO - Executing <Task(BashOperator): ingest_customer_dim> on 2024-09-18 00:00:00+00:00
[2024-09-19T18:33:10.578+0000] {standard_task_runner.py:57} INFO - Started process 994 to run task
[2024-09-19T18:33:10.590+0000] {standard_task_runner.py:84} INFO - Running: ['***', 'tasks', 'run', 'dimension_batch_ingestion', 'ingest_customer_dim', 'scheduled__2024-09-18T00:00:00+00:00', '--job-id', '59', '--raw', '--subdir', 'DAGS_FOLDER/loader_dag.py', '--cfg-path', '/tmp/tmpwp36padb']
[2024-09-19T18:33:10.598+0000] {standard_task_runner.py:85} INFO - Job 59: Subtask ingest_customer_dim
[2024-09-19T18:33:10.845+0000] {task_command.py:415} INFO - Running <TaskInstance: dimension_batch_ingestion.ingest_customer_dim scheduled__2024-09-18T00:00:00+00:00 [running]> on host 48913e9acee9
[2024-09-19T18:33:11.449+0000] {taskinstance.py:1660} INFO - Exporting env vars: AIRFLOW_CTX_DAG_OWNER='codewithyu' AIRFLOW_CTX_DAG_ID='dimension_batch_ingestion' AIRFLOW_CTX_TASK_ID='ingest_customer_dim' AIRFLOW_CTX_EXECUTION_DATE='2024-09-18T00:00:00+00:00' AIRFLOW_CTX_TRY_NUMBER='1' AIRFLOW_CTX_DAG_RUN_ID='scheduled__2024-09-18T00:00:00+00:00'
[2024-09-19T18:33:11.495+0000] {subprocess.py:63} INFO - Tmp dir root location: /tmp
[2024-09-19T18:33:11.509+0000] {subprocess.py:75} INFO - Running command: ['/bin/bash', '-c', 'curl -X POST -F file=@/opt/***/customer_dim_large_data.csv -H "Content-Type: multipart/form-data" "http://pinot-controller:9000/ingestFromFile?tableNameWithType=customer_dim_OFFLINE&batchConfigMapStr=%7B%22inputFormat%22%3A%22csv%22%2C%22recordReader.prop.delimiter%22%3A%22%2C%22%7D"']
[2024-09-19T18:33:11.616+0000] {subprocess.py:86} INFO - Output:
[2024-09-19T18:33:11.689+0000] {subprocess.py:93} INFO -   % Total    % Received % Xferd  Average Speed   Time    Time     Time  Current
[2024-09-19T18:33:11.694+0000] {subprocess.py:93} INFO -                                  Dload  Upload   Total   Spent    Left  Speed
[2024-09-19T18:33:17.362+0000] {subprocess.py:93} INFO -   0     0    0     0    0     0      0      0 --:--:-- --:--:-- --:--:--     0100  8465    0     0  100  8465      0   6870  0:00:01  0:00:01 --:--:--  6876100  8465    0     0  100  8465      0   3784  0:00:02  0:00:02 --:--:--  3785100  8465    0     0  100  8465      0   2612  0:00:03  0:00:03 --:--:--  2613100  8465    0     0  100  8465      0   1995  0:00:04  0:00:04 --:--:--  1996100  8465    0     0  100  8465      0   1613  0:00:05  0:00:05 --:--:--  1613100  8576  100   111  100  8465     19   1496  0:00:05  0:00:05 --:--:--    25100  8576  100   111  100  8465     19   1496  0:00:05  0:00:05 --:--:--    32
[2024-09-19T18:33:17.397+0000] {subprocess.py:93} INFO - {"status":"Successfully ingested file into table: customer_dim_OFFLINE as segment: customer_dim_1726770793025"}
[2024-09-19T18:33:17.399+0000] {subprocess.py:97} INFO - Command exited with return code 0
[2024-09-19T18:33:17.674+0000] {taskinstance.py:1398} INFO - Marking task as SUCCESS. dag_id=dimension_batch_ingestion, task_id=ingest_customer_dim, execution_date=20240918T000000, start_date=20240919T183310, end_date=20240919T183317
[2024-09-19T18:33:17.799+0000] {local_task_job_runner.py:228} INFO - Task exited with return code 0
[2024-09-19T18:33:17.948+0000] {taskinstance.py:2776} INFO - 0 downstream tasks scheduled from follow-on schedule check
