[2024-09-19T18:33:10.287+0000] {taskinstance.py:1157} INFO - Dependencies all met for dep_context=non-requeueable deps ti=<TaskInstance: dimension_batch_ingestion.ingest_account_dim scheduled__2024-09-18T00:00:00+00:00 [queued]>
[2024-09-19T18:33:10.326+0000] {taskinstance.py:1157} INFO - Dependencies all met for dep_context=requeueable deps ti=<TaskInstance: dimension_batch_ingestion.ingest_account_dim scheduled__2024-09-18T00:00:00+00:00 [queued]>
[2024-09-19T18:33:10.330+0000] {taskinstance.py:1359} INFO - Starting attempt 1 of 1
[2024-09-19T18:33:10.448+0000] {taskinstance.py:1380} INFO - Executing <Task(BashOperator): ingest_account_dim> on 2024-09-18 00:00:00+00:00
[2024-09-19T18:33:10.466+0000] {standard_task_runner.py:57} INFO - Started process 992 to run task
[2024-09-19T18:33:10.485+0000] {standard_task_runner.py:84} INFO - Running: ['***', 'tasks', 'run', 'dimension_batch_ingestion', 'ingest_account_dim', 'scheduled__2024-09-18T00:00:00+00:00', '--job-id', '55', '--raw', '--subdir', 'DAGS_FOLDER/loader_dag.py', '--cfg-path', '/tmp/tmpg177tc5g']
[2024-09-19T18:33:10.496+0000] {standard_task_runner.py:85} INFO - Job 55: Subtask ingest_account_dim
[2024-09-19T18:33:10.724+0000] {task_command.py:415} INFO - Running <TaskInstance: dimension_batch_ingestion.ingest_account_dim scheduled__2024-09-18T00:00:00+00:00 [running]> on host 48913e9acee9
[2024-09-19T18:33:11.430+0000] {taskinstance.py:1660} INFO - Exporting env vars: AIRFLOW_CTX_DAG_OWNER='codewithyu' AIRFLOW_CTX_DAG_ID='dimension_batch_ingestion' AIRFLOW_CTX_TASK_ID='ingest_account_dim' AIRFLOW_CTX_EXECUTION_DATE='2024-09-18T00:00:00+00:00' AIRFLOW_CTX_TRY_NUMBER='1' AIRFLOW_CTX_DAG_RUN_ID='scheduled__2024-09-18T00:00:00+00:00'
[2024-09-19T18:33:11.470+0000] {subprocess.py:63} INFO - Tmp dir root location: /tmp
[2024-09-19T18:33:11.477+0000] {subprocess.py:75} INFO - Running command: ['/bin/bash', '-c', 'curl -X POST -F file=@/opt/***/account_dim_large_data.csv -H "Content-Type: multipart/form-data" "http://pinot-controller:9000/ingestFromFile?tableNameWithType=account_dim_OFFLINE&batchConfigMapStr=%7B%22inputFormat%22%3A%22csv%22%2C%22recordReader.prop.delimiter%22%3A%22%2C%22%7D"']
[2024-09-19T18:33:11.609+0000] {subprocess.py:86} INFO - Output:
[2024-09-19T18:33:11.683+0000] {subprocess.py:93} INFO -   % Total    % Received % Xferd  Average Speed   Time    Time     Time  Current
[2024-09-19T18:33:11.687+0000] {subprocess.py:93} INFO -                                  Dload  Upload   Total   Spent    Left  Speed
[2024-09-19T18:33:17.128+0000] {subprocess.py:93} INFO -   0     0    0     0    0     0      0      0 --:--:-- --:--:-- --:--:--     0100  2846    0     0  100  2846      0   2278  0:00:01  0:00:01 --:--:--  2278100  2846    0     0  100  2846      0   1264  0:00:02  0:00:02 --:--:--  1264100  2846    0     0  100  2846      0    872  0:00:03  0:00:03 --:--:--   872100  2846    0     0  100  2846      0    667  0:00:04  0:00:04 --:--:--   667100  2846    0     0  100  2846      0    540  0:00:05  0:00:05 --:--:--   540100  2955  100   109  100  2846     20    523  0:00:05  0:00:05 --:--:--    26
[2024-09-19T18:33:17.193+0000] {subprocess.py:93} INFO - {"status":"Successfully ingested file into table: account_dim_OFFLINE as segment: account_dim_1726770793022"}
[2024-09-19T18:33:17.206+0000] {subprocess.py:97} INFO - Command exited with return code 0
[2024-09-19T18:33:17.402+0000] {taskinstance.py:1398} INFO - Marking task as SUCCESS. dag_id=dimension_batch_ingestion, task_id=ingest_account_dim, execution_date=20240918T000000, start_date=20240919T183310, end_date=20240919T183317
[2024-09-19T18:33:17.535+0000] {local_task_job_runner.py:228} INFO - Task exited with return code 0
[2024-09-19T18:33:17.730+0000] {taskinstance.py:2776} INFO - 0 downstream tasks scheduled from follow-on schedule check
