[2024-09-19T18:33:10.302+0000] {taskinstance.py:1157} INFO - Dependencies all met for dep_context=non-requeueable deps ti=<TaskInstance: dimension_batch_ingestion.ingest_branch_dim scheduled__2024-09-18T00:00:00+00:00 [queued]>
[2024-09-19T18:33:10.335+0000] {taskinstance.py:1157} INFO - Dependencies all met for dep_context=requeueable deps ti=<TaskInstance: dimension_batch_ingestion.ingest_branch_dim scheduled__2024-09-18T00:00:00+00:00 [queued]>
[2024-09-19T18:33:10.336+0000] {taskinstance.py:1359} INFO - Starting attempt 1 of 1
[2024-09-19T18:33:10.364+0000] {taskinstance.py:1380} INFO - Executing <Task(BashOperator): ingest_branch_dim> on 2024-09-18 00:00:00+00:00
[2024-09-19T18:33:10.421+0000] {standard_task_runner.py:57} INFO - Started process 990 to run task
[2024-09-19T18:33:10.463+0000] {standard_task_runner.py:84} INFO - Running: ['***', 'tasks', 'run', 'dimension_batch_ingestion', 'ingest_branch_dim', 'scheduled__2024-09-18T00:00:00+00:00', '--job-id', '56', '--raw', '--subdir', 'DAGS_FOLDER/loader_dag.py', '--cfg-path', '/tmp/tmpd7rlw3pa']
[2024-09-19T18:33:10.502+0000] {standard_task_runner.py:85} INFO - Job 56: Subtask ingest_branch_dim
[2024-09-19T18:33:10.760+0000] {task_command.py:415} INFO - Running <TaskInstance: dimension_batch_ingestion.ingest_branch_dim scheduled__2024-09-18T00:00:00+00:00 [running]> on host 48913e9acee9
[2024-09-19T18:33:11.439+0000] {taskinstance.py:1660} INFO - Exporting env vars: AIRFLOW_CTX_DAG_OWNER='codewithyu' AIRFLOW_CTX_DAG_ID='dimension_batch_ingestion' AIRFLOW_CTX_TASK_ID='ingest_branch_dim' AIRFLOW_CTX_EXECUTION_DATE='2024-09-18T00:00:00+00:00' AIRFLOW_CTX_TRY_NUMBER='1' AIRFLOW_CTX_DAG_RUN_ID='scheduled__2024-09-18T00:00:00+00:00'
[2024-09-19T18:33:11.470+0000] {subprocess.py:63} INFO - Tmp dir root location: /tmp
[2024-09-19T18:33:11.479+0000] {subprocess.py:75} INFO - Running command: ['/bin/bash', '-c', 'curl -X POST -F file=@/opt/***/branch_dim_large_data.csv -H "Content-Type: multipart/form-data" "http://pinot-controller:9000/ingestFromFile?tableNameWithType=branch_dim_OFFLINE&batchConfigMapStr=%7B%22inputFormat%22%3A%22csv%22%2C%22recordReader.prop.delimiter%22%3A%22%2C%22%7D"']
[2024-09-19T18:33:11.617+0000] {subprocess.py:86} INFO - Output:
[2024-09-19T18:33:11.689+0000] {subprocess.py:93} INFO -   % Total    % Received % Xferd  Average Speed   Time    Time     Time  Current
[2024-09-19T18:33:11.691+0000] {subprocess.py:93} INFO -                                  Dload  Upload   Total   Spent    Left  Speed
[2024-09-19T18:33:17.373+0000] {subprocess.py:93} INFO -   0     0    0     0    0     0      0      0 --:--:-- --:--:-- --:--:--     0100  3839    0     0  100  3839      0   3118  0:00:01  0:00:01 --:--:--  3118100  3839    0     0  100  3839      0   1717  0:00:02  0:00:02 --:--:--  1717100  3839    0     0  100  3839      0   1184  0:00:03  0:00:03 --:--:--  1184100  3839    0     0  100  3839      0    904  0:00:04  0:00:04 --:--:--   904100  3839    0     0  100  3839      0    731  0:00:05  0:00:05 --:--:--   731100  3946  100   107  100  3839     18    678  0:00:05  0:00:05 --:--:--    24100  3946  100   107  100  3839     18    678  0:00:05  0:00:05 --:--:--    31
[2024-09-19T18:33:17.404+0000] {subprocess.py:93} INFO - {"status":"Successfully ingested file into table: branch_dim_OFFLINE as segment: branch_dim_1726770793020"}
[2024-09-19T18:33:17.406+0000] {subprocess.py:97} INFO - Command exited with return code 0
[2024-09-19T18:33:17.641+0000] {taskinstance.py:1398} INFO - Marking task as SUCCESS. dag_id=dimension_batch_ingestion, task_id=ingest_branch_dim, execution_date=20240918T000000, start_date=20240919T183310, end_date=20240919T183317
[2024-09-19T18:33:17.787+0000] {local_task_job_runner.py:228} INFO - Task exited with return code 0
[2024-09-19T18:33:17.919+0000] {taskinstance.py:2776} INFO - 0 downstream tasks scheduled from follow-on schedule check
